Building DAG of jobs...
Using shell: /usr/bin/bash
Provided cores: 10
Rules claiming more threads will be scaled down.
Select jobs to execute...

[Tue Nov 30 11:48:06 2021]
rule methylation_multinomial_classification:
    input: data/Methylation_predictions_train_20_predict_80/Full_data_Methylation_pred_lasso_formatted_standardized.rds, data/sample_types.txt
    output: Classification_output/Methylation/Multinomial_models_output/Boosting_Predictions_Full_data.rds
    jobid: 0
    wildcards: model_multinomial=Boosting
    threads: 10
    resources: mem_mb=200000, disk_mb=1000, tmpdir=/scratch/57602797, time=20:00:00

Rscript --vanilla /faststorage/project/DELFI1/Workspaces/CarmenAndAnika/.snakemake/scripts/tmpg8o00jzp.Boosting_multinomial.R
Activating conda environment: /faststorage/project/DELFI1/Workspaces/CarmenAndAnika/.snakemake/conda/411837606499b7823565885a8a388b12
Registered S3 methods overwritten by 'ggplot2':
  method         from 
  [.quosures     rlang
  c.quosures     rlang
  print.quosures rlang
Registered S3 method overwritten by 'rvest':
  method            from
  read_xml.response xml2
── Attaching packages ─────────────────────────────────────── tidyverse 1.2.1 ──
✔ ggplot2 3.1.1     ✔ purrr   0.3.2
✔ tibble  3.1.6     ✔ dplyr   1.0.7
✔ tidyr   1.1.4     ✔ stringr 1.4.0
✔ readr   1.3.1     ✔ forcats 0.4.0
── Conflicts ────────────────────────────────────────── tidyverse_conflicts() ──
✖ dplyr::filter() masks stats::filter()
✖ dplyr::lag()    masks stats::lag()
Loading required package: lattice

Attaching package: ‘caret’

The following object is masked from ‘package:purrr’:

    lift

Type 'citation("pROC")' for a citation.

Attaching package: ‘pROC’

The following objects are masked from ‘package:stats’:

    cov, smooth, var


Attaching package: ‘xgboost’

The following object is masked from ‘package:dplyr’:

    slice

Loading required package: foreach

Attaching package: ‘foreach’

The following objects are masked from ‘package:purrr’:

    accumulate, when

Loading required package: iterators
Loading required package: parallel
Loading required package: rngtools
Loading required package: pkgmaker
Loading required package: registry

Attaching package: ‘pkgmaker’

The following object is masked from ‘package:base’:

    isFALSE

Warning message:
package ‘multiROC’ was built under R version 3.6.3 
dummies-1.5.6 provided by Decision Patterns

Warning message:
package ‘dummies’ was built under R version 3.6.3 
Warning: unable to access index for repository http://cran.us.r-project.org/src/contrib/splitTools_0.3.1.tar.gz/src/contrib:
  cannot open URL 'http://cran.us.r-project.org/src/contrib/splitTools_0.3.1.tar.gz/src/contrib/PACKAGES'
Warning message:
package ‘splitTools’ is not available (for R version 3.6.1) 
Gastric_cancerOvarian_CancerLung_CancerBile_Duct_CancerPancreatic_CancerDuodenal_CancerBreast_CancerColorectal_Cancer
1:7c(25, 54, 26, 27, 35, 28, 34)
Bile_Duct_CancerBreast_CancerColorectal_CancerGastric_cancerLung_CancerOvarian_CancerPancreatic_Cancer
[1] "Bile_Duct_Cancer"  "Breast_Cancer"     "Colorectal_Cancer"
[4] "Gastric_cancer"    "Lung_Cancer"       "Ovarian_Cancer"   
[7] "Pancreatic_Cancer"
starting worker pid=10678 on localhost:11830 at 11:48:19.089
starting worker pid=10700 on localhost:11830 at 11:48:19.813
starting worker pid=10722 on localhost:11830 at 11:48:20.236
starting worker pid=10744 on localhost:11830 at 11:48:20.599
starting worker pid=10766 on localhost:11830 at 11:48:20.915
starting worker pid=10788 on localhost:11830 at 11:48:21.463
starting worker pid=10810 on localhost:11830 at 11:48:21.769
starting worker pid=10832 on localhost:11830 at 11:48:22.068
starting worker pid=10854 on localhost:11830 at 11:48:22.368
starting worker pid=10877 on localhost:11830 at 11:48:22.692
Loaded gbm 2.1.8
Loaded gbm 2.1.8
Loading required package: lattice
Loading required package: lattice
Loaded gbm 2.1.8
Loading required package: lattice
Loading required package: ggplot2
Loading required package: ggplot2
Loading required package: ggplot2
Loaded gbm 2.1.8
Loading required package: lattice
Loading required package: ggplot2
Loaded gbm 2.1.8
Loading required package: lattice
Loading required package: ggplot2
Loaded gbm 2.1.8
Loading required package: lattice
Loading required package: ggplot2
Loaded gbm 2.1.8
Loading required package: lattice
Loading required package: ggplot2
Registered S3 methods overwritten by 'ggplot2':
  method         from 
  [.quosures     rlang
  c.quosures     rlang
  print.quosures rlang
Loaded gbm 2.1.8
Registered S3 methods overwritten by 'ggplot2':
  method         from 
  [.quosures     rlang
  c.quosures     rlang
  print.quosures rlang
Loading required package: lattice
Loading required package: ggplot2
Registered S3 methods overwritten by 'ggplot2':
  method         from 
  [.quosures     rlang
  c.quosures     rlang
  print.quosures rlang
Loaded gbm 2.1.8
Loading required package: lattice
Loading required package: ggplot2
Loaded gbm 2.1.8
Loading required package: lattice
Loading required package: ggplot2
Registered S3 methods overwritten by 'ggplot2':
  method         from 
  [.quosures     rlang
  c.quosures     rlang
  print.quosures rlang
Registered S3 methods overwritten by 'ggplot2':
  method         from 
  [.quosures     rlang
  c.quosures     rlang
  print.quosures rlang
Registered S3 methods overwritten by 'ggplot2':
  method         from 
  [.quosures     rlang
  c.quosures     rlang
  print.quosures rlang
Registered S3 methods overwritten by 'ggplot2':
  method         from 
  [.quosures     rlang
  c.quosures     rlang
  print.quosures rlang
Registered S3 methods overwritten by 'ggplot2':
  method         from 
  [.quosures     rlang
  c.quosures     rlang
  print.quosures rlang
Registered S3 methods overwritten by 'ggplot2':
  method         from 
  [.quosures     rlang
  c.quosures     rlang
  print.quosures rlang
Registered S3 methods overwritten by 'ggplot2':
  method         from 
  [.quosures     rlang
  c.quosures     rlang
  print.quosures rlang
Registered S3 method overwritten by 'rvest':
  method            from
  read_xml.response xml2
Registered S3 method overwritten by 'rvest':
  method            from
  read_xml.response xml2
Registered S3 method overwritten by 'rvest':
  method            from
  read_xml.response xml2
── Attaching packages ─────────────────────────────────────── tidyverse 1.2.1 ──
── Attaching packages ─────────────────────────────────────── tidyverse 1.2.1 ──
✔ tibble  3.1.6     ✔ purrr   0.3.2
✔ tidyr   1.1.4     ✔ dplyr   1.0.7
✔ readr   1.3.1     ✔ stringr 1.4.0
✔ tibble  3.1.6     ✔ forcats 0.4.0
✔ tibble  3.1.6     ✔ purrr   0.3.2
✔ tidyr   1.1.4     ✔ dplyr   1.0.7
✔ readr   1.3.1     ✔ stringr 1.4.0
✔ tibble  3.1.6     ✔ forcats 0.4.0
── Attaching packages ─────────────────────────────────────── tidyverse 1.2.1 ──
✔ tibble  3.1.6     ✔ purrr   0.3.2
✔ tidyr   1.1.4     ✔ dplyr   1.0.7
✔ readr   1.3.1     ✔ stringr 1.4.0
✔ tibble  3.1.6     ✔ forcats 0.4.0
Registered S3 method overwritten by 'rvest':
  method            from
  read_xml.response xml2
── Attaching packages ─────────────────────────────────────── tidyverse 1.2.1 ──
✔ tibble  3.1.6     ✔ purrr   0.3.2
✔ tidyr   1.1.4     ✔ dplyr   1.0.7
✔ readr   1.3.1     ✔ stringr 1.4.0
✔ tibble  3.1.6     ✔ forcats 0.4.0
── Conflicts ────────────────────────────────────────── tidyverse_conflicts() ──
✖ dplyr::filter() masks stats::filter()
✖ dplyr::lag()    masks stats::lag()
✖ purrr::lift()   masks caret::lift()
── Conflicts ────────────────────────────────────────── tidyverse_conflicts() ──
✖ dplyr::filter() masks stats::filter()
✖ dplyr::lag()    masks stats::lag()
✖ purrr::lift()   masks caret::lift()
Loading required package: foreach
Loading required package: foreach

Attaching package: ‘foreach’

The following objects are masked from ‘package:purrr’:

    accumulate, when


Attaching package: ‘foreach’

The following objects are masked from ‘package:purrr’:

    accumulate, when

Loading required package: rngtools
Loading required package: rngtools
── Conflicts ────────────────────────────────────────── tidyverse_conflicts() ──
✖ dplyr::filter() masks stats::filter()
✖ dplyr::lag()    masks stats::lag()
✖ purrr::lift()   masks caret::lift()
Loading required package: pkgmaker
Loading required package: pkgmaker
Loading required package: foreach
Loading required package: registry
Loading required package: registry
Registered S3 method overwritten by 'rvest':
  method            from
  read_xml.response xml2

Attaching package: ‘foreach’

The following objects are masked from ‘package:purrr’:

    accumulate, when

Loading required package: rngtools
Loading required package: pkgmaker
Loading required package: registry
── Conflicts ────────────────────────────────────────── tidyverse_conflicts() ──
✖ dplyr::filter() masks stats::filter()
✖ dplyr::lag()    masks stats::lag()
✖ purrr::lift()   masks caret::lift()
Loading required package: foreach
Registered S3 method overwritten by 'rvest':
  method            from
  read_xml.response xml2

Attaching package: ‘foreach’

The following objects are masked from ‘package:purrr’:

    accumulate, when


Attaching package: ‘pkgmaker’

The following object is masked from ‘package:base’:

    isFALSE


Attaching package: ‘pkgmaker’

The following object is masked from ‘package:base’:

    isFALSE

Loading required package: rngtools
── Attaching packages ─────────────────────────────────────── tidyverse 1.2.1 ──
Loading required package: pkgmaker
Loading required package: registry
✔ tibble  3.1.6     ✔ purrr   0.3.2
✔ tidyr   1.1.4     ✔ dplyr   1.0.7
✔ readr   1.3.1     ✔ stringr 1.4.0
✔ tibble  3.1.6     ✔ forcats 0.4.0
Registered S3 method overwritten by 'rvest':
  method            from
  read_xml.response xml2

Attaching package: ‘pkgmaker’

The following object is masked from ‘package:base’:

    isFALSE

Registered S3 method overwritten by 'rvest':
  method            from
  read_xml.response xml2
Registered S3 method overwritten by 'rvest':
  method            from
  read_xml.response xml2
Registered S3 method overwritten by 'rvest':
  method            from
  read_xml.response xml2

Attaching package: ‘pkgmaker’

The following object is masked from ‘package:base’:

    isFALSE

── Attaching packages ─────────────────────────────────────── tidyverse 1.2.1 ──
✔ tibble  3.1.6     ✔ purrr   0.3.2
✔ tidyr   1.1.4     ✔ dplyr   1.0.7
✔ readr   1.3.1     ✔ stringr 1.4.0
✔ tibble  3.1.6     ✔ forcats 0.4.0
── Attaching packages ─────────────────────────────────────── tidyverse 1.2.1 ──
✔ tibble  3.1.6     ✔ purrr   0.3.2
✔ tidyr   1.1.4     ✔ dplyr   1.0.7
✔ readr   1.3.1     ✔ stringr 1.4.0
✔ tibble  3.1.6     ✔ forcats 0.4.0
── Attaching packages ─────────────────────────────────────── tidyverse 1.2.1 ──
── Attaching packages ─────────────────────────────────────── tidyverse 1.2.1 ──
── Attaching packages ─────────────────────────────────────── tidyverse 1.2.1 ──
✔ tibble  3.1.6     ✔ purrr   0.3.2
✔ tidyr   1.1.4     ✔ dplyr   1.0.7
✔ readr   1.3.1     ✔ stringr 1.4.0
✔ tibble  3.1.6     ✔ forcats 0.4.0
✔ tibble  3.1.6     ✔ purrr   0.3.2
✔ tidyr   1.1.4     ✔ dplyr   1.0.7
✔ readr   1.3.1     ✔ stringr 1.4.0
✔ tibble  3.1.6     ✔ forcats 0.4.0
✔ tibble  3.1.6     ✔ purrr   0.3.2
✔ tidyr   1.1.4     ✔ dplyr   1.0.7
✔ readr   1.3.1     ✔ stringr 1.4.0
✔ tibble  3.1.6     ✔ forcats 0.4.0
── Conflicts ────────────────────────────────────────── tidyverse_conflicts() ──
✖ dplyr::filter() masks stats::filter()
✖ dplyr::lag()    masks stats::lag()
✖ purrr::lift()   masks caret::lift()
Loading required package: foreach

Attaching package: ‘foreach’

The following objects are masked from ‘package:purrr’:

    accumulate, when

Loading required package: rngtools
Loading required package: pkgmaker
Loading required package: registry
── Conflicts ────────────────────────────────────────── tidyverse_conflicts() ──
✖ dplyr::filter() masks stats::filter()
✖ dplyr::lag()    masks stats::lag()
✖ purrr::lift()   masks caret::lift()

Attaching package: ‘pkgmaker’

The following object is masked from ‘package:base’:

    isFALSE

Loading required package: foreach
── Conflicts ────────────────────────────────────────── tidyverse_conflicts() ──
✖ dplyr::filter() masks stats::filter()
✖ dplyr::lag()    masks stats::lag()
✖ purrr::lift()   masks caret::lift()

Attaching package: ‘foreach’

The following objects are masked from ‘package:purrr’:

    accumulate, when

Loading required package: foreach
Loading required package: rngtools

Attaching package: ‘foreach’

Loading required package: pkgmaker
The following objects are masked from ‘package:purrr’:

    accumulate, when

Loading required package: rngtools
Loading required package: registry
Loading required package: pkgmaker
── Conflicts ────────────────────────────────────────── tidyverse_conflicts() ──
✖ dplyr::filter() masks stats::filter()
✖ dplyr::lag()    masks stats::lag()
✖ purrr::lift()   masks caret::lift()
Loading required package: registry
Loading required package: foreach
── Conflicts ────────────────────────────────────────── tidyverse_conflicts() ──
✖ dplyr::filter() masks stats::filter()
✖ dplyr::lag()    masks stats::lag()
✖ purrr::lift()   masks caret::lift()

Attaching package: ‘foreach’

The following objects are masked from ‘package:purrr’:

    accumulate, when

Loading required package: rngtools
Loading required package: foreach
── Conflicts ────────────────────────────────────────── tidyverse_conflicts() ──
✖ dplyr::filter() masks stats::filter()
✖ dplyr::lag()    masks stats::lag()
✖ purrr::lift()   masks caret::lift()
Loading required package: pkgmaker

Attaching package: ‘foreach’

The following objects are masked from ‘package:purrr’:

    accumulate, when

Loading required package: foreach
Loading required package: rngtools
Loading required package: registry

Attaching package: ‘foreach’

The following objects are masked from ‘package:purrr’:

    accumulate, when

Loading required package: pkgmaker
Loading required package: rngtools
Loading required package: registry
Loading required package: pkgmaker
Loading required package: registry

Attaching package: ‘pkgmaker’

The following object is masked from ‘package:base’:

    isFALSE


Attaching package: ‘pkgmaker’

The following object is masked from ‘package:base’:

    isFALSE


Attaching package: ‘pkgmaker’

The following object is masked from ‘package:base’:

    isFALSE


Attaching package: ‘pkgmaker’

The following object is masked from ‘package:base’:

    isFALSE


Attaching package: ‘pkgmaker’

The following object is masked from ‘package:base’:

    isFALSE

CV repetition number: 1
CV repetition number: 2
CV repetition number: 3
CV repetition number: 7
CV repetition number: 6
CV repetition number: 8
CV repetition number: 9
CV repetition number: 4
CV repetition number: 10
CV repetition number: 5
CV inner loop (CV fold) number: 1
CV inner loop (CV fold) number: 1
CV inner loop (CV fold) number: 1
CV inner loop (CV fold) number: 1
CV inner loop (CV fold) number: 1
CV inner loop (CV fold) number: 1
CV inner loop (CV fold) number: 1
CV inner loop (CV fold) number: 1
CV inner loop (CV fold) number: 1
CV inner loop (CV fold) number: 1
besttune n.trees
200
besttune interaction.depth
2
besttune shrinkage
0.1
besttune n.minobsinnode
10
besttune n.trees
150
besttune interaction.depth
5
besttune shrinkage
0.1
besttune n.minobsinnode
10
besttune n.trees
250
besttune interaction.depth
3
besttune shrinkage
0.1
besttune n.minobsinnode
10
besttune n.trees
250
besttune interaction.depth
4
besttune shrinkage
0.1
besttune n.minobsinnode
10
besttune n.trees
200
besttune interaction.depth
5
besttune shrinkage
0.1
besttune n.minobsinnode
10
besttune n.trees
250
besttune interaction.depth
5
besttune shrinkage
0.1
besttune n.minobsinnode
10
besttune n.trees
250
besttune interaction.depth
5
besttune shrinkage
0.1
besttune n.minobsinnode
10
besttune n.trees
200
besttune interaction.depth
2
besttune shrinkage
0.1
besttune n.minobsinnode
10
besttune n.trees
250
besttune interaction.depth
4
besttune shrinkage
0.1
besttune n.minobsinnode
10
besttune n.trees
150
besttune interaction.depth
4
besttune shrinkage
0.1
besttune n.minobsinnode
10
Bile_Duct_CancerBreast_CancerColorectal_CancerGastric_cancerLung_CancerOvarian_CancerPancreatic_Cancer
c(0.00166827609214358, 0.00705438158394774, 0.00968647650936731, 0.110312902189497, 0.00600564626788457, 0.829440226369882)c(0.000150961012000829, 0.0368981021026127, 0.723107349753687, 0.0719544929464111, 0.940850593272703, 0.0143754845807325)c(7.61005752135309e-05, 0.0422848164321024, 0.00527084208188787, 0.0921255276221089, 0.00148924816091021, 0.000266976051033068)c(1.75980171428168e-06, 0.0523867386450639, 0.147577273372929, 0.0235653749663988, 0.00202882401748032, 0.00771932003276159)c(3.5526943856039e-05, 0.76380610762351, 0.0324257516311171, 0.435015282728985, 0.00806390801236519, 0.00529424546809855)c(0.000278511218711576, 0.0852775752203506, 0.0519707773641647, 0.0622287466537054, 0.0135203096162195, 0.0225875546124007)c(0.99778886435636, 0.0122922783924127, 0.029961529286847, 0.204797672892894, 0.0280414706524368, 0.120316192885091)
CV inner loop (CV fold) number: 2
Bile_Duct_CancerBreast_CancerColorectal_CancerGastric_cancerLung_CancerOvarian_CancerPancreatic_Cancer
c(0.020031606753041, 0.000258686300753174, 0.00742874581155022, 0.000643630051694114, 0.0227257689169223, 0.0126264988227193)c(0.000425838964381445, 0.0092818695371579, 0.855310988103744, 0.144004111617559, 0.115327199325378, 0.898253215373812)c(0.000124650272092572, 0.0181284831820999, 0.0132123835289894, 0.0063704574388965, 0.516848408140407, 0.00864312450446507)c(4.35095787474837e-06, 0.00150392096273226, 0.0393490947522846, 0.0169935843795827, 0.00603518204768706, 0.0143359260310484)c(1.29544716413377e-05, 0.793771000557447, 0.0263107802213039, 0.818413552626837, 0.00737573816587532, 0.0082403591381846)c(0.000447285888611757, 0.171505428976757, 0.0240560967486086, 0.0126392092975537, 0.1656341975954, 0.027331296320507)c(0.978953312692357, 0.0055506104830533, 0.0343319108335194, 0.000935454587877707, 0.166053505808331, 0.0305695798092634)
CV inner loop (CV fold) number: 2
Bile_Duct_CancerBreast_CancerColorectal_CancerGastric_cancerLung_CancerOvarian_CancerPancreatic_Cancer
c(0.00513229448807706, 4.12133968956625e-05, 0.00109412714541326, 0.00107607812146218, 0.00125381199697769, 0.0282687979139273)c(0.765131225570507, 0.999860482441427, 0.959753801514979, 0.0209187405187779, 0.372758993231676, 0.0045708186520993)c(0.00073014877330057, 4.26935384768074e-08, 0.000209267091835881, 0.00576336070110438, 0.0398867886416585, 0.177981168131659)c(0.0139791685872128, 3.16050283916182e-05, 0.00420778658701352, 0.317365094064353, 0.0267601763359303, 0.0244909661084023)c(0.14431203761301, 3.43973964827615e-06, 0.00396129675083246, 0.0102476775502101, 0.549505912394387, 0.00531246323196433)c(0.0664289583828648, 4.18655319937435e-05, 0.0235911131089043, 0.0262906391811438, 0.00897148612347749, 0.00701089590215229)c(0.00428616658502731, 2.13511681051083e-05, 0.00718260780102184, 0.618338409862948, 0.000862831275893763, 0.752364890059795)
CV inner loop (CV fold) number: 2
Bile_Duct_CancerBreast_CancerColorectal_CancerGastric_cancerLung_CancerOvarian_CancerPancreatic_Cancer
c(0.0349281623614002, 0.0177493265418097, 0.00180374580286204, 0.00621077721897302, 0.00141866689656028, 0.120648181791447)c(0.392903723491825, 0.000272958318276058, 0.859418868932384, 0.935619498557316, 0.959838798656705, 0.0357910344112205)c(0.165852261154799, 0.000367609144696336, 0.00251211372753272, 0.0047761670506432, 0.00958605680247636, 0.00655379547306835)c(0.017450947651366, 0.00192907860875307, 0.00198056580370724, 0.0109541287579263, 0.00780970389239167, 0.401041765020857)c(0.119334440337069, 0.000353075890099556, 0.0930392170998892, 0.00176616123455846, 0.00643679009347881, 0.16368030838093)c(0.0307380257409587, 0.0010954822719448, 0.0244686391142838, 0.00184708080894082, 0.0062166440250514, 0.064937206391893)c(0.238792439262582, 0.978232469224421, 0.0167768495193412, 0.0388261863716418, 0.00869333963333647, 0.207347708530584)
CV inner loop (CV fold) number: 2
Bile_Duct_CancerBreast_CancerColorectal_CancerGastric_cancerLung_CancerOvarian_CancerPancreatic_Cancer
c(0.00271517939420454, 0.023215886641191, 0.0635272599467651, 0.00839131113212821, 0.0444144914931554, 0.169392739696385)c(2.44135148026427e-05, 0.540955658294764, 0.775578320129807, 0.850501923457803, 0.867306707841588, 0.102682854812516)c(1.28862505696613e-05, 0.0464083732057257, 0.000543706223609055, 0.00186542915505222, 0.011574623356923, 0.10897238354296)c(6.60630984786888e-05, 0.0482383038212921, 0.0193324111174541, 0.00123152856227042, 0.0020523288205528, 0.381001761223247)c(1.01648038561138e-05, 0.0473877861751105, 0.024685324298782, 0.00489767455745689, 0.0528236369742502, 0.0963137943975915)c(6.02557834359545e-05, 0.122645243121044, 0.101088505707815, 0.0536147283120148, 0.0131576368924177, 0.0155764507131736)c(0.997111037154652, 0.171148748740873, 0.015244472575768, 0.0794974048232747, 0.00867057462111259, 0.126060015614127)
CV inner loop (CV fold) number: 2
Bile_Duct_CancerBreast_CancerColorectal_CancerGastric_cancerLung_CancerOvarian_CancerPancreatic_Cancer
c(2.03883261598305e-05, 0.000985389191716756, 0.00515895486207851, 0.00234225187579807, 0.0456969918249048, 0.0148953743109568)c(6.24416710439597e-06, 0.54992103441626, 0.0588789074470461, 0.31721939822348, 0.00429254193189849, 0.84910253633519)c(1.69882130214154e-05, 0.00261445991876952, 0.00408563393505398, 0.0525342838551181, 0.010690188614669, 0.000682667941903959)c(5.34678948341541e-07, 0.0280441174853068, 0.00873296647779389, 0.0542510794756896, 0.051120483689773, 0.027526605409119)c(1.69206430009261e-06, 0.393124199047944, 0.816438309086442, 0.504956350721932, 0.857315488711989, 0.0250167567642448)c(1.38848088681724e-05, 0.0110757532682359, 0.0158325987756175, 0.0450168348990276, 0.0237083410785878, 0.0164531305984568)c(0.999940267741598, 0.0142350466717676, 0.090872629415968, 0.0236798009489541, 0.00717596414817753, 0.0663229286401284)
CV inner loop (CV fold) number: 2
Bile_Duct_CancerBreast_CancerColorectal_CancerGastric_cancerLung_CancerOvarian_CancerPancreatic_Cancer
c(0.0035504908520229, 0.00731334635499483, 0.0279711976189887, 0.00185457522468853, 0.000103828086627509, 0.65823766753825)c(6.93866077549022e-06, 0.196595237417827, 5.61955929567417e-06, 0.935121143994563, 0.967282712974935, 0.0792645175236818)c(1.68921021472521e-06, 0.000857504041203591, 8.29145673642615e-05, 0.00102029253261215, 2.69663258748676e-05, 0.0849910923165087)c(7.05634032778321e-08, 0.0137261372068745, 1.56727528811959e-05, 0.0367198675439829, 0.000402276078543462, 0.0391002559356055)c(5.17350579179425e-07, 0.0150473976253246, 3.49190538052522e-06, 0.00598786840328509, 0.00106989619211864, 0.0270110933337163)c(4.96381780183911e-06, 0.765806652305798, 3.59591897100106e-05, 0.0184058245658239, 0.0165156569018544, 0.053301742305862)c(0.996435329545203, 0.000653725047977918, 0.97188514440638, 0.000890427735044818, 0.0145986634400463, 0.0580936310463758)
CV inner loop (CV fold) number: 2
Bile_Duct_CancerBreast_CancerColorectal_CancerGastric_cancerLung_CancerOvarian_CancerPancreatic_Cancer
c(0.0658879204340189, 0.00171926517285462, 0.0664220995943995, 9.9108027014784e-05, 0.236984485381153, 0.00772514552762389)c(0.0683359894263636, 0.0987505158089424, 7.35449451985233e-05, 0.972187508643825, 1.68047021240471e-05, 1.54771980267411e-05)c(0.125886964182265, 0.00160903058478975, 0.00044919179284142, 0.00112469137968925, 0.000107318774299232, 0.000100828887257148)c(0.158634253038757, 0.00152980993301421, 0.91478022006114, 0.00113921281972618, 0.00549510975284019, 8.02080695516241e-05)c(0.205921502544065, 0.000414529146216955, 0.000322038932087244, 0.00429635774737279, 3.39929868289955e-05, 4.30303200978616e-05)c(0.00156652050619657, 0.0108020305404646, 0.00968115122393544, 0.000494180656311571, 3.19767804725729e-05, 0.0041874976785015)c(0.373766849868334, 0.885174818813718, 0.00827175345039811, 0.0206589407260605, 0.757330311622282, 0.987847812318941)
CV inner loop (CV fold) number: 2
Bile_Duct_CancerBreast_CancerColorectal_CancerGastric_cancerLung_CancerOvarian_CancerPancreatic_Cancer
c(0.000298589403422207, 0.00138996579022044, 0.00871009440953065, 0.0170020527010908, 0.032937446437243, 0.000234013655005898)c(0.0748956306036268, 0.971015626773592, 0.00923787859326131, 0.553158766959424, 0.00305444116577392, 0.843380823159765)c(0.00689320604820426, 2.72476410114509e-05, 0.0020396566360704, 0.0169073835615146, 0.000904913804692477, 0.000763002737913718)c(0.000131413067662245, 0.00371708442461128, 0.00446181193709944, 0.224788211982979, 0.00538934019302114, 0.0517033534626539)c(0.895523237390608, 0.00299630233403779, 0.957599563049305, 0.121690682359318, 0.95040905100167, 0.044598557290515)c(0.0220392177130131, 0.0139087487946699, 0.000758477903389109, 0.0374966608419996, 0.0071737973123607, 0.0151613213749048)c(0.000218705773463257, 0.00694502424185716, 0.0171925174713444, 0.0289562415936732, 0.000131010085238596, 0.0441589283192415)
CV inner loop (CV fold) number: 2
Bile_Duct_CancerBreast_CancerColorectal_CancerGastric_cancerLung_CancerOvarian_CancerPancreatic_Cancer
c(0.000262434119602888, 0.000575183024037154, 0.00149585949469634, 0.0206562084296918, 6.30591413908995e-05, 0.00859661587913077)c(0.699720907050947, 0.995097581105569, 0.953740699387773, 0.0489616020035243, 0.998833646745468, 0.138954100406169)c(0.00853194043638344, 2.34035227405663e-05, 5.30540593990164e-05, 0.149861634899267, 6.6743292339622e-06, 0.00207188881494534)c(0.0145872779581721, 0.00012760472367153, 0.000596856260588774, 0.00638943334187841, 0.000316678815709601, 0.584381984699122)c(0.124699189792766, 0.00308161123700473, 0.03478392047904, 0.100198452373778, 1.01394704844494e-05, 0.230384889042826)c(0.140137399344301, 7.85330916525975e-06, 0.000674346288145549, 0.163075909058347, 2.51277314692436e-05, 0.0115121160655741)c(0.0120608512978275, 0.00108676307781162, 0.00865526403035678, 0.510856759893515, 0.000744673766243465, 0.024098405092233)
CV inner loop (CV fold) number: 2
besttune n.trees
250
besttune interaction.depth
4
besttune shrinkage
0.1
besttune n.minobsinnode
10
besttune n.trees
100
besttune interaction.depth
2
besttune shrinkage
0.1
besttune n.minobsinnode
10
Bile_Duct_CancerBreast_CancerColorectal_CancerGastric_cancerLung_CancerOvarian_CancerPancreatic_Cancer
c(0.0710139634111283, 0.0517205435014708, 0.183236189952782, 0.147014975953758, 0.020015163593411, 0.0335719298189114)c(0.460957269644154, 0.868387954845741, 0.388704056667139, 0.0905784791985762, 0.58831952621082, 0.0953003069942179)c(0.0461855743800685, 0.00380165402549585, 0.0278295250659489, 0.0147115722749603, 0.104098749893353, 0.204013146399613)c(0.0174569727588501, 0.020458077817494, 0.0207283856347777, 0.0519848783219165, 0.078565557575094, 0.0468506176366753)c(0.0938579853359537, 0.0125485806319402, 0.208961727006276, 0.069306567205871, 0.0833421358111038, 0.153652016623741)c(0.279444222749233, 0.0224019947225816, 0.0193883812457606, 0.0655696341035153, 0.0322637545692029, 0.150385340605773)c(0.0310840117206129, 0.0206811944552766, 0.151151734427316, 0.560833892941403, 0.0933951123470157, 0.316226641921069)
CV inner loop (CV fold) number: 3
besttune n.trees
250
besttune interaction.depth
4
besttune shrinkage
0.1
besttune n.minobsinnode
10
besttune n.trees
200
besttune interaction.depth
3
besttune shrinkage
0.1
besttune n.minobsinnode
10
besttune n.trees
250
besttune interaction.depth
2
besttune shrinkage
0.1
besttune n.minobsinnode
10
besttune n.trees
200
besttune interaction.depth
5
besttune shrinkage
0.1
besttune n.minobsinnode
10
besttune n.trees
100
besttune interaction.depth
2
besttune shrinkage
0.1
besttune n.minobsinnode
10
besttune n.trees
250
besttune interaction.depth
3
besttune shrinkage
0.1
besttune n.minobsinnode
10
besttune n.trees
200
besttune interaction.depth
5
besttune shrinkage
0.1
besttune n.minobsinnode
10
besttune n.trees
250
besttune interaction.depth
3
besttune shrinkage
0.1
besttune n.minobsinnode
10
Bile_Duct_CancerBreast_CancerColorectal_CancerGastric_cancerLung_CancerOvarian_CancerPancreatic_Cancer
c(0.00034205897100025, 0.00343208644461354, 0.0369134833655659, 0.431166416715327, 0.0024782851984162, 0.00103844988279441)c(0.988066425863273, 0.495421313078481, 0.285927596664678, 0.00385871239180632, 0.00010541493723312, 0.765033338898291)c(0.000269915652146679, 0.0607196822753549, 0.00855027666666162, 0.000565860557527306, 0.000286208668568314, 0.000840674151062203)c(0.00497703178579421, 0.428404058516959, 0.0311942613083698, 0.516547034897093, 0.000546551529607995, 0.220518377219888)c(0.000396723655388789, 0.00116855035794924, 0.116874316079327, 0.0178380267378313, 2.17002961368734e-05, 0.00629782881578852)c(0.000357562890721692, 0.00503866766534404, 0.0180164292162207, 0.0223309729678431, 5.08395386914091e-05, 0.00262534428572033)c(0.00559028118167507, 0.00581564166129881, 0.502523636699177, 0.00769297573257196, 0.996510999831346, 0.00364598674645533)
CV inner loop (CV fold) number: 3
Bile_Duct_CancerBreast_CancerColorectal_CancerGastric_cancerLung_CancerOvarian_CancerPancreatic_Cancer
c(0.0136905826571258, 0.0469048336442369, 0.00138158539177676, 0.000412902588164331, 0.0370666131466198, 0.0106939692786763)c(0.711620945284139, 0.386729558998345, 0.0672866303811454, 0.221606076688875, 0.17699626959682, 0.73277253411337)c(0.0208549607420838, 0.0515104737267217, 0.0820259149390064, 0.0650095952770515, 0.145017637668731, 0.0680587423239129)c(0.0339344939888463, 0.030929393665951, 0.158110580388175, 0.0167152562355258, 0.00283534299706734, 0.114091139524386)c(0.0644728624655554, 0.13499136543771, 0.0368304410884919, 0.418424396937606, 0.00652550741845187, 0.0231108613138551)c(0.148979136546086, 0.33084439442845, 0.233036792005506, 0.0274247870507007, 0.136034924299353, 0.0196987823932209)c(0.00644701831616302, 0.0180899800985857, 0.421328055805899, 0.250406985222076, 0.495523704872957, 0.0315739710525794)
CV inner loop (CV fold) number: 3
Bile_Duct_CancerBreast_CancerColorectal_CancerGastric_cancerLung_CancerOvarian_CancerPancreatic_Cancer
c(0.0100921196034225, 0.00584681724358576, 0.0173233717716385, 0.262923415629771, 0.262451765426449, 0.0880202353015874)c(0.311461062689873, 0.874626174598222, 0.773841874655475, 0.0287783340686513, 0.348859924264388, 0.167540043386004)c(0.00853698893302478, 0.00978238015918942, 0.00433409566407796, 0.00798309914408518, 0.0148628697638167, 0.036537827586566)c(0.0884482485382219, 0.00941954404587613, 0.0134095871010306, 0.365613462494016, 0.0199224301773648, 0.0488665417484565)c(0.479372087882686, 0.054550038737567, 0.0585504091156115, 0.232847005287416, 0.259983307185704, 0.0637665467976126)c(0.0740147017105564, 0.0282891055371705, 0.0233681368558656, 0.066355893096229, 0.0428593984276259, 0.349522417144433)c(0.0280747906422158, 0.0174859396783892, 0.1091725248363, 0.0354987902798318, 0.0510603047546512, 0.24574638803534)
CV inner loop (CV fold) number: 3
Bile_Duct_CancerBreast_CancerColorectal_CancerGastric_cancerLung_CancerOvarian_CancerPancreatic_Cancer
c(0.00143732833529317, 0.0180721201653008, 0.0384327887547398, 0.585041990288839, 0.00788839936897815, 0.00199753761107326)c(0.991392072203345, 0.572181245580722, 0.854377653430496, 0.0323583361033127, 0.967843522623233, 0.00821703750066708)c(0.00108450236230963, 0.0279825077965169, 0.000439462200131228, 0.00233687593981386, 0.010491171897737, 0.0141519434673484)c(0.00343811321046368, 0.0176573520494839, 0.0765079323256828, 0.116515474910081, 0.00279382998371388, 0.780069921947698)c(7.08024222313876e-05, 0.319551036737514, 0.0131750664863263, 0.000376263151022049, 0.00294469479379254, 0.0299421405189774)c(0.000319100390339874, 0.0128601860550906, 0.00158603874172851, 0.0412242422987029, 0.00234127212764468, 0.00140823116944174)c(0.00225808107601742, 0.0316955516153724, 0.0154810580608956, 0.222146817308228, 0.00569710920490037, 0.164213187784794)
CV inner loop (CV fold) number: 3
Bile_Duct_CancerBreast_CancerColorectal_CancerGastric_cancerLung_CancerOvarian_CancerPancreatic_Cancer
c(0.0660010790718542, 8.22963450454763e-05, 5.03968970278386e-06, 0.126067708269797, 0.011376537879385, 0.00309828264199222)c(0.417088285602246, 0.998618860238081, 0.000235963957528624, 0.218362249390771, 0.821502338695574, 0.980403261486155)c(0.000477341407420746, 1.37662055389861e-05, 0.00117175059913445, 0.00634281039395095, 0.00089033220055264, 0.00233536565252838)c(0.00706401575610183, 2.66691589185744e-06, 0.0717747961870921, 0.181668284186846, 0.0689157119433295, 0.00548041252492715)c(0.0763095350815095, 7.82621601289004e-05, 0.926665798913879, 0.0844336325983795, 0.000691353249121696, 0.000451564561303359)c(0.268485139017292, 0.000324797900436056, 0.000135081810053309, 0.184313695278887, 0.00270333344269117, 0.000803741135657024)c(0.164574604063575, 0.000879350234877429, 1.15688426100759e-05, 0.198811619881368, 0.0939203925893464, 0.00742737199743651)
CV inner loop (CV fold) number: 3
besttune n.trees
250
besttune interaction.depth
4
besttune shrinkage
0.1
besttune n.minobsinnode
10
Bile_Duct_CancerBreast_CancerColorectal_CancerGastric_cancerLung_CancerOvarian_CancerPancreatic_Cancer
c(0.00351151372628265, 0.0146585301763533, 0.00318013943775434, 0.00223679474340247, 0.03301545869743, 0.000216340007879581)c(0.000275340054028685, 0.920782831057617, 0.980562577976849, 0.521561360575376, 0.832767746306111, 0.99576080191323)c(7.63560240969941e-05, 0.000113847251554928, 3.21685429553875e-05, 0.00326788702150114, 0.00940718771712624, 0.000103222582205277)c(5.1409942493579e-07, 0.00103616914151611, 0.00143256788320385, 0.0429871882895201, 0.026970159409296, 0.000182336350901271)c(2.73636029076986e-06, 0.0577905450343593, 0.000268139000715189, 0.24189135484308, 0.00920057884267872, 0.000516548761937163)c(4.32241586705523e-05, 0.00533168582211116, 0.000608693259773652, 0.0973341007239239, 0.0377850024573957, 0.000162551767808414)c(0.996090315577205, 0.000286391516487886, 0.0139157138987483, 0.0907213138031957, 0.0508538665699625, 0.00305819861603826)
CV inner loop (CV fold) number: 3
Bile_Duct_CancerBreast_CancerColorectal_CancerGastric_cancerLung_CancerOvarian_CancerPancreatic_Cancer
c(0.00417598155815245, 0.00529710468055353, 0.0457070890870931, 0.000391298319446538, 0.0216447331475571, 0.0978411494906293)c(0.765245112641157, 0.805359195927706, 0.355198981235337, 0.976776450255171, 0.166873463577635, 0.297435785120298)c(0.000455744419546578, 0.0139916981359909, 0.148494688694609, 0.00124867252787733, 0.109825511631963, 0.0134982235235132)c(0.00192831437034132, 0.022929140505117, 0.182118353060153, 9.96017196982165e-05, 0.158059656033384, 0.0705006828715034)c(0.225039380310178, 0.0226673608430468, 0.0861528464428652, 0.0201206480642427, 0.0912676542221646, 0.114781928740027)c(0.000286035411164924, 0.0593274342771111, 0.0404262061952918, 0.000296763870432037, 0.432679048258823, 0.0288012565865273)c(0.00286943128945989, 0.0704280656304743, 0.141901835284652, 0.00106656524313173, 0.0196499331284731, 0.377140973667502)
CV inner loop (CV fold) number: 3
Bile_Duct_CancerBreast_CancerColorectal_CancerGastric_cancerLung_CancerOvarian_CancerPancreatic_Cancer
c(0.27391050951367, 0.00618660651513574, 0.000184124725316619, 0.00861642381014749, 0.0133406375809332, 0.0896945793434149)c(0.427335683728984, 0.862486653748652, 0.0116934166355725, 0.756937315274265, 0.235798950698804, 0.135752273357347)c(0.0360602163687152, 3.71571965242137e-05, 0.415907132709026, 0.000719991026393465, 0.00258621083980304, 0.0013449837922208)c(0.000963496221226213, 0.00043874928051706, 0.0135371510323956, 0.0774845878843701, 0.0035291854927361, 0.748127505210525)c(0.176159175904816, 0.00240081150900603, 0.518883014876607, 0.00329389132095154, 0.00180729989496275, 0.00547287499416142)c(0.0666204006232236, 0.112010156334605, 0.0390839809486247, 0.0503383046181862, 0.0024408625196068, 0.0156077491232931)c(0.0189505176393643, 0.0164398654155598, 0.00071117907245833, 0.102609486065687, 0.740496852973154, 0.00400003417903852)
CV inner loop (CV fold) number: 3
Bile_Duct_CancerBreast_CancerColorectal_CancerGastric_cancerLung_CancerOvarian_CancerPancreatic_Cancer
c(0.0125665678157306, 0.00197492137964909, 0.000905100721974814, 0.083105824131473, 0.0294547228032943, 0.0173867421096643)c(0.337804917487204, 0.842753048342544, 0.974919586328218, 0.00437686393002277, 0.0135896774851829, 0.781816040353844)c(0.0144611904068364, 0.00303750860185043, 0.000116143346790506, 8.01090227253051e-05, 0.0400690460910597, 0.0045710190272634)c(0.601476853116638, 0.0158465489118607, 0.00117083312501241, 8.64525986722641e-05, 0.00185201256474888, 0.0569856433284319)c(0.00940774992324823, 0.131267287499762, 0.0100429492900585, 0.000536696993426147, 0.000114511083593972, 0.0245605780209844)c(0.0211201906352269, 0.00434649104907596, 0.00152559729115169, 0.00105413447820018, 0.103334181110156, 0.102932293155214)c(0.00316253061511558, 0.000774194215257203, 0.0113197898967944, 0.91075991884548, 0.811585848861964, 0.0117476840045985)
CV inner loop (CV fold) number: 3
besttune n.trees
250
besttune interaction.depth
3
besttune shrinkage
0.1
besttune n.minobsinnode
10
besttune n.trees
250
besttune interaction.depth
3
besttune shrinkage
0.1
besttune n.minobsinnode
10
besttune n.trees
200
besttune interaction.depth
3
besttune shrinkage
0.1
besttune n.minobsinnode
10
Bile_Duct_CancerBreast_CancerColorectal_CancerGastric_cancerLung_CancerOvarian_CancerPancreatic_Cancer
c(0.000135041461085865, 0.000187800814105236, 0.661689621182915, 0.305623466433881, 0.000437728867436561, 0.00148985443848106)c(0.459850023785322, 0.989349579493343, 0.230695534368499, 0.0625715396612041, 0.149587670261973, 1.72192224114325e-06)c(7.63125013598558e-05, 5.57192571222554e-06, 0.00175198726425692, 0.00313375156646509, 0.000769587230622733, 3.99273547602689e-08)c(0.00314359987604294, 0.000210758841140614, 0.047411413439996, 0.321497852666828, 0.00773033685343465, 8.93761299338994e-06)c(0.0042843011566764, 0.000143002174941305, 0.00545829432862169, 0.00967215311923323, 0.126400867168604, 5.70361121490597e-07)c(0.531594987263744, 0.00795301852515653, 0.0241529551945889, 0.01191616179941, 0.00199956531842775, 7.96004480433988e-07)c(0.000915733955769192, 0.00215026822560086, 0.0288401942211227, 0.285585074752979, 0.713074244299502, 0.998498079733328)
CV inner loop (CV fold) number: 4
besttune n.trees
250
besttune interaction.depth
3
besttune shrinkage
0.1
besttune n.minobsinnode
10
besttune n.trees
250
besttune interaction.depth
4
besttune shrinkage
0.1
besttune n.minobsinnode
10
Bile_Duct_CancerBreast_CancerColorectal_CancerGastric_cancerLung_CancerOvarian_CancerPancreatic_Cancer
c(0.000269306350102377, 0.0223083099048023, 0.078542144262291, 0.0304841804742543, 0.000273476902943686, 0.00111450936747877)c(0.972830259919357, 0.644395026427293, 0.24148002860827, 0.933701525288187, 0.000244385886984173, 0.960370212322879)c(0.000131645701964482, 0.00182451843059833, 0.0042293572193011, 3.28601785565222e-05, 0.103663879318505, 0.00199149333860618)c(0.00450264473835813, 0.155386913249158, 0.00146585882264976, 0.000171747988037323, 0.195891804553385, 0.00926148737742393)c(0.015972850135291, 0.095301284255584, 0.466415579236519, 0.0044157037380881, 0.669922264213894, 0.0087047514130218)c(0.00110428209442992, 0.00652289581983588, 0.0101114110482757, 0.0123022529528161, 0.0299511331519646, 0.000170155430837397)c(0.00518901106049741, 0.0742610519127286, 0.197755620802693, 0.0188917293800609, 5.30559723247556e-05, 0.0183873907497526)
CV inner loop (CV fold) number: 4
Bile_Duct_CancerBreast_CancerColorectal_CancerGastric_cancerLung_CancerOvarian_CancerPancreatic_Cancer
c(0.00027951963994542, 0.00168063706523254, 0.00260071817815446, 0.212023972590599, 0.0104972807561565, 0.00596997945149015)c(0.834880723327989, 0.262639543163929, 0.983021435490535, 0.146483969680093, 0.464167075511605, 0.915080982419882)c(0.000326038921310705, 0.0250577381628637, 5.44941947056774e-05, 0.0379898115041522, 0.140824735261489, 0.00285333023489955)c(0.0175209386367436, 0.00794957387467436, 0.00188841934616981, 0.0804636461411524, 0.160140075775852, 0.0580932926971444)c(0.00549993884211036, 0.160514899987033, 0.00158428854746628, 0.377483778533096, 0.0447508775696755, 0.00233932264209212)c(0.141453902706515, 0.444195217852171, 0.00486268704999, 0.105361493831574, 0.0956012309902844, 0.00198656769648061)c(3.8937925385827e-05, 0.097962389894096, 0.0059879571929783, 0.0401933277193336, 0.0840187241349377, 0.0136765248580117)
CV inner loop (CV fold) number: 4
Bile_Duct_CancerBreast_CancerColorectal_CancerGastric_cancerLung_CancerOvarian_CancerPancreatic_Cancer
c(0.00516788227498318, 0.000109018985615043, 0.00126947557347127, 0.00757073199616579, 0.000400288920111419, 0.00502218914817186)c(0.808934839111349, 0.0277155461444453, 0.262493165686027, 0.000213307165883134, 0.983365147058263, 0.0101367795137079)c(0.00053399753222313, 0.0127159603535339, 0.00196574794795627, 1.80172006217892e-05, 0.000192069518058269, 0.448356752833415)c(0.142694354547493, 0.00407767403136966, 0.0024921484437317, 0.000372267311479596, 0.00428743085298299, 0.0190046576300248)c(0.000784747253297258, 0.900745057039207, 0.129386043542658, 8.27937975957123e-05, 0.00154876664676585, 0.0710211958939463)c(0.00142859487214315, 0.0512246236565202, 0.424381218617015, 0.000405509037975785, 0.000457855028323383, 0.00422436477850588)c(0.0404555844085112, 0.00341211978930867, 0.178012200189142, 0.991337373490278, 0.00974844197549493, 0.442234060202228)
CV inner loop (CV fold) number: 4
besttune n.trees
250
besttune interaction.depth
4
besttune shrinkage
0.1
besttune n.minobsinnode
10
besttune n.trees
250
besttune interaction.depth
5
besttune shrinkage
0.1
besttune n.minobsinnode
10
besttune n.trees
250
besttune interaction.depth
4
besttune shrinkage
0.1
besttune n.minobsinnode
10
Bile_Duct_CancerBreast_CancerColorectal_CancerGastric_cancerLung_CancerOvarian_CancerPancreatic_Cancer
c(0.00284193606716054, 0.0269795450244359, 0.000950838100878581, 0.0216653804462249, 0.0143657066746304, 0.0017839093818698)c(0.536204286217676, 0.742466962646221, 0.879733689241497, 0.0247798144362685, 0.000306319929555367, 0.965978928463829)c(0.00101211925688723, 0.00438393756846017, 0.0986112423938089, 0.00730992127810145, 0.00311091654562116, 0.0117600801212746)c(0.000117662389657135, 0.0681056711575488, 0.0087669349064453, 0.0391779558457014, 0.965376912521381, 0.0017696916534472)c(0.409796580053798, 0.136348726911171, 0.0109499959290228, 0.789815585888352, 0.0156039658036224, 0.00300183212880397)c(0.0323423479754585, 0.00860830652993446, 0.000285534136117377, 0.116526961918804, 0.00102540897468747, 0.00398004224531291)c(0.0176850680393618, 0.0131068501622289, 0.000701765292229867, 0.000724380186547674, 0.000210769550502546, 0.011725516005462)
CV inner loop (CV fold) number: 4
besttune n.trees
200
besttune interaction.depth
3
besttune shrinkage
0.1
besttune n.minobsinnode
10
besttune n.trees
250
besttune interaction.depth
2
besttune shrinkage
0.1
besttune n.minobsinnode
10
Bile_Duct_CancerBreast_CancerColorectal_CancerGastric_cancerLung_CancerOvarian_CancerPancreatic_Cancer
c(0.0130721653044469, 0.000411718014625102, 0.0151402947467086, 0.926087456937955, 0.00792042279197491, 6.7777954363238e-06)c(0.144144043117816, 0.821854704730901, 0.566353312787642, 0.0465901780762896, 0.928522791996437, 0.999693183325335)c(0.299613443652509, 0.000577271928530648, 0.00070534307859086, 0.00100453494036061, 0.00107592784268882, 9.93887883791291e-06)c(0.00314237754762263, 0.0012450736982854, 0.00251794861546648, 0.000329144990926586, 0.00755457154571165, 0.000147749851779575)c(0.053243196196952, 0.00682612893400996, 0.32943571730585, 0.00923768976803966, 0.000383619093859398, 3.52826642566446e-05)c(0.483431575463675, 0.112315757063599, 0.0803407421197219, 0.0165056565687474, 0.0302716095940536, 7.21072546419997e-05)c(0.00335319871697815, 0.0567693456300488, 0.00550664134602094, 0.00024533871768115, 0.0242710571352748, 3.49602297122487e-05)
CV inner loop (CV fold) number: 4
Bile_Duct_CancerBreast_CancerColorectal_CancerGastric_cancerLung_CancerOvarian_CancerPancreatic_Cancer
c(0.000711771346674427, 0.0308354659392563, 0.00101139237472844, 0.577473099155987, 0.0261579919687023, 0.181137287667244)c(0.467573155540788, 0.208123639255439, 0.977814666570618, 0.238386515460398, 0.00983646337312116, 0.0512469166563307)c(0.00233032832775935, 0.0270963573530353, 0.000430371214188784, 0.00983991267412027, 0.000858367326820967, 0.0139850693767942)c(0.000940760392543975, 0.0174376055707992, 0.0045637187264216, 0.0455087014019214, 0.650444452651591, 0.000817141096110438)c(0.506125997216928, 0.427282867450151, 0.00258091021350473, 0.017688303173385, 0.0144131941213268, 0.00170387105143649)c(0.0213240631162933, 0.280991875598701, 0.0109716769145728, 0.0294167134260116, 0.0152684332767248, 0.0580013190896126)c(0.000993924059013022, 0.00823218883261751, 0.00262726398596525, 0.0816867547081765, 0.283021097281713, 0.693108395062472)
CV inner loop (CV fold) number: 4
Bile_Duct_CancerBreast_CancerColorectal_CancerGastric_cancerLung_CancerOvarian_CancerPancreatic_Cancer
c(0.000546371080958063, 0.0137134089551255, 0.00634843077981775, 0.00404859112243492, 0.000288067201043049, 0.00172119925875833)c(0.329861058136004, 0.718923821377028, 0.400330873230455, 0.81223791745021, 0.978259335623709, 0.778911884051228)c(0.033983730952193, 0.000144517922103823, 0.00206124896504605, 0.000197759165523308, 0.000212880682917479, 0.0783327355162296)c(0.0120456360208399, 0.208102840893366, 0.426063959137604, 0.0891316641936544, 0.0127712241141848, 0.0712071999186271)c(0.054957192969622, 0.0331819066052719, 0.0999244658104214, 0.0924419266264119, 0.000162936335597601, 0.0382615327819455)c(0.536368004924943, 0.0174417373292609, 0.0561857672424029, 0.00127188517729007, 0.000626357961321696, 0.0149327523625192)c(0.0322380059154408, 0.00849176691784432, 0.00908525483425334, 0.000670256264475228, 0.00767919808122622, 0.0166326961106922)
CV inner loop (CV fold) number: 4
besttune n.trees
200
besttune interaction.depth
3
besttune shrinkage
0.1
besttune n.minobsinnode
10
Bile_Duct_CancerBreast_CancerColorectal_CancerGastric_cancerLung_CancerOvarian_CancerPancreatic_Cancer
c(0.00169830534840635, 4.13240467705855e-05, 0.0210727953475374, 0.0134297173540609, 0.000676689349886858, 0.00262906516710215)c(0.105797668043317, 0.519463379385492, 0.0691467390814784, 0.286359903251375, 0.992098093132123, 0.742482208174353)c(0.00475901131841768, 2.36155332111332e-05, 2.11199172119224e-05, 0.000154242694982016, 4.55036311722571e-06, 0.00144690117034673)c(0.0490285508843877, 0.000214785828252445, 0.0117264839327013, 0.00623578844674004, 0.00177253775337957, 0.0313257203827578)c(0.521549424165683, 0.000384807916819034, 0.110692212027486, 0.00134655099910717, 0.000411502065234391, 0.127443541645056)c(0.297562673557357, 0.442712966034963, 0.70239504766745, 0.0370362600745803, 0.00108052662219636, 0.0161367669070757)c(0.0196043666824315, 0.0371591212544923, 0.084945602026135, 0.655437537179154, 0.00395610071406284, 0.0785357965533095)
CV inner loop (CV fold) number: 5
Bile_Duct_CancerBreast_CancerColorectal_CancerGastric_cancerLung_CancerOvarian_CancerPancreatic_Cancer
c(0.000253938703845673, 0.0015752832335706, 0.00189736995440146, 2.42133538280821e-05, 0.0815281800334453, 0.0335678224417691)c(0.99178745218681, 0.708731234522191, 0.725798598772869, 0.0132931898172935, 0.00156797331972112, 0.354107840674759)c(7.70294168009275e-05, 0.00286187200280218, 0.00513635289456074, 0.451811730342371, 0.000424021864600457, 0.0602329774443449)c(0.00066349788743252, 0.0160961947982481, 0.000516948413451992, 0.108551485947479, 0.00230133388348511, 0.013745351900608)c(0.00109005133979273, 0.203132179990822, 0.0202496209222375, 0.362978115297546, 0.000328262968494057, 0.00599601927563959)c(0.0034317634436171, 0.0123652176863686, 0.204559806873229, 0.0629192032815655, 0.0202806106819884, 0.0157829986276071)c(0.00269626702170058, 0.0552380177659983, 0.0418413021692509, 0.000422061959916909, 0.893569617248266, 0.516566989635272)
CV inner loop (CV fold) number: 4
besttune n.trees
250
besttune interaction.depth
4
besttune shrinkage
0.1
besttune n.minobsinnode
10
besttune n.trees
250
besttune interaction.depth
5
besttune shrinkage
0.1
besttune n.minobsinnode
10
Bile_Duct_CancerBreast_CancerColorectal_CancerGastric_cancerLung_CancerOvarian_CancerPancreatic_Cancer
c(0.187299244547167, 0.339190319383311, 5.02991358820622e-05, 0.00728588657270684, 0.00140037039299945, 0.404471295818344)c(0.640791584219636, 0.00153595007623605, 0.00062381708341231, 2.69454110047899e-05, 0.00818594517321464, 0.274872919712368)c(0.00434600809570135, 0.00172126897973741, 0.00404785528529973, 1.11239331966637e-06, 0.00135818925185098, 0.031669253362871)c(0.00960029282913129, 0.000485957296035731, 0.0297532237399646, 5.4361456940929e-05, 0.00512604667265807, 0.120904035465004)c(0.0784596802692596, 3.44255254150086e-05, 0.965369989882648, 3.48057388493627e-05, 0.983642446508853, 0.0564137431968179)c(0.020214636734365, 0.000406936538404355, 0.000136226831383409, 8.17188896214777e-06, 0.000285466682958074, 0.00762630785495537)c(0.0592885533047393, 0.656625142200861, 1.8588041409685e-05, 0.992588716538216, 1.53531746536441e-06, 0.104042444589641)
CV inner loop (CV fold) number: 4
