Building DAG of jobs...
Using shell: /usr/bin/bash
Provided cores: 20
Rules claiming more threads will be scaled down.
Select jobs to execute...

[Tue Nov 23 07:58:05 2021]
rule PCA_Lasso_classification_cancer_type_multinomial:
    input: data/ATAC_predictions_train_20_predict_80/PCA_ATAC_pred_lasso_formatted_standardized.rds, data/sample_types.txt
    output: Classification_output/Cancer_type_classification/PCA_Lasso_multinomial.rds, Classification_output/ROC_plots/Cancer_type/PCA_ROC_lasso_multinomial.png
    jobid: 0
    threads: 20
    resources: mem_mb=300000, disk_mb=1000, tmpdir=/scratch/57156919, time=11:30:00

Rscript --vanilla /faststorage/project/DELFI1/Workspaces/CarmenAndAnika/.snakemake/scripts/tmp3zwn_j4t.Lasso_multinomial.R
Registered S3 methods overwritten by 'ggplot2':
  method         from 
  [.quosures     rlang
  c.quosures     rlang
  print.quosures rlang
Registered S3 method overwritten by 'rvest':
  method            from
  read_xml.response xml2
── Attaching packages ─────────────────────────────────────── tidyverse 1.2.1 ──
✔ ggplot2 3.1.1     ✔ purrr   0.3.4
✔ tibble  3.1.4     ✔ dplyr   1.0.7
✔ tidyr   1.1.3     ✔ stringr 1.4.0
✔ readr   1.3.1     ✔ forcats 0.4.0
── Conflicts ────────────────────────────────────────── tidyverse_conflicts() ──
✖ dplyr::filter() masks stats::filter()
✖ dplyr::lag()    masks stats::lag()
Type 'citation("pROC")' for a citation.

Attaching package: ‘pROC’

The following objects are masked from ‘package:stats’:

    cov, smooth, var

Loading required package: Matrix

Attaching package: ‘Matrix’

The following objects are masked from ‘package:tidyr’:

    expand, pack, unpack

Loading required package: foreach

Attaching package: ‘foreach’

The following objects are masked from ‘package:purrr’:

    accumulate, when

Loaded glmnet 2.0-16


Attaching package: ‘glmnet’

The following object is masked from ‘package:pROC’:

    auc


Attaching package: ‘glmnetUtils’

The following objects are masked from ‘package:glmnet’:

    cv.glmnet, glmnet

Loading required package: iterators
Loading required package: parallel
Loading required package: rngtools
Loading required package: pkgmaker
Loading required package: registry

Attaching package: ‘pkgmaker’

The following object is masked from ‘package:base’:

    isFALSE

Warning message:
package ‘multiROC’ was built under R version 3.6.3 
dummies-1.5.6 provided by Decision Patterns

Warning message:
package ‘dummies’ was built under R version 3.6.3 
# A tibble: 9 × 2
  sample_type           n
  <fct>             <int>
1 Bile_Duct_Cancer     25
2 Breast_Cancer        54
3 Colorectal_Cancer    26
4 Duodenal_Cancer       1
5 Gastric_cancer       27
6 Healthy             194
7 Lung_Cancer          35
8 Ovarian_Cancer       28
9 Pancreatic_Cancer    34
# A tibble: 8 × 2
  sample_type           n
  <fct>             <int>
1 Bile_Duct_Cancer     25
2 Breast_Cancer        54
3 Colorectal_Cancer    26
4 Gastric_cancer       27
5 Healthy             194
6 Lung_Cancer          35
7 Ovarian_Cancer       28
8 Pancreatic_Cancer    34
starting worker pid=2413 on localhost:11138 at 07:58:08.161
starting worker pid=2447 on localhost:11138 at 07:58:08.398
starting worker pid=2481 on localhost:11138 at 07:58:08.605
starting worker pid=2515 on localhost:11138 at 07:58:08.856
starting worker pid=2549 on localhost:11138 at 07:58:09.107
starting worker pid=2583 on localhost:11138 at 07:58:09.343
starting worker pid=2617 on localhost:11138 at 07:58:09.591
starting worker pid=2652 on localhost:11138 at 07:58:09.840
starting worker pid=2686 on localhost:11138 at 07:58:10.088
starting worker pid=2721 on localhost:11138 at 07:58:10.339
Registered S3 methods overwritten by 'ggplot2':
  method         from 
  [.quosures     rlang
  c.quosures     rlang
  print.quosures rlang
Registered S3 methods overwritten by 'ggplot2':
  method         from 
  [.quosures     rlang
  c.quosures     rlang
  print.quosures rlang
Registered S3 methods overwritten by 'ggplot2':
  method         from 
  [.quosures     rlang
  c.quosures     rlang
  print.quosures rlang
Registered S3 methods overwritten by 'ggplot2':
  method         from 
  [.quosures     rlang
  c.quosures     rlang
  print.quosures rlang
Registered S3 methods overwritten by 'ggplot2':
  method         from 
  [.quosures     rlang
  c.quosures     rlang
  print.quosures rlang
Registered S3 methods overwritten by 'ggplot2':
  method         from 
  [.quosures     rlang
  c.quosures     rlang
  print.quosures rlang
Registered S3 methods overwritten by 'ggplot2':
  method         from 
  [.quosures     rlang
  c.quosures     rlang
  print.quosures rlang
Registered S3 methods overwritten by 'ggplot2':
  method         from 
  [.quosures     rlang
  c.quosures     rlang
  print.quosures rlang
Registered S3 methods overwritten by 'ggplot2':
  method         from 
  [.quosures     rlang
  c.quosures     rlang
  print.quosures rlang
Registered S3 methods overwritten by 'ggplot2':
  method         from 
  [.quosures     rlang
  c.quosures     rlang
  print.quosures rlang
Registered S3 method overwritten by 'rvest':
  method            from
  read_xml.response xml2
Registered S3 method overwritten by 'rvest':
  method            from
  read_xml.response xml2
── Attaching packages ─────────────────────────────────────── tidyverse 1.2.1 ──
✔ ggplot2 3.1.1     ✔ purrr   0.3.4
✔ tibble  3.1.4     ✔ dplyr   1.0.7
✔ tidyr   1.1.3     ✔ stringr 1.4.0
✔ readr   1.3.1     ✔ forcats 0.4.0
Registered S3 method overwritten by 'rvest':
  method            from
  read_xml.response xml2
Registered S3 method overwritten by 'rvest':
  method            from
  read_xml.response xml2
── Attaching packages ─────────────────────────────────────── tidyverse 1.2.1 ──
Registered S3 method overwritten by 'rvest':
  method            from
  read_xml.response xml2
✔ ggplot2 3.1.1     ✔ purrr   0.3.4
✔ tibble  3.1.4     ✔ dplyr   1.0.7
✔ tidyr   1.1.3     ✔ stringr 1.4.0
✔ readr   1.3.1     ✔ forcats 0.4.0
── Attaching packages ─────────────────────────────────────── tidyverse 1.2.1 ──
── Attaching packages ─────────────────────────────────────── tidyverse 1.2.1 ──
── Conflicts ────────────────────────────────────────── tidyverse_conflicts() ──
✖ dplyr::filter() masks stats::filter()
✖ dplyr::lag()    masks stats::lag()
✔ ggplot2 3.1.1     ✔ purrr   0.3.4
✔ tibble  3.1.4     ✔ dplyr   1.0.7
✔ tidyr   1.1.3     ✔ stringr 1.4.0
✔ readr   1.3.1     ✔ forcats 0.4.0
── Attaching packages ─────────────────────────────────────── tidyverse 1.2.1 ──
✔ ggplot2 3.1.1     ✔ purrr   0.3.4
✔ tibble  3.1.4     ✔ dplyr   1.0.7
✔ tidyr   1.1.3     ✔ stringr 1.4.0
✔ readr   1.3.1     ✔ forcats 0.4.0
Registered S3 method overwritten by 'rvest':
  method            from
  read_xml.response xml2
Loading required package: foreach
✔ ggplot2 3.1.1     ✔ purrr   0.3.4
✔ tibble  3.1.4     ✔ dplyr   1.0.7
✔ tidyr   1.1.3     ✔ stringr 1.4.0
✔ readr   1.3.1     ✔ forcats 0.4.0

Attaching package: ‘foreach’

The following objects are masked from ‘package:purrr’:

    accumulate, when

Loading required package: rngtools
Registered S3 method overwritten by 'rvest':
  method            from
  read_xml.response xml2
Registered S3 method overwritten by 'rvest':
  method            from
  read_xml.response xml2
Registered S3 method overwritten by 'rvest':
  method            from
  read_xml.response xml2
Registered S3 method overwritten by 'rvest':
  method            from
  read_xml.response xml2
── Conflicts ────────────────────────────────────────── tidyverse_conflicts() ──
✖ dplyr::filter() masks stats::filter()
✖ dplyr::lag()    masks stats::lag()
Loading required package: foreach
Loading required package: pkgmaker

Attaching package: ‘foreach’

The following objects are masked from ‘package:purrr’:

    accumulate, when

Loading required package: rngtools
Loading required package: registry
── Attaching packages ─────────────────────────────────────── tidyverse 1.2.1 ──
Loading required package: pkgmaker
Loading required package: registry
✔ ggplot2 3.1.1     ✔ purrr   0.3.4
✔ tibble  3.1.4     ✔ dplyr   1.0.7
✔ tidyr   1.1.3     ✔ stringr 1.4.0
✔ readr   1.3.1     ✔ forcats 0.4.0
── Conflicts ────────────────────────────────────────── tidyverse_conflicts() ──
✖ dplyr::filter() masks stats::filter()
✖ dplyr::lag()    masks stats::lag()
── Attaching packages ─────────────────────────────────────── tidyverse 1.2.1 ──
── Attaching packages ─────────────────────────────────────── tidyverse 1.2.1 ──
── Attaching packages ─────────────────────────────────────── tidyverse 1.2.1 ──
── Attaching packages ─────────────────────────────────────── tidyverse 1.2.1 ──
Loading required package: foreach
── Conflicts ────────────────────────────────────────── tidyverse_conflicts() ──
✖ dplyr::filter() masks stats::filter()
✖ dplyr::lag()    masks stats::lag()

Attaching package: ‘foreach’

The following objects are masked from ‘package:purrr’:

    accumulate, when

── Conflicts ────────────────────────────────────────── tidyverse_conflicts() ──
✖ dplyr::filter() masks stats::filter()
✖ dplyr::lag()    masks stats::lag()
Loading required package: foreach
Loading required package: rngtools
✔ ggplot2 3.1.1     ✔ purrr   0.3.4
✔ tibble  3.1.4     ✔ dplyr   1.0.7
✔ tidyr   1.1.3     ✔ stringr 1.4.0
✔ readr   1.3.1     ✔ forcats 0.4.0
✔ ggplot2 3.1.1     ✔ purrr   0.3.4
✔ tibble  3.1.4     ✔ dplyr   1.0.7
✔ tidyr   1.1.3     ✔ stringr 1.4.0
✔ readr   1.3.1     ✔ forcats 0.4.0
✔ ggplot2 3.1.1     ✔ purrr   0.3.4
✔ tibble  3.1.4     ✔ dplyr   1.0.7
✔ tidyr   1.1.3     ✔ stringr 1.4.0
✔ readr   1.3.1     ✔ forcats 0.4.0
✔ ggplot2 3.1.1     ✔ purrr   0.3.4
✔ tibble  3.1.4     ✔ dplyr   1.0.7
✔ tidyr   1.1.3     ✔ stringr 1.4.0
✔ readr   1.3.1     ✔ forcats 0.4.0
Loading required package: foreach

Attaching package: ‘foreach’

The following objects are masked from ‘package:purrr’:

    accumulate, when

Loading required package: rngtools
Loading required package: pkgmaker

Attaching package: ‘foreach’

The following objects are masked from ‘package:purrr’:

    accumulate, when

Loading required package: rngtools
Loading required package: pkgmaker

Attaching package: ‘pkgmaker’

The following object is masked from ‘package:base’:

    isFALSE

Loading required package: registry
Loading required package: pkgmaker
Loading required package: registry
Loading required package: registry
── Conflicts ────────────────────────────────────────── tidyverse_conflicts() ──
✖ dplyr::filter() masks stats::filter()
✖ dplyr::lag()    masks stats::lag()
Loading required package: foreach

Attaching package: ‘pkgmaker’

The following object is masked from ‘package:base’:

    isFALSE


Attaching package: ‘foreach’

The following objects are masked from ‘package:purrr’:

    accumulate, when

Loading required package: rngtools
Loading required package: pkgmaker
Loading required package: registry
── Conflicts ────────────────────────────────────────── tidyverse_conflicts() ──
✖ dplyr::filter() masks stats::filter()
✖ dplyr::lag()    masks stats::lag()
Loading required package: foreach
── Conflicts ────────────────────────────────────────── tidyverse_conflicts() ──
✖ dplyr::filter() masks stats::filter()
✖ dplyr::lag()    masks stats::lag()
── Conflicts ────────────────────────────────────────── tidyverse_conflicts() ──
✖ dplyr::filter() masks stats::filter()
✖ dplyr::lag()    masks stats::lag()
── Conflicts ────────────────────────────────────────── tidyverse_conflicts() ──
✖ dplyr::filter() masks stats::filter()
✖ dplyr::lag()    masks stats::lag()

Attaching package: ‘foreach’

The following objects are masked from ‘package:purrr’:

    accumulate, when


Attaching package: ‘pkgmaker’

The following object is masked from ‘package:base’:

    isFALSE

Loading required package: foreach
Loading required package: foreach
Loading required package: foreach
Loading required package: rngtools
Loading required package: pkgmaker

Attaching package: ‘foreach’


Attaching package: ‘foreach’


Attaching package: ‘foreach’

The following objects are masked from ‘package:purrr’:

    accumulate, when

The following objects are masked from ‘package:purrr’:

    accumulate, when

The following objects are masked from ‘package:purrr’:

    accumulate, when


Attaching package: ‘pkgmaker’


Attaching package: ‘pkgmaker’

Loading required package: rngtools
Loading required package: rngtools
Loading required package: registry
The following object is masked from ‘package:base’:

    isFALSE

Loading required package: rngtools
The following object is masked from ‘package:base’:

    isFALSE

Loading required package: pkgmaker
Loading required package: pkgmaker
Loading required package: pkgmaker
Loading required package: registry
Loading required package: registry
Loading required package: registry

Attaching package: ‘pkgmaker’

The following object is masked from ‘package:base’:

    isFALSE


Attaching package: ‘pkgmaker’

The following object is masked from ‘package:base’:

    isFALSE


Attaching package: ‘pkgmaker’

The following object is masked from ‘package:base’:

    isFALSE


Attaching package: ‘pkgmaker’


Attaching package: ‘pkgmaker’

The following object is masked from ‘package:base’:

    isFALSE

The following object is masked from ‘package:base’:

    isFALSE

CV repetition number: 3
CV repetition number: 2
CV repetition number: 1
CV repetition number: 4
CV repetition number: 5
CV repetition number: 7
CV repetition number: 8
CV repetition number: 6
CV repetition number: 10
CV repetition number: 9
CV inner loop, CV rep number: 3
CV inner loop, CV rep number: 7
CV inner loop, CV rep number: 1
CV inner loop, CV rep number: 4
CV inner loop, CV rep number: 5
CV inner loop, CV rep number: 2
CV inner loop, CV rep number: 8
CV inner loop, CV rep number: 6
CV inner loop, CV rep number: 10
CV inner loop, CV rep number: 9
best_alpha
0
best_lambda
0.0391227892530343
CV inner loop, CV rep number: 10
best_alpha
0
best_lambda
0.0616809299346212
CV inner loop, CV rep number: 7
best_alpha
0.512
best_lambda
0.016143420737412
CV inner loop, CV rep number: 4
best_alpha
0.027
best_lambda
0.0473411955515242
best_alpha
0
best_lambda
0.0462680778486297
CV inner loop, CV rep number: 2
CV inner loop, CV rep number: 3
best_alpha
0
best_lambda
0.0495719240326776
CV inner loop, CV rep number: 1
best_alpha
0.008
best_lambda
0.0598767399685625
CV inner loop, CV rep number: 8
best_alpha
0.064
best_lambda
0.0363713064476022
CV inner loop, CV rep number: 9
best_alpha
0
best_lambda
0.0444120465195353
CV inner loop, CV rep number: 6
best_alpha
0.027
best_lambda
0.0515832806092773
CV inner loop, CV rep number: 5
best_alpha
0.064
best_lambda
0.0420951932172021
CV inner loop, CV rep number: 7
best_alpha
0.027
best_lambda
0.0543037910372627
CV inner loop, CV rep number: 4
best_alpha
0.216
best_lambda
0.0340900709260675
CV inner loop, CV rep number: 10
best_alpha
0.027
best_lambda
0.0481427210758246
CV inner loop, CV rep number: 2
best_alpha
0.027
best_lambda
0.045552560023396
CV inner loop, CV rep number: 3
best_alpha
0.027
best_lambda
0.03614814294481
CV inner loop, CV rep number: 1
best_alpha
0.064
best_lambda
0.0376049006035317
CV inner loop, CV rep number: 9
best_alpha
0
best_lambda
0.0650260663065131
CV inner loop, CV rep number: 8
best_alpha
0
best_lambda
0.0569341820194741
CV inner loop, CV rep number: 6
best_alpha
0.027
best_lambda
0.0444719588530379
CV inner loop, CV rep number: 5
best_alpha
0.027
best_lambda
0.0540423396040278
CV inner loop, CV rep number: 7
best_alpha
0.064
best_lambda
0.0440029478735905
CV inner loop, CV rep number: 4
best_alpha
0.008
best_lambda
0.0521412447062912
CV inner loop, CV rep number: 9
best_alpha
0.008
best_lambda
0.0477428510414886
CV inner loop, CV rep number: 1
best_alpha
0.001
best_lambda
0.0477921555244774
CV inner loop, CV rep number: 2
best_alpha
0.027
best_lambda
0.0540632545238484
CV inner loop, CV rep number: 10
best_alpha
0
best_lambda
0.0463458661947407
CV inner loop, CV rep number: 8
best_alpha
0.064
best_lambda
0.0335694003041963
CV inner loop, CV rep number: 3
best_alpha
0.001
best_lambda
0.0474293850932608
CV inner loop, CV rep number: 5
best_alpha
0
best_lambda
0.0423173005289154
CV inner loop, CV rep number: 6
best_alpha
0.027
best_lambda
0.0488084703317381
CV inner loop, CV rep number: 4
best_alpha
0
best_lambda
0.0337415246271681
CV inner loop, CV rep number: 7
best_alpha
0
best_lambda
0.0616481839371459
CV inner loop, CV rep number: 10
best_alpha
0.008
best_lambda
0.0402447392846497
CV inner loop, CV rep number: 6
best_alpha
0.125
best_lambda
0.037393262254096
best_alpha
0
best_lambda
0.0521765774574905
CV inner loop, CV rep number: 8
best_alpha
0.027
best_lambda
0.0362924337758394
CV inner loop, CV rep number: 2
best_alpha
0.008
best_lambda
0.0434692083372396
best_alpha
0
best_lambda
0.0499391421515321
CV inner loop, CV rep number: 1
CV inner loop, CV rep number: 9
best_alpha
0.008
best_lambda
0.0476273199906158
CV inner loop, CV rep number: 5
best_alpha
0.064
best_lambda
0.0370148777246391
CV inner loop, CV rep number: 4
best_alpha
0.064
best_lambda
0.0384625841072647
CV inner loop, CV rep number: 7
best_alpha
0
best_lambda
0.0454580952658419
CV inner loop, CV rep number: 10
best_alpha
0
best_lambda
0.0472829605831925
CV inner loop, CV rep number: 6
best_alpha
0.064
best_lambda
0.0344545114183406
CV inner loop, CV rep number: 9
best_alpha
0.125
best_lambda
0.03626190326133
best_alpha
0.125
best_lambda
0.0330481368809196
CV inner loop, CV rep number: 8
CV inner loop, CV rep number: 2
best_alpha
0.001
best_lambda
0.0376725112169887
CV inner loop, CV rep number: 5
best_alpha
0.125
best_lambda
0.0325848094473926
best_alpha
0.008
best_lambda
0.063796247689884
CV inner loop, CV rep number: 4
best_alpha
0.001
best_lambda
0.0485224648132633
CV inner loop, CV rep number: 7
best_alpha
0.008
best_lambda
0.0500712162692326
CV inner loop, CV rep number: 10
best_alpha
0.008
best_lambda
0.0453607295708907
CV inner loop, CV rep number: 8
best_alpha
0.001
best_lambda
0.0565403673580821
CV inner loop, CV rep number: 9
best_alpha
0.008
best_lambda
0.0462212371491684
CV inner loop, CV rep number: 6
best_alpha
0.125
best_lambda
0.0219508129471835
CV inner loop, CV rep number: 5
best_alpha
0
best_lambda
0.0492561513331696
CV inner loop, CV rep number: 2
best_alpha
0.125
best_lambda
0.0296261175668963
best_alpha
0.008
best_lambda
0.055831532589592
CV inner loop, CV rep number: 7
best_alpha
0.008
best_lambda
0.046545408634319
CV inner loop, CV rep number: 8
best_alpha
0.027
best_lambda
0.0415641773178949
CV inner loop, CV rep number: 10
best_alpha
0
best_lambda
0.0532026604505702
CV inner loop, CV rep number: 9
best_alpha
0.008
best_lambda
0.0492602367870386
CV inner loop, CV rep number: 5
best_alpha
0.001
best_lambda
0.0502997027932583
CV inner loop, CV rep number: 6
best_alpha
0.001
best_lambda
0.0572642108343907
CV inner loop, CV rep number: 2
best_alpha
0
best_lambda
0.045816201639755
CV inner loop, CV rep number: 7
best_alpha
0.027
best_lambda
0.0405024764967504
CV inner loop, CV rep number: 10
best_alpha
0.008
best_lambda
0.0515235332863663
CV inner loop, CV rep number: 9
best_alpha
0
best_lambda
0.0527577851911159
CV inner loop, CV rep number: 6
best_alpha
0.027
best_lambda
0.0475539059867692
CV inner loop, CV rep number: 8
best_alpha
0
best_lambda
0.0516855944503498
CV inner loop, CV rep number: 5
best_alpha
0.001
best_lambda
0.0611718966902521
CV inner loop, CV rep number: 2
best_alpha
0.027
best_lambda
0.0375582533777455
CV inner loop, CV rep number: 7
best_alpha
0.001
best_lambda
0.0547717600808192
CV inner loop, CV rep number: 9
best_alpha
0.008
best_lambda
0.0488728594245375
CV inner loop, CV rep number: 10
best_alpha
0.001
best_lambda
0.0531688383291832
CV inner loop, CV rep number: 6
best_alpha
0
best_lambda
0.0520107765221174
CV inner loop, CV rep number: 5
best_alpha
0.008
best_lambda
0.0500359017955586
CV inner loop, CV rep number: 8
best_alpha
0.125
best_lambda
0.0314356400151431
CV inner loop, CV rep number: 2
best_alpha
0.008
best_lambda
0.0473885642887362
best_alpha
0
best_lambda
0.0607858766667156
best_alpha
0.027
best_lambda
0.0454962738064019
best_alpha
0.216
best_lambda
0.0225897855155988
best_alpha
0.729
best_lambda
0.0118811504941195
best_alpha
0.008
best_lambda
0.0501197411165091
best_alpha
0.001
best_lambda
0.0542322485539769
Error in { : 
  task 1 failed - "length of 'dimnames' [2] not equal to array extent"
Calls: nested_CV_lasso -> %dorng% -> do.call -> %dopar% -> <Anonymous>
Execution halted
Error in unserialize(node$con) : error reading from connection
Calls: <Anonymous> ... doTryCatch -> recvData -> recvData.SOCKnode -> unserialize
In addition: There were 50 or more warnings (use warnings() to see the first 50)
Execution halted
[Tue Nov 23 08:24:46 2021]
Error in rule PCA_Lasso_classification_cancer_type_multinomial:
    jobid: 0
    output: Classification_output/Cancer_type_classification/PCA_Lasso_multinomial.rds, Classification_output/ROC_plots/Cancer_type/PCA_ROC_lasso_multinomial.png

Traceback (most recent call last):
  File "/home/coroperv/miniconda3/envs/ctDNA/lib/python3.9/site-packages/snakemake/executors/__init__.py", line 593, in _callback
    raise ex
  File "/home/coroperv/miniconda3/envs/ctDNA/lib/python3.9/concurrent/futures/thread.py", line 52, in run
    result = self.fn(*self.args, **self.kwargs)
  File "/home/coroperv/miniconda3/envs/ctDNA/lib/python3.9/site-packages/snakemake/executors/__init__.py", line 579, in cached_or_run
    run_func(*args)
  File "/home/coroperv/miniconda3/envs/ctDNA/lib/python3.9/site-packages/snakemake/executors/__init__.py", line 2460, in run_wrapper
    raise ex
  File "/home/coroperv/miniconda3/envs/ctDNA/lib/python3.9/site-packages/snakemake/executors/__init__.py", line 2417, in run_wrapper
    run(
  File "/faststorage/project/DELFI1/Workspaces/CarmenAndAnika/snakefile_predict_and_classify_norm_trimmed", line 929, in __rule_PCA_Lasso_classification_cancer_type_multinomial
  File "/home/coroperv/miniconda3/envs/ctDNA/lib/python3.9/site-packages/snakemake/script.py", line 1369, in script
    executor.evaluate()
  File "/home/coroperv/miniconda3/envs/ctDNA/lib/python3.9/site-packages/snakemake/script.py", line 381, in evaluate
    self.execute_script(fd.name, edit=edit)
  File "/home/coroperv/miniconda3/envs/ctDNA/lib/python3.9/site-packages/snakemake/script.py", line 716, in execute_script
    self._execute_cmd("Rscript --vanilla {fname:q}", fname=fname)
  File "/home/coroperv/miniconda3/envs/ctDNA/lib/python3.9/site-packages/snakemake/script.py", line 414, in _execute_cmd
    return shell(
  File "/home/coroperv/miniconda3/envs/ctDNA/lib/python3.9/site-packages/snakemake/shell.py", line 265, in __new__
    raise sp.CalledProcessError(retcode, cmd)
subprocess.CalledProcessError: Command 'set -euo pipefail;  Rscript --vanilla /faststorage/project/DELFI1/Workspaces/CarmenAndAnika/.snakemake/scripts/tmp3zwn_j4t.Lasso_multinomial.R' returned non-zero exit status 1.
Shutting down, this might take some time.
Exiting because a job execution failed. Look above for error message
Error in unserialize(node$con) : error reading from connection
Calls: <Anonymous> ... doTryCatch -> recvData -> recvData.SOCKnode -> unserialize
In addition: There were 50 or more warnings (use warnings() to see the first 50)
Execution halted
