Building DAG of jobs...
Using shell: /usr/bin/bash
Provided cores: 1 (use --cores to define parallelism)
Rules claiming more threads will be scaled down.
Select jobs to execute...

[Thu Oct  7 21:41:14 2021]
rule model_lasso_standardizing:
    input: data/sum_control_normalized_gaussian_smooth_ATAC_bin_rm.csv, data/all_samples_normalized_gaussian_smooth.csv
    output: data/ATAC_predictions_on_all_samples_NEW/ATAC_pred_lasso_std_TRUE_gaussian.csv, Trained_models/On_summed_controls/Lasso_models/lasso_std_TRUE_gaussian.rds
    log: logs/processed_notebooks/processed_Smooth_gaussian_10_Lasso_reg_TRUE.r.ipynb
    jobid: 0
    wildcards: std=TRUE
    resources: mem_mb=50000, disk_mb=72059, tmpdir=/scratch/55672203, time=06:00:00

jupyter-nbconvert --log-level ERROR --execute --output /faststorage/project/DELFI1/Workspaces/CarmenAndAnika/logs/processed_notebooks/processed_Smooth_gaussian_10_Lasso_reg_TRUE.r.ipynb --to notebook --ExecutePreprocessor.timeout=-1 /faststorage/project/DELFI1/Workspaces/CarmenAndAnika/.snakemake/scripts/tmptsiyaxwz.Smooth_gaussian_10_Lasso_reg_TRUE.r.ipynb
Activating conda environment: /faststorage/project/DELFI1/Workspaces/CarmenAndAnika/.snakemake/conda/1cc9c1aecfca2e5f4a23e8b12a534187
trying URL 'https://cran.r-project.org/src/contrib/scales_1.1.1.tar.gz'
Content type 'application/x-gzip' length 515201 bytes (503 KB)
==================================================
downloaded 503 KB

* installing *source* package ‘scales’ ...
** package ‘scales’ successfully unpacked and MD5 sums checked
** using staged installation
** R
** byte-compile and prepare package for lazy loading
** help
*** installing help indices
*** copying figures
** building package indices
** testing if installed package can be loaded from temporary location
** testing if installed package can be loaded from final location
** testing if installed package keeps a record of temporary installation path
* DONE (scales)

The downloaded source packages are in
	‘/scratch/55672203/RtmpCmEErX/downloaded_packages’
trying URL 'https://cran.r-project.org/src/contrib/tidyr_1.1.4.tar.gz'
Content type 'application/x-gzip' length 709082 bytes (692 KB)
==================================================
downloaded 692 KB

* installing *source* package ‘tidyr’ ...
** package ‘tidyr’ successfully unpacked and MD5 sums checked
** using staged installation
** libs
x86_64-conda_cos6-linux-gnu-c++ -std=gnu++11 -I"/faststorage/project/DELFI1/Workspaces/CarmenAndAnika/.snakemake/conda/1cc9c1aecfca2e5f4a23e8b12a534187/lib/R/include" -DNDEBUG  -I"/faststorage/project/DELFI1/Workspaces/CarmenAndAnika/.snakemake/conda/1cc9c1aecfca2e5f4a23e8b12a534187/lib/R/library/cpp11/include" -DNDEBUG -D_FORTIFY_SOURCE=2 -O2 -isystem /faststorage/project/DELFI1/Workspaces/CarmenAndAnika/.snakemake/conda/1cc9c1aecfca2e5f4a23e8b12a534187/include -I/faststorage/project/DELFI1/Workspaces/CarmenAndAnika/.snakemake/conda/1cc9c1aecfca2e5f4a23e8b12a534187/include -Wl,-rpath-link,/faststorage/project/DELFI1/Workspaces/CarmenAndAnika/.snakemake/conda/1cc9c1aecfca2e5f4a23e8b12a534187/lib  -fpic  -fvisibility-inlines-hidden  -fmessage-length=0 -march=nocona -mtune=haswell -ftree-vectorize -fPIC -fstack-protector-strong -fno-plt -O2 -ffunction-sections -pipe -isystem /faststorage/project/DELFI1/Workspaces/CarmenAndAnika/.snakemake/conda/1cc9c1aecfca2e5f4a23e8b12a534187/include -fdebug-prefix-map=/tmp/build/80754af9/r-base_1589917437985/work=/usr/local/src/conda/r-base-3.6.1 -fdebug-prefix-map=/faststorage/project/DELFI1/Workspaces/CarmenAndAnika/.snakemake/conda/1cc9c1aecfca2e5f4a23e8b12a534187=/usr/local/src/conda-prefix  -c cpp11.cpp -o cpp11.o
x86_64-conda_cos6-linux-gnu-c++ -std=gnu++11 -I"/faststorage/project/DELFI1/Workspaces/CarmenAndAnika/.snakemake/conda/1cc9c1aecfca2e5f4a23e8b12a534187/lib/R/include" -DNDEBUG  -I"/faststorage/project/DELFI1/Workspaces/CarmenAndAnika/.snakemake/conda/1cc9c1aecfca2e5f4a23e8b12a534187/lib/R/library/cpp11/include" -DNDEBUG -D_FORTIFY_SOURCE=2 -O2 -isystem /faststorage/project/DELFI1/Workspaces/CarmenAndAnika/.snakemake/conda/1cc9c1aecfca2e5f4a23e8b12a534187/include -I/faststorage/project/DELFI1/Workspaces/CarmenAndAnika/.snakemake/conda/1cc9c1aecfca2e5f4a23e8b12a534187/include -Wl,-rpath-link,/faststorage/project/DELFI1/Workspaces/CarmenAndAnika/.snakemake/conda/1cc9c1aecfca2e5f4a23e8b12a534187/lib  -fpic  -fvisibility-inlines-hidden  -fmessage-length=0 -march=nocona -mtune=haswell -ftree-vectorize -fPIC -fstack-protector-strong -fno-plt -O2 -ffunction-sections -pipe -isystem /faststorage/project/DELFI1/Workspaces/CarmenAndAnika/.snakemake/conda/1cc9c1aecfca2e5f4a23e8b12a534187/include -fdebug-prefix-map=/tmp/build/80754af9/r-base_1589917437985/work=/usr/local/src/conda/r-base-3.6.1 -fdebug-prefix-map=/faststorage/project/DELFI1/Workspaces/CarmenAndAnika/.snakemake/conda/1cc9c1aecfca2e5f4a23e8b12a534187=/usr/local/src/conda-prefix  -c fill.cpp -o fill.o
x86_64-conda_cos6-linux-gnu-c++ -std=gnu++11 -I"/faststorage/project/DELFI1/Workspaces/CarmenAndAnika/.snakemake/conda/1cc9c1aecfca2e5f4a23e8b12a534187/lib/R/include" -DNDEBUG  -I"/faststorage/project/DELFI1/Workspaces/CarmenAndAnika/.snakemake/conda/1cc9c1aecfca2e5f4a23e8b12a534187/lib/R/library/cpp11/include" -DNDEBUG -D_FORTIFY_SOURCE=2 -O2 -isystem /faststorage/project/DELFI1/Workspaces/CarmenAndAnika/.snakemake/conda/1cc9c1aecfca2e5f4a23e8b12a534187/include -I/faststorage/project/DELFI1/Workspaces/CarmenAndAnika/.snakemake/conda/1cc9c1aecfca2e5f4a23e8b12a534187/include -Wl,-rpath-link,/faststorage/project/DELFI1/Workspaces/CarmenAndAnika/.snakemake/conda/1cc9c1aecfca2e5f4a23e8b12a534187/lib  -fpic  -fvisibility-inlines-hidden  -fmessage-length=0 -march=nocona -mtune=haswell -ftree-vectorize -fPIC -fstack-protector-strong -fno-plt -O2 -ffunction-sections -pipe -isystem /faststorage/project/DELFI1/Workspaces/CarmenAndAnika/.snakemake/conda/1cc9c1aecfca2e5f4a23e8b12a534187/include -fdebug-prefix-map=/tmp/build/80754af9/r-base_1589917437985/work=/usr/local/src/conda/r-base-3.6.1 -fdebug-prefix-map=/faststorage/project/DELFI1/Workspaces/CarmenAndAnika/.snakemake/conda/1cc9c1aecfca2e5f4a23e8b12a534187=/usr/local/src/conda-prefix  -c melt.cpp -o melt.o
