Building DAG of jobs...
Using shell: /usr/bin/bash
Provided cores: 5
Rules claiming more threads will be scaled down.
Select jobs to execute...

[Sun Nov 21 02:04:32 2021]
rule SVM_Radial_classification_cancer_type:
    input: data/ATAC_predictions_train_20_predict_80/ATAC_pred_lasso_normalized_trimmed_formatted_standardized.rds, data/sample_types.txt
    output: Classification_output/Cancer_type_classification/SVM_radial_binomial.rds, Classification_output/ROC_plots/Cancer_type/ROC_SVM_radial_binomial.png
    jobid: 0
    threads: 5
    resources: mem_mb=300000, disk_mb=1000, tmpdir=/scratch/57135153, time=11:30:00

Rscript --vanilla /faststorage/project/DELFI1/Workspaces/CarmenAndAnika/.snakemake/scripts/tmp3zy541dj.SVM_radial.R
Registered S3 methods overwritten by 'ggplot2':
  method         from 
  [.quosures     rlang
  c.quosures     rlang
  print.quosures rlang
Registered S3 method overwritten by 'rvest':
  method            from
  read_xml.response xml2
── Attaching packages ─────────────────────────────────────── tidyverse 1.2.1 ──
✔ ggplot2 3.1.1     ✔ purrr   0.3.4
✔ tibble  3.1.4     ✔ dplyr   1.0.7
✔ tidyr   1.1.3     ✔ stringr 1.4.0
✔ readr   1.3.1     ✔ forcats 0.4.0
── Conflicts ────────────────────────────────────────── tidyverse_conflicts() ──
✖ dplyr::filter() masks stats::filter()
✖ dplyr::lag()    masks stats::lag()
Loaded gbm 2.1.8
Warning message:
package ‘gbm’ was built under R version 3.6.3 
Loading required package: lattice

Attaching package: ‘caret’

The following object is masked from ‘package:purrr’:

    lift

Type 'citation("pROC")' for a citation.

Attaching package: ‘pROC’

The following objects are masked from ‘package:stats’:

    cov, smooth, var

Error in contrib.url(repos, type) : 
  trying to use CRAN without setting a mirror
Calls: install.packages -> startsWith -> contrib.url
Execution halted
[Sun Nov 21 02:04:35 2021]
Error in rule SVM_Radial_classification_cancer_type:
    jobid: 0
    output: Classification_output/Cancer_type_classification/SVM_radial_binomial.rds, Classification_output/ROC_plots/Cancer_type/ROC_SVM_radial_binomial.png

Traceback (most recent call last):
  File "/home/coroperv/miniconda3/envs/ctDNA/lib/python3.9/site-packages/snakemake/executors/__init__.py", line 593, in _callback
    raise ex
  File "/home/coroperv/miniconda3/envs/ctDNA/lib/python3.9/concurrent/futures/thread.py", line 52, in run
    result = self.fn(*self.args, **self.kwargs)
  File "/home/coroperv/miniconda3/envs/ctDNA/lib/python3.9/site-packages/snakemake/executors/__init__.py", line 579, in cached_or_run
    run_func(*args)
  File "/home/coroperv/miniconda3/envs/ctDNA/lib/python3.9/site-packages/snakemake/executors/__init__.py", line 2460, in run_wrapper
    raise ex
  File "/home/coroperv/miniconda3/envs/ctDNA/lib/python3.9/site-packages/snakemake/executors/__init__.py", line 2417, in run_wrapper
    run(
  File "/faststorage/project/DELFI1/Workspaces/CarmenAndAnika/snakefile_predict_and_classify_norm_trimmed", line 844, in __rule_SVM_Radial_classification_cancer_type
  File "/home/coroperv/miniconda3/envs/ctDNA/lib/python3.9/site-packages/snakemake/script.py", line 1369, in script
    executor.evaluate()
  File "/home/coroperv/miniconda3/envs/ctDNA/lib/python3.9/site-packages/snakemake/script.py", line 381, in evaluate
    self.execute_script(fd.name, edit=edit)
  File "/home/coroperv/miniconda3/envs/ctDNA/lib/python3.9/site-packages/snakemake/script.py", line 716, in execute_script
    self._execute_cmd("Rscript --vanilla {fname:q}", fname=fname)
  File "/home/coroperv/miniconda3/envs/ctDNA/lib/python3.9/site-packages/snakemake/script.py", line 414, in _execute_cmd
    return shell(
  File "/home/coroperv/miniconda3/envs/ctDNA/lib/python3.9/site-packages/snakemake/shell.py", line 265, in __new__
    raise sp.CalledProcessError(retcode, cmd)
subprocess.CalledProcessError: Command 'set -euo pipefail;  Rscript --vanilla /faststorage/project/DELFI1/Workspaces/CarmenAndAnika/.snakemake/scripts/tmp3zy541dj.SVM_radial.R' returned non-zero exit status 1.
Shutting down, this might take some time.
Exiting because a job execution failed. Look above for error message
