Building DAG of jobs...
Using shell: /usr/bin/bash
Provided cores: 2
Rules claiming more threads will be scaled down.
Select jobs to execute...

[Tue Oct 12 10:58:07 2021]
rule all_samples_model_lasso_trimming:
    input: data/ATACseq_250kb_bins.txt, data/all_samples_normalized_gaussian_smooth_trimmed_CONTROLS.csv, data/all_samples_normalized_gaussian_smooth_trimmed_CASES.csv
    output: data/all_samples_train_ATAC_predictions_on_all_samples/all_samples_ATAC_pred_lasso_std_TRUE_gaussian_trimmed.csv, Trained_models/On_all_individuals/Lasso_models/lasso_std_TRUE_gaussian_trimmed.rds
    log: logs/processed_notebooks/processed_all_samples_Smooth_gaussian_10_Lasso_reg_TRUE_Discard.r.ipynb
    jobid: 0
    threads: 2
    resources: mem_mb=150000, disk_mb=56743, tmpdir=/scratch/55839911, time=12:00:00

jupyter-nbconvert --log-level ERROR --execute --output /faststorage/project/DELFI1/Workspaces/CarmenAndAnika/logs/processed_notebooks/processed_all_samples_Smooth_gaussian_10_Lasso_reg_TRUE_Discard.r.ipynb --to notebook --ExecutePreprocessor.timeout=-1 /faststorage/project/DELFI1/Workspaces/CarmenAndAnika/.snakemake/scripts/tmpvt2hi8s1.all_samples_Smooth_gaussian_10_Lasso_reg_TRUE_Discard.r.ipynb
Activating conda environment: /faststorage/project/DELFI1/Workspaces/CarmenAndAnika/.snakemake/conda/1cc9c1aecfca2e5f4a23e8b12a534187
trying URL 'https://cran.r-project.org/src/contrib/tidyr_1.1.4.tar.gz'
Content type 'application/x-gzip' length 709082 bytes (692 KB)
==================================================
downloaded 692 KB

* installing *source* package ‘tidyr’ ...
** package ‘tidyr’ successfully unpacked and MD5 sums checked
** using staged installation
** libs
x86_64-conda_cos6-linux-gnu-c++ -std=gnu++11 -I"/faststorage/project/DELFI1/Workspaces/CarmenAndAnika/.snakemake/conda/1cc9c1aecfca2e5f4a23e8b12a534187/lib/R/include" -DNDEBUG  -I"/faststorage/project/DELFI1/Workspaces/CarmenAndAnika/.snakemake/conda/1cc9c1aecfca2e5f4a23e8b12a534187/lib/R/library/cpp11/include" -DNDEBUG -D_FORTIFY_SOURCE=2 -O2 -isystem /faststorage/project/DELFI1/Workspaces/CarmenAndAnika/.snakemake/conda/1cc9c1aecfca2e5f4a23e8b12a534187/include -I/faststorage/project/DELFI1/Workspaces/CarmenAndAnika/.snakemake/conda/1cc9c1aecfca2e5f4a23e8b12a534187/include -Wl,-rpath-link,/faststorage/project/DELFI1/Workspaces/CarmenAndAnika/.snakemake/conda/1cc9c1aecfca2e5f4a23e8b12a534187/lib  -fpic  -fvisibility-inlines-hidden  -fmessage-length=0 -march=nocona -mtune=haswell -ftree-vectorize -fPIC -fstack-protector-strong -fno-plt -O2 -ffunction-sections -pipe -isystem /faststorage/project/DELFI1/Workspaces/CarmenAndAnika/.snakemake/conda/1cc9c1aecfca2e5f4a23e8b12a534187/include -fdebug-prefix-map=/tmp/build/80754af9/r-base_1589917437985/work=/usr/local/src/conda/r-base-3.6.1 -fdebug-prefix-map=/faststorage/project/DELFI1/Workspaces/CarmenAndAnika/.snakemake/conda/1cc9c1aecfca2e5f4a23e8b12a534187=/usr/local/src/conda-prefix  -c cpp11.cpp -o cpp11.o
x86_64-conda_cos6-linux-gnu-c++ -std=gnu++11 -I"/faststorage/project/DELFI1/Workspaces/CarmenAndAnika/.snakemake/conda/1cc9c1aecfca2e5f4a23e8b12a534187/lib/R/include" -DNDEBUG  -I"/faststorage/project/DELFI1/Workspaces/CarmenAndAnika/.snakemake/conda/1cc9c1aecfca2e5f4a23e8b12a534187/lib/R/library/cpp11/include" -DNDEBUG -D_FORTIFY_SOURCE=2 -O2 -isystem /faststorage/project/DELFI1/Workspaces/CarmenAndAnika/.snakemake/conda/1cc9c1aecfca2e5f4a23e8b12a534187/include -I/faststorage/project/DELFI1/Workspaces/CarmenAndAnika/.snakemake/conda/1cc9c1aecfca2e5f4a23e8b12a534187/include -Wl,-rpath-link,/faststorage/project/DELFI1/Workspaces/CarmenAndAnika/.snakemake/conda/1cc9c1aecfca2e5f4a23e8b12a534187/lib  -fpic  -fvisibility-inlines-hidden  -fmessage-length=0 -march=nocona -mtune=haswell -ftree-vectorize -fPIC -fstack-protector-strong -fno-plt -O2 -ffunction-sections -pipe -isystem /faststorage/project/DELFI1/Workspaces/CarmenAndAnika/.snakemake/conda/1cc9c1aecfca2e5f4a23e8b12a534187/include -fdebug-prefix-map=/tmp/build/80754af9/r-base_1589917437985/work=/usr/local/src/conda/r-base-3.6.1 -fdebug-prefix-map=/faststorage/project/DELFI1/Workspaces/CarmenAndAnika/.snakemake/conda/1cc9c1aecfca2e5f4a23e8b12a534187=/usr/local/src/conda-prefix  -c fill.cpp -o fill.o
x86_64-conda_cos6-linux-gnu-c++ -std=gnu++11 -I"/faststorage/project/DELFI1/Workspaces/CarmenAndAnika/.snakemake/conda/1cc9c1aecfca2e5f4a23e8b12a534187/lib/R/include" -DNDEBUG  -I"/faststorage/project/DELFI1/Workspaces/CarmenAndAnika/.snakemake/conda/1cc9c1aecfca2e5f4a23e8b12a534187/lib/R/library/cpp11/include" -DNDEBUG -D_FORTIFY_SOURCE=2 -O2 -isystem /faststorage/project/DELFI1/Workspaces/CarmenAndAnika/.snakemake/conda/1cc9c1aecfca2e5f4a23e8b12a534187/include -I/faststorage/project/DELFI1/Workspaces/CarmenAndAnika/.snakemake/conda/1cc9c1aecfca2e5f4a23e8b12a534187/include -Wl,-rpath-link,/faststorage/project/DELFI1/Workspaces/CarmenAndAnika/.snakemake/conda/1cc9c1aecfca2e5f4a23e8b12a534187/lib  -fpic  -fvisibility-inlines-hidden  -fmessage-length=0 -march=nocona -mtune=haswell -ftree-vectorize -fPIC -fstack-protector-strong -fno-plt -O2 -ffunction-sections -pipe -isystem /faststorage/project/DELFI1/Workspaces/CarmenAndAnika/.snakemake/conda/1cc9c1aecfca2e5f4a23e8b12a534187/include -fdebug-prefix-map=/tmp/build/80754af9/r-base_1589917437985/work=/usr/local/src/conda/r-base-3.6.1 -fdebug-prefix-map=/faststorage/project/DELFI1/Workspaces/CarmenAndAnika/.snakemake/conda/1cc9c1aecfca2e5f4a23e8b12a534187=/usr/local/src/conda-prefix  -c melt.cpp -o melt.o
x86_64-conda_cos6-linux-gnu-c++ -std=gnu++11 -I"/faststorage/project/DELFI1/Workspaces/CarmenAndAnika/.snakemake/conda/1cc9c1aecfca2e5f4a23e8b12a534187/lib/R/include" -DNDEBUG  -I"/faststorage/project/DELFI1/Workspaces/CarmenAndAnika/.snakemake/conda/1cc9c1aecfca2e5f4a23e8b12a534187/lib/R/library/cpp11/include" -DNDEBUG -D_FORTIFY_SOURCE=2 -O2 -isystem /faststorage/project/DELFI1/Workspaces/CarmenAndAnika/.snakemake/conda/1cc9c1aecfca2e5f4a23e8b12a534187/include -I/faststorage/project/DELFI1/Workspaces/CarmenAndAnika/.snakemake/conda/1cc9c1aecfca2e5f4a23e8b12a534187/include -Wl,-rpath-link,/faststorage/project/DELFI1/Workspaces/CarmenAndAnika/.snakemake/conda/1cc9c1aecfca2e5f4a23e8b12a534187/lib  -fpic  -fvisibility-inlines-hidden  -fmessage-length=0 -march=nocona -mtune=haswell -ftree-vectorize -fPIC -fstack-protector-strong -fno-plt -O2 -ffunction-sections -pipe -isystem /faststorage/project/DELFI1/Workspaces/CarmenAndAnika/.snakemake/conda/1cc9c1aecfca2e5f4a23e8b12a534187/include -fdebug-prefix-map=/tmp/build/80754af9/r-base_1589917437985/work=/usr/local/src/conda/r-base-3.6.1 -fdebug-prefix-map=/faststorage/project/DELFI1/Workspaces/CarmenAndAnika/.snakemake/conda/1cc9c1aecfca2e5f4a23e8b12a534187=/usr/local/src/conda-prefix  -c simplifyPieces.cpp -o simplifyPieces.o
x86_64-conda_cos6-linux-gnu-c++ -std=gnu++11 -shared -L/faststorage/project/DELFI1/Workspaces/CarmenAndAnika/.snakemake/conda/1cc9c1aecfca2e5f4a23e8b12a534187/lib/R/lib -Wl,-O2 -Wl,--sort-common -Wl,--as-needed -Wl,-z,relro -Wl,-z,now -Wl,--disable-new-dtags -Wl,--gc-sections -Wl,-rpath,/faststorage/project/DELFI1/Workspaces/CarmenAndAnika/.snakemake/conda/1cc9c1aecfca2e5f4a23e8b12a534187/lib -Wl,-rpath-link,/faststorage/project/DELFI1/Workspaces/CarmenAndAnika/.snakemake/conda/1cc9c1aecfca2e5f4a23e8b12a534187/lib -L/faststorage/project/DELFI1/Workspaces/CarmenAndAnika/.snakemake/conda/1cc9c1aecfca2e5f4a23e8b12a534187/lib -L/faststorage/project/DELFI1/Workspaces/CarmenAndAnika/.snakemake/conda/1cc9c1aecfca2e5f4a23e8b12a534187/lib -Wl,-rpath-link,/faststorage/project/DELFI1/Workspaces/CarmenAndAnika/.snakemake/conda/1cc9c1aecfca2e5f4a23e8b12a534187/lib -o tidyr.so cpp11.o fill.o melt.o simplifyPieces.o -L/faststorage/project/DELFI1/Workspaces/CarmenAndAnika/.snakemake/conda/1cc9c1aecfca2e5f4a23e8b12a534187/lib/R/lib -lR
installing to /faststorage/project/DELFI1/Workspaces/CarmenAndAnika/.snakemake/conda/1cc9c1aecfca2e5f4a23e8b12a534187/lib/R/library/00LOCK-tidyr/00new/tidyr/libs
** R
** data
*** moving datasets to lazyload DB
** inst
** byte-compile and prepare package for lazy loading
** help
*** installing help indices
*** copying figures
** building package indices
** installing vignettes
** testing if installed package can be loaded from temporary location
** checking absolute paths in shared objects and dynamic libraries
** testing if installed package can be loaded from final location
** testing if installed package keeps a record of temporary installation path
* DONE (tidyr)

The downloaded source packages are in
	‘/scratch/55839911/RtmpICerJK/downloaded_packages’
[Tue Oct 12 13:47:14 2021]
Finished job 0.
1 of 1 steps (100%) done
