Building DAG of jobs...
Using shell: /usr/bin/bash
Provided cores: 5
Rules claiming more threads will be scaled down.
Select jobs to execute...

[Sat Nov 20 22:18:21 2021]
rule SVM_Linear:
    input: data/ATAC_predictions_train_20_predict_80/ATAC_pred_lasso_normalized_trimmed_formatted_standardized.rds, data/sample_types.txt
    output: Classification_output/SVM_linear_normalized_trimmed.rds, Classification_output/ROC_plots/ROC_SVM_linear.png
    jobid: 0
    threads: 5
    resources: mem_mb=300000, disk_mb=1000, tmpdir=/scratch/57134859, time=11:30:00

Rscript --vanilla /faststorage/project/DELFI1/Workspaces/CarmenAndAnika/.snakemake/scripts/tmpg3knn9ni.SVM_linear.R
Registered S3 methods overwritten by 'ggplot2':
  method         from 
  [.quosures     rlang
  c.quosures     rlang
  print.quosures rlang
Registered S3 method overwritten by 'rvest':
  method            from
  read_xml.response xml2
── Attaching packages ─────────────────────────────────────── tidyverse 1.2.1 ──
✔ ggplot2 3.1.1     ✔ purrr   0.3.4
✔ tibble  3.1.4     ✔ dplyr   1.0.7
✔ tidyr   1.1.3     ✔ stringr 1.4.0
✔ readr   1.3.1     ✔ forcats 0.4.0
── Conflicts ────────────────────────────────────────── tidyverse_conflicts() ──
✖ dplyr::filter() masks stats::filter()
✖ dplyr::lag()    masks stats::lag()
Loaded gbm 2.1.8
trying URL 'http://cran.us.r-project.org/src/contrib/caret_6.0-90.tar.gz'
Content type 'application/x-gzip' length 2335088 bytes (2.2 MB)
==================================================
downloaded 2.2 MB

* installing *source* package ‘caret’ ...
** package ‘caret’ successfully unpacked and MD5 sums checked
** using staged installation
** libs
x86_64-conda_cos6-linux-gnu-cc -I"/home/coroperv/miniconda3/envs/ctDNA/lib/R/include" -DNDEBUG   -DNDEBUG -D_FORTIFY_SOURCE=2 -O2 -isystem /home/coroperv/miniconda3/envs/ctDNA/include -I/home/coroperv/miniconda3/envs/ctDNA/include -Wl,-rpath-link,/home/coroperv/miniconda3/envs/ctDNA/lib  -fpic  -march=nocona -mtune=haswell -ftree-vectorize -fPIC -fstack-protector-strong -fno-plt -O2 -ffunction-sections -pipe -isystem /home/coroperv/miniconda3/envs/ctDNA/include -fdebug-prefix-map=/tmp/build/80754af9/r-base_1589917437985/work=/usr/local/src/conda/r-base-3.6.1 -fdebug-prefix-map=/home/coroperv/miniconda3/envs/ctDNA=/usr/local/src/conda-prefix  -c caret.c -o caret.o
x86_64-conda_cos6-linux-gnu-cc -shared -L/home/coroperv/miniconda3/envs/ctDNA/lib/R/lib -Wl,-O2 -Wl,--sort-common -Wl,--as-needed -Wl,-z,relro -Wl,-z,now -Wl,--disable-new-dtags -Wl,--gc-sections -Wl,-rpath,/home/coroperv/miniconda3/envs/ctDNA/lib -Wl,-rpath-link,/home/coroperv/miniconda3/envs/ctDNA/lib -L/home/coroperv/miniconda3/envs/ctDNA/lib -L/home/coroperv/miniconda3/envs/ctDNA/lib -Wl,-rpath-link,/home/coroperv/miniconda3/envs/ctDNA/lib -o caret.so caret.o -L/home/coroperv/miniconda3/envs/ctDNA/lib/R/lib -lR
installing to /home/coroperv/miniconda3/envs/ctDNA/lib/R/library/00LOCK-caret/00new/caret/libs
** R
** data
** inst
** byte-compile and prepare package for lazy loading
** help
*** installing help indices
** building package indices
** installing vignettes
** testing if installed package can be loaded from temporary location
** checking absolute paths in shared objects and dynamic libraries
** testing if installed package can be loaded from final location
** testing if installed package keeps a record of temporary installation path
* DONE (caret)

The downloaded source packages are in
	‘/scratch/57134859/RtmpVafiQu/downloaded_packages’
Updating HTML index of packages in '.Library'
Making 'packages.html' ... done
Loading required package: lattice

Attaching package: ‘caret’

The following object is masked from ‘package:purrr’:

    lift

Type 'citation("pROC")' for a citation.

Attaching package: ‘pROC’

The following objects are masked from ‘package:stats’:

    cov, smooth, var

trying URL 'http://cran.us.r-project.org/src/contrib/kernlab_0.9-29.tar.gz'
Content type 'application/x-gzip' length 1168376 bytes (1.1 MB)
==================================================
downloaded 1.1 MB

ERROR: failed to lock directory ‘/home/coroperv/miniconda3/envs/ctDNA/lib/R/library’ for modifying
Try removing ‘/home/coroperv/miniconda3/envs/ctDNA/lib/R/library/00LOCK-kernlab’

The downloaded source packages are in
	‘/scratch/57134859/RtmpVafiQu/downloaded_packages’
Updating HTML index of packages in '.Library'
Making 'packages.html' ... done
Warning message:
In install.packages("kernlab", repos = "http://cran.us.r-project.org") :
  installation of package ‘kernlab’ had non-zero exit status
Error in library(kernlab) : there is no package called ‘kernlab’
Execution halted
[Sat Nov 20 22:18:43 2021]
Error in rule SVM_Linear:
    jobid: 0
    output: Classification_output/SVM_linear_normalized_trimmed.rds, Classification_output/ROC_plots/ROC_SVM_linear.png

Traceback (most recent call last):
  File "/home/coroperv/miniconda3/envs/ctDNA/lib/python3.9/site-packages/snakemake/executors/__init__.py", line 593, in _callback
    raise ex
  File "/home/coroperv/miniconda3/envs/ctDNA/lib/python3.9/concurrent/futures/thread.py", line 52, in run
    result = self.fn(*self.args, **self.kwargs)
  File "/home/coroperv/miniconda3/envs/ctDNA/lib/python3.9/site-packages/snakemake/executors/__init__.py", line 579, in cached_or_run
    run_func(*args)
  File "/home/coroperv/miniconda3/envs/ctDNA/lib/python3.9/site-packages/snakemake/executors/__init__.py", line 2460, in run_wrapper
    raise ex
  File "/home/coroperv/miniconda3/envs/ctDNA/lib/python3.9/site-packages/snakemake/executors/__init__.py", line 2417, in run_wrapper
    run(
  File "/faststorage/project/DELFI1/Workspaces/CarmenAndAnika/snakefile_predict_and_classify_norm_trimmed", line 367, in __rule_SVM_Linear
  File "/home/coroperv/miniconda3/envs/ctDNA/lib/python3.9/site-packages/snakemake/script.py", line 1369, in script
    executor.evaluate()
  File "/home/coroperv/miniconda3/envs/ctDNA/lib/python3.9/site-packages/snakemake/script.py", line 381, in evaluate
    self.execute_script(fd.name, edit=edit)
  File "/home/coroperv/miniconda3/envs/ctDNA/lib/python3.9/site-packages/snakemake/script.py", line 716, in execute_script
    self._execute_cmd("Rscript --vanilla {fname:q}", fname=fname)
  File "/home/coroperv/miniconda3/envs/ctDNA/lib/python3.9/site-packages/snakemake/script.py", line 414, in _execute_cmd
    return shell(
  File "/home/coroperv/miniconda3/envs/ctDNA/lib/python3.9/site-packages/snakemake/shell.py", line 265, in __new__
    raise sp.CalledProcessError(retcode, cmd)
subprocess.CalledProcessError: Command 'set -euo pipefail;  Rscript --vanilla /faststorage/project/DELFI1/Workspaces/CarmenAndAnika/.snakemake/scripts/tmpg3knn9ni.SVM_linear.R' returned non-zero exit status 1.
Shutting down, this might take some time.
Exiting because a job execution failed. Look above for error message
