Building DAG of jobs...
Using shell: /usr/bin/bash
Provided cores: 5
Rules claiming more threads will be scaled down.
Select jobs to execute...

[Sun Nov 21 02:11:38 2021]
rule SVM_Linear:
    input: data/ATAC_predictions_train_20_predict_80/ATAC_pred_lasso_normalized_trimmed_formatted_standardized.rds, data/sample_types.txt
    output: Classification_output/SVM_linear_normalized_trimmed.rds, Classification_output/ROC_plots/ROC_SVM_linear.png
    jobid: 0
    threads: 5
    resources: mem_mb=300000, disk_mb=1000, tmpdir=/scratch/57135175, time=11:30:00

Rscript --vanilla /faststorage/project/DELFI1/Workspaces/CarmenAndAnika/.snakemake/scripts/tmpjbkwz6ph.SVM_linear.R
Registered S3 methods overwritten by 'ggplot2':
  method         from 
  [.quosures     rlang
  c.quosures     rlang
  print.quosures rlang
Registered S3 method overwritten by 'rvest':
  method            from
  read_xml.response xml2
── Attaching packages ─────────────────────────────────────── tidyverse 1.2.1 ──
✔ ggplot2 3.1.1     ✔ purrr   0.3.4
✔ tibble  3.1.4     ✔ dplyr   1.0.7
✔ tidyr   1.1.3     ✔ stringr 1.4.0
✔ readr   1.3.1     ✔ forcats 0.4.0
── Conflicts ────────────────────────────────────────── tidyverse_conflicts() ──
✖ dplyr::filter() masks stats::filter()
✖ dplyr::lag()    masks stats::lag()
Loaded gbm 2.1.8
Warning message:
package ‘gbm’ was built under R version 3.6.3 
Loading required package: lattice

Attaching package: ‘caret’

The following object is masked from ‘package:purrr’:

    lift

Type 'citation("pROC")' for a citation.

Attaching package: ‘pROC’

The following objects are masked from ‘package:stats’:

    cov, smooth, var

trying URL 'http://cran.us.r-project.org/src/contrib/kernlab_0.9-29.tar.gz'
Content type 'application/x-gzip' length 1168376 bytes (1.1 MB)
==================================================
downloaded 1.1 MB

* installing *source* package ‘kernlab’ ...
** package ‘kernlab’ successfully unpacked and MD5 sums checked
** using staged installation
** libs
x86_64-conda_cos6-linux-gnu-c++ -std=gnu++11 -I"/home/coroperv/miniconda3/envs/ctDNA/lib/R/include" -DNDEBUG   -DNDEBUG -D_FORTIFY_SOURCE=2 -O2 -isystem /home/coroperv/miniconda3/envs/ctDNA/include -I/home/coroperv/miniconda3/envs/ctDNA/include -Wl,-rpath-link,/home/coroperv/miniconda3/envs/ctDNA/lib  -fpic  -fvisibility-inlines-hidden  -fmessage-length=0 -march=nocona -mtune=haswell -ftree-vectorize -fPIC -fstack-protector-strong -fno-plt -O2 -ffunction-sections -pipe -isystem /home/coroperv/miniconda3/envs/ctDNA/include -fdebug-prefix-map=/tmp/build/80754af9/r-base_1589917437985/work=/usr/local/src/conda/r-base-3.6.1 -fdebug-prefix-map=/home/coroperv/miniconda3/envs/ctDNA=/usr/local/src/conda-prefix  -c brweight.cpp -o brweight.o
x86_64-conda_cos6-linux-gnu-c++ -std=gnu++11 -I"/home/coroperv/miniconda3/envs/ctDNA/lib/R/include" -DNDEBUG   -DNDEBUG -D_FORTIFY_SOURCE=2 -O2 -isystem /home/coroperv/miniconda3/envs/ctDNA/include -I/home/coroperv/miniconda3/envs/ctDNA/include -Wl,-rpath-link,/home/coroperv/miniconda3/envs/ctDNA/lib  -fpic  -fvisibility-inlines-hidden  -fmessage-length=0 -march=nocona -mtune=haswell -ftree-vectorize -fPIC -fstack-protector-strong -fno-plt -O2 -ffunction-sections -pipe -isystem /home/coroperv/miniconda3/envs/ctDNA/include -fdebug-prefix-map=/tmp/build/80754af9/r-base_1589917437985/work=/usr/local/src/conda/r-base-3.6.1 -fdebug-prefix-map=/home/coroperv/miniconda3/envs/ctDNA=/usr/local/src/conda-prefix  -c ctable.cpp -o ctable.o
x86_64-conda_cos6-linux-gnu-c++ -std=gnu++11 -I"/home/coroperv/miniconda3/envs/ctDNA/lib/R/include" -DNDEBUG   -DNDEBUG -D_FORTIFY_SOURCE=2 -O2 -isystem /home/coroperv/miniconda3/envs/ctDNA/include -I/home/coroperv/miniconda3/envs/ctDNA/include -Wl,-rpath-link,/home/coroperv/miniconda3/envs/ctDNA/lib  -fpic  -fvisibility-inlines-hidden  -fmessage-length=0 -march=nocona -mtune=haswell -ftree-vectorize -fPIC -fstack-protector-strong -fno-plt -O2 -ffunction-sections -pipe -isystem /home/coroperv/miniconda3/envs/ctDNA/include -fdebug-prefix-map=/tmp/build/80754af9/r-base_1589917437985/work=/usr/local/src/conda/r-base-3.6.1 -fdebug-prefix-map=/home/coroperv/miniconda3/envs/ctDNA=/usr/local/src/conda-prefix  -c cweight.cpp -o cweight.o
x86_64-conda_cos6-linux-gnu-cc -I"/home/coroperv/miniconda3/envs/ctDNA/lib/R/include" -DNDEBUG   -DNDEBUG -D_FORTIFY_SOURCE=2 -O2 -isystem /home/coroperv/miniconda3/envs/ctDNA/include -I/home/coroperv/miniconda3/envs/ctDNA/include -Wl,-rpath-link,/home/coroperv/miniconda3/envs/ctDNA/lib  -fpic  -march=nocona -mtune=haswell -ftree-vectorize -fPIC -fstack-protector-strong -fno-plt -O2 -ffunction-sections -pipe -isystem /home/coroperv/miniconda3/envs/ctDNA/include -fdebug-prefix-map=/tmp/build/80754af9/r-base_1589917437985/work=/usr/local/src/conda/r-base-3.6.1 -fdebug-prefix-map=/home/coroperv/miniconda3/envs/ctDNA=/usr/local/src/conda-prefix  -c dbreakpt.c -o dbreakpt.o
x86_64-conda_cos6-linux-gnu-cc -I"/home/coroperv/miniconda3/envs/ctDNA/lib/R/include" -DNDEBUG   -DNDEBUG -D_FORTIFY_SOURCE=2 -O2 -isystem /home/coroperv/miniconda3/envs/ctDNA/include -I/home/coroperv/miniconda3/envs/ctDNA/include -Wl,-rpath-link,/home/coroperv/miniconda3/envs/ctDNA/lib  -fpic  -march=nocona -mtune=haswell -ftree-vectorize -fPIC -fstack-protector-strong -fno-plt -O2 -ffunction-sections -pipe -isystem /home/coroperv/miniconda3/envs/ctDNA/include -fdebug-prefix-map=/tmp/build/80754af9/r-base_1589917437985/work=/usr/local/src/conda/r-base-3.6.1 -fdebug-prefix-map=/home/coroperv/miniconda3/envs/ctDNA=/usr/local/src/conda-prefix  -c dcauchy.c -o dcauchy.o
x86_64-conda_cos6-linux-gnu-cc -I"/home/coroperv/miniconda3/envs/ctDNA/lib/R/include" -DNDEBUG   -DNDEBUG -D_FORTIFY_SOURCE=2 -O2 -isystem /home/coroperv/miniconda3/envs/ctDNA/include -I/home/coroperv/miniconda3/envs/ctDNA/include -Wl,-rpath-link,/home/coroperv/miniconda3/envs/ctDNA/lib  -fpic  -march=nocona -mtune=haswell -ftree-vectorize -fPIC -fstack-protector-strong -fno-plt -O2 -ffunction-sections -pipe -isystem /home/coroperv/miniconda3/envs/ctDNA/include -fdebug-prefix-map=/tmp/build/80754af9/r-base_1589917437985/work=/usr/local/src/conda/r-base-3.6.1 -fdebug-prefix-map=/home/coroperv/miniconda3/envs/ctDNA=/usr/local/src/conda-prefix  -c dgpnrm.c -o dgpnrm.o
x86_64-conda_cos6-linux-gnu-cc -I"/home/coroperv/miniconda3/envs/ctDNA/lib/R/include" -DNDEBUG   -DNDEBUG -D_FORTIFY_SOURCE=2 -O2 -isystem /home/coroperv/miniconda3/envs/ctDNA/include -I/home/coroperv/miniconda3/envs/ctDNA/include -Wl,-rpath-link,/home/coroperv/miniconda3/envs/ctDNA/lib  -fpic  -march=nocona -mtune=haswell -ftree-vectorize -fPIC -fstack-protector-strong -fno-plt -O2 -ffunction-sections -pipe -isystem /home/coroperv/miniconda3/envs/ctDNA/include -fdebug-prefix-map=/tmp/build/80754af9/r-base_1589917437985/work=/usr/local/src/conda/r-base-3.6.1 -fdebug-prefix-map=/home/coroperv/miniconda3/envs/ctDNA=/usr/local/src/conda-prefix  -c dgpstep.c -o dgpstep.o
x86_64-conda_cos6-linux-gnu-cc -I"/home/coroperv/miniconda3/envs/ctDNA/lib/R/include" -DNDEBUG   -DNDEBUG -D_FORTIFY_SOURCE=2 -O2 -isystem /home/coroperv/miniconda3/envs/ctDNA/include -I/home/coroperv/miniconda3/envs/ctDNA/include -Wl,-rpath-link,/home/coroperv/miniconda3/envs/ctDNA/lib  -fpic  -march=nocona -mtune=haswell -ftree-vectorize -fPIC -fstack-protector-strong -fno-plt -O2 -ffunction-sections -pipe -isystem /home/coroperv/miniconda3/envs/ctDNA/include -fdebug-prefix-map=/tmp/build/80754af9/r-base_1589917437985/work=/usr/local/src/conda/r-base-3.6.1 -fdebug-prefix-map=/home/coroperv/miniconda3/envs/ctDNA=/usr/local/src/conda-prefix  -c dprecond.c -o dprecond.o
x86_64-conda_cos6-linux-gnu-cc -I"/home/coroperv/miniconda3/envs/ctDNA/lib/R/include" -DNDEBUG   -DNDEBUG -D_FORTIFY_SOURCE=2 -O2 -isystem /home/coroperv/miniconda3/envs/ctDNA/include -I/home/coroperv/miniconda3/envs/ctDNA/include -Wl,-rpath-link,/home/coroperv/miniconda3/envs/ctDNA/lib  -fpic  -march=nocona -mtune=haswell -ftree-vectorize -fPIC -fstack-protector-strong -fno-plt -O2 -ffunction-sections -pipe -isystem /home/coroperv/miniconda3/envs/ctDNA/include -fdebug-prefix-map=/tmp/build/80754af9/r-base_1589917437985/work=/usr/local/src/conda/r-base-3.6.1 -fdebug-prefix-map=/home/coroperv/miniconda3/envs/ctDNA=/usr/local/src/conda-prefix  -c dprsrch.c -o dprsrch.o
x86_64-conda_cos6-linux-gnu-cc -I"/home/coroperv/miniconda3/envs/ctDNA/lib/R/include" -DNDEBUG   -DNDEBUG -D_FORTIFY_SOURCE=2 -O2 -isystem /home/coroperv/miniconda3/envs/ctDNA/include -I/home/coroperv/miniconda3/envs/ctDNA/include -Wl,-rpath-link,/home/coroperv/miniconda3/envs/ctDNA/lib  -fpic  -march=nocona -mtune=haswell -ftree-vectorize -fPIC -fstack-protector-strong -fno-plt -O2 -ffunction-sections -pipe -isystem /home/coroperv/miniconda3/envs/ctDNA/include -fdebug-prefix-map=/tmp/build/80754af9/r-base_1589917437985/work=/usr/local/src/conda/r-base-3.6.1 -fdebug-prefix-map=/home/coroperv/miniconda3/envs/ctDNA=/usr/local/src/conda-prefix  -c dspcg.c -o dspcg.o
x86_64-conda_cos6-linux-gnu-cc -I"/home/coroperv/miniconda3/envs/ctDNA/lib/R/include" -DNDEBUG   -DNDEBUG -D_FORTIFY_SOURCE=2 -O2 -isystem /home/coroperv/miniconda3/envs/ctDNA/include -I/home/coroperv/miniconda3/envs/ctDNA/include -Wl,-rpath-link,/home/coroperv/miniconda3/envs/ctDNA/lib  -fpic  -march=nocona -mtune=haswell -ftree-vectorize -fPIC -fstack-protector-strong -fno-plt -O2 -ffunction-sections -pipe -isystem /home/coroperv/miniconda3/envs/ctDNA/include -fdebug-prefix-map=/tmp/build/80754af9/r-base_1589917437985/work=/usr/local/src/conda/r-base-3.6.1 -fdebug-prefix-map=/home/coroperv/miniconda3/envs/ctDNA=/usr/local/src/conda-prefix  -c dtron.c -o dtron.o
x86_64-conda_cos6-linux-gnu-cc -I"/home/coroperv/miniconda3/envs/ctDNA/lib/R/include" -DNDEBUG   -DNDEBUG -D_FORTIFY_SOURCE=2 -O2 -isystem /home/coroperv/miniconda3/envs/ctDNA/include -I/home/coroperv/miniconda3/envs/ctDNA/include -Wl,-rpath-link,/home/coroperv/miniconda3/envs/ctDNA/lib  -fpic  -march=nocona -mtune=haswell -ftree-vectorize -fPIC -fstack-protector-strong -fno-plt -O2 -ffunction-sections -pipe -isystem /home/coroperv/miniconda3/envs/ctDNA/include -fdebug-prefix-map=/tmp/build/80754af9/r-base_1589917437985/work=/usr/local/src/conda/r-base-3.6.1 -fdebug-prefix-map=/home/coroperv/miniconda3/envs/ctDNA=/usr/local/src/conda-prefix  -c dtrpcg.c -o dtrpcg.o
x86_64-conda_cos6-linux-gnu-cc -I"/home/coroperv/miniconda3/envs/ctDNA/lib/R/include" -DNDEBUG   -DNDEBUG -D_FORTIFY_SOURCE=2 -O2 -isystem /home/coroperv/miniconda3/envs/ctDNA/include -I/home/coroperv/miniconda3/envs/ctDNA/include -Wl,-rpath-link,/home/coroperv/miniconda3/envs/ctDNA/lib  -fpic  -march=nocona -mtune=haswell -ftree-vectorize -fPIC -fstack-protector-strong -fno-plt -O2 -ffunction-sections -pipe -isystem /home/coroperv/miniconda3/envs/ctDNA/include -fdebug-prefix-map=/tmp/build/80754af9/r-base_1589917437985/work=/usr/local/src/conda/r-base-3.6.1 -fdebug-prefix-map=/home/coroperv/miniconda3/envs/ctDNA=/usr/local/src/conda-prefix  -c dtrqsol.c -o dtrqsol.o
x86_64-conda_cos6-linux-gnu-c++ -std=gnu++11 -I"/home/coroperv/miniconda3/envs/ctDNA/lib/R/include" -DNDEBUG   -DNDEBUG -D_FORTIFY_SOURCE=2 -O2 -isystem /home/coroperv/miniconda3/envs/ctDNA/include -I/home/coroperv/miniconda3/envs/ctDNA/include -Wl,-rpath-link,/home/coroperv/miniconda3/envs/ctDNA/lib  -fpic  -fvisibility-inlines-hidden  -fmessage-length=0 -march=nocona -mtune=haswell -ftree-vectorize -fPIC -fstack-protector-strong -fno-plt -O2 -ffunction-sections -pipe -isystem /home/coroperv/miniconda3/envs/ctDNA/include -fdebug-prefix-map=/tmp/build/80754af9/r-base_1589917437985/work=/usr/local/src/conda/r-base-3.6.1 -fdebug-prefix-map=/home/coroperv/miniconda3/envs/ctDNA=/usr/local/src/conda-prefix  -c esa.cpp -o esa.o
x86_64-conda_cos6-linux-gnu-c++ -std=gnu++11 -I"/home/coroperv/miniconda3/envs/ctDNA/lib/R/include" -DNDEBUG   -DNDEBUG -D_FORTIFY_SOURCE=2 -O2 -isystem /home/coroperv/miniconda3/envs/ctDNA/include -I/home/coroperv/miniconda3/envs/ctDNA/include -Wl,-rpath-link,/home/coroperv/miniconda3/envs/ctDNA/lib  -fpic  -fvisibility-inlines-hidden  -fmessage-length=0 -march=nocona -mtune=haswell -ftree-vectorize -fPIC -fstack-protector-strong -fno-plt -O2 -ffunction-sections -pipe -isystem /home/coroperv/miniconda3/envs/ctDNA/include -fdebug-prefix-map=/tmp/build/80754af9/r-base_1589917437985/work=/usr/local/src/conda/r-base-3.6.1 -fdebug-prefix-map=/home/coroperv/miniconda3/envs/ctDNA=/usr/local/src/conda-prefix  -c expdecayweight.cpp -o expdecayweight.o
x86_64-conda_cos6-linux-gnu-c++ -std=gnu++11 -I"/home/coroperv/miniconda3/envs/ctDNA/lib/R/include" -DNDEBUG   -DNDEBUG -D_FORTIFY_SOURCE=2 -O2 -isystem /home/coroperv/miniconda3/envs/ctDNA/include -I/home/coroperv/miniconda3/envs/ctDNA/include -Wl,-rpath-link,/home/coroperv/miniconda3/envs/ctDNA/lib  -fpic  -fvisibility-inlines-hidden  -fmessage-length=0 -march=nocona -mtune=haswell -ftree-vectorize -fPIC -fstack-protector-strong -fno-plt -O2 -ffunction-sections -pipe -isystem /home/coroperv/miniconda3/envs/ctDNA/include -fdebug-prefix-map=/tmp/build/80754af9/r-base_1589917437985/work=/usr/local/src/conda/r-base-3.6.1 -fdebug-prefix-map=/home/coroperv/miniconda3/envs/ctDNA=/usr/local/src/conda-prefix  -c inductionsort.cpp -o inductionsort.o
x86_64-conda_cos6-linux-gnu-cc -I"/home/coroperv/miniconda3/envs/ctDNA/lib/R/include" -DNDEBUG   -DNDEBUG -D_FORTIFY_SOURCE=2 -O2 -isystem /home/coroperv/miniconda3/envs/ctDNA/include -I/home/coroperv/miniconda3/envs/ctDNA/include -Wl,-rpath-link,/home/coroperv/miniconda3/envs/ctDNA/lib  -fpic  -march=nocona -mtune=haswell -ftree-vectorize -fPIC -fstack-protector-strong -fno-plt -O2 -ffunction-sections -pipe -isystem /home/coroperv/miniconda3/envs/ctDNA/include -fdebug-prefix-map=/tmp/build/80754af9/r-base_1589917437985/work=/usr/local/src/conda/r-base-3.6.1 -fdebug-prefix-map=/home/coroperv/miniconda3/envs/ctDNA=/usr/local/src/conda-prefix  -c init.c -o init.o
x86_64-conda_cos6-linux-gnu-c++ -std=gnu++11 -I"/home/coroperv/miniconda3/envs/ctDNA/lib/R/include" -DNDEBUG   -DNDEBUG -D_FORTIFY_SOURCE=2 -O2 -isystem /home/coroperv/miniconda3/envs/ctDNA/include -I/home/coroperv/miniconda3/envs/ctDNA/include -Wl,-rpath-link,/home/coroperv/miniconda3/envs/ctDNA/lib  -fpic  -fvisibility-inlines-hidden  -fmessage-length=0 -march=nocona -mtune=haswell -ftree-vectorize -fPIC -fstack-protector-strong -fno-plt -O2 -ffunction-sections -pipe -isystem /home/coroperv/miniconda3/envs/ctDNA/include -fdebug-prefix-map=/tmp/build/80754af9/r-base_1589917437985/work=/usr/local/src/conda/r-base-3.6.1 -fdebug-prefix-map=/home/coroperv/miniconda3/envs/ctDNA=/usr/local/src/conda-prefix  -c kspectrumweight.cpp -o kspectrumweight.o
x86_64-conda_cos6-linux-gnu-c++ -std=gnu++11 -I"/home/coroperv/miniconda3/envs/ctDNA/lib/R/include" -DNDEBUG   -DNDEBUG -D_FORTIFY_SOURCE=2 -O2 -isystem /home/coroperv/miniconda3/envs/ctDNA/include -I/home/coroperv/miniconda3/envs/ctDNA/include -Wl,-rpath-link,/home/coroperv/miniconda3/envs/ctDNA/lib  -fpic  -fvisibility-inlines-hidden  -fmessage-length=0 -march=nocona -mtune=haswell -ftree-vectorize -fPIC -fstack-protector-strong -fno-plt -O2 -ffunction-sections -pipe -isystem /home/coroperv/miniconda3/envs/ctDNA/include -fdebug-prefix-map=/tmp/build/80754af9/r-base_1589917437985/work=/usr/local/src/conda/r-base-3.6.1 -fdebug-prefix-map=/home/coroperv/miniconda3/envs/ctDNA=/usr/local/src/conda-prefix  -c lcp.cpp -o lcp.o
x86_64-conda_cos6-linux-gnu-cc -I"/home/coroperv/miniconda3/envs/ctDNA/lib/R/include" -DNDEBUG   -DNDEBUG -D_FORTIFY_SOURCE=2 -O2 -isystem /home/coroperv/miniconda3/envs/ctDNA/include -I/home/coroperv/miniconda3/envs/ctDNA/include -Wl,-rpath-link,/home/coroperv/miniconda3/envs/ctDNA/lib  -fpic  -march=nocona -mtune=haswell -ftree-vectorize -fPIC -fstack-protector-strong -fno-plt -O2 -ffunction-sections -pipe -isystem /home/coroperv/miniconda3/envs/ctDNA/include -fdebug-prefix-map=/tmp/build/80754af9/r-base_1589917437985/work=/usr/local/src/conda/r-base-3.6.1 -fdebug-prefix-map=/home/coroperv/miniconda3/envs/ctDNA=/usr/local/src/conda-prefix  -c misc.c -o misc.o
x86_64-conda_cos6-linux-gnu-c++ -std=gnu++11 -I"/home/coroperv/miniconda3/envs/ctDNA/lib/R/include" -DNDEBUG   -DNDEBUG -D_FORTIFY_SOURCE=2 -O2 -isystem /home/coroperv/miniconda3/envs/ctDNA/include -I/home/coroperv/miniconda3/envs/ctDNA/include -Wl,-rpath-link,/home/coroperv/miniconda3/envs/ctDNA/lib  -fpic  -fvisibility-inlines-hidden  -fmessage-length=0 -march=nocona -mtune=haswell -ftree-vectorize -fPIC -fstack-protector-strong -fno-plt -O2 -ffunction-sections -pipe -isystem /home/coroperv/miniconda3/envs/ctDNA/include -fdebug-prefix-map=/tmp/build/80754af9/r-base_1589917437985/work=/usr/local/src/conda/r-base-3.6.1 -fdebug-prefix-map=/home/coroperv/miniconda3/envs/ctDNA=/usr/local/src/conda-prefix  -c msufsort.cpp -o msufsort.o
x86_64-conda_cos6-linux-gnu-cc -I"/home/coroperv/miniconda3/envs/ctDNA/lib/R/include" -DNDEBUG   -DNDEBUG -D_FORTIFY_SOURCE=2 -O2 -isystem /home/coroperv/miniconda3/envs/ctDNA/include -I/home/coroperv/miniconda3/envs/ctDNA/include -Wl,-rpath-link,/home/coroperv/miniconda3/envs/ctDNA/lib  -fpic  -march=nocona -mtune=haswell -ftree-vectorize -fPIC -fstack-protector-strong -fno-plt -O2 -ffunction-sections -pipe -isystem /home/coroperv/miniconda3/envs/ctDNA/include -fdebug-prefix-map=/tmp/build/80754af9/r-base_1589917437985/work=/usr/local/src/conda/r-base-3.6.1 -fdebug-prefix-map=/home/coroperv/miniconda3/envs/ctDNA=/usr/local/src/conda-prefix  -c solvebqp.c -o solvebqp.o
x86_64-conda_cos6-linux-gnu-cc -I"/home/coroperv/miniconda3/envs/ctDNA/lib/R/include" -DNDEBUG   -DNDEBUG -D_FORTIFY_SOURCE=2 -O2 -isystem /home/coroperv/miniconda3/envs/ctDNA/include -I/home/coroperv/miniconda3/envs/ctDNA/include -Wl,-rpath-link,/home/coroperv/miniconda3/envs/ctDNA/lib  -fpic  -march=nocona -mtune=haswell -ftree-vectorize -fPIC -fstack-protector-strong -fno-plt -O2 -ffunction-sections -pipe -isystem /home/coroperv/miniconda3/envs/ctDNA/include -fdebug-prefix-map=/tmp/build/80754af9/r-base_1589917437985/work=/usr/local/src/conda/r-base-3.6.1 -fdebug-prefix-map=/home/coroperv/miniconda3/envs/ctDNA=/usr/local/src/conda-prefix  -c stringk.c -o stringk.o
x86_64-conda_cos6-linux-gnu-c++ -std=gnu++11 -I"/home/coroperv/miniconda3/envs/ctDNA/lib/R/include" -DNDEBUG   -DNDEBUG -D_FORTIFY_SOURCE=2 -O2 -isystem /home/coroperv/miniconda3/envs/ctDNA/include -I/home/coroperv/miniconda3/envs/ctDNA/include -Wl,-rpath-link,/home/coroperv/miniconda3/envs/ctDNA/lib  -fpic  -fvisibility-inlines-hidden  -fmessage-length=0 -march=nocona -mtune=haswell -ftree-vectorize -fPIC -fstack-protector-strong -fno-plt -O2 -ffunction-sections -pipe -isystem /home/coroperv/miniconda3/envs/ctDNA/include -fdebug-prefix-map=/tmp/build/80754af9/r-base_1589917437985/work=/usr/local/src/conda/r-base-3.6.1 -fdebug-prefix-map=/home/coroperv/miniconda3/envs/ctDNA=/usr/local/src/conda-prefix  -c stringkernel.cpp -o stringkernel.o
x86_64-conda_cos6-linux-gnu-c++ -std=gnu++11 -I"/home/coroperv/miniconda3/envs/ctDNA/lib/R/include" -DNDEBUG   -DNDEBUG -D_FORTIFY_SOURCE=2 -O2 -isystem /home/coroperv/miniconda3/envs/ctDNA/include -I/home/coroperv/miniconda3/envs/ctDNA/include -Wl,-rpath-link,/home/coroperv/miniconda3/envs/ctDNA/lib  -fpic  -fvisibility-inlines-hidden  -fmessage-length=0 -march=nocona -mtune=haswell -ftree-vectorize -fPIC -fstack-protector-strong -fno-plt -O2 -ffunction-sections -pipe -isystem /home/coroperv/miniconda3/envs/ctDNA/include -fdebug-prefix-map=/tmp/build/80754af9/r-base_1589917437985/work=/usr/local/src/conda/r-base-3.6.1 -fdebug-prefix-map=/home/coroperv/miniconda3/envs/ctDNA=/usr/local/src/conda-prefix  -c svm.cpp -o svm.o
x86_64-conda_cos6-linux-gnu-c++ -std=gnu++11 -I"/home/coroperv/miniconda3/envs/ctDNA/lib/R/include" -DNDEBUG   -DNDEBUG -D_FORTIFY_SOURCE=2 -O2 -isystem /home/coroperv/miniconda3/envs/ctDNA/include -I/home/coroperv/miniconda3/envs/ctDNA/include -Wl,-rpath-link,/home/coroperv/miniconda3/envs/ctDNA/lib  -fpic  -fvisibility-inlines-hidden  -fmessage-length=0 -march=nocona -mtune=haswell -ftree-vectorize -fPIC -fstack-protector-strong -fno-plt -O2 -ffunction-sections -pipe -isystem /home/coroperv/miniconda3/envs/ctDNA/include -fdebug-prefix-map=/tmp/build/80754af9/r-base_1589917437985/work=/usr/local/src/conda/r-base-3.6.1 -fdebug-prefix-map=/home/coroperv/miniconda3/envs/ctDNA=/usr/local/src/conda-prefix  -c wkasailcp.cpp -o wkasailcp.o
x86_64-conda_cos6-linux-gnu-c++ -std=gnu++11 -I"/home/coroperv/miniconda3/envs/ctDNA/lib/R/include" -DNDEBUG   -DNDEBUG -D_FORTIFY_SOURCE=2 -O2 -isystem /home/coroperv/miniconda3/envs/ctDNA/include -I/home/coroperv/miniconda3/envs/ctDNA/include -Wl,-rpath-link,/home/coroperv/miniconda3/envs/ctDNA/lib  -fpic  -fvisibility-inlines-hidden  -fmessage-length=0 -march=nocona -mtune=haswell -ftree-vectorize -fPIC -fstack-protector-strong -fno-plt -O2 -ffunction-sections -pipe -isystem /home/coroperv/miniconda3/envs/ctDNA/include -fdebug-prefix-map=/tmp/build/80754af9/r-base_1589917437985/work=/usr/local/src/conda/r-base-3.6.1 -fdebug-prefix-map=/home/coroperv/miniconda3/envs/ctDNA=/usr/local/src/conda-prefix  -c wmsufsort.cpp -o wmsufsort.o
x86_64-conda_cos6-linux-gnu-c++ -std=gnu++11 -shared -L/home/coroperv/miniconda3/envs/ctDNA/lib/R/lib -Wl,-O2 -Wl,--sort-common -Wl,--as-needed -Wl,-z,relro -Wl,-z,now -Wl,--disable-new-dtags -Wl,--gc-sections -Wl,-rpath,/home/coroperv/miniconda3/envs/ctDNA/lib -Wl,-rpath-link,/home/coroperv/miniconda3/envs/ctDNA/lib -L/home/coroperv/miniconda3/envs/ctDNA/lib -L/home/coroperv/miniconda3/envs/ctDNA/lib -Wl,-rpath-link,/home/coroperv/miniconda3/envs/ctDNA/lib -o kernlab.so brweight.o ctable.o cweight.o dbreakpt.o dcauchy.o dgpnrm.o dgpstep.o dprecond.o dprsrch.o dspcg.o dtron.o dtrpcg.o dtrqsol.o esa.o expdecayweight.o inductionsort.o init.o kspectrumweight.o lcp.o misc.o msufsort.o solvebqp.o stringk.o stringkernel.o svm.o wkasailcp.o wmsufsort.o -L/home/coroperv/miniconda3/envs/ctDNA/lib/R/lib -lRlapack -L/home/coroperv/miniconda3/envs/ctDNA/lib/R/lib -lRblas -lgfortran -lm -lgomp -lquadmath -lpthread -L/home/coroperv/miniconda3/envs/ctDNA/lib/R/lib -lR
installing to /home/coroperv/miniconda3/envs/ctDNA/lib/R/library/00LOCK-kernlab/00new/kernlab/libs
** R
** data
** inst
** byte-compile and prepare package for lazy loading
** help
*** installing help indices
** building package indices
** installing vignettes
** testing if installed package can be loaded from temporary location
** checking absolute paths in shared objects and dynamic libraries
** testing if installed package can be loaded from final location
** testing if installed package keeps a record of temporary installation path
* DONE (kernlab)

The downloaded source packages are in
	‘/scratch/57135175/RtmpFSrHms/downloaded_packages’
Updating HTML index of packages in '.Library'
Making 'packages.html' ... done

Attaching package: ‘kernlab’

The following object is masked from ‘package:purrr’:

    cross

The following object is masked from ‘package:ggplot2’:

    alpha

Loading required package: foreach

Attaching package: ‘foreach’

The following objects are masked from ‘package:purrr’:

    accumulate, when

Loading required package: iterators
Loading required package: parallel
CV repetition number: 1
CV inner loop (CV fold) number: 1
besttune C
2
CV inner loop (CV fold) number: 2
besttune C
0.1
CV inner loop (CV fold) number: 3
besttune C
0.3
CV inner loop (CV fold) number: 4
besttune C
0.4
CV inner loop (CV fold) number: 5
besttune C
1
CV inner loop (CV fold) number: 6
besttune C
0.1
CV inner loop (CV fold) number: 7
besttune C
0.1
CV inner loop (CV fold) number: 8
besttune C
0.1
CV inner loop (CV fold) number: 9
besttune C
0.1
CV inner loop (CV fold) number: 10
besttune C
0.5
CV repetition number: 2
CV inner loop (CV fold) number: 1
besttune C
0.1
CV inner loop (CV fold) number: 2
besttune C
0.1
CV inner loop (CV fold) number: 3
besttune C
0.01
CV inner loop (CV fold) number: 4
besttune C
0.1
CV inner loop (CV fold) number: 5
besttune C
0.4
CV inner loop (CV fold) number: 6
besttune C
0.5
CV inner loop (CV fold) number: 7
besttune C
0.1
CV inner loop (CV fold) number: 8
besttune C
0.1
CV inner loop (CV fold) number: 9
besttune C
0.3
CV inner loop (CV fold) number: 10
besttune C
0.5
CV repetition number: 3
CV inner loop (CV fold) number: 1
besttune C
0.01
CV inner loop (CV fold) number: 2
besttune C
0.01
CV inner loop (CV fold) number: 3
besttune C
0.1
CV inner loop (CV fold) number: 4
besttune C
0.01
CV inner loop (CV fold) number: 5
besttune C
0.2
CV inner loop (CV fold) number: 6
besttune C
2
CV inner loop (CV fold) number: 7
besttune C
0.3
CV inner loop (CV fold) number: 8
besttune C
0.01
CV inner loop (CV fold) number: 9
besttune C
1
CV inner loop (CV fold) number: 10
besttune C
1
CV repetition number: 4
CV inner loop (CV fold) number: 1
besttune C
2
CV inner loop (CV fold) number: 2
besttune C
1
CV inner loop (CV fold) number: 3
besttune C
1
CV inner loop (CV fold) number: 4
besttune C
0.01
CV inner loop (CV fold) number: 5
besttune C
0.3
CV inner loop (CV fold) number: 6
besttune C
0.5
CV inner loop (CV fold) number: 7
besttune C
0.2
CV inner loop (CV fold) number: 8
besttune C
0.3
CV inner loop (CV fold) number: 9
besttune C
2
CV inner loop (CV fold) number: 10
besttune C
0.1
CV repetition number: 5
CV inner loop (CV fold) number: 1
besttune C
2
CV inner loop (CV fold) number: 2
besttune C
0.5
CV inner loop (CV fold) number: 3
besttune C
0.1
CV inner loop (CV fold) number: 4
besttune C
1
CV inner loop (CV fold) number: 5
besttune C
0.01
CV inner loop (CV fold) number: 6
besttune C
2
CV inner loop (CV fold) number: 7
besttune C
0.2
CV inner loop (CV fold) number: 8
besttune C
0.1
CV inner loop (CV fold) number: 9
besttune C
0.1
CV inner loop (CV fold) number: 10
besttune C
0.2
CV repetition number: 6
CV inner loop (CV fold) number: 1
besttune C
0.5
CV inner loop (CV fold) number: 2
besttune C
0.1
CV inner loop (CV fold) number: 3
besttune C
0.2
CV inner loop (CV fold) number: 4
besttune C
0.1
CV inner loop (CV fold) number: 5
besttune C
0.4
CV inner loop (CV fold) number: 6
besttune C
0.4
CV inner loop (CV fold) number: 7
besttune C
0.1
CV inner loop (CV fold) number: 8
besttune C
2
CV inner loop (CV fold) number: 9
besttune C
0.01
CV inner loop (CV fold) number: 10
besttune C
0.1
CV repetition number: 7
CV inner loop (CV fold) number: 1
besttune C
0.01
CV inner loop (CV fold) number: 2
besttune C
0.1
CV inner loop (CV fold) number: 3
besttune C
0.1
CV inner loop (CV fold) number: 4
besttune C
0.01
CV inner loop (CV fold) number: 5
besttune C
0.3
CV inner loop (CV fold) number: 6
besttune C
0.3
CV inner loop (CV fold) number: 7
besttune C
0.3
CV inner loop (CV fold) number: 8
besttune C
0.01
CV inner loop (CV fold) number: 9
besttune C
0.4
CV inner loop (CV fold) number: 10
besttune C
0.01
CV repetition number: 8
CV inner loop (CV fold) number: 1
besttune C
0.3
CV inner loop (CV fold) number: 2
besttune C
0.01
CV inner loop (CV fold) number: 3
besttune C
0.5
CV inner loop (CV fold) number: 4
besttune C
0.5
CV inner loop (CV fold) number: 5
besttune C
0.2
CV inner loop (CV fold) number: 6
besttune C
0.01
CV inner loop (CV fold) number: 7
besttune C
0.1
CV inner loop (CV fold) number: 8
besttune C
0.3
CV inner loop (CV fold) number: 9
besttune C
2
CV inner loop (CV fold) number: 10
besttune C
0.3
CV repetition number: 9
CV inner loop (CV fold) number: 1
besttune C
0.5
CV inner loop (CV fold) number: 2
besttune C
0.2
CV inner loop (CV fold) number: 3
besttune C
0.3
CV inner loop (CV fold) number: 4
besttune C
0.5
CV inner loop (CV fold) number: 5
besttune C
1
CV inner loop (CV fold) number: 6
besttune C
0.2
CV inner loop (CV fold) number: 7
besttune C
0.01
CV inner loop (CV fold) number: 8
besttune C
0.5
CV inner loop (CV fold) number: 9
besttune C
0.1
CV inner loop (CV fold) number: 10
besttune C
0.3
CV repetition number: 10
CV inner loop (CV fold) number: 1
besttune C
0.5
CV inner loop (CV fold) number: 2
besttune C
0.2
CV inner loop (CV fold) number: 3
besttune C
0.1
CV inner loop (CV fold) number: 4
besttune C
0.2
CV inner loop (CV fold) number: 5
besttune C
0.2
CV inner loop (CV fold) number: 6
besttune C
1
CV inner loop (CV fold) number: 7
besttune C
2
CV inner loop (CV fold) number: 8
besttune C
2
CV inner loop (CV fold) number: 9
besttune C
0.1
CV inner loop (CV fold) number: 10
besttune C
0.3
New names:
* predicted -> predicted...2
* predicted -> predicted...3
* predicted -> predicted...4
* predicted -> predicted...5
* predicted -> predicted...6
* ...
# A tibble: 6 × 11
  observed predicted...2 predicted...3 predicted...4 predicted...5 predicted...6
  <fct>            <dbl>         <dbl>         <dbl>         <dbl>         <dbl>
1 Cancer         0.418         0.484         0.548        0.500          0.478  
2 Cancer         0.372         0.364         0.334        0.253          0.403  
3 Cancer         0.00125       0.00161       0.00105      0.000999       0.00113
4 Cancer         0.882         0.889         0.874        0.913          0.906  
5 Cancer         0.529         0.572         0.481        0.545          0.495  
6 Cancer         0.0304        0.0359        0.0319       0.0210         0.0424 
# … with 5 more variables: predicted...7 <dbl>, predicted...8 <dbl>,
#   predicted...9 <dbl>, predicted...10 <dbl>, predicted...11 <dbl>
null device 
          1 
[1] "Mean AUC over 10 repetitions of 10-fold CV: 0.902268041237113"
 [1] 1 1 1 1 1 1 1 1 1 1
[1] "Mean error rate over 10 repetitions of 10-fold CV: 1"
 [1] 0 0 0 0 0 0 0 0 0 0
[1] "Mean accuracy over 10 repetitions of 10-fold CV: 0"
[Sun Nov 21 12:02:42 2021]
Finished job 0.
1 of 1 steps (100%) done
