Building DAG of jobs...
Using shell: /usr/bin/bash
Provided cores: 10
Rules claiming more threads will be scaled down.
Select jobs to execute...

[Mon Nov 29 22:49:36 2021]
rule binomial_classification:
    input: data/ATAC_predictions_train_20_predict_80/Full_data_ATAC_pred_lasso_formatted_standardized.rds, data/sample_types.txt
    output: Classification_output/Binomial_models_output/SVM_poly_Predictions_Full_data_Colorectal_Cancer.rds
    jobid: 0
    wildcards: model_binomial=SVM_poly, class_type=Colorectal_Cancer
    threads: 10
    resources: mem_mb=200000, disk_mb=1000, tmpdir=/scratch/57574929, time=20:00:00

Rscript --vanilla /faststorage/project/DELFI1/Workspaces/CarmenAndAnika/.snakemake/scripts/tmpezsgzr03.SVM_poly.R
Activating conda environment: /faststorage/project/DELFI1/Workspaces/CarmenAndAnika/.snakemake/conda/411837606499b7823565885a8a388b12
Registered S3 methods overwritten by 'ggplot2':
  method         from 
  [.quosures     rlang
  c.quosures     rlang
  print.quosures rlang
Registered S3 method overwritten by 'rvest':
  method            from
  read_xml.response xml2
── Attaching packages ─────────────────────────────────────── tidyverse 1.2.1 ──
✔ ggplot2 3.1.1       ✔ purrr   0.3.2  
✔ tibble  2.1.1       ✔ dplyr   0.8.0.1
✔ tidyr   0.8.3       ✔ stringr 1.4.0  
✔ readr   1.3.1       ✔ forcats 0.4.0  
── Conflicts ────────────────────────────────────────── tidyverse_conflicts() ──
✖ dplyr::filter() masks stats::filter()
✖ dplyr::lag()    masks stats::lag()
Loading required package: lattice

Attaching package: ‘caret’

The following object is masked from ‘package:purrr’:

    lift

Type 'citation("pROC")' for a citation.

Attaching package: ‘pROC’

The following objects are masked from ‘package:stats’:

    cov, smooth, var

Warning: unable to access index for repository http://cran.us.r-project.org/src/contrib/kernlab_0.9-29.tar.gz/src/contrib:
  cannot open URL 'http://cran.us.r-project.org/src/contrib/kernlab_0.9-29.tar.gz/src/contrib/PACKAGES'
Warning message:
package ‘kernlab’ is not available (for R version 3.6.1) 

Attaching package: ‘kernlab’

The following object is masked from ‘package:purrr’:

    cross

The following object is masked from ‘package:ggplot2’:

    alpha

Loading required package: foreach

Attaching package: ‘foreach’

The following objects are masked from ‘package:purrr’:

    accumulate, when

Loading required package: iterators
Loading required package: parallel
Loading required package: rngtools
Loading required package: pkgmaker
Loading required package: registry

Attaching package: ‘pkgmaker’

The following object is masked from ‘package:base’:

    isFALSE

Warning: unable to access index for repository http://cran.us.r-project.org/src/contrib/splitTools_0.3.1.tar.gz/src/contrib:
  cannot open URL 'http://cran.us.r-project.org/src/contrib/splitTools_0.3.1.tar.gz/src/contrib/PACKAGES'
Warning message:
package ‘splitTools’ is not available (for R version 3.6.1) 
Gastric_cancerOvarian_CancerLung_CancerBile_Duct_CancerPancreatic_CancerDuodenal_CancerBreast_CancerColorectal_Cancer
[1] "Sample_type levels"
[1] "Cancer" "Other" 
starting worker pid=10943 on localhost:11731 at 22:49:53.326
starting worker pid=10967 on localhost:11731 at 22:49:53.700
starting worker pid=10991 on localhost:11731 at 22:49:54.112
starting worker pid=11017 on localhost:11731 at 22:49:55.033
starting worker pid=11041 on localhost:11731 at 22:49:55.783
starting worker pid=11065 on localhost:11731 at 22:49:56.202
starting worker pid=11089 on localhost:11731 at 22:49:56.662
starting worker pid=11113 on localhost:11731 at 22:49:57.007
starting worker pid=11137 on localhost:11731 at 22:49:57.398
starting worker pid=11161 on localhost:11731 at 22:49:57.728
Loading required package: lattice
Loading required package: ggplot2
Loading required package: lattice
Loading required package: ggplot2
Loading required package: lattice
Loading required package: ggplot2
Loading required package: lattice
Loading required package: ggplot2
Loading required package: lattice
Loading required package: ggplot2
Registered S3 methods overwritten by 'ggplot2':
  method         from 
  [.quosures     rlang
  c.quosures     rlang
  print.quosures rlang
Loading required package: lattice
Loading required package: ggplot2
Loading required package: lattice
Registered S3 methods overwritten by 'ggplot2':
  method         from 
  [.quosures     rlang
  c.quosures     rlang
  print.quosures rlang
Loading required package: ggplot2
Loading required package: lattice
Registered S3 methods overwritten by 'ggplot2':
  method         from 
  [.quosures     rlang
  c.quosures     rlang
  print.quosures rlang
Loading required package: ggplot2
Registered S3 methods overwritten by 'ggplot2':
  method         from 
  [.quosures     rlang
  c.quosures     rlang
  print.quosures rlang
Loading required package: lattice
Loading required package: lattice
Registered S3 methods overwritten by 'ggplot2':
  method         from 
  [.quosures     rlang
  c.quosures     rlang
  print.quosures rlang
Registered S3 methods overwritten by 'ggplot2':
  method         from 
  [.quosures     rlang
  c.quosures     rlang
  print.quosures rlang
Loading required package: ggplot2
Loading required package: ggplot2
Registered S3 methods overwritten by 'ggplot2':
  method         from 
  [.quosures     rlang
  c.quosures     rlang
  print.quosures rlang
Registered S3 methods overwritten by 'ggplot2':
  method         from 
  [.quosures     rlang
  c.quosures     rlang
  print.quosures rlang
Registered S3 methods overwritten by 'ggplot2':
  method         from 
  [.quosures     rlang
  c.quosures     rlang
  print.quosures rlang
Registered S3 methods overwritten by 'ggplot2':
  method         from 
  [.quosures     rlang
  c.quosures     rlang
  print.quosures rlang
Registered S3 method overwritten by 'rvest':
  method            from
  read_xml.response xml2
── Attaching packages ─────────────────────────────────────── tidyverse 1.2.1 ──
✔ tibble  2.1.1       ✔ purrr   0.3.2  
✔ tidyr   0.8.3       ✔ dplyr   0.8.0.1
✔ readr   1.3.1       ✔ stringr 1.4.0  
✔ tibble  2.1.1       ✔ forcats 0.4.0  
── Conflicts ────────────────────────────────────────── tidyverse_conflicts() ──
✖ dplyr::filter() masks stats::filter()
✖ dplyr::lag()    masks stats::lag()
✖ purrr::lift()   masks caret::lift()
Registered S3 method overwritten by 'rvest':
  method            from
  read_xml.response xml2
Registered S3 method overwritten by 'rvest':
  method            from
  read_xml.response xml2
Registered S3 method overwritten by 'rvest':
  method            from
  read_xml.response xml2
Registered S3 method overwritten by 'rvest':
  method            from
  read_xml.response xml2
Registered S3 method overwritten by 'rvest':
  method            from
  read_xml.response xml2
Registered S3 method overwritten by 'rvest':
  method            from
  read_xml.response xml2
── Attaching packages ─────────────────────────────────────── tidyverse 1.2.1 ──
Registered S3 method overwritten by 'rvest':
  method            from
  read_xml.response xml2
✔ tibble  2.1.1       ✔ purrr   0.3.2  
✔ tidyr   0.8.3       ✔ dplyr   0.8.0.1
✔ readr   1.3.1       ✔ stringr 1.4.0  
✔ tibble  2.1.1       ✔ forcats 0.4.0  
── Attaching packages ─────────────────────────────────────── tidyverse 1.2.1 ──
✔ tibble  2.1.1       ✔ purrr   0.3.2  
✔ tidyr   0.8.3       ✔ dplyr   0.8.0.1
✔ readr   1.3.1       ✔ stringr 1.4.0  
✔ tibble  2.1.1       ✔ forcats 0.4.0  
── Attaching packages ─────────────────────────────────────── tidyverse 1.2.1 ──
── Attaching packages ─────────────────────────────────────── tidyverse 1.2.1 ──
✔ tibble  2.1.1       ✔ purrr   0.3.2  
✔ tidyr   0.8.3       ✔ dplyr   0.8.0.1
✔ readr   1.3.1       ✔ stringr 1.4.0  
✔ tibble  2.1.1       ✔ forcats 0.4.0  
✔ tibble  2.1.1       ✔ purrr   0.3.2  
✔ tidyr   0.8.3       ✔ dplyr   0.8.0.1
✔ readr   1.3.1       ✔ stringr 1.4.0  
✔ tibble  2.1.1       ✔ forcats 0.4.0  
── Attaching packages ─────────────────────────────────────── tidyverse 1.2.1 ──
── Attaching packages ─────────────────────────────────────── tidyverse 1.2.1 ──
── Attaching packages ─────────────────────────────────────── tidyverse 1.2.1 ──
✔ tibble  2.1.1       ✔ purrr   0.3.2  
✔ tidyr   0.8.3       ✔ dplyr   0.8.0.1
✔ readr   1.3.1       ✔ stringr 1.4.0  
✔ tibble  2.1.1       ✔ forcats 0.4.0  
✔ tibble  2.1.1       ✔ purrr   0.3.2  
✔ tidyr   0.8.3       ✔ dplyr   0.8.0.1
✔ readr   1.3.1       ✔ stringr 1.4.0  
✔ tibble  2.1.1       ✔ forcats 0.4.0  
✔ tibble  2.1.1       ✔ purrr   0.3.2  
✔ tidyr   0.8.3       ✔ dplyr   0.8.0.1
✔ readr   1.3.1       ✔ stringr 1.4.0  
✔ tibble  2.1.1       ✔ forcats 0.4.0  
── Conflicts ────────────────────────────────────────── tidyverse_conflicts() ──
✖ dplyr::filter() masks stats::filter()
✖ dplyr::lag()    masks stats::lag()
✖ purrr::lift()   masks caret::lift()
── Conflicts ────────────────────────────────────────── tidyverse_conflicts() ──
✖ dplyr::filter() masks stats::filter()
✖ dplyr::lag()    masks stats::lag()
✖ purrr::lift()   masks caret::lift()
── Conflicts ────────────────────────────────────────── tidyverse_conflicts() ──
✖ dplyr::filter() masks stats::filter()
✖ dplyr::lag()    masks stats::lag()
✖ purrr::lift()   masks caret::lift()

Attaching package: ‘kernlab’

The following object is masked from ‘package:purrr’:

    cross

The following object is masked from ‘package:ggplot2’:

    alpha

Loading required package: foreach

Attaching package: ‘foreach’

The following objects are masked from ‘package:purrr’:

    accumulate, when

Loading required package: rngtools
Loading required package: pkgmaker
Loading required package: registry
── Conflicts ────────────────────────────────────────── tidyverse_conflicts() ──
✖ dplyr::filter() masks stats::filter()
✖ dplyr::lag()    masks stats::lag()
✖ purrr::lift()   masks caret::lift()
── Conflicts ────────────────────────────────────────── tidyverse_conflicts() ──
✖ dplyr::filter() masks stats::filter()
✖ dplyr::lag()    masks stats::lag()
✖ purrr::lift()   masks caret::lift()
── Conflicts ────────────────────────────────────────── tidyverse_conflicts() ──
✖ dplyr::filter() masks stats::filter()
✖ dplyr::lag()    masks stats::lag()
✖ purrr::lift()   masks caret::lift()
── Conflicts ────────────────────────────────────────── tidyverse_conflicts() ──
✖ dplyr::filter() masks stats::filter()
✖ dplyr::lag()    masks stats::lag()
✖ purrr::lift()   masks caret::lift()
Registered S3 method overwritten by 'rvest':
  method            from
  read_xml.response xml2

Attaching package: ‘kernlab’

The following object is masked from ‘package:purrr’:

    cross

The following object is masked from ‘package:ggplot2’:

    alpha


Attaching package: ‘pkgmaker’

The following object is masked from ‘package:base’:

    isFALSE

Registered S3 method overwritten by 'rvest':
  method            from
  read_xml.response xml2
Loading required package: foreach

Attaching package: ‘kernlab’

The following object is masked from ‘package:purrr’:

    cross

The following object is masked from ‘package:ggplot2’:

    alpha


Attaching package: ‘foreach’

The following objects are masked from ‘package:purrr’:

    accumulate, when

Loading required package: rngtools
Loading required package: foreach
Loading required package: pkgmaker

Attaching package: ‘foreach’

The following objects are masked from ‘package:purrr’:

    accumulate, when


Attaching package: ‘kernlab’

Loading required package: rngtools
The following object is masked from ‘package:purrr’:

    cross

The following object is masked from ‘package:ggplot2’:

    alpha

Loading required package: registry
Loading required package: foreach
Loading required package: pkgmaker
── Attaching packages ─────────────────────────────────────── tidyverse 1.2.1 ──

Attaching package: ‘foreach’

The following objects are masked from ‘package:purrr’:

    accumulate, when

── Attaching packages ─────────────────────────────────────── tidyverse 1.2.1 ──
Loading required package: registry
Loading required package: rngtools
✔ tibble  2.1.1       ✔ purrr   0.3.2  
✔ tidyr   0.8.3       ✔ dplyr   0.8.0.1
✔ readr   1.3.1       ✔ stringr 1.4.0  
✔ tibble  2.1.1       ✔ forcats 0.4.0  
Loading required package: pkgmaker
✔ tibble  2.1.1       ✔ purrr   0.3.2  
✔ tidyr   0.8.3       ✔ dplyr   0.8.0.1
✔ readr   1.3.1       ✔ stringr 1.4.0  
✔ tibble  2.1.1       ✔ forcats 0.4.0  
Loading required package: registry

Attaching package: ‘pkgmaker’

The following object is masked from ‘package:base’:

    isFALSE


Attaching package: ‘pkgmaker’

The following object is masked from ‘package:base’:

    isFALSE


Attaching package: ‘pkgmaker’

The following object is masked from ‘package:base’:

    isFALSE

── Conflicts ────────────────────────────────────────── tidyverse_conflicts() ──
✖ dplyr::filter() masks stats::filter()
✖ dplyr::lag()    masks stats::lag()
✖ purrr::lift()   masks caret::lift()
── Conflicts ────────────────────────────────────────── tidyverse_conflicts() ──
✖ dplyr::filter() masks stats::filter()
✖ dplyr::lag()    masks stats::lag()
✖ purrr::lift()   masks caret::lift()

Attaching package: ‘kernlab’

The following object is masked from ‘package:purrr’:

    cross

The following object is masked from ‘package:ggplot2’:

    alpha

Loading required package: foreach

Attaching package: ‘foreach’

The following objects are masked from ‘package:purrr’:

    accumulate, when

Loading required package: rngtools
Loading required package: pkgmaker

Attaching package: ‘kernlab’


Attaching package: ‘kernlab’

The following object is masked from ‘package:purrr’:

    cross

The following object is masked from ‘package:purrr’:

    cross

The following object is masked from ‘package:ggplot2’:

    alpha

The following object is masked from ‘package:ggplot2’:

    alpha


Attaching package: ‘kernlab’

The following object is masked from ‘package:purrr’:

    cross

The following object is masked from ‘package:ggplot2’:

    alpha

Loading required package: registry
Loading required package: foreach
Loading required package: foreach
Loading required package: foreach

Attaching package: ‘foreach’

The following objects are masked from ‘package:purrr’:

    accumulate, when


Attaching package: ‘foreach’


Attaching package: ‘foreach’

The following objects are masked from ‘package:purrr’:

    accumulate, when

The following objects are masked from ‘package:purrr’:

    accumulate, when

Loading required package: rngtools
Loading required package: rngtools
Loading required package: rngtools
Loading required package: pkgmaker
Loading required package: pkgmaker
Loading required package: pkgmaker
Loading required package: registry
Loading required package: registry
Loading required package: registry

Attaching package: ‘pkgmaker’

The following object is masked from ‘package:base’:

    isFALSE


Attaching package: ‘pkgmaker’

The following object is masked from ‘package:base’:

    isFALSE


Attaching package: ‘pkgmaker’

The following object is masked from ‘package:base’:

    isFALSE


Attaching package: ‘pkgmaker’

The following object is masked from ‘package:base’:

    isFALSE


Attaching package: ‘kernlab’

The following object is masked from ‘package:purrr’:

    cross

The following object is masked from ‘package:ggplot2’:

    alpha


Attaching package: ‘kernlab’

The following object is masked from ‘package:purrr’:

    cross

The following object is masked from ‘package:ggplot2’:

    alpha

Loading required package: foreach
Loading required package: foreach

Attaching package: ‘foreach’

The following objects are masked from ‘package:purrr’:

    accumulate, when


Attaching package: ‘foreach’

The following objects are masked from ‘package:purrr’:

    accumulate, when

Loading required package: rngtools
Loading required package: rngtools
Loading required package: pkgmaker
Loading required package: pkgmaker
Loading required package: registry
Loading required package: registry

Attaching package: ‘pkgmaker’

The following object is masked from ‘package:base’:

    isFALSE


Attaching package: ‘pkgmaker’

The following object is masked from ‘package:base’:

    isFALSE

Colorectal_Cancer
Colorectal_Cancer
CV repetition number: 1
Colorectal_Cancer
Colorectal_Cancer
Colorectal_Cancer
Colorectal_Cancer
Colorectal_Cancer
CV repetition number: 2
Colorectal_Cancer
Colorectal_Cancer
Colorectal_Cancer
CV repetition number: 3
CV repetition number: 4
CV repetition number: 8
CV repetition number: 5
CV repetition number: 6
CV repetition number: 9
CV repetition number: 7
CV repetition number: 10
CV inner loop, CV rep number: 1
CV inner loop, CV rep number: 2
CV inner loop, CV rep number: 3
CV inner loop, CV rep number: 4
CV inner loop, CV rep number: 8
CV inner loop, CV rep number: 5
CV inner loop, CV rep number: 9
CV inner loop, CV rep number: 6
CV inner loop, CV rep number: 7
CV inner loop, CV rep number: 10
