Building DAG of jobs...
Using shell: /usr/bin/bash
Provided cores: 10
Rules claiming more threads will be scaled down.
Select jobs to execute...

[Sun Nov 28 18:51:01 2021]
rule binomial_classification:
    input: data/ATAC_predictions_train_20_predict_80/Full_data_ATAC_pred_lasso_formatted_standardized.rds, data/sample_types.txt
    output: Classification_output/Binomial_models_output/LDA_Predictions_Full_data_Lung_Cancer.rds
    jobid: 0
    wildcards: model_binomial=LDA, class_type=Lung_Cancer
    threads: 10
    resources: mem_mb=200000, disk_mb=1000, tmpdir=/scratch/57523766, time=20:00:00

Rscript --vanilla /faststorage/project/DELFI1/Workspaces/CarmenAndAnika/.snakemake/scripts/tmpypazaru6.LDA.R
Activating conda environment: /faststorage/project/DELFI1/Workspaces/CarmenAndAnika/.snakemake/conda/411837606499b7823565885a8a388b12
Registered S3 methods overwritten by 'ggplot2':
  method         from 
  [.quosures     rlang
  c.quosures     rlang
  print.quosures rlang
Registered S3 method overwritten by 'rvest':
  method            from
  read_xml.response xml2
── Attaching packages ─────────────────────────────────────── tidyverse 1.2.1 ──
✔ ggplot2 3.1.1       ✔ purrr   0.3.2  
✔ tibble  2.1.1       ✔ dplyr   0.8.0.1
✔ tidyr   0.8.3       ✔ stringr 1.4.0  
✔ readr   1.3.1       ✔ forcats 0.4.0  
── Conflicts ────────────────────────────────────────── tidyverse_conflicts() ──
✖ dplyr::filter() masks stats::filter()
✖ dplyr::lag()    masks stats::lag()

Attaching package: ‘MASS’

The following object is masked from ‘package:dplyr’:

    select

Type 'citation("pROC")' for a citation.

Attaching package: ‘pROC’

The following objects are masked from ‘package:stats’:

    cov, smooth, var

dummies-1.5.6 provided by Decision Patterns

Warning message:
package ‘dummies’ was built under R version 3.6.3 
Warning: unable to access index for repository http://cran.us.r-project.org/src/contrib/splitTools_0.3.1.tar.gz/src/contrib:
  cannot open URL 'http://cran.us.r-project.org/src/contrib/splitTools_0.3.1.tar.gz/src/contrib/PACKAGES'
Warning message:
package ‘splitTools’ is not available (for R version 3.6.1) 
Warning message:
package ‘multiROC’ was built under R version 3.6.3 
Loading required package: foreach

Attaching package: ‘foreach’

The following objects are masked from ‘package:purrr’:

    accumulate, when

Loading required package: iterators
Loading required package: parallel
Loading required package: rngtools
Loading required package: pkgmaker
Loading required package: registry

Attaching package: ‘pkgmaker’

The following object is masked from ‘package:base’:

    isFALSE

Gastric_cancerOvarian_CancerLung_CancerBile_Duct_CancerPancreatic_CancerDuodenal_CancerBreast_CancerColorectal_Cancer
[1] "Sample_type levels"
[1] "Cancer" "Other" 
starting worker pid=20085 on localhost:11910 at 18:51:18.118
starting worker pid=20109 on localhost:11910 at 18:51:18.432
starting worker pid=20133 on localhost:11910 at 18:51:18.749
starting worker pid=20159 on localhost:11910 at 18:51:19.062
starting worker pid=20183 on localhost:11910 at 18:51:19.377
starting worker pid=20207 on localhost:11910 at 18:51:19.696
starting worker pid=20232 on localhost:11910 at 18:51:20.011
starting worker pid=20256 on localhost:11910 at 18:51:20.463
starting worker pid=20280 on localhost:11910 at 18:51:20.776
starting worker pid=20304 on localhost:11910 at 18:51:21.089
Registered S3 methods overwritten by 'ggplot2':
  method         from 
  [.quosures     rlang
  c.quosures     rlang
  print.quosures rlang
Registered S3 methods overwritten by 'ggplot2':
  method         from 
  [.quosures     rlang
  c.quosures     rlang
  print.quosures rlang
Registered S3 methods overwritten by 'ggplot2':
  method         from 
  [.quosures     rlang
  c.quosures     rlang
  print.quosures rlang
Registered S3 methods overwritten by 'ggplot2':
  method         from 
  [.quosures     rlang
  c.quosures     rlang
  print.quosures rlang
Registered S3 methods overwritten by 'ggplot2':
  method         from 
  [.quosures     rlang
  c.quosures     rlang
  print.quosures rlang
Registered S3 methods overwritten by 'ggplot2':
  method         from 
  [.quosures     rlang
  c.quosures     rlang
  print.quosures rlang
Registered S3 methods overwritten by 'ggplot2':
  method         from 
  [.quosures     rlang
  c.quosures     rlang
  print.quosures rlang
Registered S3 method overwritten by 'rvest':
  method            from
  read_xml.response xml2
── Attaching packages ─────────────────────────────────────── tidyverse 1.2.1 ──
✔ ggplot2 3.1.1       ✔ purrr   0.3.2  
✔ tibble  2.1.1       ✔ dplyr   0.8.0.1
✔ tidyr   0.8.3       ✔ stringr 1.4.0  
✔ readr   1.3.1       ✔ forcats 0.4.0  
Registered S3 methods overwritten by 'ggplot2':
  method         from 
  [.quosures     rlang
  c.quosures     rlang
  print.quosures rlang
Registered S3 method overwritten by 'rvest':
  method            from
  read_xml.response xml2
Registered S3 method overwritten by 'rvest':
  method            from
  read_xml.response xml2
── Attaching packages ─────────────────────────────────────── tidyverse 1.2.1 ──
── Attaching packages ─────────────────────────────────────── tidyverse 1.2.1 ──
Registered S3 methods overwritten by 'ggplot2':
  method         from 
  [.quosures     rlang
  c.quosures     rlang
  print.quosures rlang
✔ ggplot2 3.1.1       ✔ purrr   0.3.2  
✔ tibble  2.1.1       ✔ dplyr   0.8.0.1
✔ tidyr   0.8.3       ✔ stringr 1.4.0  
✔ readr   1.3.1       ✔ forcats 0.4.0  
✔ ggplot2 3.1.1       ✔ purrr   0.3.2  
✔ tibble  2.1.1       ✔ dplyr   0.8.0.1
✔ tidyr   0.8.3       ✔ stringr 1.4.0  
✔ readr   1.3.1       ✔ forcats 0.4.0  
Registered S3 method overwritten by 'rvest':
  method            from
  read_xml.response xml2
── Conflicts ────────────────────────────────────────── tidyverse_conflicts() ──
✖ dplyr::filter() masks stats::filter()
✖ dplyr::lag()    masks stats::lag()
✖ dplyr::select() masks MASS::select()
Loading required package: foreach

Attaching package: ‘foreach’

The following objects are masked from ‘package:purrr’:

    accumulate, when

Loading required package: rngtools
Loading required package: pkgmaker
Loading required package: registry
── Attaching packages ─────────────────────────────────────── tidyverse 1.2.1 ──
Registered S3 method overwritten by 'rvest':
  method            from
  read_xml.response xml2
✔ ggplot2 3.1.1       ✔ purrr   0.3.2  
✔ tibble  2.1.1       ✔ dplyr   0.8.0.1
✔ tidyr   0.8.3       ✔ stringr 1.4.0  
✔ readr   1.3.1       ✔ forcats 0.4.0  
Registered S3 methods overwritten by 'ggplot2':
  method         from 
  [.quosures     rlang
  c.quosures     rlang
  print.quosures rlang
── Conflicts ────────────────────────────────────────── tidyverse_conflicts() ──
✖ dplyr::filter() masks stats::filter()
✖ dplyr::lag()    masks stats::lag()
✖ dplyr::select() masks MASS::select()
── Conflicts ────────────────────────────────────────── tidyverse_conflicts() ──
✖ dplyr::filter() masks stats::filter()
✖ dplyr::lag()    masks stats::lag()
✖ dplyr::select() masks MASS::select()
Loading required package: foreach
Loading required package: foreach
Registered S3 method overwritten by 'rvest':
  method            from
  read_xml.response xml2
── Attaching packages ─────────────────────────────────────── tidyverse 1.2.1 ──

Attaching package: ‘foreach’


Attaching package: ‘foreach’

The following objects are masked from ‘package:purrr’:

    accumulate, when

The following objects are masked from ‘package:purrr’:

    accumulate, when

Loading required package: rngtools
Loading required package: rngtools
✔ ggplot2 3.1.1       ✔ purrr   0.3.2  
✔ tibble  2.1.1       ✔ dplyr   0.8.0.1
✔ tidyr   0.8.3       ✔ stringr 1.4.0  
✔ readr   1.3.1       ✔ forcats 0.4.0  

Attaching package: ‘pkgmaker’

The following object is masked from ‘package:base’:

    isFALSE

Loading required package: pkgmaker
Loading required package: pkgmaker
Loading required package: registry
Loading required package: registry
── Attaching packages ─────────────────────────────────────── tidyverse 1.2.1 ──
── Conflicts ────────────────────────────────────────── tidyverse_conflicts() ──
✖ dplyr::filter() masks stats::filter()
✖ dplyr::lag()    masks stats::lag()
✖ dplyr::select() masks MASS::select()
Loading required package: foreach
✔ ggplot2 3.1.1       ✔ purrr   0.3.2  
✔ tibble  2.1.1       ✔ dplyr   0.8.0.1
✔ tidyr   0.8.3       ✔ stringr 1.4.0  
✔ readr   1.3.1       ✔ forcats 0.4.0  

Attaching package: ‘foreach’

The following objects are masked from ‘package:purrr’:

    accumulate, when

Loading required package: rngtools
Registered S3 method overwritten by 'rvest':
  method            from
  read_xml.response xml2
Loading required package: pkgmaker
Loading required package: registry
── Conflicts ────────────────────────────────────────── tidyverse_conflicts() ──
✖ dplyr::filter() masks stats::filter()
✖ dplyr::lag()    masks stats::lag()
✖ dplyr::select() masks MASS::select()
Loading required package: foreach
Registered S3 method overwritten by 'rvest':
  method            from
  read_xml.response xml2

Attaching package: ‘foreach’

The following objects are masked from ‘package:purrr’:

    accumulate, when

Loading required package: rngtools

Attaching package: ‘pkgmaker’

── Attaching packages ─────────────────────────────────────── tidyverse 1.2.1 ──
The following object is masked from ‘package:base’:

    isFALSE

Loading required package: pkgmaker

Attaching package: ‘pkgmaker’

The following object is masked from ‘package:base’:

    isFALSE

✔ ggplot2 3.1.1       ✔ purrr   0.3.2  
✔ tibble  2.1.1       ✔ dplyr   0.8.0.1
✔ tidyr   0.8.3       ✔ stringr 1.4.0  
✔ readr   1.3.1       ✔ forcats 0.4.0  
Loading required package: registry
── Attaching packages ─────────────────────────────────────── tidyverse 1.2.1 ──
── Conflicts ────────────────────────────────────────── tidyverse_conflicts() ──
✖ dplyr::filter() masks stats::filter()
✖ dplyr::lag()    masks stats::lag()
✖ dplyr::select() masks MASS::select()

Attaching package: ‘pkgmaker’

The following object is masked from ‘package:base’:

    isFALSE

✔ ggplot2 3.1.1       ✔ purrr   0.3.2  
✔ tibble  2.1.1       ✔ dplyr   0.8.0.1
✔ tidyr   0.8.3       ✔ stringr 1.4.0  
✔ readr   1.3.1       ✔ forcats 0.4.0  
Loading required package: foreach
Registered S3 method overwritten by 'rvest':
  method            from
  read_xml.response xml2

Attaching package: ‘foreach’

The following objects are masked from ‘package:purrr’:

    accumulate, when

Loading required package: rngtools
Loading required package: pkgmaker
Loading required package: registry

Attaching package: ‘pkgmaker’

The following object is masked from ‘package:base’:

    isFALSE

── Attaching packages ─────────────────────────────────────── tidyverse 1.2.1 ──
✔ ggplot2 3.1.1       ✔ purrr   0.3.2  
✔ tibble  2.1.1       ✔ dplyr   0.8.0.1
✔ tidyr   0.8.3       ✔ stringr 1.4.0  
✔ readr   1.3.1       ✔ forcats 0.4.0  
── Conflicts ────────────────────────────────────────── tidyverse_conflicts() ──
✖ dplyr::filter() masks stats::filter()
✖ dplyr::lag()    masks stats::lag()
✖ dplyr::select() masks MASS::select()
Loading required package: foreach

Attaching package: ‘foreach’

The following objects are masked from ‘package:purrr’:

    accumulate, when

Loading required package: rngtools
Loading required package: pkgmaker

Attaching package: ‘pkgmaker’

The following object is masked from ‘package:base’:

    isFALSE

Loading required package: registry
── Conflicts ────────────────────────────────────────── tidyverse_conflicts() ──
✖ dplyr::filter() masks stats::filter()
✖ dplyr::lag()    masks stats::lag()
✖ dplyr::select() masks MASS::select()
Loading required package: foreach

Attaching package: ‘foreach’

The following objects are masked from ‘package:purrr’:

    accumulate, when

Registered S3 method overwritten by 'rvest':
  method            from
  read_xml.response xml2
Loading required package: rngtools
Loading required package: pkgmaker
Loading required package: registry
── Attaching packages ─────────────────────────────────────── tidyverse 1.2.1 ──

Attaching package: ‘pkgmaker’

The following object is masked from ‘package:base’:

    isFALSE

── Conflicts ────────────────────────────────────────── tidyverse_conflicts() ──
✖ dplyr::filter() masks stats::filter()
✖ dplyr::lag()    masks stats::lag()
✖ dplyr::select() masks MASS::select()
Loading required package: foreach
✔ ggplot2 3.1.1       ✔ purrr   0.3.2  
✔ tibble  2.1.1       ✔ dplyr   0.8.0.1
✔ tidyr   0.8.3       ✔ stringr 1.4.0  
✔ readr   1.3.1       ✔ forcats 0.4.0  

Attaching package: ‘foreach’

The following objects are masked from ‘package:purrr’:

    accumulate, when

Loading required package: rngtools
Loading required package: pkgmaker

Attaching package: ‘pkgmaker’

The following object is masked from ‘package:base’:

    isFALSE

Loading required package: registry

Attaching package: ‘pkgmaker’

The following object is masked from ‘package:base’:

    isFALSE

── Conflicts ────────────────────────────────────────── tidyverse_conflicts() ──
✖ dplyr::filter() masks stats::filter()
✖ dplyr::lag()    masks stats::lag()
✖ dplyr::select() masks MASS::select()
Loading required package: foreach

Attaching package: ‘foreach’

The following objects are masked from ‘package:purrr’:

    accumulate, when

Loading required package: rngtools
Loading required package: pkgmaker
Loading required package: registry

Attaching package: ‘pkgmaker’

The following object is masked from ‘package:base’:

    isFALSE

Lung_Cancer
Lung_Cancer
CV repetition number: 1
CV repetition number: 2
Lung_Cancer
Lung_Cancer
Lung_Cancer
Lung_Cancer
Lung_Cancer
Lung_Cancer
Lung_Cancer
Lung_Cancer
CV repetition number: 3
CV repetition number: 10
CV repetition number: 4
CV repetition number: 5
CV repetition number: 6
CV repetition number: 7
CV repetition number: 8
CV repetition number: 9
CV inner loop, CV rep number: 1
CV inner loop, CV rep number: 2
CV inner loop, CV rep number: 10
CV inner loop, CV rep number: 3
CV inner loop, CV rep number: 4
CV inner loop, CV rep number: 5
CV inner loop, CV rep number: 6
CV inner loop, CV rep number: 7
CV inner loop, CV rep number: 8
CV inner loop, CV rep number: 9
CV inner loop, CV rep number: 7
CV inner loop, CV rep number: 10
CV inner loop, CV rep number: 4
CV inner loop, CV rep number: 6
CV inner loop, CV rep number: 1
CV inner loop, CV rep number: 5
CV inner loop, CV rep number: 9
CV inner loop, CV rep number: 8
CV inner loop, CV rep number: 2
CV inner loop, CV rep number: 3
CV inner loop, CV rep number: 6
CV inner loop, CV rep number: 8
CV inner loop, CV rep number: 10
CV inner loop, CV rep number: 5
CV inner loop, CV rep number: 4
CV inner loop, CV rep number: 7
CV inner loop, CV rep number: 1
CV inner loop, CV rep number: 9
CV inner loop, CV rep number: 2
CV inner loop, CV rep number: 3
CV inner loop, CV rep number: 6
CV inner loop, CV rep number: 5
CV inner loop, CV rep number: 10
CV inner loop, CV rep number: 8
CV inner loop, CV rep number: 7
CV inner loop, CV rep number: 4
CV inner loop, CV rep number: 1
CV inner loop, CV rep number: 9
CV inner loop, CV rep number: 2
CV inner loop, CV rep number: 3
CV inner loop, CV rep number: 6
CV inner loop, CV rep number: 5
CV inner loop, CV rep number: 7
CV inner loop, CV rep number: 10
CV inner loop, CV rep number: 4
CV inner loop, CV rep number: 8
CV inner loop, CV rep number: 1
CV inner loop, CV rep number: 9
CV inner loop, CV rep number: 2
CV inner loop, CV rep number: 3
CV inner loop, CV rep number: 5
CV inner loop, CV rep number: 6
CV inner loop, CV rep number: 10
CV inner loop, CV rep number: 4
CV inner loop, CV rep number: 7
CV inner loop, CV rep number: 8
CV inner loop, CV rep number: 1
CV inner loop, CV rep number: 2
CV inner loop, CV rep number: 9
CV inner loop, CV rep number: 3
CV inner loop, CV rep number: 5
CV inner loop, CV rep number: 6
CV inner loop, CV rep number: 4
CV inner loop, CV rep number: 10
CV inner loop, CV rep number: 7
CV inner loop, CV rep number: 8
CV inner loop, CV rep number: 1
CV inner loop, CV rep number: 9
CV inner loop, CV rep number: 2
CV inner loop, CV rep number: 3
CV inner loop, CV rep number: 5
CV inner loop, CV rep number: 7
CV inner loop, CV rep number: 8
CV inner loop, CV rep number: 2
CV inner loop, CV rep number: 1
CV inner loop, CV rep number: 9
CV inner loop, CV rep number: 6
CV inner loop, CV rep number: 10
CV inner loop, CV rep number: 3
CV inner loop, CV rep number: 4
CV inner loop, CV rep number: 5
CV inner loop, CV rep number: 7
CV inner loop, CV rep number: 9
CV inner loop, CV rep number: 8
CV inner loop, CV rep number: 2
CV inner loop, CV rep number: 1
CV inner loop, CV rep number: 6
CV inner loop, CV rep number: 3
CV inner loop, CV rep number: 10
CV inner loop, CV rep number: 4
CV inner loop, CV rep number: 5
CV inner loop, CV rep number: 10
CV inner loop, CV rep number: 6
CV inner loop, CV rep number: 3
CV inner loop, CV rep number: 8
CV inner loop, CV rep number: 9
CV inner loop, CV rep number: 4
CV inner loop, CV rep number: 7
CV inner loop, CV rep number: 2
CV inner loop, CV rep number: 1
[1] "Results: "
  observed CV_rep {class_type}_pred
1    Other      1       0.041927246
2    Other      1       0.072381304
3    Other      1       0.006735394
4    Other      1       0.079831143
5Warning messages:
    Other      1Warning messages:
1:        0.110133292Warning messages:

6    Other1:       1In lda.default(x, grouping, ...) :Warning messages:
1: In lda.default(x, grouping, ...) : variables are collinear
2: In lda.default(x, grouping, ...) : variables are collinear
3: In lda.default(x, grouping, ...) : variables are collinear
4: In lda.default(x, grouping, ...) : variables are collinear
5: In lda.default(x, grouping, ...) : variables are collinear
6: In lda.default(x, grouping, ...) : variables are collinear
7: In lda.default(x, grouping, ...) : variables are collinear
8: In lda.default(x, grouping, ...) : variables are collinear
9: In lda.default(x, grouping, ...) : variables are collinear
10: In lda.default(x, grouping, ...) : variables are collinear
Warning messages:
In lda.default(x, grouping, ...) : variables are collinear
2: In lda.default(x, grouping, ...) : variables are collinear
3: In lda.default(x, grouping, ...) : variables are collinear
4: In lda.default(x, grouping, ...) : variables are collinear
5: In lda.default(x, grouping, ...) : variables are collinear
6: In lda.default(x, grouping, ...) : variables are collinear
7: In lda.default(x, grouping, ...) : variables are collinear
8: In lda.default(x, grouping, ...) : variables are collinear
9: In lda.default(x, grouping, ...) : variables are collinear
10: In lda.default(x, grouping, ...) : variables are collinear
Warning messages:
Warning messages:
Warning messages:
1: In lda.default(x, grouping, ...) : variables are collinear
2: In lda.default(x, grouping, ...) : variables are collinear
3: In lda.default(x, grouping, ...) : variables are collinear
4: In lda.default(x, grouping, ...) : variables are collinear
5: In lda.default(x, grouping, ...) : variables are collinear
6: In lda.default(x, grouping, ...) : variables are collinear
7: In lda.default(x, grouping, ...) : variables are collinear
8: In lda.default(x, grouping, ...) : variables are collinear
9: In lda.default(x, grouping, ...) : variables are collinear
10: In lda.default(x, grouping, ...) : variables are collinear
       0.034434718
Warning messages:
Warning messages:
 variables are collinear
2: In lda.default(x, grouping, ...) : variables are collinear
3: In lda.default(x, grouping, ...) : variables are collinear
4: In lda.default(x, grouping, ...) : variables are collinear
5: In lda.default(x, grouping, ...) : variables are collinear
6: In lda.default(x, grouping, ...) : variables are collinear
7: In lda.default(x, grouping, ...) : variables are collinear
8: In lda.default(x, grouping, ...) : variables are collinear
9: In lda.default(x, grouping, ...) : variables are collinear
10: In lda.default(x, grouping, ...) : variables are collinear
1: 1: In lda.default(x, grouping, ...) : variables are collinear
2: In lda.default(x, grouping, ...) : variables are collinear
3: In lda.default(x, grouping, ...) : variables are collinear
4: In lda.default(x, grouping, ...) : variables are collinear
5: In lda.default(x, grouping, ...) : variables are collinear
6: In lda.default(x, grouping, ...) : variables are collinear
7: In lda.default(x, grouping, ...) : variables are collinear
8: In lda.default(x, grouping, ...) : variables are collinear
9: In lda.default(x, grouping, ...) : variables are collinear
10: In lda.default(x, grouping, ...) : variables are collinear
1: 1: 1: In lda.default(x, grouping, ...) : variables are collinear
2: In lda.default(x, grouping, ...) : variables are collinear
3: In lda.default(x, grouping, ...) : variables are collinear
4: In lda.default(x, grouping, ...) : variables are collinear
5: In lda.default(x, grouping, ...) : variables are collinear
6: In lda.default(x, grouping, ...) : variables are collinear
7: In lda.default(x, grouping, ...) : variables are collinear
8: In lda.default(x, grouping, ...) : variables are collinear
9: In lda.default(x, grouping, ...) : variables are collinear
10: In lda.default(x, grouping, ...) : variables are collinear
1: In lda.default(x, grouping, ...) : variables are collinear
In lda.default(x, grouping, ...) : variables are collinear
2: In lda.default(x, grouping, ...) : variables are collinear
3: In lda.default(x, grouping, ...) : variables are collinear
4: In lda.default(x, grouping, ...) : variables are collinear
5: In lda.default(x, grouping, ...) : variables are collinear
In lda.default(x, grouping, ...) :In lda.default(x, grouping, ...) : variables are collinear
2: 2: 6: In lda.default(x, grouping, ...) : variables are collinear
7: In lda.default(x, grouping, ...) : variables are collinear
8: In lda.default(x, grouping, ...) : variables are collinear
9: In lda.default(x, grouping, ...) : variables are collinear
10: In lda.default(x, grouping, ...) : variables are collinear
 variables are collinear
In lda.default(x, grouping, ...) :In lda.default(x, grouping, ...) :2:  variables are collinear
 variables are collinear
In lda.default(x, grouping, ...) :3: 3:  variables are collinear
In lda.default(x, grouping, ...) :In lda.default(x, grouping, ...) :3:  variables are collinear
 variables are collinear
In lda.default(x, grouping, ...) :4: 4:  variables are collinear
In lda.default(x, grouping, ...) :In lda.default(x, grouping, ...) :4:  variables are collinear
 variables are collinear
In lda.default(x, grouping, ...) :5: In lda.default(x, grouping, ...) :5:  variables are collinear
 variables are collinear
In lda.default(x, grouping, ...) : variables are collinear
5: 6: 6: In lda.default(x, grouping, ...) :In lda.default(x, grouping, ...) :In lda.default(x, grouping, ...) : variables are collinear
 variables are collinear
 variables are collinear
7: 6: 7: In lda.default(x, grouping, ...) :In lda.default(x, grouping, ...) :In lda.default(x, grouping, ...) : variables are collinear
 variables are collinear
 variables are collinear
8: 7: 8: In lda.default(x, grouping, ...) :In lda.default(x, grouping, ...) :In lda.default(x, grouping, ...) : variables are collinear
 variables are collinear
 variables are collinear
9: 8: 9: In lda.default(x, grouping, ...) :In lda.default(x, grouping, ...) :In lda.default(x, grouping, ...) : variables are collinear
 variables are collinear
 variables are collinear
10: 9: 10: In lda.default(x, grouping, ...) :In lda.default(x, grouping, ...) :In lda.default(x, grouping, ...) : variables are collinear
 variables are collinear
 variables are collinear
10: In lda.default(x, grouping, ...) : variables are collinear
[Sun Nov 28 18:58:52 2021]
Finished job 0.
1 of 1 steps (100%) done
