Building DAG of jobs...
Using shell: /usr/bin/bash
Provided cores: 10
Rules claiming more threads will be scaled down.
Select jobs to execute...

[Mon Nov 29 02:16:53 2021]
rule binomial_classification:
    input: data/ATAC_predictions_train_20_predict_80/Full_data_ATAC_pred_lasso_formatted_standardized.rds, data/sample_types.txt
    output: Classification_output/Binomial_models_output/SVM_radial_Predictions_Full_data_Colorectal_Cancer.rds
    jobid: 0
    wildcards: model_binomial=SVM_radial, class_type=Colorectal_Cancer
    threads: 10
    resources: mem_mb=200000, disk_mb=1000, tmpdir=/scratch/57524603, time=20:00:00

Rscript --vanilla /faststorage/project/DELFI1/Workspaces/CarmenAndAnika/.snakemake/scripts/tmpby27sdm9.SVM_radial.R
Activating conda environment: /faststorage/project/DELFI1/Workspaces/CarmenAndAnika/.snakemake/conda/411837606499b7823565885a8a388b12
Registered S3 methods overwritten by 'ggplot2':
  method         from 
  [.quosures     rlang
  c.quosures     rlang
  print.quosures rlang
Registered S3 method overwritten by 'rvest':
  method            from
  read_xml.response xml2
── Attaching packages ─────────────────────────────────────── tidyverse 1.2.1 ──
✔ ggplot2 3.1.1       ✔ purrr   0.3.2  
✔ tibble  2.1.1       ✔ dplyr   0.8.0.1
✔ tidyr   0.8.3       ✔ stringr 1.4.0  
✔ readr   1.3.1       ✔ forcats 0.4.0  
── Conflicts ────────────────────────────────────────── tidyverse_conflicts() ──
✖ dplyr::filter() masks stats::filter()
✖ dplyr::lag()    masks stats::lag()
Loading required package: lattice

Attaching package: ‘caret’

The following object is masked from ‘package:purrr’:

    lift

Type 'citation("pROC")' for a citation.

Attaching package: ‘pROC’

The following objects are masked from ‘package:stats’:

    cov, smooth, var

Warning: unable to access index for repository http://cran.us.r-project.org/src/contrib/kernlab_0.9-29.tar.gz/src/contrib:
  cannot open URL 'http://cran.us.r-project.org/src/contrib/kernlab_0.9-29.tar.gz/src/contrib/PACKAGES'
Warning message:
package ‘kernlab’ is not available (for R version 3.6.1) 

Attaching package: ‘kernlab’

The following object is masked from ‘package:purrr’:

    cross

The following object is masked from ‘package:ggplot2’:

    alpha

Loading required package: foreach

Attaching package: ‘foreach’

The following objects are masked from ‘package:purrr’:

    accumulate, when

Loading required package: iterators
Loading required package: parallel
Loading required package: rngtools
Loading required package: pkgmaker
Loading required package: registry

Attaching package: ‘pkgmaker’

The following object is masked from ‘package:base’:

    isFALSE

Warning: unable to access index for repository http://cran.us.r-project.org/src/contrib/splitTools_0.3.1.tar.gz/src/contrib:
  cannot open URL 'http://cran.us.r-project.org/src/contrib/splitTools_0.3.1.tar.gz/src/contrib/PACKAGES'
Warning message:
package ‘splitTools’ is not available (for R version 3.6.1) 
Gastric_cancerOvarian_CancerLung_CancerBile_Duct_CancerPancreatic_CancerDuodenal_CancerBreast_CancerColorectal_Cancer
[1] "Sample_type levels"
[1] "Cancer" "Other" 
starting worker pid=14734 on localhost:11370 at 02:17:07.187
starting worker pid=14759 on localhost:11370 at 02:17:07.512
starting worker pid=14783 on localhost:11370 at 02:17:07.841
starting worker pid=14807 on localhost:11370 at 02:17:08.171
starting worker pid=14831 on localhost:11370 at 02:17:08.499
starting worker pid=14855 on localhost:11370 at 02:17:08.829
starting worker pid=14879 on localhost:11370 at 02:17:09.158
starting worker pid=14904 on localhost:11370 at 02:17:09.489
starting worker pid=14929 on localhost:11370 at 02:17:09.818
starting worker pid=14954 on localhost:11370 at 02:17:10.149
Loading required package: lattice
Loading required package: ggplot2
Loading required package: lattice
Loading required package: ggplot2
Loading required package: lattice
Loading required package: ggplot2
Loading required package: lattice
Loading required package: ggplot2
Loading required package: lattice
Loading required package: ggplot2
Loading required package: lattice
Registered S3 methods overwritten by 'ggplot2':
  method         from 
  [.quosures     rlang
  c.quosures     rlang
  print.quosures rlang
Loading required package: ggplot2
Registered S3 methods overwritten by 'ggplot2':
  method         from 
  [.quosures     rlang
  c.quosures     rlang
  print.quosures rlang
Loading required package: lattice
Loading required package: ggplot2
Loading required package: lattice
Registered S3 methods overwritten by 'ggplot2':
  method         from 
  [.quosures     rlang
  c.quosures     rlang
  print.quosures rlang
Loading required package: ggplot2
Loading required package: lattice
Registered S3 methods overwritten by 'ggplot2':
  method         from 
  [.quosures     rlang
  c.quosures     rlang
  print.quosures rlang
Loading required package: ggplot2
Loading required package: lattice
Registered S3 methods overwritten by 'ggplot2':
  method         from 
  [.quosures     rlang
  c.quosures     rlang
  print.quosures rlang
Loading required package: ggplot2
Registered S3 methods overwritten by 'ggplot2':
  method         from 
  [.quosures     rlang
  c.quosures     rlang
  print.quosures rlang
Registered S3 methods overwritten by 'ggplot2':
  method         from 
  [.quosures     rlang
  c.quosures     rlang
  print.quosures rlang
Registered S3 methods overwritten by 'ggplot2':
  method         from 
  [.quosures     rlang
  c.quosures     rlang
  print.quosures rlang
Registered S3 methods overwritten by 'ggplot2':
  method         from 
  [.quosures     rlang
  c.quosures     rlang
  print.quosures rlang
Registered S3 methods overwritten by 'ggplot2':
  method         from 
  [.quosures     rlang
  c.quosures     rlang
  print.quosures rlang
Registered S3 method overwritten by 'rvest':
  method            from
  read_xml.response xml2
── Attaching packages ─────────────────────────────────────── tidyverse 1.2.1 ──
✔ tibble  2.1.1       ✔ purrr   0.3.2  
✔ tidyr   0.8.3       ✔ dplyr   0.8.0.1
✔ readr   1.3.1       ✔ stringr 1.4.0  
✔ tibble  2.1.1       ✔ forcats 0.4.0  
Registered S3 method overwritten by 'rvest':
  method            from
  read_xml.response xml2
Registered S3 method overwritten by 'rvest':
  method            from
  read_xml.response xml2
── Attaching packages ─────────────────────────────────────── tidyverse 1.2.1 ──
✔ tibble  2.1.1       ✔ purrr   0.3.2  
✔ tidyr   0.8.3       ✔ dplyr   0.8.0.1
✔ readr   1.3.1       ✔ stringr 1.4.0  
✔ tibble  2.1.1       ✔ forcats 0.4.0  
── Conflicts ────────────────────────────────────────── tidyverse_conflicts() ──
✖ dplyr::filter() masks stats::filter()
✖ dplyr::lag()    masks stats::lag()
✖ purrr::lift()   masks caret::lift()
── Attaching packages ─────────────────────────────────────── tidyverse 1.2.1 ──
Registered S3 method overwritten by 'rvest':
  method            from
  read_xml.response xml2
✔ tibble  2.1.1       ✔ purrr   0.3.2  
✔ tidyr   0.8.3       ✔ dplyr   0.8.0.1
✔ readr   1.3.1       ✔ stringr 1.4.0  
✔ tibble  2.1.1       ✔ forcats 0.4.0  
── Attaching packages ─────────────────────────────────────── tidyverse 1.2.1 ──
✔ tibble  2.1.1       ✔ purrr   0.3.2  
✔ tidyr   0.8.3       ✔ dplyr   0.8.0.1
✔ readr   1.3.1       ✔ stringr 1.4.0  
✔ tibble  2.1.1       ✔ forcats 0.4.0  
── Conflicts ────────────────────────────────────────── tidyverse_conflicts() ──
✖ dplyr::filter() masks stats::filter()
✖ dplyr::lag()    masks stats::lag()
✖ purrr::lift()   masks caret::lift()
Registered S3 method overwritten by 'rvest':
  method            from
  read_xml.response xml2
── Conflicts ────────────────────────────────────────── tidyverse_conflicts() ──
✖ dplyr::filter() masks stats::filter()
✖ dplyr::lag()    masks stats::lag()
✖ purrr::lift()   masks caret::lift()
Registered S3 method overwritten by 'rvest':
  method            from
  read_xml.response xml2
── Attaching packages ─────────────────────────────────────── tidyverse 1.2.1 ──
✔ tibble  2.1.1       ✔ purrr   0.3.2  
✔ tidyr   0.8.3       ✔ dplyr   0.8.0.1
✔ readr   1.3.1       ✔ stringr 1.4.0  
✔ tibble  2.1.1       ✔ forcats 0.4.0  
── Conflicts ────────────────────────────────────────── tidyverse_conflicts() ──
✖ dplyr::filter() masks stats::filter()
✖ dplyr::lag()    masks stats::lag()
✖ purrr::lift()   masks caret::lift()
── Attaching packages ─────────────────────────────────────── tidyverse 1.2.1 ──
✔ tibble  2.1.1       ✔ purrr   0.3.2  
✔ tidyr   0.8.3       ✔ dplyr   0.8.0.1
✔ readr   1.3.1       ✔ stringr 1.4.0  
✔ tibble  2.1.1       ✔ forcats 0.4.0  
Registered S3 method overwritten by 'rvest':
  method            from
  read_xml.response xml2
── Conflicts ────────────────────────────────────────── tidyverse_conflicts() ──
✖ dplyr::filter() masks stats::filter()
✖ dplyr::lag()    masks stats::lag()
✖ purrr::lift()   masks caret::lift()
Registered S3 method overwritten by 'rvest':
  method            from
  read_xml.response xml2
── Attaching packages ─────────────────────────────────────── tidyverse 1.2.1 ──
✔ tibble  2.1.1       ✔ purrr   0.3.2  
✔ tidyr   0.8.3       ✔ dplyr   0.8.0.1
✔ readr   1.3.1       ✔ stringr 1.4.0  
✔ tibble  2.1.1       ✔ forcats 0.4.0  
── Conflicts ────────────────────────────────────────── tidyverse_conflicts() ──
✖ dplyr::filter() masks stats::filter()
✖ dplyr::lag()    masks stats::lag()
✖ purrr::lift()   masks caret::lift()
── Attaching packages ─────────────────────────────────────── tidyverse 1.2.1 ──
Registered S3 method overwritten by 'rvest':
  method            from
  read_xml.response xml2
✔ tibble  2.1.1       ✔ purrr   0.3.2  
✔ tidyr   0.8.3       ✔ dplyr   0.8.0.1
✔ readr   1.3.1       ✔ stringr 1.4.0  
✔ tibble  2.1.1       ✔ forcats 0.4.0  

Attaching package: ‘kernlab’

The following object is masked from ‘package:purrr’:

    cross

The following object is masked from ‘package:ggplot2’:

    alpha

Loading required package: foreach

Attaching package: ‘foreach’

The following objects are masked from ‘package:purrr’:

    accumulate, when

Loading required package: rngtools
Loading required package: pkgmaker
Registered S3 method overwritten by 'rvest':
  method            from
  read_xml.response xml2
Loading required package: registry
── Attaching packages ─────────────────────────────────────── tidyverse 1.2.1 ──
✔ tibble  2.1.1       ✔ purrr   0.3.2  
✔ tidyr   0.8.3       ✔ dplyr   0.8.0.1
✔ readr   1.3.1       ✔ stringr 1.4.0  
✔ tibble  2.1.1       ✔ forcats 0.4.0  
── Conflicts ────────────────────────────────────────── tidyverse_conflicts() ──
✖ dplyr::filter() masks stats::filter()
✖ dplyr::lag()    masks stats::lag()
✖ purrr::lift()   masks caret::lift()

Attaching package: ‘kernlab’

The following object is masked from ‘package:purrr’:

    cross

The following object is masked from ‘package:ggplot2’:

    alpha

Loading required package: foreach
── Attaching packages ─────────────────────────────────────── tidyverse 1.2.1 ──

Attaching package: ‘foreach’

The following objects are masked from ‘package:purrr’:

    accumulate, when

✔ tibble  2.1.1       ✔ purrr   0.3.2  
✔ tidyr   0.8.3       ✔ dplyr   0.8.0.1
✔ readr   1.3.1       ✔ stringr 1.4.0  
✔ tibble  2.1.1       ✔ forcats 0.4.0  
Loading required package: rngtools
── Conflicts ────────────────────────────────────────── tidyverse_conflicts() ──
✖ dplyr::filter() masks stats::filter()
✖ dplyr::lag()    masks stats::lag()
✖ purrr::lift()   masks caret::lift()

Attaching package: ‘pkgmaker’

The following object is masked from ‘package:base’:

    isFALSE

Loading required package: pkgmaker

Attaching package: ‘kernlab’

The following object is masked from ‘package:purrr’:

    cross

The following object is masked from ‘package:ggplot2’:

    alpha

Loading required package: registry
Loading required package: foreach

Attaching package: ‘foreach’

The following objects are masked from ‘package:purrr’:

    accumulate, when

Loading required package: rngtools
Loading required package: pkgmaker
── Conflicts ────────────────────────────────────────── tidyverse_conflicts() ──
✖ dplyr::filter() masks stats::filter()
✖ dplyr::lag()    masks stats::lag()
✖ purrr::lift()   masks caret::lift()
Loading required package: registry

Attaching package: ‘kernlab’

The following object is masked from ‘package:purrr’:

    cross

The following object is masked from ‘package:ggplot2’:

    alpha

Loading required package: foreach

Attaching package: ‘pkgmaker’

The following object is masked from ‘package:base’:

    isFALSE

── Conflicts ────────────────────────────────────────── tidyverse_conflicts() ──
✖ dplyr::filter() masks stats::filter()
✖ dplyr::lag()    masks stats::lag()
✖ purrr::lift()   masks caret::lift()

Attaching package: ‘foreach’

The following objects are masked from ‘package:purrr’:

    accumulate, when

Loading required package: rngtools
Loading required package: pkgmaker
Loading required package: registry

Attaching package: ‘pkgmaker’

The following object is masked from ‘package:base’:

    isFALSE


Attaching package: ‘kernlab’

The following object is masked from ‘package:purrr’:

    cross

The following object is masked from ‘package:ggplot2’:

    alpha

Loading required package: foreach

Attaching package: ‘foreach’

The following objects are masked from ‘package:purrr’:

    accumulate, when

Loading required package: rngtools
Loading required package: pkgmaker
Loading required package: registry

Attaching package: ‘pkgmaker’

The following object is masked from ‘package:base’:

    isFALSE


Attaching package: ‘kernlab’

The following object is masked from ‘package:purrr’:

    cross

The following object is masked from ‘package:ggplot2’:

    alpha

Loading required package: foreach

Attaching package: ‘foreach’

The following objects are masked from ‘package:purrr’:

    accumulate, when

Loading required package: rngtools
Loading required package: pkgmaker
Loading required package: registry

Attaching package: ‘pkgmaker’

The following object is masked from ‘package:base’:

    isFALSE


Attaching package: ‘kernlab’

The following object is masked from ‘package:purrr’:

    cross

The following object is masked from ‘package:ggplot2’:

    alpha

Loading required package: foreach

Attaching package: ‘pkgmaker’

The following object is masked from ‘package:base’:

    isFALSE


Attaching package: ‘foreach’

The following objects are masked from ‘package:purrr’:

    accumulate, when

Loading required package: rngtools
Loading required package: pkgmaker
Loading required package: registry

Attaching package: ‘kernlab’

The following object is masked from ‘package:purrr’:

    cross

The following object is masked from ‘package:ggplot2’:

    alpha

Loading required package: foreach

Attaching package: ‘foreach’

The following objects are masked from ‘package:purrr’:

    accumulate, when

Loading required package: rngtools
Loading required package: pkgmaker
Loading required package: registry

Attaching package: ‘pkgmaker’

The following object is masked from ‘package:base’:

    isFALSE


Attaching package: ‘kernlab’

The following object is masked from ‘package:purrr’:

    cross

The following object is masked from ‘package:ggplot2’:

    alpha

Loading required package: foreach

Attaching package: ‘foreach’

The following objects are masked from ‘package:purrr’:

    accumulate, when

Loading required package: rngtools
Loading required package: pkgmaker
Loading required package: registry

Attaching package: ‘kernlab’

The following object is masked from ‘package:purrr’:

    cross

The following object is masked from ‘package:ggplot2’:

    alpha

Loading required package: foreach

Attaching package: ‘pkgmaker’

The following object is masked from ‘package:base’:

    isFALSE


Attaching package: ‘foreach’

The following objects are masked from ‘package:purrr’:

    accumulate, when

Loading required package: rngtools
Loading required package: pkgmaker
Loading required package: registry

Attaching package: ‘pkgmaker’

The following object is masked from ‘package:base’:

    isFALSE


Attaching package: ‘pkgmaker’

The following object is masked from ‘package:base’:

    isFALSE

Colorectal_Cancer
Colorectal_Cancer
Colorectal_Cancer
Colorectal_Cancer
Colorectal_Cancer
Colorectal_Cancer
CV repetition number: 1
Colorectal_Cancer
Colorectal_Cancer
Colorectal_Cancer
Colorectal_Cancer
CV repetition number: 2
CV repetition number: 8
CV repetition number: 3
CV repetition number: 9
CV repetition number: 4
CV repetition number: 5
CV repetition number: 6
CV repetition number: 7
CV repetition number: 10
CV inner loop, CV rep number: 1
CV inner loop, CV rep number: 8
CV inner loop, CV rep number: 2
CV inner loop, CV rep number: 3
CV inner loop, CV rep number: 9
CV inner loop, CV rep number: 4
CV inner loop, CV rep number: 5
CV inner loop, CV rep number: 6
CV inner loop, CV rep number: 7
CV inner loop, CV rep number: 10
besttune C
0.25
besttune sigma
5.50208798780919e-05
besttune C
2
besttune sigma
5.68062778932891e-05
besttune C
1
besttune sigma
5.40189328710654e-05
besttune C
0.25
besttune sigma
5.56647669888656e-05
besttune C
2
besttune sigma
5.56113024775654e-05
besttune C
0.25
besttune sigma
5.48472676187202e-05
besttune C
0.25
besttune sigma
5.4290240860935e-05
besttune C
1
besttune sigma
5.76041061453692e-05
besttune C
4
besttune sigma
5.28145625956255e-05
besttune C
4
besttune sigma
5.44558221812429e-05
CV inner loop, CV rep number: 10
CV inner loop, CV rep number: 10
CV inner loop, CV rep number: 10
CV inner loop, CV rep number: 10
CV inner loop, CV rep number: 10
CV inner loop, CV rep number: 10
CV inner loop, CV rep number: 10
CV inner loop, CV rep number: 10
CV inner loop, CV rep number: 10
CV inner loop, CV rep number: 10
besttune C
4
besttune sigma
5.3130809472229e-05
besttune C
0.25
besttune sigma
5.50313420984982e-05
besttune C
1
besttune sigma
5.34777522902206e-05
besttune C
1
besttune sigma
5.57891912411203e-05
besttune C
1
besttune sigma
5.39885821143516e-05
besttune C
2
besttune sigma
5.2965242059995e-05
besttune C
2
besttune sigma
5.62819191828038e-05
besttune C
0.5
besttune sigma
5.29520428863352e-05
besttune C
0.25
besttune sigma
5.75135083691387e-05
besttune C
0.25
besttune sigma
5.27567088734613e-05
CV inner loop, CV rep number: 10
CV inner loop, CV rep number: 10
CV inner loop, CV rep number: 10
CV inner loop, CV rep number: 10
CV inner loop, CV rep number: 10
CV inner loop, CV rep number: 10
CV inner loop, CV rep number: 10
CV inner loop, CV rep number: 10
CV inner loop, CV rep number: 10
CV inner loop, CV rep number: 10
besttune C
0.5
besttune sigma
5.39346045864385e-05
besttune C
1
besttune sigma
5.77231654560722e-05
besttune C
1
besttune sigma
5.27936891637253e-05
besttune C
0.25
besttune sigma
5.21292361485427e-05
besttune C
0.25
besttune sigma
5.33379435708435e-05
besttune C
0.25
besttune sigma
5.8179928570116e-05
besttune C
0.25
besttune sigma
5.54423137211939e-05
besttune C
0.25
besttune sigma
5.64441761460974e-05
besttune C
0.25
besttune sigma
5.41002283757619e-05
besttune C
1
besttune sigma
5.79351806114459e-05
CV inner loop, CV rep number: 10
CV inner loop, CV rep number: 10
CV inner loop, CV rep number: 10
CV inner loop, CV rep number: 10
CV inner loop, CV rep number: 10
CV inner loop, CV rep number: 10
CV inner loop, CV rep number: 10
CV inner loop, CV rep number: 10
CV inner loop, CV rep number: 10
CV inner loop, CV rep number: 10
besttune C
0.5
besttune sigma
5.58453781649108e-05
besttune C
1
besttune sigma
5.33828575219431e-05
besttune C
0.25
besttune sigma
5.38207205950528e-05
besttune C
0.5
besttune sigma
5.30872552355109e-05
besttune C
0.25
besttune sigma
5.46846645223066e-05
besttune C
0.25
besttune sigma
5.35167863105092e-05
besttune C
besttune C
0.25
0.25
besttune sigma
besttune sigma
5.78027779176908e-05
5.41846568613236e-05
besttune C
1
besttune sigma
5.43098067048221e-05
besttune C
1
besttune sigma
5.29473268456838e-05
CV inner loop, CV rep number: 10
CV inner loop, CV rep number: 10
CV inner loop, CV rep number: 10
CV inner loop, CV rep number: 10
CV inner loop, CV rep number: 10
CV inner loop, CV rep number: 10
CV inner loop, CV rep number: 10
CV inner loop, CV rep number: 10
CV inner loop, CV rep number: 10
CV inner loop, CV rep number: 10
besttune C
1
besttune sigma
5.80832798959431e-05
besttune C
0.5
besttune sigma
5.78495145170061e-05
besttune C
2
besttune sigma
5.44794944800656e-05
besttune C
1
besttune sigma
5.43075144244381e-05
besttune C
0.5
besttune sigma
5.40172400995944e-05
besttune C
4
besttune sigma
5.55263111343631e-05
besttune C
0.25
besttune sigma
5.61879263187284e-05
besttune C
0.25
besttune sigma
5.55222098256004e-05
besttune C
0.25
besttune sigma
5.53244520781234e-05
besttune C
0.25
besttune sigma
5.53042607138468e-05
CV inner loop, CV rep number: 10
CV inner loop, CV rep number: 10
CV inner loop, CV rep number: 10
CV inner loop, CV rep number: 10
CV inner loop, CV rep number: 10
CV inner loop, CV rep number: 10
CV inner loop, CV rep number: 10
CV inner loop, CV rep number: 10
CV inner loop, CV rep number: 10
CV inner loop, CV rep number: 10
besttune C
1
besttune sigma
5.2770093033696e-05
besttune C
0.25
besttune sigma
5.46154543998876e-05
besttune C
0.25
besttune sigma
5.42200153740744e-05
besttune C
2
besttune sigma
5.71843327649584e-05
besttune C
0.5
besttune sigma
5.1192223037862e-05
besttune C
2
besttune sigma
5.43416392538432e-05
besttune C
0.25
besttune sigma
5.44927607514756e-05
besttune C
0.25
besttune sigma
5.53243795532967e-05
besttune C
1
besttune sigma
5.0159217012688e-05
besttune C
4
besttune sigma
5.55138238486169e-05
CV inner loop, CV rep number: 10
CV inner loop, CV rep number: 10
CV inner loop, CV rep number: 10
CV inner loop, CV rep number: 10
CV inner loop, CV rep number: 10
CV inner loop, CV rep number: 10
CV inner loop, CV rep number: 10
CV inner loop, CV rep number: 10
CV inner loop, CV rep number: 10
CV inner loop, CV rep number: 10
besttune C
0.5
besttune sigma
5.61181827068733e-05
besttune C
1
besttune sigma
5.51756812823665e-05
besttune C
0.5
besttune sigma
5.30280182470927e-05
besttune C
4
besttune sigma
5.34695094393932e-05
besttune C
2
besttune sigma
5.28695187782317e-05
besttune C
0.5
besttune sigma
5.79145832238729e-05
besttune C
0.25
besttune sigma
5.77904400139491e-05
besttune C
0.25
besttune sigma
5.20587327840106e-05
besttune C
0.25
besttune sigma
5.66141277456999e-05
besttune C
0.5
besttune sigma
5.63664963110565e-05
CV inner loop, CV rep number: 10
CV inner loop, CV rep number: 10
CV inner loop, CV rep number: 10
CV inner loop, CV rep number: 10
CV inner loop, CV rep number: 10
CV inner loop, CV rep number: 10
CV inner loop, CV rep number: 10
CV inner loop, CV rep number: 10
CV inner loop, CV rep number: 10
CV inner loop, CV rep number: 10
besttune C
2
besttune sigma
5.37065468787479e-05
besttune C
0.25
besttune sigma
5.65064109976239e-05
besttune C
2
besttune sigma
5.22580537259567e-05
besttune C
2
besttune sigma
5.33255511706692e-05
besttune C
0.25
besttune sigma
5.59445048548615e-05
besttune C
0.25
besttune sigma
5.44626479804493e-05
besttune C
1
besttune sigma
5.32750581165225e-05
besttune C
0.5
besttune sigma
5.69388931217745e-05
besttune C
0.25
besttune sigma
5.19494133148129e-05
besttune C
0.25
besttune sigma
5.59958363665333e-05
CV inner loop, CV rep number: 10
CV inner loop, CV rep number: 10
CV inner loop, CV rep number: 10
CV inner loop, CV rep number: 10
CV inner loop, CV rep number: 10
CV inner loop, CV rep number: 10
CV inner loop, CV rep number: 10
CV inner loop, CV rep number: 10
CV inner loop, CV rep number: 10
CV inner loop, CV rep number: 10
besttune C
0.25
besttune sigma
5.35906225376832e-05
besttune C
0.25
besttune sigma
5.4775912179328e-05
besttune C
2
besttune sigma
5.21685452945576e-05
besttune C
0.25
besttune sigma
5.29331053078269e-05
besttune C
0.25
besttune sigma
5.348479691167e-05
besttune C
2
besttune sigma
5.24442393696425e-05
besttune C
2
besttune sigma
6.10061682411896e-05
besttune C
1
besttune sigma
5.64883184931682e-05
besttune C
0.25
besttune sigma
5.31576086253443e-05
besttune C
0.5
besttune sigma
5.62614193290721e-05
CV inner loop, CV rep number: 10
CV inner loop, CV rep number: 10
CV inner loop, CV rep number: 10
CV inner loop, CV rep number: 10
CV inner loop, CV rep number: 10
CV inner loop, CV rep number: 10
CV inner loop, CV rep number: 10
CV inner loop, CV rep number: 10
CV inner loop, CV rep number: 10
CV inner loop, CV rep number: 10
besttune C
2
besttune sigma
5.39544315658985e-05
besttune C
0.25
besttune sigma
5.46872684816886e-05
besttune C
1
besttune sigma
5.26261059265821e-05
besttune C
0.5
besttune sigma
5.37005868786175e-05
besttune C
4
besttune sigma
5.58960955062227e-05
besttune C
0.25
besttune sigma
5.41560449552268e-05
besttune C
0.25
besttune sigma
5.59376789383547e-05
besttune C
1
besttune sigma
5.64799033281144e-05
besttune C
0.25
besttune sigma
5.71201535617541e-05
besttune C
0.5
besttune sigma
5.51635724117365e-05
[1] "Results: "
  observed CV_rep {class_type}_pred
1    Other      1        0.06652045
2    Other      1        0.07609907
3    Other      1        0.02354934
4    Other      1        0.08377818
5    Other      1        0.10363022
6    Other      1        0.07235155
[Mon Nov 29 03:51:16 2021]
Finished job 0.
1 of 1 steps (100%) done
