Building DAG of jobs...
Using shell: /usr/bin/bash
Provided cores: 10
Rules claiming more threads will be scaled down.
Select jobs to execute...

[Sun Nov 28 19:07:01 2021]
rule binomial_classification:
    input: data/ATAC_predictions_train_20_predict_80/Full_data_ATAC_pred_lasso_formatted_standardized.rds, data/sample_types.txt
    output: Classification_output/Binomial_models_output/Lasso_Predictions_Full_data_Breast_Cancer.rds
    jobid: 0
    wildcards: model_binomial=Lasso, class_type=Breast_Cancer
    threads: 10
    resources: mem_mb=200000, disk_mb=1000, tmpdir=/scratch/57523773, time=20:00:00

Rscript --vanilla /faststorage/project/DELFI1/Workspaces/CarmenAndAnika/.snakemake/scripts/tmp2usaju60.Lasso.R
Activating conda environment: /faststorage/project/DELFI1/Workspaces/CarmenAndAnika/.snakemake/conda/411837606499b7823565885a8a388b12
Registered S3 methods overwritten by 'ggplot2':
  method         from 
  [.quosures     rlang
  c.quosures     rlang
  print.quosures rlang
Registered S3 method overwritten by 'rvest':
  method            from
  read_xml.response xml2
── Attaching packages ─────────────────────────────────────── tidyverse 1.2.1 ──
✔ ggplot2 3.1.1       ✔ purrr   0.3.2  
✔ tibble  2.1.1       ✔ dplyr   0.8.0.1
✔ tidyr   0.8.3       ✔ stringr 1.4.0  
✔ readr   1.3.1       ✔ forcats 0.4.0  
── Conflicts ────────────────────────────────────────── tidyverse_conflicts() ──
✖ dplyr::filter() masks stats::filter()
✖ dplyr::lag()    masks stats::lag()
Type 'citation("pROC")' for a citation.

Attaching package: ‘pROC’

The following objects are masked from ‘package:stats’:

    cov, smooth, var

Loading required package: Matrix

Attaching package: ‘Matrix’

The following object is masked from ‘package:tidyr’:

    expand

Loading required package: foreach

Attaching package: ‘foreach’

The following objects are masked from ‘package:purrr’:

    accumulate, when

Loaded glmnet 2.0-16


Attaching package: ‘glmnet’

The following object is masked from ‘package:pROC’:

    auc


Attaching package: ‘glmnetUtils’

The following objects are masked from ‘package:glmnet’:

    cv.glmnet, glmnet

Warning message:
package ‘glmnetUtils’ was built under R version 3.6.3 
Warning: unable to access index for repository http://cran.us.r-project.org/src/contrib/splitTools_0.3.1.tar.gz/src/contrib:
  cannot open URL 'http://cran.us.r-project.org/src/contrib/splitTools_0.3.1.tar.gz/src/contrib/PACKAGES'
Warning message:
package ‘splitTools’ is not available (for R version 3.6.1) 
Warning message:
package ‘multiROC’ was built under R version 3.6.3 
dummies-1.5.6 provided by Decision Patterns

Warning message:
package ‘dummies’ was built under R version 3.6.3 
Loading required package: gplots

Attaching package: ‘gplots’

The following object is masked from ‘package:stats’:

    lowess

Loading required package: iterators
Loading required package: parallel
Loading required package: rngtools
Loading required package: pkgmaker
Loading required package: registry

Attaching package: ‘pkgmaker’

The following object is masked from ‘package:base’:

    isFALSE

Gastric_cancerOvarian_CancerLung_CancerBile_Duct_CancerPancreatic_CancerDuodenal_CancerBreast_CancerColorectal_Cancer
[1] "Sample_type levels"
[1] "Cancer" "Other" 
starting worker pid=24003 on localhost:11043 at 19:07:13.872
starting worker pid=24029 on localhost:11043 at 19:07:14.185
starting worker pid=24053 on localhost:11043 at 19:07:14.501
starting worker pid=24077 on localhost:11043 at 19:07:14.820
starting worker pid=24103 on localhost:11043 at 19:07:15.138
starting worker pid=24128 on localhost:11043 at 19:07:15.455
starting worker pid=24152 on localhost:11043 at 19:07:15.772
starting worker pid=24176 on localhost:11043 at 19:07:16.088
starting worker pid=24201 on localhost:11043 at 19:07:16.404
starting worker pid=24225 on localhost:11043 at 19:07:16.713
Registered S3 methods overwritten by 'ggplot2':
  method         from 
  [.quosures     rlang
  c.quosures     rlang
  print.quosures rlang
Registered S3 methods overwritten by 'ggplot2':
  method         from 
  [.quosures     rlang
  c.quosures     rlang
  print.quosures rlang
Registered S3 methods overwritten by 'ggplot2':
  method         from 
  [.quosures     rlang
  c.quosures     rlang
  print.quosures rlang
Registered S3 methods overwritten by 'ggplot2':
  method         from 
  [.quosures     rlang
  c.quosures     rlang
  print.quosures rlang
Registered S3 method overwritten by 'rvest':
  method            from
  read_xml.response xml2
Registered S3 methods overwritten by 'ggplot2':
  method         from 
  [.quosures     rlang
  c.quosures     rlang
  print.quosures rlang
── Attaching packages ─────────────────────────────────────── tidyverse 1.2.1 ──
✔ ggplot2 3.1.1       ✔ purrr   0.3.2  
✔ tibble  2.1.1       ✔ dplyr   0.8.0.1
✔ tidyr   0.8.3       ✔ stringr 1.4.0  
✔ readr   1.3.1       ✔ forcats 0.4.0  
Registered S3 method overwritten by 'rvest':
  method            from
  read_xml.response xml2
Registered S3 methods overwritten by 'ggplot2':
  method         from 
  [.quosures     rlang
  c.quosures     rlang
  print.quosures rlang
── Attaching packages ─────────────────────────────────────── tidyverse 1.2.1 ──
✔ ggplot2 3.1.1       ✔ purrr   0.3.2  
✔ tibble  2.1.1       ✔ dplyr   0.8.0.1
✔ tidyr   0.8.3       ✔ stringr 1.4.0  
✔ readr   1.3.1       ✔ forcats 0.4.0  
Registered S3 method overwritten by 'rvest':
  method            from
  read_xml.response xml2
── Conflicts ────────────────────────────────────────── tidyverse_conflicts() ──
✖ dplyr::filter() masks stats::filter()
✖ dplyr::lag()    masks stats::lag()
Loading required package: foreach

Attaching package: ‘foreach’

The following objects are masked from ‘package:purrr’:

    accumulate, when

Loading required package: rngtools
Loading required package: pkgmaker
Loading required package: registry
── Attaching packages ─────────────────────────────────────── tidyverse 1.2.1 ──
Registered S3 methods overwritten by 'ggplot2':
  method         from 
  [.quosures     rlang
  c.quosures     rlang
  print.quosures rlang
✔ ggplot2 3.1.1       ✔ purrr   0.3.2  
✔ tibble  2.1.1       ✔ dplyr   0.8.0.1
✔ tidyr   0.8.3       ✔ stringr 1.4.0  
✔ readr   1.3.1       ✔ forcats 0.4.0  
── Conflicts ────────────────────────────────────────── tidyverse_conflicts() ──
✖ dplyr::filter() masks stats::filter()
✖ dplyr::lag()    masks stats::lag()
Loading required package: foreach

Attaching package: ‘foreach’

The following objects are masked from ‘package:purrr’:

    accumulate, when


Attaching package: ‘pkgmaker’

Loading required package: rngtools
The following object is masked from ‘package:base’:

    isFALSE

Registered S3 method overwritten by 'rvest':
  method            from
  read_xml.response xml2
Loading required package: pkgmaker
Loading required package: registry
Registered S3 methods overwritten by 'ggplot2':
  method         from 
  [.quosures     rlang
  c.quosures     rlang
  print.quosures rlang
── Conflicts ────────────────────────────────────────── tidyverse_conflicts() ──
✖ dplyr::filter() masks stats::filter()
✖ dplyr::lag()    masks stats::lag()
Loading required package: foreach
── Attaching packages ─────────────────────────────────────── tidyverse 1.2.1 ──

Attaching package: ‘foreach’

The following objects are masked from ‘package:purrr’:

    accumulate, when

✔ ggplot2 3.1.1       ✔ purrr   0.3.2  
✔ tibble  2.1.1       ✔ dplyr   0.8.0.1
✔ tidyr   0.8.3       ✔ stringr 1.4.0  
✔ readr   1.3.1       ✔ forcats 0.4.0  
Loading required package: rngtools
Loading required package: pkgmaker
Registered S3 method overwritten by 'rvest':
  method            from
  read_xml.response xml2

Attaching package: ‘pkgmaker’

The following object is masked from ‘package:base’:

    isFALSE

Loading required package: registry
── Attaching packages ─────────────────────────────────────── tidyverse 1.2.1 ──
Registered S3 method overwritten by 'rvest':
  method            from
  read_xml.response xml2
✔ ggplot2 3.1.1       ✔ purrr   0.3.2  
✔ tibble  2.1.1       ✔ dplyr   0.8.0.1
✔ tidyr   0.8.3       ✔ stringr 1.4.0  
✔ readr   1.3.1       ✔ forcats 0.4.0  
Registered S3 methods overwritten by 'ggplot2':
  method         from 
  [.quosures     rlang
  c.quosures     rlang
  print.quosures rlang

Attaching package: ‘pkgmaker’

The following object is masked from ‘package:base’:

    isFALSE

── Conflicts ────────────────────────────────────────── tidyverse_conflicts() ──
✖ dplyr::filter() masks stats::filter()
✖ dplyr::lag()    masks stats::lag()
Loading required package: foreach

Attaching package: ‘foreach’

The following objects are masked from ‘package:purrr’:

    accumulate, when

Loading required package: rngtools
── Attaching packages ─────────────────────────────────────── tidyverse 1.2.1 ──
Loading required package: pkgmaker
✔ ggplot2 3.1.1       ✔ purrr   0.3.2  
✔ tibble  2.1.1       ✔ dplyr   0.8.0.1
✔ tidyr   0.8.3       ✔ stringr 1.4.0  
✔ readr   1.3.1       ✔ forcats 0.4.0  
Loading required package: registry
Registered S3 method overwritten by 'rvest':
  method            from
  read_xml.response xml2
Registered S3 methods overwritten by 'ggplot2':
  method         from 
  [.quosures     rlang
  c.quosures     rlang
  print.quosures rlang
── Conflicts ────────────────────────────────────────── tidyverse_conflicts() ──
✖ dplyr::filter() masks stats::filter()
✖ dplyr::lag()    masks stats::lag()
Loading required package: foreach

Attaching package: ‘foreach’

The following objects are masked from ‘package:purrr’:

    accumulate, when

Loading required package: rngtools
Loading required package: pkgmaker
Loading required package: registry
── Attaching packages ─────────────────────────────────────── tidyverse 1.2.1 ──

Attaching package: ‘pkgmaker’

The following object is masked from ‘package:base’:

    isFALSE

✔ ggplot2 3.1.1       ✔ purrr   0.3.2  
✔ tibble  2.1.1       ✔ dplyr   0.8.0.1
✔ tidyr   0.8.3       ✔ stringr 1.4.0  
✔ readr   1.3.1       ✔ forcats 0.4.0  
── Conflicts ────────────────────────────────────────── tidyverse_conflicts() ──
✖ dplyr::filter() masks stats::filter()
✖ dplyr::lag()    masks stats::lag()
Loading required package: foreach
Registered S3 method overwritten by 'rvest':
  method            from
  read_xml.response xml2

Attaching package: ‘foreach’

The following objects are masked from ‘package:purrr’:

    accumulate, when

Loading required package: rngtools
Loading required package: pkgmaker

Attaching package: ‘pkgmaker’

The following object is masked from ‘package:base’:

    isFALSE

Loading required package: registry
── Attaching packages ─────────────────────────────────────── tidyverse 1.2.1 ──
✔ ggplot2 3.1.1       ✔ purrr   0.3.2  
✔ tibble  2.1.1       ✔ dplyr   0.8.0.1
✔ tidyr   0.8.3       ✔ stringr 1.4.0  
✔ readr   1.3.1       ✔ forcats 0.4.0  
── Conflicts ────────────────────────────────────────── tidyverse_conflicts() ──
✖ dplyr::filter() masks stats::filter()
✖ dplyr::lag()    masks stats::lag()
Loading required package: foreach

Attaching package: ‘foreach’

The following objects are masked from ‘package:purrr’:

    accumulate, when


Attaching package: ‘pkgmaker’

The following object is masked from ‘package:base’:

    isFALSE

Loading required package: rngtools
Loading required package: pkgmaker
Loading required package: registry
Registered S3 method overwritten by 'rvest':
  method            from
  read_xml.response xml2
── Conflicts ────────────────────────────────────────── tidyverse_conflicts() ──
✖ dplyr::filter() masks stats::filter()
✖ dplyr::lag()    masks stats::lag()

Attaching package: ‘pkgmaker’

Loading required package: foreach
The following object is masked from ‘package:base’:

    isFALSE


Attaching package: ‘foreach’

The following objects are masked from ‘package:purrr’:

    accumulate, when

Loading required package: rngtools
── Attaching packages ─────────────────────────────────────── tidyverse 1.2.1 ──
Loading required package: pkgmaker
Registered S3 method overwritten by 'rvest':
  method            from
  read_xml.response xml2
✔ ggplot2 3.1.1       ✔ purrr   0.3.2  
✔ tibble  2.1.1       ✔ dplyr   0.8.0.1
✔ tidyr   0.8.3       ✔ stringr 1.4.0  
✔ readr   1.3.1       ✔ forcats 0.4.0  
Loading required package: registry
── Attaching packages ─────────────────────────────────────── tidyverse 1.2.1 ──

Attaching package: ‘pkgmaker’

The following object is masked from ‘package:base’:

    isFALSE

✔ ggplot2 3.1.1       ✔ purrr   0.3.2  
✔ tibble  2.1.1       ✔ dplyr   0.8.0.1
✔ tidyr   0.8.3       ✔ stringr 1.4.0  
✔ readr   1.3.1       ✔ forcats 0.4.0  
── Conflicts ────────────────────────────────────────── tidyverse_conflicts() ──
✖ dplyr::filter() masks stats::filter()
✖ dplyr::lag()    masks stats::lag()
Loading required package: foreach

Attaching package: ‘foreach’

The following objects are masked from ‘package:purrr’:

    accumulate, when

Loading required package: rngtools
Loading required package: pkgmaker
Loading required package: registry
── Conflicts ────────────────────────────────────────── tidyverse_conflicts() ──
✖ dplyr::filter() masks stats::filter()
✖ dplyr::lag()    masks stats::lag()
Loading required package: foreach

Attaching package: ‘foreach’

The following objects are masked from ‘package:purrr’:

    accumulate, when

Loading required package: rngtools

Attaching package: ‘pkgmaker’

Loading required package: pkgmaker
The following object is masked from ‘package:base’:

    isFALSE

Loading required package: registry

Attaching package: ‘pkgmaker’

The following object is masked from ‘package:base’:

    isFALSE

Breast_Cancer
Breast_Cancer
Breast_Cancer
Breast_Cancer
Breast_Cancer
Breast_Cancer
CV repetition number: 1
Breast_Cancer
CV repetition number: 2
Breast_Cancer
Breast_Cancer
Breast_Cancer
CV repetition number: 3
CV repetition number: 9
CV repetition number: 7
CV repetition number: 4
CV repetition number: 5
CV repetition number: 6
CV repetition number: 8
CV repetition number: 10
CV inner loop, CV rep number: 1
CV inner loop, CV rep number: 2
CV inner loop, CV rep number: 3
CV inner loop, CV rep number: 7
CV inner loop, CV rep number: 9
CV inner loop, CV rep number: 4
CV inner loop, CV rep number: 5
CV inner loop, CV rep number: 6
CV inner loop, CV rep number: 8
CV inner loop, CV rep number: 10
best_alpha
0.001
best_lambda
2.72199222140262
CV inner loop, CV rep number: 3
best_alpha
0.001
best_lambda
1.88726777382843
CV inner loop, CV rep number: 9
best_alpha
0
best_lambda
4.40481640817656
CV inner loop, CV rep number: 1
best_alpha
0.001
best_lambda
1.76466782116488
CV inner loop, CV rep number: 7
best_alpha
0
best_lambda
3.08630020291993
CV inner loop, CV rep number: 2
best_alpha
0.001
best_lambda
1.98822614557124
CV inner loop, CV rep number: 8
best_alpha
0.001
best_lambda
2.57520666074114
CV inner loop, CV rep number: 4
best_alpha
0.001
best_lambda
1.86213510582777
CV inner loop, CV rep number: 5
best_alpha
best_alpha
0
0
best_lambda
best_lambda
3.62578125797489
2.55796982231235
CV inner loop, CV rep number: 10
CV inner loop, CV rep number: 6
best_alpha
0.001
best_lambda
1.93303815554425
CV inner loop, CV rep number: 3
best_alpha
0
best_lambda
3.61607332888659
CV inner loop, CV rep number: 8
best_alpha
best_alpha
0.001
best_alpha
best_alpha
best_alpha
0.001
best_lambda
0.001
2.33749764177894
0
0
best_lambda
best_lambda
2.27353941366918
best_lambda
best_lambda
1.93874689944228
3.19242350912088
2.39357489470263
best_alpha
0.001
best_lambda
2.42018919865387
CV inner loop, CV rep number: 5
CV inner loop, CV rep number: 1
CV inner loop, CV rep number: 9
CV inner loop, CV rep number: 7
CV inner loop, CV rep number: 4
CV inner loop, CV rep number: 2
best_alpha
0.001
best_lambda
1.93591690135122
CV inner loop, CV rep number: 10
best_alpha
0
best_lambda
3.7835265472813
CV inner loop, CV rep number: 6
best_alpha
0
best_lambda
3.13214385458831
CV inner loop, CV rep number: 3
best_alpha
0.001
best_lambda
2.71202618796815
best_alpha
0
best_lambda
2.6905002714819
CV inner loop, CV rep number: 8
CV inner loop, CV rep number: 7
best_alpha
0
best_lambda
3.76622487042048
CV inner loop, CV rep number: 1
best_alpha
0.001
best_lambda
2.22429825330321
CV inner loop, CV rep number: 5
best_alpha
0
best_lambda
2.40070251577304
CV inner loop, CV rep number: 4
best_alpha
0.001
best_lambda
2.98559336110779
CV inner loop, CV rep number: 2
best_alpha
0.001
best_lambda
2.45619693857276
CV inner loop, CV rep number: 9
best_alpha
best_alpha
0.001
0
best_lambda
best_lambda
1.95409700535499
2.88715877397981
CV inner loop, CV rep number: 6
CV inner loop, CV rep number: 10
best_alpha
0.001
best_lambda
2.30353645445514
CV inner loop, CV rep number: 1
best_alpha
0.001
best_lambda
1.84844719368918
CV inner loop, CV rep number: 3
best_alpha
0.001
best_lambda
2.17581572316633
CV inner loop, CV rep number: 8
best_alpha
0.001
best_lambda
2.31919439820292
best_alpha
0.001
best_lambda
2.12829143562367
CV inner loop, CV rep number: 5
CV inner loop, CV rep number: 4
best_alpha
0
best_lambda
2.07863385451596
CV inner loop, CV rep number: 7
best_alpha
0.001
best_lambda
2.45524302421142
CV inner loop, CV rep number: 9
best_alpha
0
best_lambda
2.71022466403684
CV inner loop, CV rep number: 2
best_alpha
best_alpha
0
0
best_lambda
best_lambda
3.32605114816759
2.24352376410647
CV inner loop, CV rep number: 6
CV inner loop, CV rep number: 10
best_alpha
0.008
best_lambda
0.499314870184464
CV inner loop, CV rep number: 8
best_alpha
0.001
best_lambda
2.58954289418673
CV inner loop, CV rep number: 1
best_alpha
0.001
best_lambda
2.09277340616735
CV inner loop, CV rep number: 5
best_alpha
0
best_lambda
3.56371192123402
CV inner loop, CV rep number: 4
best_alpha
0
best_lambda
3.06533430886409
CV inner loop, CV rep number: 3
best_alpha
0.008
best_lambda
0.694781290367178
CV inner loop, CV rep number: 7
best_alpha
best_alpha
0
0.001
best_lambda
best_lambda
3.00763639935754
2.3785899440775
CV inner loop, CV rep number: 9
CV inner loop, CV rep number: 2
best_alpha
0
best_lambda
3.80521834679786
best_alpha
0.001
best_lambda
2.7966679077442
CV inner loop, CV rep number: 10
CV inner loop, CV rep number: 6
best_alpha
0.001
best_lambda
2.48732204335779
best_alpha
0
best_lambda
3.34151043667945
CV inner loop, CV rep number: 1
CV inner loop, CV rep number: 8
best_alpha
0.001
best_lambda
2.17140027121195
CV inner loop, CV rep number: 3
best_alpha
0.001
best_lambda
2.28383846566818
CV inner loop, CV rep number: 5
best_alpha
0
best_lambda
3.43971029135074
CV inner loop, CV rep number: 7
best_alpha
0
best_lambda
3.56747959237721
CV inner loop, CV rep number: 4
best_alpha
0
best_lambda
2.81580385095217
CV inner loop, CV rep number: 2
best_alpha
0.001
best_lambda
2.17249191018601
CV inner loop, CV rep number: 9
best_alpha
0.001
best_lambda
2.14217749633849
CV inner loop, CV rep number: 10
best_alpha
0.001
best_lambda
2.27878104287104
CV inner loop, CV rep number: 6
best_alpha
0
best_lambda
3.39680836422743
CV inner loop, CV rep number: 3
best_alpha
0.001
best_lambda
1.77915292024297
best_alpha
0
best_lambda
2.93016102193043
CV inner loop, CV rep number: 1
CV inner loop, CV rep number: 8
best_alpha
0
best_lambda
2.62655429402101
CV inner loop, CV rep number: 4
best_alpha
0.001
best_lambda
2.00569587203797
CV inner loop, CV rep number: 5
best_alpha
0.001
best_lambda
2.54228939418072
CV inner loop, CV rep number: 7
best_alpha
best_alpha
0.001
0.001
best_lambda
best_lambda
2.39917796824912
1.72254141768603
CV inner loop, CV rep number: 10
CV inner loop, CV rep number: 2
best_alpha
0
best_lambda
2.35992262691935
CV inner loop, CV rep number: 9
best_alpha
0
best_lambda
2.56421745755284
CV inner loop, CV rep number: 6
best_alpha
0.001
best_lambda
2.30960997526977
CV inner loop, CV rep number: 3
best_alpha
0.001
best_lambda
2.84149602376005
CV inner loop, CV rep number: 8
best_alpha
0.001
best_lambda
1.78749831733473
CV inner loop, CV rep number: 1
best_alpha
0.001
best_lambda
2.15540288925208
CV inner loop, CV rep number: 4
best_alpha
0.001
best_lambda
2.40326029926242
CV inner loop, CV rep number: 7
best_alpha
0.001
best_lambda
2.45353786379527
CV inner loop, CV rep number: 5
best_alpha
0.001
best_lambda
2.05046947331456
CV inner loop, CV rep number: 10
best_alpha
0
best_lambda
2.8535586447736
CV inner loop, CV rep number: 2
best_alpha
0.001
best_lambda
2.6767497201875
CV inner loop, CV rep number: 9
best_alpha
0.001
best_lambda
1.94141840217195
CV inner loop, CV rep number: 6
best_alpha
0.001
best_lambda
2.33947988980074
CV inner loop, CV rep number: 7
best_alpha
0.001
best_lambda
2.62906618745814
CV inner loop, CV rep number: 8
best_alpha
0.001
best_lambda
2.05977709160637
CV inner loop, CV rep number: 3
best_alpha
0
best_lambda
2.74241096272623
CV inner loop, CV rep number: 4
best_alpha
0
best_lambda
2.85473509865183
CV inner loop, CV rep number: 1
best_alpha
0
best_lambda
3.23346415261266
CV inner loop, CV rep number: 5
best_alpha
0
best_lambda
2.9873117736617
CV inner loop, CV rep number: 10
best_alpha
0.001
best_lambda
1.95220400060504
CV inner loop, CV rep number: 2
best_alpha
0.001
best_lambda
1.99415658287085
CV inner loop, CV rep number: 9
best_alpha
0.001
best_lambda
2.6348859672729
CV inner loop, CV rep number: 6
best_alpha
0.001
best_lambda
2.32053588030519
best_alpha
best_alpha
best_alpha
best_alpha
0.001
0.001
0.001
0.001
best_lambda
best_lambda
best_lambda
best_lambda
2.02318682629042
2.22514714384079
2.21578870026573
2.28216168006342
best_alpha
best_alpha
0.001
0.001
best_lambda
best_lambda
2.51945184003035
2.21946284958211
best_alpha
0.001
best_lambda
1.8942621580186
best_alpha
0.001
best_lambda
3.10414665172246
best_alpha
0.001
best_lambda
1.90088440250783
Warning message:
Warning message:
package ‘glmnetUtils’ was built under R version 3.6.3 
[1]Warning message:
 "Results: "Warning message:
Warning message:

package ‘glmnetUtils’ was built under R version 3.6.3 
Warning message:
package ‘glmnetUtils’ was built under R version 3.6.3 
Warning message:
package ‘glmnetUtils’ was built under R version 3.6.3 
Warning message:
Warning message:
Warning message:
package ‘glmnetUtils’ was built under R version 3.6.3 
package ‘glmnetUtils’ was built under R version 3.6.3 
package ‘glmnetUtils’ was built under R version 3.6.3 
package ‘glmnetUtils’ was built under R version 3.6.3 
package ‘glmnetUtils’ was built under R version 3.6.3 
  observed CV_rep {class_type}_pred
1    Other      1         0.7494355
2    Other      1package ‘glmnetUtils’ was built under R version 3.6.3 
         0.8067369
3    Other      1         0.9870457
4    Other      1         0.5455999
5    Other      1         0.7982396
6    Other      1         0.8911558
[Sun Nov 28 19:36:39 2021]
Finished job 0.
1 of 1 steps (100%) done
