Building DAG of jobs...
Using shell: /usr/bin/bash
Provided cores: 10
Rules claiming more threads will be scaled down.
Select jobs to execute...

[Sun Nov 28 18:42:53 2021]
rule binomial_classification:
    input: data/ATAC_predictions_train_20_predict_80/Full_data_ATAC_pred_lasso_formatted_standardized.rds, data/sample_types.txt
    output: Classification_output/Binomial_models_output/Lasso_Predictions_Full_data_Bile_Duct_Cancer.rds
    jobid: 0
    wildcards: model_binomial=Lasso, class_type=Bile_Duct_Cancer
    threads: 10
    resources: mem_mb=200000, disk_mb=1000, tmpdir=/scratch/57523760, time=20:00:00

Rscript --vanilla /faststorage/project/DELFI1/Workspaces/CarmenAndAnika/.snakemake/scripts/tmp9i5j1wti.Lasso.R
Activating conda environment: /faststorage/project/DELFI1/Workspaces/CarmenAndAnika/.snakemake/conda/411837606499b7823565885a8a388b12
Registered S3 methods overwritten by 'ggplot2':
  method         from 
  [.quosures     rlang
  c.quosures     rlang
  print.quosures rlang
Registered S3 method overwritten by 'rvest':
  method            from
  read_xml.response xml2
── Attaching packages ─────────────────────────────────────── tidyverse 1.2.1 ──
✔ ggplot2 3.1.1       ✔ purrr   0.3.2  
✔ tibble  2.1.1       ✔ dplyr   0.8.0.1
✔ tidyr   0.8.3       ✔ stringr 1.4.0  
✔ readr   1.3.1       ✔ forcats 0.4.0  
── Conflicts ────────────────────────────────────────── tidyverse_conflicts() ──
✖ dplyr::filter() masks stats::filter()
✖ dplyr::lag()    masks stats::lag()
Type 'citation("pROC")' for a citation.

Attaching package: ‘pROC’

The following objects are masked from ‘package:stats’:

    cov, smooth, var

Loading required package: Matrix

Attaching package: ‘Matrix’

The following object is masked from ‘package:tidyr’:

    expand

Loading required package: foreach

Attaching package: ‘foreach’

The following objects are masked from ‘package:purrr’:

    accumulate, when

Loaded glmnet 2.0-16


Attaching package: ‘glmnet’

The following object is masked from ‘package:pROC’:

    auc


Attaching package: ‘glmnetUtils’

The following objects are masked from ‘package:glmnet’:

    cv.glmnet, glmnet

Warning message:
package ‘glmnetUtils’ was built under R version 3.6.3 
Warning: unable to access index for repository http://cran.us.r-project.org/src/contrib/splitTools_0.3.1.tar.gz/src/contrib:
  cannot open URL 'http://cran.us.r-project.org/src/contrib/splitTools_0.3.1.tar.gz/src/contrib/PACKAGES'
Warning message:
package ‘splitTools’ is not available (for R version 3.6.1) 
Warning message:
package ‘multiROC’ was built under R version 3.6.3 
dummies-1.5.6 provided by Decision Patterns

Warning message:
package ‘dummies’ was built under R version 3.6.3 
Loading required package: gplots

Attaching package: ‘gplots’

The following object is masked from ‘package:stats’:

    lowess

Loading required package: iterators
Loading required package: parallel
Loading required package: rngtools
Loading required package: pkgmaker
Loading required package: registry

Attaching package: ‘pkgmaker’

The following object is masked from ‘package:base’:

    isFALSE

Gastric_cancerOvarian_CancerLung_CancerBile_Duct_CancerPancreatic_CancerDuodenal_CancerBreast_CancerColorectal_Cancer
[1] "Sample_type levels"
[1] "Cancer" "Other" 
starting worker pid=22625 on localhost:11929 at 18:43:23.880
starting worker pid=22673 on localhost:11929 at 18:43:24.131
starting worker pid=22722 on localhost:11929 at 18:43:24.410
starting worker pid=22770 on localhost:11929 at 18:43:24.687
starting worker pid=22797 on localhost:11929 at 18:43:25.209
starting worker pid=22821 on localhost:11929 at 18:43:25.471
starting worker pid=22845 on localhost:11929 at 18:43:25.765
starting worker pid=22869 on localhost:11929 at 18:43:26.038
starting worker pid=22893 on localhost:11929 at 18:43:26.360
starting worker pid=22917 on localhost:11929 at 18:43:26.649
Registered S3 methods overwritten by 'ggplot2':
  method         from 
  [.quosures     rlang
  c.quosures     rlang
  print.quosures rlang
Registered S3 methods overwritten by 'ggplot2':
  method         from 
  [.quosures     rlang
  c.quosures     rlang
  print.quosures rlang
Registered S3 methods overwritten by 'ggplot2':
  method         from 
  [.quosures     rlang
  c.quosures     rlang
  print.quosures rlang
Registered S3 methods overwritten by 'ggplot2':
  method         from 
  [.quosures     rlang
  c.quosures     rlang
  print.quosures rlang
Registered S3 method overwritten by 'rvest':
  method            from
  read_xml.response xml2
Registered S3 methods overwritten by 'ggplot2':
  method         from 
  [.quosures     rlang
  c.quosures     rlang
  print.quosures rlang
Registered S3 method overwritten by 'rvest':
  method            from
  read_xml.response xml2
── Attaching packages ─────────────────────────────────────── tidyverse 1.2.1 ──
✔ ggplot2 3.1.1       ✔ purrr   0.3.2  
✔ tibble  2.1.1       ✔ dplyr   0.8.0.1
✔ tidyr   0.8.3       ✔ stringr 1.4.0  
✔ readr   1.3.1       ✔ forcats 0.4.0  
Registered S3 methods overwritten by 'ggplot2':
  method         from 
  [.quosures     rlang
  c.quosures     rlang
  print.quosures rlang
── Attaching packages ─────────────────────────────────────── tidyverse 1.2.1 ──
✔ ggplot2 3.1.1       ✔ purrr   0.3.2  
✔ tibble  2.1.1       ✔ dplyr   0.8.0.1
✔ tidyr   0.8.3       ✔ stringr 1.4.0  
✔ readr   1.3.1       ✔ forcats 0.4.0  
Registered S3 method overwritten by 'rvest':
  method            from
  read_xml.response xml2
Registered S3 methods overwritten by 'ggplot2':
  method         from 
  [.quosures     rlang
  c.quosures     rlang
  print.quosures rlang
── Attaching packages ─────────────────────────────────────── tidyverse 1.2.1 ──
── Conflicts ────────────────────────────────────────── tidyverse_conflicts() ──
✖ dplyr::filter() masks stats::filter()
✖ dplyr::lag()    masks stats::lag()
Registered S3 methods overwritten by 'ggplot2':
  method         from 
  [.quosures     rlang
  c.quosures     rlang
  print.quosures rlang
✔ ggplot2 3.1.1       ✔ purrr   0.3.2  
✔ tibble  2.1.1       ✔ dplyr   0.8.0.1
✔ tidyr   0.8.3       ✔ stringr 1.4.0  
✔ readr   1.3.1       ✔ forcats 0.4.0  
Loading required package: foreach
Registered S3 method overwritten by 'rvest':
  method            from
  read_xml.response xml2

Attaching package: ‘foreach’

The following objects are masked from ‘package:purrr’:

    accumulate, when

Loading required package: rngtools
Loading required package: pkgmaker
── Conflicts ────────────────────────────────────────── tidyverse_conflicts() ──
✖ dplyr::filter() masks stats::filter()
✖ dplyr::lag()    masks stats::lag()
Loading required package: registry
Loading required package: foreach

Attaching package: ‘foreach’

The following objects are masked from ‘package:purrr’:

    accumulate, when

── Attaching packages ─────────────────────────────────────── tidyverse 1.2.1 ──
Loading required package: rngtools
Loading required package: pkgmaker
✔ ggplot2 3.1.1       ✔ purrr   0.3.2  
✔ tibble  2.1.1       ✔ dplyr   0.8.0.1
✔ tidyr   0.8.3       ✔ stringr 1.4.0  
✔ readr   1.3.1       ✔ forcats 0.4.0  
Loading required package: registry
Registered S3 methods overwritten by 'ggplot2':
  method         from 
  [.quosures     rlang
  c.quosures     rlang
  print.quosures rlang
── Conflicts ────────────────────────────────────────── tidyverse_conflicts() ──
✖ dplyr::filter() masks stats::filter()
✖ dplyr::lag()    masks stats::lag()
Loading required package: foreach

Attaching package: ‘pkgmaker’

The following object is masked from ‘package:base’:

    isFALSE

Registered S3 method overwritten by 'rvest':
  method            from
  read_xml.response xml2

Attaching package: ‘foreach’

The following objects are masked from ‘package:purrr’:

    accumulate, when

Loading required package: rngtools
Loading required package: pkgmaker
Loading required package: registry

Attaching package: ‘pkgmaker’

The following object is masked from ‘package:base’:

    isFALSE

Registered S3 methods overwritten by 'ggplot2':
  method         from 
  [.quosures     rlang
  c.quosures     rlang
  print.quosures rlang
Registered S3 method overwritten by 'rvest':
  method            from
  read_xml.response xml2
── Attaching packages ─────────────────────────────────────── tidyverse 1.2.1 ──
── Conflicts ────────────────────────────────────────── tidyverse_conflicts() ──
✖ dplyr::filter() masks stats::filter()
✖ dplyr::lag()    masks stats::lag()
✔ ggplot2 3.1.1       ✔ purrr   0.3.2  
✔ tibble  2.1.1       ✔ dplyr   0.8.0.1
✔ tidyr   0.8.3       ✔ stringr 1.4.0  
✔ readr   1.3.1       ✔ forcats 0.4.0  
Loading required package: foreach

Attaching package: ‘foreach’

The following objects are masked from ‘package:purrr’:

    accumulate, when

Loading required package: rngtools

Attaching package: ‘pkgmaker’

The following object is masked from ‘package:base’:

    isFALSE

Loading required package: pkgmaker
── Attaching packages ─────────────────────────────────────── tidyverse 1.2.1 ──
Loading required package: registry
✔ ggplot2 3.1.1       ✔ purrr   0.3.2  
✔ tibble  2.1.1       ✔ dplyr   0.8.0.1
✔ tidyr   0.8.3       ✔ stringr 1.4.0  
✔ readr   1.3.1       ✔ forcats 0.4.0  
Registered S3 method overwritten by 'rvest':
  method            from
  read_xml.response xml2
Registered S3 method overwritten by 'rvest':
  method            from
  read_xml.response xml2
── Conflicts ────────────────────────────────────────── tidyverse_conflicts() ──
✖ dplyr::filter() masks stats::filter()
✖ dplyr::lag()    masks stats::lag()
── Attaching packages ─────────────────────────────────────── tidyverse 1.2.1 ──
Loading required package: foreach

Attaching package: ‘pkgmaker’

The following object is masked from ‘package:base’:

    isFALSE


Attaching package: ‘foreach’

The following objects are masked from ‘package:purrr’:

    accumulate, when

✔ ggplot2 3.1.1       ✔ purrr   0.3.2  
✔ tibble  2.1.1       ✔ dplyr   0.8.0.1
✔ tidyr   0.8.3       ✔ stringr 1.4.0  
✔ readr   1.3.1       ✔ forcats 0.4.0  
Loading required package: rngtools
── Attaching packages ─────────────────────────────────────── tidyverse 1.2.1 ──
Loading required package: pkgmaker
✔ ggplot2 3.1.1       ✔ purrr   0.3.2  
✔ tibble  2.1.1       ✔ dplyr   0.8.0.1
✔ tidyr   0.8.3       ✔ stringr 1.4.0  
✔ readr   1.3.1       ✔ forcats 0.4.0  
Loading required package: registry
── Conflicts ────────────────────────────────────────── tidyverse_conflicts() ──
✖ dplyr::filter() masks stats::filter()
✖ dplyr::lag()    masks stats::lag()
Loading required package: foreach

Attaching package: ‘foreach’

The following objects are masked from ‘package:purrr’:

    accumulate, when

Loading required package: rngtools
Loading required package: pkgmaker
Loading required package: registry
Registered S3 method overwritten by 'rvest':
  method            from
  read_xml.response xml2

Attaching package: ‘pkgmaker’

The following object is masked from ‘package:base’:

    isFALSE

── Conflicts ────────────────────────────────────────── tidyverse_conflicts() ──
✖ dplyr::filter() masks stats::filter()
✖ dplyr::lag()    masks stats::lag()
Loading required package: foreach

Attaching package: ‘foreach’

The following objects are masked from ‘package:purrr’:

    accumulate, when

Loading required package: rngtools
── Conflicts ────────────────────────────────────────── tidyverse_conflicts() ──
✖ dplyr::filter() masks stats::filter()
✖ dplyr::lag()    masks stats::lag()
── Attaching packages ─────────────────────────────────────── tidyverse 1.2.1 ──

Attaching package: ‘pkgmaker’

The following object is masked from ‘package:base’:

    isFALSE

Loading required package: pkgmaker
Loading required package: foreach
✔ ggplot2 3.1.1       ✔ purrr   0.3.2  
✔ tibble  2.1.1       ✔ dplyr   0.8.0.1
✔ tidyr   0.8.3       ✔ stringr 1.4.0  
✔ readr   1.3.1       ✔ forcats 0.4.0  
Registered S3 method overwritten by 'rvest':
  method            from
  read_xml.response xml2
Loading required package: registry

Attaching package: ‘foreach’

The following objects are masked from ‘package:purrr’:

    accumulate, when

Loading required package: rngtools
Loading required package: pkgmaker
Loading required package: registry
── Attaching packages ─────────────────────────────────────── tidyverse 1.2.1 ──
✔ ggplot2 3.1.1       ✔ purrr   0.3.2  
✔ tibble  2.1.1       ✔ dplyr   0.8.0.1
✔ tidyr   0.8.3       ✔ stringr 1.4.0  
✔ readr   1.3.1       ✔ forcats 0.4.0  

Attaching package: ‘pkgmaker’

The following object is masked from ‘package:base’:

    isFALSE


Attaching package: ‘pkgmaker’

The following object is masked from ‘package:base’:

    isFALSE

── Conflicts ────────────────────────────────────────── tidyverse_conflicts() ──
✖ dplyr::filter() masks stats::filter()
✖ dplyr::lag()    masks stats::lag()
Loading required package: foreach

Attaching package: ‘foreach’

The following objects are masked from ‘package:purrr’:

    accumulate, when

Loading required package: rngtools
Loading required package: pkgmaker
Loading required package: registry
── Conflicts ────────────────────────────────────────── tidyverse_conflicts() ──
✖ dplyr::filter() masks stats::filter()
✖ dplyr::lag()    masks stats::lag()
Loading required package: foreach

Attaching package: ‘foreach’

The following objects are masked from ‘package:purrr’:

    accumulate, when

Loading required package: rngtools
Loading required package: pkgmaker
Loading required package: registry

Attaching package: ‘pkgmaker’

The following object is masked from ‘package:base’:

    isFALSE


Attaching package: ‘pkgmaker’

The following object is masked from ‘package:base’:

    isFALSE

Bile_Duct_Cancer
Bile_Duct_Cancer
Bile_Duct_Cancer
Bile_Duct_Cancer
Bile_Duct_Cancer
Bile_Duct_Cancer
CV repetition number: 1
Bile_Duct_Cancer
Bile_Duct_Cancer
Bile_Duct_Cancer
Bile_Duct_Cancer
CV repetition number: 2
CV repetition number: 7
CV repetition number: 3
CV repetition number: 4
CV repetition number: 5
CV repetition number: 6
CV inner loop, CV rep number: 1
CV repetition number: 10
CV repetition number: 9
CV repetition number: 8
CV inner loop, CV rep number: 2
CV inner loop, CV rep number: 7
CV inner loop, CV rep number: 6
CV inner loop, CV rep number: 10
CV inner loop, CV rep number: 3
CV inner loop, CV rep number: 9
CV inner loop, CV rep number: 8
CV inner loop, CV rep number: 5
CV inner loop, CV rep number: 4
best_alpha
0.008
best_lambda
1.53943109348064
CV inner loop, CV rep number: 4
best_alpha
0.008
best_lambda
1.51778495641758
CV inner loop, CV rep number: 8
best_alpha
0.001
best_lambda
6.0011512339187
CV inner loop, CV rep number: 10
best_alpha
0
best_lambda
8.17461921646864
CV inner loop, CV rep number: 5
best_alpha
0.125
best_lambda
0.182333521657458
CV inner loop, CV rep number: 9
best_alpha
0.064
best_lambda
0.285945808767989
CV inner loop, CV rep number: 7
best_alpha
0.008
best_lambda
1.70969984359336
CV inner loop, CV rep number: 2
best_alpha
0.001
best_lambda
6.2549432897755
CV inner loop, CV rep number: 6
best_alpha
0.001
best_lambda
4.95964205085686
best_alpha
0.008
best_lambda
1.71030744853978
CV inner loop, CV rep number: 3
CV inner loop, CV rep number: 1
best_alpha
0.064
best_lambda
0.401443452919404
CV inner loop, CV rep number: 8
best_alpha
1
best_lambda
0.0469344129226641
CV inner loop, CV rep number: 4
best_alpha
0.008
best_lambda
1.80538885216851
CV inner loop, CV rep number: 10
best_alpha
0.008
best_lambda
1.48641857421654
CV inner loop, CV rep number: 9
best_alpha
0.008
best_lambda
1.61109001301975
CV inner loop, CV rep number: 5
best_alpha
0.008
best_lambda
1.76728110670534
CV inner loop, CV rep number: 1
best_alpha
0.008
best_lambda
1.68253836220154
CV inner loop, CV rep number: 2
best_alpha
0.125
best_lambda
0.179661298466994
CV inner loop, CV rep number: 7
best_alpha
0.008
best_lambda
1.64531323338764
CV inner loop, CV rep number: 6
best_alpha
0.001
best_lambda
5.08033954521928
CV inner loop, CV rep number: 3
best_alpha
0.343
best_lambda
0.10784765872115
CV inner loop, CV rep number: 8
best_alpha
0.008
best_lambda
1.91773040114808
CV inner loop, CV rep number: 4
best_alpha
0.027
best_lambda
0.615336999588687
CV inner loop, CV rep number: 5
best_alpha
0.008
best_lambda
1.62038832598294
CV inner loop, CV rep number: 10
best_alpha
best_alpha
best_alpha
best_alpha
best_alpha
0.008
0.008
0.008
0.001
0.008
best_lambda
best_lambda
best_lambda
best_lambda
best_lambda
1.56884880842128
1.59413466917166
1.77680644340426
5.10756652925801
1.6383316633097
CV inner loop, CV rep number: 6
CV inner loop, CV rep number: 9
CV inner loop, CV rep number: 7
CV inner loop, CV rep number: 1
CV inner loop, CV rep number: 2
best_alpha
0.008
best_lambda
1.75452599485378
CV inner loop, CV rep number: 3
best_alpha
0.008
best_lambda
1.46347884170192
CV inner loop, CV rep number: 8
best_alpha
0.008
best_lambda
1.44333832600603
CV inner loop, CV rep number: 4
best_alpha
0.008
best_lambda
1.43590190235005
CV inner loop, CV rep number: 10
best_alpha
0.008
best_lambda
1.69917517063243
CV inner loop, CV rep number: 5
best_alpha
0.027
best_lambda
0.62510068467584
CV inner loop, CV rep number: 3
best_alpha
0.027
best_lambda
0.598388135413983
CV inner loop, CV rep number: 1
best_alpha
0.008
best_lambda
1.50300755786978
best_alpha
0.001
best_lambda
5.19564137101557
CV inner loop, CV rep number: 2
CV inner loop, CV rep number: 6
best_alpha
0.008
best_lambda
1.68898647055959
CV inner loop, CV rep number: 9
best_alpha
0.008
best_lambda
1.4970771098536
CV inner loop, CV rep number: 7
best_alpha
0.008
best_lambda
1.75814984879597
CV inner loop, CV rep number: 8
best_alpha
0.001
best_lambda
5.38575453621148
CV inner loop, CV rep number: 4
best_alpha
0.001
best_lambda
5.07748166844856
CV inner loop, CV rep number: 8
best_alpha
0.001
best_lambda
5.8036561195866
CV inner loop, CV rep number: 4
best_alpha
0.001
best_lambda
4.71922487357537
CV inner loop, CV rep number: 10
best_alpha
0.001
best_lambda
4.99532737389007
CV inner loop, CV rep number: 5
best_alpha
0.008
best_lambda
1.60092193696155
CV inner loop, CV rep number: 3
best_alpha
0.001
best_lambda
5.74490308726518
CV inner loop, CV rep number: 6
best_alpha
0.008
best_lambda
1.76567372835959
CV inner loop, CV rep number: 1
best_alpha
0.027
best_lambda
0.66577880927376
CV inner loop, CV rep number: 2
best_alpha
0.001
best_lambda
5.44797016762132
CV inner loop, CV rep number: 7
best_alpha
0.001
best_lambda
5.07188260671257
CV inner loop, CV rep number: 9
best_alpha
0.008
best_lambda
1.48714646803416
CV inner loop, CV rep number: 4
best_alpha
0.008
best_lambda
1.92899874799987
CV inner loop, CV rep number: 8
best_alpha
0.001
best_lambda
4.01551326933665
CV inner loop, CV rep number: 6
best_alpha
0.008
best_lambda
1.72194217492127
CV inner loop, CV rep number: 5
best_alpha
0.008
best_lambda
1.62677426947099
CV inner loop, CV rep number: 10
best_alpha
0.001
best_lambda
5.32302327639508
CV inner loop, CV rep number: 3
best_alpha
0.008
best_lambda
1.64578967197148
CV inner loop, CV rep number: 1
best_alpha
0.001
best_lambda
3.90857231319601
CV inner loop, CV rep number: 2
best_alpha
0.008
best_lambda
1.47575965357216
CV inner loop, CV rep number: 9
best_alpha
0.008
best_lambda
1.27225583428685
CV inner loop, CV rep number: 7
best_alpha
0.008
best_lambda
1.51055089361398
CV inner loop, CV rep number: 4
best_alpha
0.008
best_lambda
1.42447445089322
CV inner loop, CV rep number: 8
best_alpha
0.008
best_lambda
1.72220613889122
CV inner loop, CV rep number: 5
best_alpha
0.008
best_lambda
1.74666656781287
CV inner loop, CV rep number: 6
best_alpha
0.027
best_lambda
0.635459179945162
CV inner loop, CV rep number: 3
best_alpha
0.027
best_lambda
0.611763537271118
CV inner loop, CV rep number: 10
best_alpha
0.008
best_lambda
1.53062012229069
CV inner loop, CV rep number: 1
best_alpha
0.008
best_lambda
1.72043053035261
CV inner loop, CV rep number: 9
best_alpha
best_alpha
best_alpha
0.008
0.008
0.008
best_lambda
best_lambda
best_lambda
1.60930570945468
1.53989215233403
1.52801383174582
CV inner loop, CV rep number: 2
CV inner loop, CV rep number: 7
CV inner loop, CV rep number: 4
best_alpha
0.008
best_lambda
1.60057763072179
CV inner loop, CV rep number: 8
best_alpha
0.008
best_lambda
1.49985004727338
best_alpha
0.008
best_lambda
1.51368693348228
CV inner loop, CV rep number: 3
best_alpha
0.008
best_lambda
1.67391418084277
best_alpha
0.008
best_lambda
1.57005468965401
CV inner loop, CV rep number: 10
CV inner loop, CV rep number: 1
best_alpha
0.008
best_lambda
1.49580764886493
CV inner loop, CV rep number: 6
best_alpha
0.001
best_lambda
4.69393109670018
CV inner loop, CV rep number: 9
best_alpha
0.008
best_lambda
1.53676034277448
CV inner loop, CV rep number: 2
best_alpha
0.001
best_lambda
5.19779986736838
CV inner loop, CV rep number: 7
best_alpha
0.001
best_lambda
6.12205592430585
CV inner loop, CV rep number: 5
best_alpha
0.008
best_lambda
1.43774199670066
best_alpha
0.001
best_lambda
4.81930848692598
CV inner loop, CV rep number: 1
best_alpha
0.008
best_lambda
1.62975016976866
CV inner loop, CV rep number: 6
best_alpha
0.008
best_lambda
1.57855428297237
CV inner loop, CV rep number: 10
best_alpha
0.008
best_lambda
1.65907607030038
CV inner loop, CV rep number: 3
best_alpha
0.729
best_lambda
0.0265886805285353
best_alpha
0.008
best_lambda
1.67749671981857
CV inner loop, CV rep number: 2
best_alpha
0.027
best_lambda
0.513381778670059
CV inner loop, CV rep number: 7
CV inner loop, CV rep number: 9
best_alpha
0.008
best_lambda
1.4701581854315
CV inner loop, CV rep number: 5
best_alpha
0.027
best_lambda
0.630439505618987
best_alpha
0.343
best_lambda
0.0622556862908399
best_alpha
0.008
best_lambda
1.53643905448596
best_alpha
0.001
best_lambda
4.68268685400512
best_alpha
0.001
best_lambda
5.39087043951015
best_alpha
0.512
best_lambda
0.0519708736039388
best_alpha
0.001
best_lambda
4.19042234974095
best_alpha
0.008
best_lambda
1.58311008935517
[1] "Results: "
Warning message:
Warning message:
package ‘glmnetUtils’ was built under R version 3.6.3 
Warning message:
package ‘glmnetUtils’ was built under R version 3.6.3 
Warning message:
package ‘glmnetUtils’ was built under R version 3.6.3 
Warning message:
Warning messages:
1: package ‘glmnetUtils’ was built under R version 3.6.3 
 2: from glmnet Fortran code (error code -1); Convergence for 1th lambda value not reached after maxit=100000 iterations; solutions for larger lambdas returned 
 observedWarning message:
 CV_reppackage ‘glmnetUtils’ was built under R version 3.6.3 
 {class_type}_predWarning message:

1package ‘glmnetUtils’ was built under R version 3.6.3 
    Other      1         0.9238546
2    Other      1         0.9309324
3    Other      1         0.7635187
4    Other      1         0.9645958
5    Other      1         0.9487191
6    OtherWarning message:
Warning message:
package ‘glmnetUtils’ was built under R version 3.6.3 
3: package ‘glmnetUtils’ was built under R version 3.6.3 
package ‘glmnetUtils’ was built under R version 3.6.3 
      1         0.8869268
package ‘glmnetUtils’ was built under R version 3.6.3 
In getcoef(fit, nvars, nx, vnames) :
  an empty model has been returned; probably a convergence issue
[Sun Nov 28 19:08:10 2021]
Finished job 0.
1 of 1 steps (100%) done
