Building DAG of jobs...
Using shell: /usr/bin/bash
Provided cores: 10
Rules claiming more threads will be scaled down.
Select jobs to execute...

[Tue Nov 23 03:19:39 2021]
rule PCA_SVM_Poly:
    input: data/ATAC_predictions_train_20_predict_80/PCA_ATAC_pred_lasso_formatted_standardized.rds, data/sample_types.txt
    output: Classification_output/PCA_SVM_poly_normalized_trimmed.rds, Classification_output/ROC_plots/ROC_PCA_SVM_radial.png
    jobid: 0
    threads: 10
    resources: mem_mb=300000, disk_mb=1000, tmpdir=/scratch/57156832, time=11:30:00

Rscript --vanilla /faststorage/project/DELFI1/Workspaces/CarmenAndAnika/.snakemake/scripts/tmpfavu7g28.PCA_SVM_poly.R
Registered S3 methods overwritten by 'ggplot2':
  method         from 
  [.quosures     rlang
  c.quosures     rlang
  print.quosures rlang
Registered S3 method overwritten by 'rvest':
  method            from
  read_xml.response xml2
── Attaching packages ─────────────────────────────────────── tidyverse 1.2.1 ──
✔ ggplot2 3.1.1     ✔ purrr   0.3.4
✔ tibble  3.1.4     ✔ dplyr   1.0.7
✔ tidyr   1.1.3     ✔ stringr 1.4.0
✔ readr   1.3.1     ✔ forcats 0.4.0
── Conflicts ────────────────────────────────────────── tidyverse_conflicts() ──
✖ dplyr::filter() masks stats::filter()
✖ dplyr::lag()    masks stats::lag()
Type 'citation("pROC")' for a citation.

Attaching package: ‘pROC’

The following objects are masked from ‘package:stats’:

    cov, smooth, var


Attaching package: ‘kernlab’

The following object is masked from ‘package:purrr’:

    cross

The following object is masked from ‘package:ggplot2’:

    alpha

Loading required package: lattice

Attaching package: ‘caret’

The following object is masked from ‘package:purrr’:

    lift

CV repetition number: 1
CV inner loop (CV fold) number: 1
besttune C
0.25
bestTune degree
2
bestTune scale
0.1
CV inner loop (CV fold) number: 2
besttune C
2
bestTune degree
1
bestTune scale
0.1
CV inner loop (CV fold) number: 3
besttune C
0.5
bestTune degree
2
bestTune scale
0.1
CV inner loop (CV fold) number: 4
besttune C
0.25
bestTune degree
2
bestTune scale
0.1
CV inner loop (CV fold) number: 5
line search fails -0.06091672 0.1699723 1.09039e-05 9.558174e-08 -6.827173e-09 -5.829793e-10 -7.449854e-14besttune C
4
bestTune degree
3
bestTune scale
0.01
CV inner loop (CV fold) number: 6
besttune C
2
bestTune degree
3
bestTune scale
0.01
CV inner loop (CV fold) number: 7
besttune C
0.25
bestTune degree
2
bestTune scale
0.1
CV inner loop (CV fold) number: 8
besttune C
2
bestTune degree
3
bestTune scale
0.01
CV inner loop (CV fold) number: 9
line search fails -0.03493736 0.1110038 1.164181e-05 4.493661e-10 -4.332943e-09 6.831621e-10 -5.044299e-14besttune C
0.25
bestTune degree
2
bestTune scale
0.1
CV inner loop (CV fold) number: 10
besttune C
0.25
bestTune degree
2
bestTune scale
0.1
CV repetition number: 2
CV inner loop (CV fold) number: 1
line search fails -0.05186347 0.194496 1.084677e-05 -3.84123e-08 -4.889634e-09 5.200439e-10 -5.305673e-14besttune C
0.5
bestTune degree
2
bestTune scale
0.1
CV inner loop (CV fold) number: 2
line search fails -0.0177226 0.1960191 1.448016e-05 5.712057e-08 -2.87776e-09 -1.105988e-09 -4.17336e-14besttune C
0.25
bestTune degree
2
bestTune scale
0.1
CV inner loop (CV fold) number: 3
besttune C
4
bestTune degree
3
bestTune scale
0.01
CV inner loop (CV fold) number: 4
besttune C
4
bestTune degree
2
bestTune scale
0.01
CV inner loop (CV fold) number: 5
besttune C
1
bestTune degree
1
bestTune scale
0.1
CV inner loop (CV fold) number: 6
besttune C
0.25
bestTune degree
2
bestTune scale
0.1
CV inner loop (CV fold) number: 7
besttune C
0.25
bestTune degree
2
bestTune scale
0.1
CV inner loop (CV fold) number: 8
besttune C
1
bestTune degree
2
bestTune scale
0.01
CV inner loop (CV fold) number: 9
line search fails -0.03345868 0.1982318 1.110657e-05 -3.220592e-08 -3.216216e-09 -6.279479e-10 -3.570089e-14besttune C
4
bestTune degree
3
bestTune scale
0.01
CV inner loop (CV fold) number: 10
besttune C
4
bestTune degree
2
bestTune scale
0.01
CV repetition number: 3
CV inner loop (CV fold) number: 1
besttune C
0.5
bestTune degree
2
bestTune scale
0.1
CV inner loop (CV fold) number: 2
besttune C
4
bestTune degree
3
bestTune scale
0.01
CV inner loop (CV fold) number: 3
besttune C
0.25
bestTune degree
2
bestTune scale
0.1
CV inner loop (CV fold) number: 4
besttune C
0.25
bestTune degree
2
bestTune scale
0.1
CV inner loop (CV fold) number: 5
besttune C
0.25
bestTune degree
3
bestTune scale
0.1
CV inner loop (CV fold) number: 6
besttune C
0.25
bestTune degree
2
bestTune scale
0.1
CV inner loop (CV fold) number: 7
besttune C
0.25
bestTune degree
2
bestTune scale
0.1
CV inner loop (CV fold) number: 8
besttune C
4
bestTune degree
3
bestTune scale
0.01
CV inner loop (CV fold) number: 9
besttune C
0.25
bestTune degree
2
bestTune scale
0.1
CV inner loop (CV fold) number: 10
besttune C
0.5
bestTune degree
1
bestTune scale
0.1
CV repetition number: 4
CV inner loop (CV fold) number: 1
besttune C
0.5
bestTune degree
2
bestTune scale
0.1
CV inner loop (CV fold) number: 2
besttune C
0.5
bestTune degree
2
bestTune scale
0.1
CV inner loop (CV fold) number: 3
line search fails -0.03108397 0.2241613 1.293289e-05 -2.138387e-08 -3.55949e-09 8.88143e-10 -4.605347e-14besttune C
0.5
bestTune degree
1
bestTune scale
1
CV inner loop (CV fold) number: 4
besttune C
0.25
bestTune degree
2
bestTune scale
0.1
CV inner loop (CV fold) number: 5
line search fails -0.01403586 0.1411226 1.550032e-05 6.70902e-08 -2.097503e-09 -6.628937e-10 -3.255646e-14besttune C
1
bestTune degree
3
bestTune scale
0.01
CV inner loop (CV fold) number: 6
line search fails -0.0331772 0.200697 1.259746e-05 -1.39661e-08 -4.19187e-09 -7.236601e-10 -5.279682e-14besttune C
0.5
bestTune degree
2
bestTune scale
0.1
CV inner loop (CV fold) number: 7
besttune C
0.25
bestTune degree
2
bestTune scale
0.1
CV inner loop (CV fold) number: 8
line search fails -0.06958056 0.09823431 1.673606e-05 -3.032342e-07 -3.42176e-09 2.108395e-09 -5.790612e-14besttune C
4
bestTune degree
1
bestTune scale
0.1
CV inner loop (CV fold) number: 9
besttune C
0.25
bestTune degree
2
bestTune scale
0.1
CV inner loop (CV fold) number: 10
besttune C
0.25
bestTune degree
2
bestTune scale
0.1
CV repetition number: 5
CV inner loop (CV fold) number: 1
besttune C
0.25
bestTune degree
2
bestTune scale
0.1
CV inner loop (CV fold) number: 2
besttune C
0.25
bestTune degree
2
bestTune scale
0.1
CV inner loop (CV fold) number: 3
besttune C
0.25
bestTune degree
2
bestTune scale
0.1
CV inner loop (CV fold) number: 4
besttune C
0.25
bestTune degree
2
bestTune scale
0.1
CV inner loop (CV fold) number: 5
besttune C
0.5
bestTune degree
2
bestTune scale
0.1
CV inner loop (CV fold) number: 6
line search fails -0.01735702 0.1678565 1.218174e-05 -5.18964e-10 -1.943372e-09 -2.2275e-11 -2.367365e-14besttune C
4
bestTune degree
3
bestTune scale
0.01
CV inner loop (CV fold) number: 7
besttune C
0.25
bestTune degree
2
bestTune scale
0.1
CV inner loop (CV fold) number: 8
besttune C
0.25
bestTune degree
2
bestTune scale
0.1
CV inner loop (CV fold) number: 9
besttune C
0.25
bestTune degree
2
bestTune scale
0.1
CV inner loop (CV fold) number: 10
line search fails -0.01998932 0.204631 1.07791e-05 6.039806e-08 -2.281652e-09 -8.016759e-10 -2.464258e-14besttune C
0.25
bestTune degree
2
bestTune scale
0.1
CV repetition number: 6
CV inner loop (CV fold) number: 1
besttune C
1
bestTune degree
1
bestTune scale
0.1
CV inner loop (CV fold) number: 2
line search fails -0.0144652 0.211954 1.231175e-05 1.541237e-09 -1.677614e-09 2.522814e-10 -2.065398e-14besttune C
0.25
bestTune degree
3
bestTune scale
0.1
CV inner loop (CV fold) number: 3
line search fails -0.05703137 0.1428386 1.113488e-05 -1.11686e-07 -7.060705e-09 -2.57039e-10 -7.859139e-14besttune C
0.5
bestTune degree
2
bestTune scale
0.1
CV inner loop (CV fold) number: 4
line search fails -0.02340743 0.193875 1.041806e-05 6.909465e-08 -2.743839e-09 -4.666011e-11 -2.858872e-14besttune C
0.25
bestTune degree
2
bestTune scale
0.1
CV inner loop (CV fold) number: 5
besttune C
4
bestTune degree
3
bestTune scale
0.01
CV inner loop (CV fold) number: 6
besttune C
0.25
bestTune degree
3
bestTune scale
0.1
CV inner loop (CV fold) number: 7
line search fails -0.04214833 0.1912324 1.029e-05 4.323945e-10 -4.024836e-09 4.933659e-10 -4.141534e-14besttune C
0.25
bestTune degree
2
bestTune scale
0.1
CV inner loop (CV fold) number: 8
line search fails -0.02081187 0.1421173 1.68643e-05 1.140785e-07 -3.340221e-09 -1.362653e-10 -5.634604e-14line search fails -0.01911283 0.1435956 1.483381e-05 1.143792e-07 -4.535352e-09 6.406246e-10 -6.720326e-14besttune C
0.5
bestTune degree
2
bestTune scale
0.1
CV inner loop (CV fold) number: 9
line search fails -0.0172061 0.1774455 1.880927e-05 1.300408e-07 -3.825184e-09 -1.169122e-09 -7.210095e-14besttune C
0.25
bestTune degree
2
bestTune scale
0.1
CV inner loop (CV fold) number: 10
besttune C
2
bestTune degree
3
bestTune scale
0.01
CV repetition number: 7
CV inner loop (CV fold) number: 1
besttune C
0.25
bestTune degree
2
bestTune scale
0.1
CV inner loop (CV fold) number: 2
besttune C
0.25
bestTune degree
2
bestTune scale
0.1
CV inner loop (CV fold) number: 3
line search fails -0.03801402 0.1800891 1.078729e-05 3.02147e-08 -3.472535e-09 -3.188863e-10 -3.746887e-14besttune C
0.5
bestTune degree
2
bestTune scale
0.1
CV inner loop (CV fold) number: 4
besttune C
0.25
bestTune degree
3
bestTune scale
0.1
CV inner loop (CV fold) number: 5
line search fails -0.03346677 0.1751976 1.337027e-05 -2.647567e-08 -3.298775e-09 -5.363877e-10 -4.409129e-14besttune C
4
bestTune degree
3
bestTune scale
0.01
CV inner loop (CV fold) number: 6
besttune C
0.25
bestTune degree
2
bestTune scale
0.1
CV inner loop (CV fold) number: 7
besttune C
2
bestTune degree
3
bestTune scale
0.01
CV inner loop (CV fold) number: 8
besttune C
0.25
bestTune degree
2
bestTune scale
0.1
CV inner loop (CV fold) number: 9
besttune C
1
bestTune degree
1
bestTune scale
0.1
CV inner loop (CV fold) number: 10
besttune C
0.25
bestTune degree
2
bestTune scale
0.1
CV repetition number: 8
CV inner loop (CV fold) number: 1
besttune C
0.5
bestTune degree
2
bestTune scale
0.1
CV inner loop (CV fold) number: 2
line search fails -0.02071477 0.2238509 1.327324e-05 -4.676754e-09 -3.094888e-09 4.212348e-10 -4.108116e-14besttune C
1
bestTune degree
1
bestTune scale
1
CV inner loop (CV fold) number: 3
besttune C
4
bestTune degree
2
bestTune scale
0.01
CV inner loop (CV fold) number: 4
besttune C
0.5
bestTune degree
2
bestTune scale
0.1
CV inner loop (CV fold) number: 5
besttune C
0.25
bestTune degree
2
bestTune scale
0.1
CV inner loop (CV fold) number: 6
line search fails -0.0313623 0.1482143 1.309465e-05 -7.492753e-08 -3.539215e-09 1.280319e-09 -4.644073e-14besttune C
2
bestTune degree
3
bestTune scale
0.01
CV inner loop (CV fold) number: 7
besttune C
0.5
bestTune degree
2
bestTune scale
0.1
CV inner loop (CV fold) number: 8
line search fails -0.01673999 0.203011 1.004661e-05 -1.47301e-08 -1.820165e-09 3.78837e-11 -1.828703e-14besttune C
0.5
bestTune degree
2
bestTune scale
0.1
Error: Required packages are missing: kernlab
In addition: There were 50 or more warnings (use warnings() to see the first 50)
Execution halted
[Tue Nov 23 04:50:45 2021]
Error in rule PCA_SVM_Poly:
    jobid: 0
    output: Classification_output/PCA_SVM_poly_normalized_trimmed.rds, Classification_output/ROC_plots/ROC_PCA_SVM_radial.png

Traceback (most recent call last):
  File "/home/coroperv/miniconda3/envs/ctDNA/lib/python3.9/site-packages/snakemake/executors/__init__.py", line 593, in _callback
    raise ex
  File "/home/coroperv/miniconda3/envs/ctDNA/lib/python3.9/concurrent/futures/thread.py", line 52, in run
    result = self.fn(*self.args, **self.kwargs)
  File "/home/coroperv/miniconda3/envs/ctDNA/lib/python3.9/site-packages/snakemake/executors/__init__.py", line 579, in cached_or_run
    run_func(*args)
  File "/home/coroperv/miniconda3/envs/ctDNA/lib/python3.9/site-packages/snakemake/executors/__init__.py", line 2460, in run_wrapper
    raise ex
  File "/home/coroperv/miniconda3/envs/ctDNA/lib/python3.9/site-packages/snakemake/executors/__init__.py", line 2417, in run_wrapper
    run(
  File "/faststorage/project/DELFI1/Workspaces/CarmenAndAnika/snakefile_predict_and_classify_norm_trimmed", line 648, in __rule_PCA_SVM_Poly
  File "/home/coroperv/miniconda3/envs/ctDNA/lib/python3.9/site-packages/snakemake/script.py", line 1369, in script
    executor.evaluate()
  File "/home/coroperv/miniconda3/envs/ctDNA/lib/python3.9/site-packages/snakemake/script.py", line 381, in evaluate
    self.execute_script(fd.name, edit=edit)
  File "/home/coroperv/miniconda3/envs/ctDNA/lib/python3.9/site-packages/snakemake/script.py", line 716, in execute_script
    self._execute_cmd("Rscript --vanilla {fname:q}", fname=fname)
  File "/home/coroperv/miniconda3/envs/ctDNA/lib/python3.9/site-packages/snakemake/script.py", line 414, in _execute_cmd
    return shell(
  File "/home/coroperv/miniconda3/envs/ctDNA/lib/python3.9/site-packages/snakemake/shell.py", line 265, in __new__
    raise sp.CalledProcessError(retcode, cmd)
subprocess.CalledProcessError: Command 'set -euo pipefail;  Rscript --vanilla /faststorage/project/DELFI1/Workspaces/CarmenAndAnika/.snakemake/scripts/tmpfavu7g28.PCA_SVM_poly.R' returned non-zero exit status 1.
Shutting down, this might take some time.
Exiting because a job execution failed. Look above for error message
