Building DAG of jobs...
Using shell: /usr/bin/bash
Provided cores: 10
Rules claiming more threads will be scaled down.
Select jobs to execute...

[Sun Nov 21 19:32:52 2021]
rule PCA_SVM_Poly:
    input: data/ATAC_predictions_train_20_predict_80/PCA_ATAC_pred_lasso_formatted_standardized.rds, data/sample_types.txt
    output: Classification_output/PCA_SVM_poly_normalized_trimmed.rds, Classification_output/ROC_plots/ROC_PCA_SVM_radial.png
    jobid: 0
    threads: 10
    resources: mem_mb=300000, disk_mb=1000, tmpdir=/scratch/57139165, time=11:30:00

Rscript --vanilla /faststorage/project/DELFI1/Workspaces/CarmenAndAnika/.snakemake/scripts/tmpas0my1fs.PCA_SVM_poly.R
Registered S3 methods overwritten by 'ggplot2':
  method         from 
  [.quosures     rlang
  c.quosures     rlang
  print.quosures rlang
Registered S3 method overwritten by 'rvest':
  method            from
  read_xml.response xml2
── Attaching packages ─────────────────────────────────────── tidyverse 1.2.1 ──
✔ ggplot2 3.1.1     ✔ purrr   0.3.4
✔ tibble  3.1.4     ✔ dplyr   1.0.7
✔ tidyr   1.1.3     ✔ stringr 1.4.0
✔ readr   1.3.1     ✔ forcats 0.4.0
── Conflicts ────────────────────────────────────────── tidyverse_conflicts() ──
✖ dplyr::filter() masks stats::filter()
✖ dplyr::lag()    masks stats::lag()
Type 'citation("pROC")' for a citation.

Attaching package: ‘pROC’

The following objects are masked from ‘package:stats’:

    cov, smooth, var


Attaching package: ‘kernlab’

The following object is masked from ‘package:purrr’:

    cross

The following object is masked from ‘package:ggplot2’:

    alpha

Loading required package: lattice

Attaching package: ‘caret’

The following object is masked from ‘package:purrr’:

    lift

CV repetition number: 1
CV inner loop (CV fold) number: 1
besttune C
0.25
bestTune degree
2
bestTune scale
0.1
CV inner loop (CV fold) number: 2
besttune C
2
bestTune degree
1
bestTune scale
0.1
Error: Required packages are missing: kernlab
In addition: Warning message:
In read.dcf(file.path(p, "DESCRIPTION"), c("Package", "Version")) :
  cannot open compressed file '/home/coroperv/miniconda3/envs/ctDNA/lib/R/library/kernlab/DESCRIPTION', probable reason 'No such file or directory'
Execution halted
[Sun Nov 21 19:34:48 2021]
Error in rule PCA_SVM_Poly:
    jobid: 0
    output: Classification_output/PCA_SVM_poly_normalized_trimmed.rds, Classification_output/ROC_plots/ROC_PCA_SVM_radial.png

Traceback (most recent call last):
  File "/home/coroperv/miniconda3/envs/ctDNA/lib/python3.9/site-packages/snakemake/executors/__init__.py", line 593, in _callback
    raise ex
  File "/home/coroperv/miniconda3/envs/ctDNA/lib/python3.9/concurrent/futures/thread.py", line 52, in run
    result = self.fn(*self.args, **self.kwargs)
  File "/home/coroperv/miniconda3/envs/ctDNA/lib/python3.9/site-packages/snakemake/executors/__init__.py", line 579, in cached_or_run
    run_func(*args)
  File "/home/coroperv/miniconda3/envs/ctDNA/lib/python3.9/site-packages/snakemake/executors/__init__.py", line 2460, in run_wrapper
    raise ex
  File "/home/coroperv/miniconda3/envs/ctDNA/lib/python3.9/site-packages/snakemake/executors/__init__.py", line 2417, in run_wrapper
    run(
  File "/faststorage/project/DELFI1/Workspaces/CarmenAndAnika/snakefile_predict_and_classify_norm_trimmed", line 648, in __rule_PCA_SVM_Poly
  File "/home/coroperv/miniconda3/envs/ctDNA/lib/python3.9/site-packages/snakemake/script.py", line 1369, in script
    executor.evaluate()
  File "/home/coroperv/miniconda3/envs/ctDNA/lib/python3.9/site-packages/snakemake/script.py", line 381, in evaluate
    self.execute_script(fd.name, edit=edit)
  File "/home/coroperv/miniconda3/envs/ctDNA/lib/python3.9/site-packages/snakemake/script.py", line 716, in execute_script
    self._execute_cmd("Rscript --vanilla {fname:q}", fname=fname)
  File "/home/coroperv/miniconda3/envs/ctDNA/lib/python3.9/site-packages/snakemake/script.py", line 414, in _execute_cmd
    return shell(
  File "/home/coroperv/miniconda3/envs/ctDNA/lib/python3.9/site-packages/snakemake/shell.py", line 265, in __new__
    raise sp.CalledProcessError(retcode, cmd)
subprocess.CalledProcessError: Command 'set -euo pipefail;  Rscript --vanilla /faststorage/project/DELFI1/Workspaces/CarmenAndAnika/.snakemake/scripts/tmpas0my1fs.PCA_SVM_poly.R' returned non-zero exit status 1.
Shutting down, this might take some time.
Exiting because a job execution failed. Look above for error message
touch: cannot touch ‘/faststorage/project/DELFI1/Workspaces/CarmenAndAnika/.snakemake/tmp.7b6b3ug8/17.jobfailed’: No such file or directory
