Building DAG of jobs...
Using shell: /usr/bin/bash
Provided cores: 10
Rules claiming more threads will be scaled down.
Select jobs to execute...

[Tue Nov 30 00:18:42 2021]
rule PCA_binomial_classification:
    input: data/ATAC_predictions_train_20_predict_80/PCA_ATAC_pred_lasso_formatted_standardized.rds, data/sample_types.txt
    output: Classification_output/Binomial_models_output/SVM_poly_Predictions_PCA_Gastric_cancer.rds
    jobid: 0
    wildcards: model_binomial=SVM_poly, class_type=Gastric_cancer
    threads: 10
    resources: mem_mb=200000, disk_mb=1000, tmpdir=/scratch/57577206, time=20:00:00

Rscript --vanilla /faststorage/project/DELFI1/Workspaces/CarmenAndAnika/.snakemake/scripts/tmpmmega48f.SVM_poly.R
Activating conda environment: /faststorage/project/DELFI1/Workspaces/CarmenAndAnika/.snakemake/conda/411837606499b7823565885a8a388b12
Registered S3 methods overwritten by 'ggplot2':
  method         from 
  [.quosures     rlang
  c.quosures     rlang
  print.quosures rlang
Registered S3 method overwritten by 'rvest':
  method            from
  read_xml.response xml2
── Attaching packages ─────────────────────────────────────── tidyverse 1.2.1 ──
✔ ggplot2 3.1.1       ✔ purrr   0.3.2  
✔ tibble  2.1.1       ✔ dplyr   0.8.0.1
✔ tidyr   0.8.3       ✔ stringr 1.4.0  
✔ readr   1.3.1       ✔ forcats 0.4.0  
── Conflicts ────────────────────────────────────────── tidyverse_conflicts() ──
✖ dplyr::filter() masks stats::filter()
✖ dplyr::lag()    masks stats::lag()
Loading required package: lattice

Attaching package: ‘caret’

The following object is masked from ‘package:purrr’:

    lift

Type 'citation("pROC")' for a citation.

Attaching package: ‘pROC’

The following objects are masked from ‘package:stats’:

    cov, smooth, var

Warning: unable to access index for repository http://cran.us.r-project.org/src/contrib/kernlab_0.9-29.tar.gz/src/contrib:
  cannot open URL 'http://cran.us.r-project.org/src/contrib/kernlab_0.9-29.tar.gz/src/contrib/PACKAGES'
Warning message:
package ‘kernlab’ is not available (for R version 3.6.1) 

Attaching package: ‘kernlab’

The following object is masked from ‘package:purrr’:

    cross

The following object is masked from ‘package:ggplot2’:

    alpha

Loading required package: foreach

Attaching package: ‘foreach’

The following objects are masked from ‘package:purrr’:

    accumulate, when

Loading required package: iterators
Loading required package: parallel
Loading required package: rngtools
Loading required package: pkgmaker
Loading required package: registry

Attaching package: ‘pkgmaker’

The following object is masked from ‘package:base’:

    isFALSE

Warning: unable to access index for repository http://cran.us.r-project.org/src/contrib/splitTools_0.3.1.tar.gz/src/contrib:
  cannot open URL 'http://cran.us.r-project.org/src/contrib/splitTools_0.3.1.tar.gz/src/contrib/PACKAGES'
Warning message:
package ‘splitTools’ is not available (for R version 3.6.1) 
Gastric_cancerOvarian_CancerLung_CancerBile_Duct_CancerPancreatic_CancerDuodenal_CancerBreast_CancerColorectal_Cancer
[1] "Sample_type levels"
[1] "Cancer" "Other" 
starting worker pid=2902 on localhost:11293 at 00:18:51.284
starting worker pid=2926 on localhost:11293 at 00:18:51.603
starting worker pid=2950 on localhost:11293 at 00:18:51.923
starting worker pid=2974 on localhost:11293 at 00:18:52.247
starting worker pid=2998 on localhost:11293 at 00:18:52.569
starting worker pid=3022 on localhost:11293 at 00:18:52.891
starting worker pid=3046 on localhost:11293 at 00:18:53.214
starting worker pid=3070 on localhost:11293 at 00:18:53.538
starting worker pid=3094 on localhost:11293 at 00:18:53.862
starting worker pid=3118 on localhost:11293 at 00:18:54.184
Loading required package: lattice
Loading required package: lattice
Loading required package: lattice
Loading required package: lattice
Loading required package: lattice
Loading required package: lattice
Loading required package: lattice
Loading required package: lattice
Loading required package: lattice
Loading required package: lattice
Loading required package: ggplot2
Loading required package: ggplot2
Loading required package: ggplot2
Loading required package: ggplot2
Loading required package: ggplot2
Loading required package: ggplot2
Loading required package: ggplot2
Loading required package: ggplot2
Loading required package: ggplot2
Loading required package: ggplot2
Registered S3 methods overwritten by 'ggplot2':
  method         from 
  [.quosures     rlang
  c.quosures     rlang
  print.quosures rlang
Registered S3 methods overwritten by 'ggplot2':
  method         from 
  [.quosures     rlang
  c.quosures     rlang
  print.quosures rlang
Registered S3 methods overwritten by 'ggplot2':
  method         from 
  [.quosures     rlang
  c.quosures     rlang
  print.quosures rlang
Registered S3 methods overwritten by 'ggplot2':
  method         from 
  [.quosures     rlang
  c.quosures     rlang
  print.quosures rlang
Registered S3 methods overwritten by 'ggplot2':
  method         from 
  [.quosures     rlang
  c.quosures     rlang
  print.quosures rlang
Registered S3 methods overwritten by 'ggplot2':
  method         from 
  [.quosures     rlang
  c.quosures     rlang
  print.quosures rlang
Registered S3 methods overwritten by 'ggplot2':
  method         from 
  [.quosures     rlang
  c.quosures     rlang
  print.quosures rlang
Registered S3 methods overwritten by 'ggplot2':
  method         from 
  [.quosures     rlang
  c.quosures     rlang
  print.quosures rlang
Registered S3 methods overwritten by 'ggplot2':
  method         from 
  [.quosures     rlang
  c.quosures     rlang
  print.quosures rlang
Registered S3 methods overwritten by 'ggplot2':
  method         from 
  [.quosures     rlang
  c.quosures     rlang
  print.quosures rlang
Registered S3 method overwritten by 'rvest':
  method            from
  read_xml.response xml2
Registered S3 method overwritten by 'rvest':
  method            from
  read_xml.response xml2
Registered S3 method overwritten by 'rvest':
  method            from
  read_xml.response xml2
Registered S3 method overwritten by 'rvest':
  method            from
  read_xml.response xml2
Registered S3 method overwritten by 'rvest':
  method            from
  read_xml.response xml2
Registered S3 method overwritten by 'rvest':
  method            from
  read_xml.response xml2
Registered S3 method overwritten by 'rvest':
  method            from
  read_xml.response xml2
Registered S3 method overwritten by 'rvest':
  method            from
  read_xml.response xml2
Registered S3 method overwritten by 'rvest':
  method            from
  read_xml.response xml2
Registered S3 method overwritten by 'rvest':
  method            from
  read_xml.response xml2
── Attaching packages ─────────────────────────────────────── tidyverse 1.2.1 ──
✔ tibble  2.1.1       ✔ purrr   0.3.2  
✔ tidyr   0.8.3       ✔ dplyr   0.8.0.1
✔ readr   1.3.1       ✔ stringr 1.4.0  
✔ tibble  2.1.1       ✔ forcats 0.4.0  
── Attaching packages ─────────────────────────────────────── tidyverse 1.2.1 ──
── Attaching packages ─────────────────────────────────────── tidyverse 1.2.1 ──
── Attaching packages ─────────────────────────────────────── tidyverse 1.2.1 ──
── Attaching packages ─────────────────────────────────────── tidyverse 1.2.1 ──
── Attaching packages ─────────────────────────────────────── tidyverse 1.2.1 ──
── Attaching packages ─────────────────────────────────────── tidyverse 1.2.1 ──
── Attaching packages ─────────────────────────────────────── tidyverse 1.2.1 ──
── Attaching packages ─────────────────────────────────────── tidyverse 1.2.1 ──
── Attaching packages ─────────────────────────────────────── tidyverse 1.2.1 ──
✔ tibble  2.1.1       ✔ purrr   0.3.2  
✔ tidyr   0.8.3       ✔ dplyr   0.8.0.1
✔ readr   1.3.1       ✔ stringr 1.4.0  
✔ tibble  2.1.1       ✔ forcats 0.4.0  
✔ tibble  2.1.1       ✔ purrr   0.3.2  
✔ tidyr   0.8.3       ✔ dplyr   0.8.0.1
✔ readr   1.3.1       ✔ stringr 1.4.0  
✔ tibble  2.1.1       ✔ forcats 0.4.0  
✔ tibble  2.1.1       ✔ purrr   0.3.2  
✔ tidyr   0.8.3       ✔ dplyr   0.8.0.1
✔ readr   1.3.1       ✔ stringr 1.4.0  
✔ tibble  2.1.1       ✔ forcats 0.4.0  
✔ tibble  2.1.1       ✔ purrr   0.3.2  
✔ tidyr   0.8.3       ✔ dplyr   0.8.0.1
✔ readr   1.3.1       ✔ stringr 1.4.0  
✔ tibble  2.1.1       ✔ forcats 0.4.0  
✔ tibble  2.1.1       ✔ purrr   0.3.2  
✔ tidyr   0.8.3       ✔ dplyr   0.8.0.1
✔ readr   1.3.1       ✔ stringr 1.4.0  
✔ tibble  2.1.1       ✔ forcats 0.4.0  
✔ tibble  2.1.1       ✔ purrr   0.3.2  
✔ tidyr   0.8.3       ✔ dplyr   0.8.0.1
✔ readr   1.3.1       ✔ stringr 1.4.0  
✔ tibble  2.1.1       ✔ forcats 0.4.0  
✔ tibble  2.1.1       ✔ purrr   0.3.2  
✔ tidyr   0.8.3       ✔ dplyr   0.8.0.1
✔ readr   1.3.1       ✔ stringr 1.4.0  
✔ tibble  2.1.1       ✔ forcats 0.4.0  
✔ tibble  2.1.1       ✔ purrr   0.3.2  
✔ tidyr   0.8.3       ✔ dplyr   0.8.0.1
✔ readr   1.3.1       ✔ stringr 1.4.0  
✔ tibble  2.1.1       ✔ forcats 0.4.0  
✔ tibble  2.1.1       ✔ purrr   0.3.2  
✔ tidyr   0.8.3       ✔ dplyr   0.8.0.1
✔ readr   1.3.1       ✔ stringr 1.4.0  
✔ tibble  2.1.1       ✔ forcats 0.4.0  
── Conflicts ────────────────────────────────────────── tidyverse_conflicts() ──
✖ dplyr::filter() masks stats::filter()
✖ dplyr::lag()    masks stats::lag()
✖ purrr::lift()   masks caret::lift()
── Conflicts ────────────────────────────────────────── tidyverse_conflicts() ──
✖ dplyr::filter() masks stats::filter()
✖ dplyr::lag()    masks stats::lag()
✖ purrr::lift()   masks caret::lift()
── Conflicts ────────────────────────────────────────── tidyverse_conflicts() ──
✖ dplyr::filter() masks stats::filter()
✖ dplyr::lag()    masks stats::lag()
✖ purrr::lift()   masks caret::lift()
── Conflicts ────────────────────────────────────────── tidyverse_conflicts() ──
✖ dplyr::filter() masks stats::filter()
✖ dplyr::lag()    masks stats::lag()
✖ purrr::lift()   masks caret::lift()
── Conflicts ────────────────────────────────────────── tidyverse_conflicts() ──
✖ dplyr::filter() masks stats::filter()
✖ dplyr::lag()    masks stats::lag()
✖ purrr::lift()   masks caret::lift()
── Conflicts ────────────────────────────────────────── tidyverse_conflicts() ──
✖ dplyr::filter() masks stats::filter()
✖ dplyr::lag()    masks stats::lag()
✖ purrr::lift()   masks caret::lift()
── Conflicts ────────────────────────────────────────── tidyverse_conflicts() ──
✖ dplyr::filter() masks stats::filter()
✖ dplyr::lag()    masks stats::lag()
✖ purrr::lift()   masks caret::lift()
── Conflicts ────────────────────────────────────────── tidyverse_conflicts() ──
✖ dplyr::filter() masks stats::filter()
✖ dplyr::lag()    masks stats::lag()
✖ purrr::lift()   masks caret::lift()
── Conflicts ────────────────────────────────────────── tidyverse_conflicts() ──
✖ dplyr::filter() masks stats::filter()
✖ dplyr::lag()    masks stats::lag()
✖ purrr::lift()   masks caret::lift()
── Conflicts ────────────────────────────────────────── tidyverse_conflicts() ──
✖ dplyr::filter() masks stats::filter()
✖ dplyr::lag()    masks stats::lag()
✖ purrr::lift()   masks caret::lift()

Attaching package: ‘kernlab’

The following object is masked from ‘package:purrr’:

    cross

The following object is masked from ‘package:ggplot2’:

    alpha

Loading required package: foreach

Attaching package: ‘foreach’

The following objects are masked from ‘package:purrr’:

    accumulate, when

Loading required package: rngtools
Loading required package: pkgmaker

Attaching package: ‘kernlab’

The following object is masked from ‘package:purrr’:

    cross

The following object is masked from ‘package:ggplot2’:

    alpha

Loading required package: registry
Loading required package: foreach

Attaching package: ‘foreach’

The following objects are masked from ‘package:purrr’:

    accumulate, when

Loading required package: rngtools

Attaching package: ‘kernlab’

The following object is masked from ‘package:purrr’:

    cross

The following object is masked from ‘package:ggplot2’:

    alpha


Attaching package: ‘kernlab’


Attaching package: ‘kernlab’

The following object is masked from ‘package:purrr’:

    cross


Attaching package: ‘kernlab’

The following object is masked from ‘package:ggplot2’:

    alpha

The following object is masked from ‘package:purrr’:

    cross

The following object is masked from ‘package:ggplot2’:

    alpha

The following object is masked from ‘package:purrr’:

    cross

The following object is masked from ‘package:ggplot2’:

    alpha

Loading required package: pkgmaker

Attaching package: ‘kernlab’


Attaching package: ‘kernlab’


Attaching package: ‘kernlab’


Attaching package: ‘kernlab’

The following object is masked from ‘package:purrr’:

    cross

The following object is masked from ‘package:purrr’:

    cross

The following object is masked from ‘package:purrr’:

    cross

The following object is masked from ‘package:purrr’:

    cross

The following object is masked from ‘package:ggplot2’:

    alpha

The following object is masked from ‘package:ggplot2’:

    alpha

The following object is masked from ‘package:ggplot2’:

    alpha

The following object is masked from ‘package:ggplot2’:

    alpha

Loading required package: foreach
Loading required package: foreach
Loading required package: foreach
Loading required package: foreach
Loading required package: registry
Loading required package: foreach
Loading required package: foreach
Loading required package: foreach
Loading required package: foreach

Attaching package: ‘foreach’

The following objects are masked from ‘package:purrr’:

    accumulate, when


Attaching package: ‘foreach’


Attaching package: ‘foreach’

The following objects are masked from ‘package:purrr’:

    accumulate, when

The following objects are masked from ‘package:purrr’:

    accumulate, when

Loading required package: rngtools

Attaching package: ‘foreach’

The following objects are masked from ‘package:purrr’:

    accumulate, when

Loading required package: rngtools
Loading required package: rngtools

Attaching package: ‘foreach’


Attaching package: ‘foreach’


Attaching package: ‘foreach’

The following objects are masked from ‘package:purrr’:

    accumulate, when


Attaching package: ‘foreach’

The following objects are masked from ‘package:purrr’:

    accumulate, when

The following objects are masked from ‘package:purrr’:

    accumulate, when

The following objects are masked from ‘package:purrr’:

    accumulate, when

Loading required package: rngtools
Loading required package: rngtools
Loading required package: rngtools
Loading required package: pkgmaker
Loading required package: rngtools
Loading required package: rngtools
Loading required package: pkgmaker
Loading required package: pkgmaker
Loading required package: pkgmaker
Loading required package: registry
Loading required package: pkgmaker
Loading required package: pkgmaker
Loading required package: pkgmaker
Loading required package: pkgmaker
Loading required package: registry
Loading required package: registry
Loading required package: registry
Loading required package: registry
Loading required package: registry
Loading required package: registry
Loading required package: registry

Attaching package: ‘pkgmaker’

The following object is masked from ‘package:base’:

    isFALSE


Attaching package: ‘pkgmaker’

The following object is masked from ‘package:base’:

    isFALSE


Attaching package: ‘pkgmaker’

The following object is masked from ‘package:base’:

    isFALSE


Attaching package: ‘pkgmaker’

The following object is masked from ‘package:base’:

    isFALSE


Attaching package: ‘pkgmaker’

The following object is masked from ‘package:base’:

    isFALSE


Attaching package: ‘pkgmaker’


Attaching package: ‘pkgmaker’

The following object is masked from ‘package:base’:

    isFALSE

The following object is masked from ‘package:base’:

    isFALSE


Attaching package: ‘pkgmaker’


Attaching package: ‘pkgmaker’


Attaching package: ‘pkgmaker’

The following object is masked from ‘package:base’:

    isFALSE

The following object is masked from ‘package:base’:

    isFALSE

The following object is masked from ‘package:base’:

    isFALSE

Gastric_cancer
Gastric_cancer
Gastric_cancer
Gastric_cancer
Gastric_cancer
CV repetition number: 1
Gastric_cancer
Gastric_cancer
CV repetition number: 2
Gastric_cancer
Gastric_cancer
CV repetition number: 4
CV repetition number: 3
Gastric_cancer
CV repetition number: 5
CV repetition number: 7
CV repetition number: 6
CV repetition number: 9
CV repetition number: 8
CV repetition number: 10
CV inner loop, CV rep number: 1
CV inner loop, CV rep number: 2
CV inner loop, CV rep number: 4
CV inner loop, CV rep number: 3
CV inner loop, CV rep number: 7
CV inner loop, CV rep number: 5
CV inner loop, CV rep number: 6
CV inner loop, CV rep number: 8
CV inner loop, CV rep number: 9
CV inner loop, CV rep number: 10
maximum number of iterations reached 1.002018e-05 -1.001105e-05maximum number of iterations reached 1.779816e-05 -1.777536e-05maximum number of iterations reached 1.475112e-05 -1.472775e-05maximum number of iterations reached 1.614274e-05 -1.612297e-05maximum number of iterations reached 4.965375e-05 -4.950108e-05maximum number of iterations reached 1.184368e-05 -1.183185e-05maximum number of iterations reached 1.711882e-05 -1.709712e-05maximum number of iterations reached 1.325617e-05 -1.324432e-05maximum number of iterations reached 1.569035e-05 -1.56746e-05maximum number of iterations reached 1.824017e-05 -1.821307e-05maximum number of iterations reached 1.144766e-05 -1.143004e-05besttune C
0.25
besttune degree
1
besttune scale
0.01
besttune C
0.5
besttune degree
2
besttune scale
0.001
besttune C
0.25
besttune degree
1
besttune scale
0.001
besttune C
0.25
besttune degree
3
besttune scale
0.01
maximum number of iterations reached 4.955057e-05 -4.938605e-05besttune C
0.25
besttune degree
3
besttune scale
0.01
CV inner loop, CV rep number: 10
besttune C
1
besttune degree
2
besttune scale
0.01
besttune C
0.25
besttune degree
3
besttune scale
0.01
maximum number of iterations reached 5.532201e-05 -5.517772e-05maximum number of iterations reached 0.0001628276 -0.0001616227maximum number of iterations reached 0.0001409556 -0.0001400991maximum number of iterations reached 2.695111e-05 -2.689264e-05besttune C
1
besttune degree
1
besttune scale
0.001
besttune C
1
besttune degree
2
besttune scale
0.001
CV inner loop, CV rep number: 10
maximum number of iterations reached 1.537445e-05 -1.534834e-05besttune C
0.25
besttune degree
1
besttune scale
0.001
CV inner loop, CV rep number: 10
CV inner loop, CV rep number: 10
CV inner loop, CV rep number: 10
maximum number of iterations reached 2.190751e-05 -2.189038e-05CV inner loop, CV rep number: 10
maximum number of iterations reached 4.492597e-05 -4.478369e-05CV inner loop, CV rep number: 10
CV inner loop, CV rep number: 10
CV inner loop, CV rep number: 10
maximum number of iterations reached 1.465543e-05 -1.463992e-05CV inner loop, CV rep number: 10
maximum number of iterations reached 1.867819e-05 -1.865068e-05maximum number of iterations reached 1.029873e-05 -1.028357e-05maximum number of iterations reached 2.217595e-05 -2.213594e-05maximum number of iterations reached 1.191421e-05 -1.189895e-05maximum number of iterations reachedmaximum number of iterations reached  1.691548e-051.508863e-05  -1.690381e-05-1.507153e-05maximum number of iterations reached 7.718547e-05 -7.695028e-05maximum number of iterations reached 6.402514e-05 -6.380052e-05maximum number of iterations reached 4.478204e-05 -4.465297e-05maximum number of iterations reached 0.0002671868 -0.0002637437maximum number of iterations reached 2.087011e-05 -2.084003e-05maximum number of iterations reached 2.875823e-05 -2.870662e-05maximum number of iterations reached 2.941031e-05 -2.934866e-05maximum number of iterations reached 0.0001304065 -0.0001295251besttune C
2
besttune degree
1
besttune scale
0.001
maximum number of iterations reached 1.08873e-05 -1.087819e-05besttune C
0.25
besttune degree
1
besttune scale
0.001
besttune C
0.25
besttune degree
2
besttune scale
0.01
besttune C
0.25
besttune degree
1
besttune scale
0.01
maximum number of iterations reached 0.0002094913 -0.0002085215maximum number of iterations reached 9.811198e-06 -9.796669e-06maximum number of iterations reached 9.368434e-05 -9.346159e-05maximum number of iterations reached 0.0001186684 -0.000118043maximum number of iterations reached 1.853441e-05 -1.850577e-05besttune C
0.25
besttune degree
1
besttune scale
0.1
maximum number of iterations reached 0.0006540598 -0.000643285besttune C
0.5
besttune degree
2
besttune scale
0.01
CV inner loop, CV rep number: 10
CV inner loop, CV rep number: 10
maximum number of iterations reached 1.005183e-05 -1.004115e-05besttune C
0.5
besttune degree
1
besttune scale
10
besttune C
0.25
besttune degree
1
besttune scale
0.1
CV inner loop, CV rep number: 10
CV inner loop, CV rep number: 10
besttune C
1
besttune degree
2
besttune scale
0.01
CV inner loop, CV rep number: 10
besttune C
0.25
besttune degree
1
besttune scale
0.01
CV inner loop, CV rep number: 10
maximum number of iterations reached 9.684292e-06 -9.674618e-06CV inner loop, CV rep number: 10
CV inner loop, CV rep number: 10
CV inner loop, CV rep number: 10
maximum number of iterations reached 3.567705e-05 -3.557922e-05CV inner loop, CV rep number: 10
maximum number of iterations reached 9.910585e-06 -9.903053e-06maximum number of iterations reached 3.455116e-05 -3.445499e-05maximum number of iterations reached 2.497201e-05 -2.49282e-05maximum number of iterations reached 1.313995e-05 -1.312324e-05maximum number of iterations reached 1.95753e-05 -1.954711e-05maximum number of iterations reached 2.7261e-05 -2.721084e-05maximum number of iterations reached 1.117674e-05 -1.117148e-05maximum number of iterations reached 9.944536e-06 -9.938008e-06maximum number of iterations reached 1.452052e-05 -1.449422e-05maximum number of iterations reached 1.254641e-05 -1.252705e-05maximum number of iterations reached 1.261208e-05 -1.260197e-05maximum number of iterations reached 4.061732e-05 -4.050252e-05maximum number of iterations reached 1.362874e-05 -1.361632e-05maximum number of iterations reached 3.119348e-05 -3.112602e-05maximum number of iterations reached 2.858692e-05 -2.851597e-05maximum number of iterations reached 9.444925e-06 -9.436152e-06maximum number of iterations reached 9.717123e-06 -9.707757e-06maximum number of iterations reached 5.353624e-05 -5.334847e-05besttune C
0.25
besttune degree
1
besttune scale
0.01
besttune C
1
besttune degree
2
besttune scale
0.001
besttune C
0.25
besttune degree
3
besttune scale
0.01
besttune C
0.25
besttune degree
1
besttune scale
0.1
besttune C
0.5
besttune degree
2
besttune scale
0.1
besttune C
0.25
besttune degree
1
besttune scale
0.1
CV inner loop, CV rep number: 10
besttune C
0.25
besttune degree
1
besttune scale
0.1
CV inner loop, CV rep number: 10
CV inner loop, CV rep number: 10
CV inner loop, CV rep number: 10
CV inner loop, CV rep number: 10
CV inner loop, CV rep number: 10
maximum number of iterations reached 1.053976e-05 -1.053118e-05besttune C
1
besttune degree
2
besttune scale
0.01
besttune C
4
besttune degree
1
besttune scale
0.01
CV inner loop, CV rep number: 10
CV inner loop, CV rep number: 10
CV inner loop, CV rep number: 10
besttune C
0.5
besttune degree
2
besttune scale
0.01
maximum number of iterations reached 1.523764e-05 -1.521661e-05CV inner loop, CV rep number: 10
maximum number of iterations reached 3.740956e-05 -3.731227e-05maximum number of iterations reached 3.454491e-05 -3.445859e-05maximum number of iterations reached 9.507698e-06 -9.495098e-06maximum number of iterations reached 2.723291e-05 -2.71863e-05maximum number of iterations reached 1.108911e-05 -1.107678e-05maximum number of iterations reached 1.058052e-05 -1.056872e-05maximum number of iterations reached 3.482118e-05 -3.474243e-05maximum number of iterations reached 3.191815e-05 -3.188072e-05maximum number of iterations reached 2.037305e-05 -2.034647e-05maximum number of iterations reached 9.308513e-06 -9.300215e-06maximum number of iterations reached 1.257715e-05 -1.256365e-05besttune C
0.25
besttune degree
1
besttune scale
0.1
besttune C
1
besttune degree
2
besttune scale
0.01
besttune C
0.25
besttune degree
3
besttune scale
0.01
besttune C
0.25
besttune degree
1
besttune scale
0.1
besttune C
1
besttune degree
2
besttune scale
0.01
CV inner loop, CV rep number: 10
CV inner loop, CV rep number: 10
CV inner loop, CV rep number: 10
besttune C
0.25
besttune degree
2
besttune scale
0.01
CV inner loop, CV rep number: 10
maximum number of iterations reached 1.742154e-05 -1.73924e-05besttune C
0.25
besttune degree
2
besttune scale
0.01
CV inner loop, CV rep number: 10
besttune C
0.25
besttune degree
3
besttune scale
0.01
besttune C
0.25
besttune degree
2
besttune scale
0.01
CV inner loop, CV rep number: 10
CV inner loop, CV rep number: 10
CV inner loop, CV rep number: 10
maximum number of iterations reached 9.77017e-06 -9.760004e-06besttune C
0.5
besttune degree
2
besttune scale
0.001
CV inner loop, CV rep number: 10
maximum number of iterations reached 9.970632e-06 -9.960316e-06CV inner loop, CV rep number: 10
maximum number of iterations reached 2.143205e-05 -2.139246e-05maximum number of iterations reached 2.617739e-05 -2.611748e-05maximum number of iterations reached 1.116647e-05 -1.115487e-05maximum number of iterations reached 1.021322e-05 -1.02046e-05maximum number of iterations reached 3.886586e-05 -3.873703e-05maximum number of iterations reached 3.994975e-05 -3.983066e-05maximum number of iterations reached 9.691077e-06 -9.680127e-06maximum number of iterations reached 1.754183e-05 -1.750499e-05maximum number of iterations reached 1.525998e-05 -1.523215e-05maximum number of iterations reached 7.835946e-05 -7.811135e-05maximum number of iterations reached 9.292898e-06 -9.280376e-06besttune C
2
besttune degree
1
besttune scale
0.01
CV inner loop, CV rep number: 10
besttune C
0.25
besttune degree
3
besttune scale
0.001
besttune C
0.5
besttune degree
1
besttune scale
0.1
besttune C
0.25
besttune degree
1
besttune scale
10
besttune C
4
besttune degree
1
besttune scale
0.01
CV inner loop, CV rep number: 10
CV inner loop, CV rep number: 10
besttune C
2
besttune degree
1
besttune scale
0.01
besttune C
4
besttune degree
2
besttune scale
0.001
CV inner loop, CV rep number: 10
CV inner loop, CV rep number: 10
maximum number of iterations reached 1.397946e-05 -1.396185e-05maximum number of iterations reached 1.623335e-05 -1.620739e-05besttune C
0.5
besttune degree
2
besttune scale
0.001
CV inner loop, CV rep number: 10
CV inner loop, CV rep number: 10
maximum number of iterations reached 9.681172e-06 -9.673543e-06besttune C
2
besttune degree
2
besttune scale
0.01
CV inner loop, CV rep number: 10
maximum number of iterations reached 1.463068e-05 -1.461059e-05CV inner loop, CV rep number: 10
maximum number of iterations reached 9.778724e-06 -9.770894e-06besttune C
0.25
besttune degree
3
besttune scale
0.01
maximum number of iterations reached 9.726288e-06 -9.714182e-06CV inner loop, CV rep number: 10
maximum number of iterations reached 4.833826e-05 -4.815724e-05maximum number of iterations reached 1.060215e-05 -1.058919e-05maximum number of iterations reached 1.045001e-05 -1.043792e-05maximum number of iterations reached 1.091782e-05 -1.090786e-05maximum number of iterations reached 2.240778e-05 -2.237156e-05maximum number of iterations reached 1.276838e-05 -1.275534e-05besttune C
1
besttune degree
2
besttune scale
0.01
CV inner loop, CV rep number: 10
maximum number of iterations reached 9.470687e-06 -9.463824e-06besttune C
0.5
besttune degree
2
besttune scale
0.01
besttune C
0.25
besttune degree
2
besttune scale
0.01
CV inner loop, CV rep number: 10
besttune C
2
besttune degree
1
besttune scale
0.01
besttune C
0.25
besttune degree
1
besttune scale
0.1
besttune C
2
besttune degree
3
besttune scale
0.001
CV inner loop, CV rep number: 10
maximum number of iterations reached 1.663246e-05 -1.660484e-05CV inner loop, CV rep number: 10
CV inner loop, CV rep number: 10
besttune C
0.25
besttune degree
2
besttune scale
0.001
besttune C
0.25
besttune degree
1
besttune scale
10
CV inner loop, CV rep number: 10
besttune C
0.5
besttune degree
2
besttune scale
0.01
CV inner loop, CV rep number: 10
maximum number of iterations reached 2.908138e-05 -2.902163e-05CV inner loop, CV rep number: 10
CV inner loop, CV rep number: 10
besttune C
0.25
besttune degree
1
besttune scale
0.1
maximum number of iterations reached 4.529134e-05 -4.516802e-05CV inner loop, CV rep number: 10
maximum number of iterations reached 2.248394e-05 -2.245197e-05maximum number of iterations reached 1.325624e-05 -1.324075e-05maximum number of iterations reached 9.533997e-06 -9.526117e-06maximum number of iterations reached 1.211586e-05 -1.210395e-05maximum number of iterations reached 1.347029e-05 -1.344637e-05maximum number of iterations reached 2.831566e-05 -2.824667e-05besttune C
0.25
besttune degree
1
besttune scale
0.1
maximum number of iterations reachedmaximum number of iterations reached  1.019875e-051.92723e-05  -1.018559e-05-1.923122e-05maximum number of iterations reached 0.0001980266 -0.0001961956maximum number of iterations reached 1.453262e-05 -1.451834e-05CV inner loop, CV rep number: 10
besttune C
2
besttune degree
2
besttune scale
0.01
CV inner loop, CV rep number: 10
besttune C
2
besttune degree
1
besttune scale
0.01
besttune C
0.5
besttune degree
2
besttune scale
1
maximum number of iterations reached 3.441495e-05 -3.432435e-05besttune C
2
besttune degree
2
besttune scale
0.001
CV inner loop, CV rep number: 10
CV inner loop, CV rep number: 10
CV inner loop, CV rep number: 10
maximum number of iterations reached 8.128931e-05 -8.10126e-05besttune C
0.5
besttune degree
1
besttune scale
0.01
besttune C
0.25
besttune degree
1
besttune scale
0.1
besttune C
0.5
besttune degree
1
besttune scale
0.001
CV inner loop, CV rep number: 10
maximum number of iterations reached 1.093748e-05 -1.09292e-05besttune C
0.25
besttune degree
1
besttune scale
1
CV inner loop, CV rep number: 10
CV inner loop, CV rep number: 10
CV inner loop, CV rep number: 10
besttune C
0.25
besttune degree
2
besttune scale
0.01
CV inner loop, CV rep number: 10
maximum number of iterations reached 1.720579e-05 -1.718747e-05maximum number of iterations reached 1.139912e-05 -1.138566e-05maximum number of iterations reached 4.957146e-05 -4.943819e-05maximum number of iterations reached 9.782363e-06 -9.774968e-06maximum number of iterations reached 8.712813e-05 -8.664153e-05besttune C
0.25
besttune degree
1
besttune scale
0.1
maximum number of iterations reached 0.0003065503 -0.0003023816CV inner loop, CV rep number: 10
besttune C
1
besttune degree
3
besttune scale
0.001
CV inner loop, CV rep number: 10
maximum number of iterations reached 5.640528e-05 -5.621736e-05maximum number of iterations reached 1.439474e-05 -1.437918e-05besttune C
2
besttune degree
1
besttune scale
0.01
besttune C
0.25
besttune degree
1
besttune scale
10
besttune C
0.25
besttune degree
3
besttune scale
0.01
CV inner loop, CV rep number: 10
besttune C
0.5
besttune degree
2
besttune scale
0.01
CV inner loop, CV rep number: 10
maximum number of iterations reached 2.41307e-05 -2.408874e-05besttune C
2
besttune degree
1
besttune scale
0.01
besttune C
0.25
besttune degree
1
besttune scale
0.001
maximum number of iterations reached 2.697822e-05 -2.696076e-05maximum number of iterations reached 3.235768e-05 -3.228337e-05CV inner loop, CV rep number: 10
CV inner loop, CV rep number: 10
maximum number of iterations reached 0.0002642494 -0.0002609878maximum number of iterations reached 2.301556e-05 -2.297982e-05CV inner loop, CV rep number: 10
maximum number of iterations reached 9.665689e-06 -9.652956e-06CV inner loop, CV rep number: 10
besttune C
1
besttune degree
2
besttune scale
0.01
CV inner loop, CV rep number: 10
besttune C
0.5
besttune degree
3
besttune scale
0.01
maximum number of iterations reached 9.045144e-05 -8.999135e-05maximum number of iterations reached 4.940922e-05 -4.925476e-05CV inner loop, CV rep number: 10
maximum number of iterations reached 1.749021e-05 -1.746164e-05maximum number of iterations reached 1.519165e-05 -1.516154e-05maximum number of iterations reached 1.069371e-05 -1.068501e-05maximum number of iterations reached 2.0754e-05 -2.072747e-05maximum number of iterations reached 1.004666e-05 -1.002974e-05maximum number of iterations reached 9.541894e-06 -9.533268e-06maximum number of iterations reached 2.187318e-05 -2.184635e-05maximum number of iterations reached 1.276526e-05 -1.274823e-05besttune C
2
besttune degree
1
besttune scale
0.01
maximum number of iterations reached 2.424745e-05 -2.422738e-05CV inner loop, CV rep number: 10
maximum number of iterations reached 2.182789e-05 -2.178416e-05besttune C
4
besttune degree
3
besttune scale
0.001
maximum number of iterations reached 9.471788e-06 -9.465773e-06maximum number of iterations reached 4.944074e-05 -4.925894e-05CV inner loop, CV rep number: 10
besttune C
0.25
besttune degree
2
besttune scale
0.01
CV inner loop, CV rep number: 10
maximum number of iterations reachedbesttune C
 1.471275e-05 -1.469338e-05besttune C
besttune C
besttune C
2
1
besttune degree
0.25
0.25
besttune degree
2
besttune scale
0.001
3
besttune degree
besttune scale
besttune degree
2
1
besttune scale
0.01
0.01
besttune scale
0.001
besttune C
0.25
besttune degree
2
besttune scale
0.01
maximum number of iterations reached 1.13723e-05 -1.13591e-05maximum number of iterations reached 7.004873e-05 -6.984268e-05maximum number of iterations reached 1.151064e-05 -1.150758e-05maximum number of iterations reached 1.076092e-05 -1.075028e-05maximum number of iterations reached 0.0002487676 -0.0002465972maximum number of iterations reached 0.0006882339 -0.0006839894CV inner loop, CV rep number: 10
maximum number of iterations reached 1.227636e-05 -1.225392e-05CV inner loop, CV rep number: 10
CV inner loop, CV rep number: 10
CV inner loop, CV rep number: 10
CV inner loop, CV rep number: 10
besttune C
0.25
besttune degree
1
besttune scale
0.001
besttune C
0.25
besttune degree
1
besttune scale
0.1
maximum number of iterations reached 0.0001211362 -0.0001203993maximum number of iterations reached 9.64571e-06 -9.642125e-06maximum number of iterations reached 0.0002737384 -0.0002720179maximum number of iterations reached 0.0001562071 -0.0001548697maximum number of iterations reached 4.737208e-05 -4.727034e-05maximum number of iterations reached 3.895634e-05 -3.885263e-05CV inner loop, CV rep number: 10
maximum number of iterations reached 1.294789e-05 -1.293707e-05CV inner loop, CV rep number: 10
maximum number of iterations reached 2.7001e-05 -2.694507e-05maximum number of iterations reached 2.140859e-05 -2.137442e-05maximum number of iterations reached 2.541835e-05 -2.536868e-05maximum number of iterations reached 5.175678e-05 -5.159485e-05besttune C
0.5
besttune degree
2
besttune scale
0.01
maximum number of iterations reached 1.606402e-05 -1.605143e-05maximum number of iterations reached 1.976558e-05 -1.972902e-05maximum number of iterations reached 1.160117e-05 -1.158501e-05besttune C
2
besttune degree
3
besttune scale
0.01
maximum number of iterations reached 4.427679e-05 -4.41473e-05besttune C
1
besttune degree
2
besttune scale
0.01
besttune C
0.25
besttune degree
1
besttune scale
0.01
besttune C
0.5
besttune degree
3
besttune scale
0.1
besttune C
0.25
besttune degree
1
besttune scale
0.1
besttune C
0.25
besttune degree
1
besttune scale
0.1
besttune C
0.5
besttune degree
1
besttune scale
0.01
besttune C
2
besttune degree
1
besttune scale
0.01
besttune C
0.25
besttune degree
1
besttune scale
0.001
maximum number of iterations reached 9.212758e-05 -9.189663e-05[1] "Results: "
  observed CV_rep {class_type}_pred
1   Cancer      1        0.09801196
2   Cancer      1        0.16913375
3   Cancer      1        0.04129641
4   Cancer      1        0.13386205
5    Other      1        0.08596852
6    Other      1        0.02474668
[Tue Nov 30 00:54:58 2021]
Finished job 0.
1 of 1 steps (100%) done
