Building DAG of jobs...
Using shell: /usr/bin/bash
Provided cores: 10
Rules claiming more threads will be scaled down.
Select jobs to execute...

[Tue Nov 30 00:21:42 2021]
rule PCA_binomial_classification:
    input: data/ATAC_predictions_train_20_predict_80/PCA_ATAC_pred_lasso_formatted_standardized.rds, data/sample_types.txt
    output: Classification_output/Binomial_models_output/Boosting_Predictions_PCA_Colorectal_Cancer.rds
    jobid: 0
    wildcards: model_binomial=Boosting, class_type=Colorectal_Cancer
    threads: 10
    resources: mem_mb=200000, disk_mb=1000, tmpdir=/scratch/57577474, time=20:00:00

Rscript --vanilla /faststorage/project/DELFI1/Workspaces/CarmenAndAnika/.snakemake/scripts/tmpvuif0a9y.Boosting.R
Activating conda environment: /faststorage/project/DELFI1/Workspaces/CarmenAndAnika/.snakemake/conda/411837606499b7823565885a8a388b12
Registered S3 methods overwritten by 'ggplot2':
  method         from 
  [.quosures     rlang
  c.quosures     rlang
  print.quosures rlang
Registered S3 method overwritten by 'rvest':
  method            from
  read_xml.response xml2
── Attaching packages ─────────────────────────────────────── tidyverse 1.2.1 ──
✔ ggplot2 3.1.1       ✔ purrr   0.3.2  
✔ tibble  2.1.1       ✔ dplyr   0.8.0.1
✔ tidyr   0.8.3       ✔ stringr 1.4.0  
✔ readr   1.3.1       ✔ forcats 0.4.0  
── Conflicts ────────────────────────────────────────── tidyverse_conflicts() ──
✖ dplyr::filter() masks stats::filter()
✖ dplyr::lag()    masks stats::lag()
Loading required package: lattice

Attaching package: ‘caret’

The following object is masked from ‘package:purrr’:

    lift

Type 'citation("pROC")' for a citation.

Attaching package: ‘pROC’

The following objects are masked from ‘package:stats’:

    cov, smooth, var


Attaching package: ‘xgboost’

The following object is masked from ‘package:dplyr’:

    slice

Loading required package: foreach

Attaching package: ‘foreach’

The following objects are masked from ‘package:purrr’:

    accumulate, when

Loading required package: iterators
Loading required package: parallel
Loading required package: rngtools
Loading required package: pkgmaker
Loading required package: registry

Attaching package: ‘pkgmaker’

The following object is masked from ‘package:base’:

    isFALSE

Warning: unable to access index for repository http://cran.us.r-project.org/src/contrib/splitTools_0.3.1.tar.gz/src/contrib:
  cannot open URL 'http://cran.us.r-project.org/src/contrib/splitTools_0.3.1.tar.gz/src/contrib/PACKAGES'
Warning message:
package ‘splitTools’ is not available (for R version 3.6.1) 
Gastric_cancerOvarian_CancerLung_CancerBile_Duct_CancerPancreatic_CancerDuodenal_CancerBreast_CancerColorectal_Cancer
[1] "Sample_type levels"
[1] "Cancer" "Other" 
starting worker pid=12464 on localhost:11322 at 00:21:49.309
starting worker pid=12488 on localhost:11322 at 00:21:49.637
starting worker pid=12512 on localhost:11322 at 00:21:49.970
starting worker pid=12536 on localhost:11322 at 00:21:50.301
starting worker pid=12560 on localhost:11322 at 00:21:50.644
starting worker pid=12584 on localhost:11322 at 00:21:50.965
starting worker pid=12608 on localhost:11322 at 00:21:51.303
starting worker pid=12632 on localhost:11322 at 00:21:51.628
starting worker pid=12656 on localhost:11322 at 00:21:51.961
starting worker pid=12680 on localhost:11322 at 00:21:52.288
Loaded gbm 2.1.8
Loaded gbm 2.1.8
Loading required package: lattice
Loaded gbm 2.1.8
Loading required package: lattice
Loading required package: ggplot2
Loading required package: lattice
Loading required package: ggplot2
Loaded gbm 2.1.8
Loading required package: ggplot2
Loaded gbm 2.1.8
Loading required package: lattice
Loaded gbm 2.1.8
Loaded gbm 2.1.8
Loading required package: ggplot2
Loading required package: lattice
Loading required package: lattice
Loading required package: lattice
Loaded gbm 2.1.8
Loading required package: ggplot2
Loaded gbm 2.1.8
Loading required package: ggplot2
Loading required package: ggplot2
Loading required package: lattice
Loaded gbm 2.1.8
Loading required package: lattice
Loading required package: lattice
Loading required package: ggplot2
Loading required package: ggplot2
Loading required package: ggplot2
Registered S3 methods overwritten by 'ggplot2':
  method         from 
  [.quosures     rlang
  c.quosures     rlang
  print.quosures rlang
Registered S3 methods overwritten by 'ggplot2':
  method         from 
  [.quosures     rlang
  c.quosures     rlang
  print.quosures rlang
Registered S3 methods overwritten by 'ggplot2':
  method         from 
  [.quosures     rlang
  c.quosures     rlang
  print.quosures rlang
Registered S3 methods overwritten by 'ggplot2':
  method         from 
  [.quosures     rlang
  c.quosures     rlang
  print.quosures rlang
Registered S3 methods overwritten by 'ggplot2':
  method         from 
  [.quosures     rlang
  c.quosures     rlang
  print.quosures rlang
Registered S3 methods overwritten by 'ggplot2':
  method         from 
  [.quosures     rlang
  c.quosures     rlang
  print.quosures rlang
Registered S3 methods overwritten by 'ggplot2':
  method         from 
  [.quosures     rlang
  c.quosures     rlang
  print.quosures rlang
Registered S3 methods overwritten by 'ggplot2':
  method         from 
  [.quosures     rlang
  c.quosures     rlang
  print.quosures rlang
Registered S3 methods overwritten by 'ggplot2':
  method         from 
  [.quosures     rlang
  c.quosures     rlang
  print.quosures rlang
Registered S3 methods overwritten by 'ggplot2':
  method         from 
  [.quosures     rlang
  c.quosures     rlang
  print.quosures rlang
Registered S3 method overwritten by 'rvest':
  method            from
  read_xml.response xml2
Registered S3 method overwritten by 'rvest':
  method            from
  read_xml.response xml2
Registered S3 method overwritten by 'rvest':
  method            from
  read_xml.response xml2
Registered S3 method overwritten by 'rvest':
  method            from
  read_xml.response xml2
Registered S3 method overwritten by 'rvest':
  method            from
  read_xml.response xml2
Registered S3 method overwritten by 'rvest':
  method            from
  read_xml.response xml2
Registered S3 method overwritten by 'rvest':
  method            from
  read_xml.response xml2
── Attaching packages ─────────────────────────────────────── tidyverse 1.2.1 ──
Registered S3 method overwritten by 'rvest':
  method            from
  read_xml.response xml2
── Attaching packages ─────────────────────────────────────── tidyverse 1.2.1 ──
✔ tibble  2.1.1       ✔ purrr   0.3.2  
✔ tidyr   0.8.3       ✔ dplyr   0.8.0.1
✔ readr   1.3.1       ✔ stringr 1.4.0  
✔ tibble  2.1.1       ✔ forcats 0.4.0  
── Attaching packages ─────────────────────────────────────── tidyverse 1.2.1 ──
✔ tibble  2.1.1       ✔ purrr   0.3.2  
✔ tidyr   0.8.3       ✔ dplyr   0.8.0.1
✔ readr   1.3.1       ✔ stringr 1.4.0  
✔ tibble  2.1.1       ✔ forcats 0.4.0  
Registered S3 method overwritten by 'rvest':
  method            from
  read_xml.response xml2
✔ tibble  2.1.1       ✔ purrr   0.3.2  
✔ tidyr   0.8.3       ✔ dplyr   0.8.0.1
✔ readr   1.3.1       ✔ stringr 1.4.0  
✔ tibble  2.1.1       ✔ forcats 0.4.0  
Registered S3 method overwritten by 'rvest':
  method            from
  read_xml.response xml2
── Attaching packages ─────────────────────────────────────── tidyverse 1.2.1 ──
── Attaching packages ─────────────────────────────────────── tidyverse 1.2.1 ──
── Attaching packages ─────────────────────────────────────── tidyverse 1.2.1 ──
── Attaching packages ─────────────────────────────────────── tidyverse 1.2.1 ──
── Attaching packages ─────────────────────────────────────── tidyverse 1.2.1 ──
✔ tibble  2.1.1       ✔ purrr   0.3.2  
✔ tidyr   0.8.3       ✔ dplyr   0.8.0.1
✔ readr   1.3.1       ✔ stringr 1.4.0  
✔ tibble  2.1.1       ✔ forcats 0.4.0  
✔ tibble  2.1.1       ✔ purrr   0.3.2  
✔ tidyr   0.8.3       ✔ dplyr   0.8.0.1
✔ readr   1.3.1       ✔ stringr 1.4.0  
✔ tibble  2.1.1       ✔ forcats 0.4.0  
✔ tibble  2.1.1       ✔ purrr   0.3.2  
✔ tidyr   0.8.3       ✔ dplyr   0.8.0.1
✔ readr   1.3.1       ✔ stringr 1.4.0  
✔ tibble  2.1.1       ✔ forcats 0.4.0  
✔ tibble  2.1.1       ✔ purrr   0.3.2  
✔ tidyr   0.8.3       ✔ dplyr   0.8.0.1
✔ readr   1.3.1       ✔ stringr 1.4.0  
✔ tibble  2.1.1       ✔ forcats 0.4.0  
✔ tibble  2.1.1       ✔ purrr   0.3.2  
✔ tidyr   0.8.3       ✔ dplyr   0.8.0.1
✔ readr   1.3.1       ✔ stringr 1.4.0  
✔ tibble  2.1.1       ✔ forcats 0.4.0  
── Attaching packages ─────────────────────────────────────── tidyverse 1.2.1 ──
── Attaching packages ─────────────────────────────────────── tidyverse 1.2.1 ──
✔ tibble  2.1.1       ✔ purrr   0.3.2  
✔ tidyr   0.8.3       ✔ dplyr   0.8.0.1
✔ readr   1.3.1       ✔ stringr 1.4.0  
✔ tibble  2.1.1       ✔ forcats 0.4.0  
✔ tibble  2.1.1       ✔ purrr   0.3.2  
✔ tidyr   0.8.3       ✔ dplyr   0.8.0.1
✔ readr   1.3.1       ✔ stringr 1.4.0  
✔ tibble  2.1.1       ✔ forcats 0.4.0  
── Conflicts ────────────────────────────────────────── tidyverse_conflicts() ──
✖ dplyr::filter() masks stats::filter()
✖ dplyr::lag()    masks stats::lag()
✖ purrr::lift()   masks caret::lift()
Loading required package: foreach

Attaching package: ‘foreach’

── Conflicts ────────────────────────────────────────── tidyverse_conflicts() ──
✖ dplyr::filter() masks stats::filter()
✖ dplyr::lag()    masks stats::lag()
✖ purrr::lift()   masks caret::lift()
The following objects are masked from ‘package:purrr’:

    accumulate, when

── Conflicts ────────────────────────────────────────── tidyverse_conflicts() ──
✖ dplyr::filter() masks stats::filter()
✖ dplyr::lag()    masks stats::lag()
✖ purrr::lift()   masks caret::lift()
Loading required package: rngtools
Loading required package: pkgmaker
Loading required package: registry
── Conflicts ────────────────────────────────────────── tidyverse_conflicts() ──
✖ dplyr::filter() masks stats::filter()
✖ dplyr::lag()    masks stats::lag()
✖ purrr::lift()   masks caret::lift()
Loading required package: foreach
Loading required package: foreach
── Conflicts ────────────────────────────────────────── tidyverse_conflicts() ──
✖ dplyr::filter() masks stats::filter()
✖ dplyr::lag()    masks stats::lag()
✖ purrr::lift()   masks caret::lift()
── Conflicts ────────────────────────────────────────── tidyverse_conflicts() ──
✖ dplyr::filter() masks stats::filter()
✖ dplyr::lag()    masks stats::lag()
✖ purrr::lift()   masks caret::lift()

Attaching package: ‘foreach’


Attaching package: ‘foreach’

The following objects are masked from ‘package:purrr’:

    accumulate, when

The following objects are masked from ‘package:purrr’:

    accumulate, when

── Conflicts ────────────────────────────────────────── tidyverse_conflicts() ──
✖ dplyr::filter() masks stats::filter()
✖ dplyr::lag()    masks stats::lag()
✖ purrr::lift()   masks caret::lift()
── Conflicts ────────────────────────────────────────── tidyverse_conflicts() ──
✖ dplyr::filter() masks stats::filter()
✖ dplyr::lag()    masks stats::lag()
✖ purrr::lift()   masks caret::lift()
Loading required package: rngtools
Loading required package: rngtools
── Conflicts ────────────────────────────────────────── tidyverse_conflicts() ──
✖ dplyr::filter() masks stats::filter()
✖ dplyr::lag()    masks stats::lag()
✖ purrr::lift()   masks caret::lift()
Loading required package: pkgmaker
Loading required package: foreach
Loading required package: pkgmaker
── Conflicts ────────────────────────────────────────── tidyverse_conflicts() ──
✖ dplyr::filter() masks stats::filter()
✖ dplyr::lag()    masks stats::lag()
✖ purrr::lift()   masks caret::lift()

Attaching package: ‘foreach’

The following objects are masked from ‘package:purrr’:

    accumulate, when

Loading required package: rngtools
Loading required package: foreach
Loading required package: registry

Attaching package: ‘foreach’

The following objects are masked from ‘package:purrr’:

    accumulate, when

Loading required package: registry
Loading required package: pkgmaker
Loading required package: rngtools
Loading required package: foreach
Loading required package: foreach
Loading required package: foreach
Loading required package: foreach
Loading required package: registry
Loading required package: pkgmaker

Attaching package: ‘foreach’


Attaching package: ‘foreach’

The following objects are masked from ‘package:purrr’:

    accumulate, when

The following objects are masked from ‘package:purrr’:

    accumulate, when


Attaching package: ‘foreach’


Attaching package: ‘foreach’

The following objects are masked from ‘package:purrr’:

    accumulate, when

The following objects are masked from ‘package:purrr’:

    accumulate, when

Loading required package: rngtools
Loading required package: rngtools
Loading required package: rngtools
Loading required package: rngtools
Loading required package: registry
Loading required package: foreach

Attaching package: ‘pkgmaker’

The following object is masked from ‘package:base’:

    isFALSE


Attaching package: ‘foreach’

The following objects are masked from ‘package:purrr’:

    accumulate, when

Loading required package: pkgmaker
Loading required package: pkgmaker
Loading required package: pkgmaker
Loading required package: rngtools
Loading required package: pkgmaker
Loading required package: pkgmaker
Loading required package: registry
Loading required package: registry
Loading required package: registry
Loading required package: registry
Loading required package: registry

Attaching package: ‘pkgmaker’

The following object is masked from ‘package:base’:

    isFALSE


Attaching package: ‘pkgmaker’

The following object is masked from ‘package:base’:

    isFALSE


Attaching package: ‘pkgmaker’

The following object is masked from ‘package:base’:

    isFALSE


Attaching package: ‘pkgmaker’

The following object is masked from ‘package:base’:

    isFALSE


Attaching package: ‘pkgmaker’

The following object is masked from ‘package:base’:

    isFALSE


Attaching package: ‘pkgmaker’

The following object is masked from ‘package:base’:

    isFALSE


Attaching package: ‘pkgmaker’


Attaching package: ‘pkgmaker’

The following object is masked from ‘package:base’:

    isFALSE

The following object is masked from ‘package:base’:

    isFALSE


Attaching package: ‘pkgmaker’

The following object is masked from ‘package:base’:

    isFALSE

Colorectal_Cancer
Colorectal_Cancer
Colorectal_Cancer
Colorectal_Cancer
Colorectal_Cancer
Colorectal_Cancer
CV repetition number: 1
Colorectal_Cancer
Colorectal_Cancer
Colorectal_Cancer
CV repetition number: 4
Colorectal_Cancer
CV repetition number: 5
CV repetition number: 8
CV repetition number: 2
CV repetition number: 3
CV repetition number: 6
CV repetition number: 9
CV repetition number: 7
CV repetition number: 10
CV inner loop, CV rep number: 1
CV inner loop, CV rep number: 4
CV inner loop, CV rep number: 5
CV inner loop, CV rep number: 2
CV inner loop, CV rep number: 8
CV inner loop, CV rep number: 3
CV inner loop, CV rep number: 6
CV inner loop, CV rep number: 9
CV inner loop, CV rep number: 7
CV inner loop, CV rep number: 10
besttune n.trees
50
besttune interaction.depth
3
besttune shrinkage
0.1
besttune n.minobsinnode
10
besttune n.trees
50
besttune interaction.depth
2
besttune shrinkage
0.1
besttune n.minobsinnode
10
besttune n.trees
100
besttune interaction.depth
1
besttune shrinkage
0.1
besttune n.minobsinnode
10
besttune n.trees
100
besttune interaction.depth
2
besttune shrinkage
0.1
besttune n.minobsinnode
10
besttune n.trees
50
besttune interaction.depth
1
besttune shrinkage
0.1
besttune n.minobsinnode
10
besttune n.trees
50
besttune interaction.depth
4
besttune shrinkage
0.1
besttune n.minobsinnode
10
besttune n.trees
50
besttune interaction.depth
1
besttune shrinkage
0.1
besttune n.minobsinnode
10
besttune n.trees
50
besttune interaction.depth
5
besttune shrinkage
0.1
besttune n.minobsinnode
10
besttune n.trees
100
besttune interaction.depth
4
besttune shrinkage
0.1
besttune n.minobsinnode
10
besttune n.trees
200
besttune interaction.depth
2
besttune shrinkage
0.1
besttune n.minobsinnode
10
CV inner loop, CV rep number: 10
CV inner loop, CV rep number: 10
CV inner loop, CV rep number: 10
CV inner loop, CV rep number: 10
CV inner loop, CV rep number: 10
CV inner loop, CV rep number: 10
CV inner loop, CV rep number: 10
CV inner loop, CV rep number: 10
CV inner loop, CV rep number: 10
CV inner loop, CV rep number: 10
besttune n.trees
150
besttune interaction.depth
2
besttune shrinkage
0.1
besttune n.minobsinnode
10
besttune n.trees
100
besttune interaction.depth
2
besttune shrinkage
0.1
besttune n.minobsinnode
10
besttune n.trees
50
besttune interaction.depth
4
besttune shrinkage
0.1
besttune n.minobsinnode
10
besttune n.trees
200
besttune interaction.depth
1
besttune shrinkage
0.1
besttune n.minobsinnode
10
besttune n.trees
50
besttune interaction.depth
2
besttune shrinkage
0.1
besttune n.minobsinnode
10
besttune n.trees
50
besttune interaction.depth
2
besttune shrinkage
0.1
besttune n.minobsinnode
10
besttune n.trees
100
besttune interaction.depth
2
besttune shrinkage
0.1
besttune n.minobsinnode
10
besttune n.trees
250
besttune interaction.depth
1
besttune shrinkage
0.1
besttune n.minobsinnode
10
CV inner loop, CV rep number: 10
CV inner loop, CV rep number: 10
CV inner loop, CV rep number: 10
CV inner loop, CV rep number: 10
CV inner loop, CV rep number: 10
CV inner loop, CV rep number: 10
CV inner loop, CV rep number: 10
besttune n.trees
100
besttune interaction.depth
3
besttune shrinkage
0.1
besttune n.minobsinnode
10
CV inner loop, CV rep number: 10
besttune n.trees
150
besttune interaction.depth
4
besttune shrinkage
0.1
besttune n.minobsinnode
10
CV inner loop, CV rep number: 10
besttune n.trees
250
besttune interaction.depth
1
besttune shrinkage
0.1
besttune n.minobsinnode
10
besttune n.trees
50
besttune interaction.depth
1
besttune shrinkage
0.1
besttune n.minobsinnode
10
besttune n.trees
250
besttune interaction.depth
1
besttune shrinkage
0.1
besttune n.minobsinnode
10
besttune n.trees
100
besttune interaction.depth
1
besttune shrinkage
0.1
besttune n.minobsinnode
10
besttune n.trees
50
besttune interaction.depth
2
besttune shrinkage
0.1
besttune n.minobsinnode
10
CV inner loop, CV rep number: 10
CV inner loop, CV rep number: 10
CV inner loop, CV rep number: 10
besttune n.trees
50
besttune interaction.depth
1
besttune shrinkage
0.1
besttune n.minobsinnode
10
besttune n.trees
250
besttune interaction.depth
1
besttune shrinkage
0.1
besttune n.minobsinnode
10
CV inner loop, CV rep number: 10
CV inner loop, CV rep number: 10
CV inner loop, CV rep number: 10
CV inner loop, CV rep number: 10
besttune n.trees
200
besttune interaction.depth
2
besttune shrinkage
0.1
besttune n.minobsinnode
10
CV inner loop, CV rep number: 10
besttune n.trees
50
besttune interaction.depth
4
besttune shrinkage
0.1
besttune n.minobsinnode
10
CV inner loop, CV rep number: 10
CV inner loop, CV rep number: 10
besttune n.trees
100
besttune interaction.depth
4
besttune shrinkage
0.1
besttune n.minobsinnode
10
besttune n.trees
50
besttune interaction.depth
2
besttune n.trees
besttune shrinkage
50
0.1
besttune interaction.depth
besttune n.minobsinnode
1
10
besttune shrinkage
0.1
besttune n.minobsinnode
10
besttune n.trees
100
besttune interaction.depth
5
besttune shrinkage
0.1
besttune n.minobsinnode
10
besttune n.trees
50
besttune interaction.depth
4
besttune shrinkage
0.1
besttune n.minobsinnode
10
besttune n.trees
250
besttune interaction.depth
1
besttune shrinkage
0.1
besttune n.minobsinnode
10
besttune n.trees
50
besttune interaction.depth
4
besttune shrinkage
0.1
besttune n.minobsinnode
10
CV inner loop, CV rep number: 10
CV inner loop, CV rep number: 10
CV inner loop, CV rep number: 10
besttune n.trees
100
besttune interaction.depth
1
besttune shrinkage
0.1
besttune n.minobsinnode
10
CV inner loop, CV rep number: 10
CV inner loop, CV rep number: 10
CV inner loop, CV rep number: 10
CV inner loop, CV rep number: 10
CV inner loop, CV rep number: 10
besttune n.trees
150
besttune interaction.depth
3
besttune shrinkage
0.1
besttune n.minobsinnode
10
besttune n.trees
200
besttune interaction.depth
4
besttune shrinkage
0.1
besttune n.minobsinnode
10
CV inner loop, CV rep number: 10
besttune n.trees
250
besttune interaction.depth
1
besttune shrinkage
0.1
besttune n.minobsinnode
10
besttune n.trees
200
besttune interaction.depth
2
besttune shrinkage
0.1
besttune n.minobsinnode
10
besttune n.trees
150
besttune interaction.depth
1
besttune shrinkage
0.1
besttune n.minobsinnode
10
besttune n.trees
50
besttune interaction.depth
3
besttune shrinkage
0.1
besttune n.minobsinnode
10
besttune n.trees
100
besttune interaction.depth
1
besttune shrinkage
0.1
besttune n.minobsinnode
10
besttune n.trees
100
besttune interaction.depth
5
besttune shrinkage
0.1
besttune n.minobsinnode
10
CV inner loop, CV rep number: 10
besttune n.trees
150
besttune interaction.depth
4
besttune shrinkage
0.1
besttune n.minobsinnode
10
CV inner loop, CV rep number: 10
besttune n.trees
50
besttune interaction.depth
2
besttune shrinkage
0.1
besttune n.minobsinnode
10
CV inner loop, CV rep number: 10
CV inner loop, CV rep number: 10
CV inner loop, CV rep number: 10
CV inner loop, CV rep number: 10
CV inner loop, CV rep number: 10
CV inner loop, CV rep number: 10
CV inner loop, CV rep number: 10
besttune n.trees
200
besttune interaction.depth
1
besttune shrinkage
0.1
besttune n.minobsinnode
10
besttune n.trees
50
besttune interaction.depth
2
besttune shrinkage
0.1
besttune n.minobsinnode
10
besttune n.trees
50
besttune interaction.depth
5
besttune shrinkage
0.1
besttune n.minobsinnode
10
besttune n.trees
100
besttune interaction.depth
1
besttune shrinkage
0.1
besttune n.minobsinnode
10
besttune n.trees
100
besttune interaction.depth
1
besttune shrinkage
0.1
besttune n.minobsinnode
10
CV inner loop, CV rep number: 10
besttune n.trees
150
besttune interaction.depth
4
besttune shrinkage
0.1
besttune n.minobsinnode
10
CV inner loop, CV rep number: 10
CV inner loop, CV rep number: 10
CV inner loop, CV rep number: 10
besttune n.trees
150
besttune interaction.depth
2
besttune shrinkage
0.1
besttune n.minobsinnode
10
besttune n.trees
50
besttune interaction.depth
4
besttune shrinkage
0.1
besttune n.minobsinnode
10
CV inner loop, CV rep number: 10
besttune n.trees
100
besttune interaction.depth
4
besttune shrinkage
0.1
besttune n.minobsinnode
10
CV inner loop, CV rep number: 10
CV inner loop, CV rep number: 10
besttune n.trees
200
besttune interaction.depth
2
besttune shrinkage
0.1
besttune n.minobsinnode
10
CV inner loop, CV rep number: 10
CV inner loop, CV rep number: 10
CV inner loop, CV rep number: 10
besttune n.trees
50
besttune interaction.depth
3
besttune shrinkage
0.1
besttune n.minobsinnode
10
besttune n.trees
100
besttune interaction.depth
1
besttune shrinkage
0.1
besttune n.minobsinnode
10
besttune n.trees
150
besttune interaction.depth
4
besttune shrinkage
0.1
besttune n.minobsinnode
10
besttune n.trees
50
besttune interaction.depth
1
besttune shrinkage
0.1
besttune n.minobsinnode
10
CV inner loop, CV rep number: 10
besttune n.trees
100
besttune interaction.depth
3
besttune shrinkage
0.1
besttune n.minobsinnode
10
CV inner loop, CV rep number: 10
CV inner loop, CV rep number: 10
besttune n.trees
50
besttune interaction.depth
5
besttune shrinkage
0.1
besttune n.minobsinnode
10
besttune n.trees
50
besttune interaction.depth
5
besttune shrinkage
0.1
besttune n.minobsinnode
10
besttune n.trees
50
besttune interaction.depth
4
besttune shrinkage
0.1
besttune n.minobsinnode
10
CV inner loop, CV rep number: 10
CV inner loop, CV rep number: 10
besttune n.trees
50
besttune interaction.depth
1
besttune shrinkage
0.1
besttune n.minobsinnode
10
CV inner loop, CV rep number: 10
CV inner loop, CV rep number: 10
CV inner loop, CV rep number: 10
CV inner loop, CV rep number: 10
besttune n.trees
100
besttune interaction.depth
4
besttune shrinkage
0.1
besttune n.minobsinnode
10
besttune n.trees
150
besttune interaction.depth
4
besttune shrinkage
0.1
besttune n.minobsinnode
10
besttune n.trees
50
besttune interaction.depth
3
besttune shrinkage
0.1
besttune n.minobsinnode
10
besttune n.trees
150
besttune interaction.depth
2
besttune shrinkage
0.1
besttune n.minobsinnode
10
CV inner loop, CV rep number: 10
besttune n.trees
100
besttune interaction.depth
2
besttune shrinkage
0.1
besttune n.minobsinnode
10
besttune n.trees
50
besttune interaction.depth
1
besttune shrinkage
0.1
besttune n.minobsinnode
10
CV inner loop, CV rep number: 10
CV inner loop, CV rep number: 10
CV inner loop, CV rep number: 10
besttune n.trees
50
besttune interaction.depth
4
besttune shrinkage
0.1
besttune n.minobsinnode
10
besttune n.trees
150
besttune interaction.depth
4
besttune shrinkage
0.1
besttune n.minobsinnode
10
besttune n.trees
50
besttune interaction.depth
3
besttune shrinkage
0.1
besttune n.minobsinnode
10
CV inner loop, CV rep number: 10
CV inner loop, CV rep number: 10
besttune n.trees
50
besttune interaction.depth
1
besttune shrinkage
0.1
besttune n.minobsinnode
10
CV inner loop, CV rep number: 10
CV inner loop, CV rep number: 10
CV inner loop, CV rep number: 10
CV inner loop, CV rep number: 10
besttune n.trees
100
besttune interaction.depth
4
besttune shrinkage
0.1
besttune n.minobsinnode
10
besttune n.trees
50
besttune interaction.depth
2
besttune shrinkage
0.1
besttune n.minobsinnode
10
besttune n.trees
50
besttune interaction.depth
4
besttune shrinkage
0.1
besttune n.minobsinnode
10
CV inner loop, CV rep number: 10
besttune n.trees
50
besttune interaction.depth
5
besttune shrinkage
0.1
besttune n.minobsinnode
10
CV inner loop, CV rep number: 10
besttune n.trees
250
besttune interaction.depth
5
besttune shrinkage
0.1
besttune n.minobsinnode
10
CV inner loop, CV rep number: 10
besttune n.trees
100
besttune interaction.depth
1
besttune shrinkage
0.1
besttune n.minobsinnode
10
besttune n.trees
50
besttune interaction.depth
1
besttune shrinkage
0.1
besttune n.minobsinnode
10
CV inner loop, CV rep number: 10
CV inner loop, CV rep number: 10
besttune n.trees
50
besttune interaction.depth
1
besttune shrinkage
0.1
besttune n.minobsinnode
10
CV inner loop, CV rep number: 10
besttune n.trees
200
besttune interaction.depth
4
besttune shrinkage
0.1
besttune n.minobsinnode
10
besttune n.trees
250
besttune interaction.depth
3
besttune shrinkage
0.1
besttune n.minobsinnode
10
CV inner loop, CV rep number: 10
besttune n.trees
100
besttune interaction.depth
5
besttune shrinkage
0.1
besttune n.minobsinnode
10
CV inner loop, CV rep number: 10
besttune n.trees
50
besttune interaction.depth
3
besttune shrinkage
0.1
besttune n.minobsinnode
10
CV inner loop, CV rep number: 10
besttune n.trees
50
besttune interaction.depth
3
besttune shrinkage
0.1
besttune n.minobsinnode
10
CV inner loop, CV rep number: 10
besttune n.trees
50
besttune interaction.depth
1
besttune shrinkage
0.1
besttune n.minobsinnode
10
CV inner loop, CV rep number: 10
besttune n.trees
100
besttune interaction.depth
4
besttune shrinkage
0.1
besttune n.minobsinnode
10
besttune n.trees
100
besttune interaction.depth
1
besttune shrinkage
0.1
besttune n.minobsinnode
10
besttune n.trees
CV inner loop, CV rep number: 10
besttune n.trees
besttune n.trees
besttune n.trees
besttune n.trees
50
100
50
50
150
besttune interaction.depth
besttune interaction.depth
besttune interaction.depth
besttune interaction.depth
besttune interaction.depth
3
4
5
1
5
besttune shrinkage
besttune shrinkage
besttune shrinkage
besttune shrinkage
besttune shrinkage
0.1
0.1
0.1
0.1
0.1
besttune n.minobsinnode
besttune n.minobsinnode
besttune n.minobsinnode
besttune n.minobsinnode
besttune n.minobsinnode
10
10
10
10
10
CV inner loop, CV rep number: 10
CV inner loop, CV rep number: 10
besttune n.trees
50
besttune interaction.depth
5
besttune shrinkage
0.1
besttune n.minobsinnode
10
besttune n.trees
200
besttune interaction.depth
2
besttune shrinkage
0.1
besttune n.minobsinnode
10
besttune n.trees
50
besttune interaction.depth
1
besttune shrinkage
0.1
besttune n.minobsinnode
10
[1] "Results: "
Warning message:
Warning message:
Warning message:
Warning message:
Warning message:
Warning message:
Warning message:
Warning message:
Warning message:
package ‘gbm’ was built under R version 3.6.3 
Warning message:
package ‘gbm’ was built under R version 3.6.3 
package ‘gbm’ was built under R version 3.6.3 
 package ‘gbm’ was built under R version 3.6.3 
 observedpackage ‘gbm’ was built under R version 3.6.3 
 CV_reppackage ‘gbm’ was built under R version 3.6.3 
 {class_type}_predpackage ‘gbm’ was built under R version 3.6.3 

1package ‘gbm’ was built under R version 3.6.3 
    Otherpackage ‘gbm’ was built under R version 3.6.3 
      1      0.0043543480
2    Other      1      0.0008068388
3    Other      1      0.0150416795
4    Other      1      0.0391986930
5    Other      1      0.0051736930
6    Other      1      0.0002720010
package ‘gbm’ was built under R version 3.6.3 
[Tue Nov 30 00:23:34 2021]
Finished job 0.
1 of 1 steps (100%) done
