Building DAG of jobs...
Using shell: /usr/bin/bash
Provided cores: 10
Rules claiming more threads will be scaled down.
Select jobs to execute...

[Mon Nov 29 23:00:02 2021]
rule PCA_binomial_classification:
    input: data/ATAC_predictions_train_20_predict_80/PCA_ATAC_pred_lasso_formatted_standardized.rds, data/sample_types.txt
    output: Classification_output/Binomial_models_output/Lasso_Predictions_PCA_Pancreatic_Cancer.rds
    jobid: 0
    wildcards: model_binomial=Lasso, class_type=Pancreatic_Cancer
    threads: 10
    resources: mem_mb=200000, disk_mb=1000, tmpdir=/scratch/57575224, time=20:00:00

Rscript --vanilla /faststorage/project/DELFI1/Workspaces/CarmenAndAnika/.snakemake/scripts/tmpy5owgiyn.Lasso.R
Activating conda environment: /faststorage/project/DELFI1/Workspaces/CarmenAndAnika/.snakemake/conda/411837606499b7823565885a8a388b12
Registered S3 methods overwritten by 'ggplot2':
  method         from 
  [.quosures     rlang
  c.quosures     rlang
  print.quosures rlang
Registered S3 method overwritten by 'rvest':
  method            from
  read_xml.response xml2
── Attaching packages ─────────────────────────────────────── tidyverse 1.2.1 ──
✔ ggplot2 3.1.1       ✔ purrr   0.3.2  
✔ tibble  2.1.1       ✔ dplyr   0.8.0.1
✔ tidyr   0.8.3       ✔ stringr 1.4.0  
✔ readr   1.3.1       ✔ forcats 0.4.0  
── Conflicts ────────────────────────────────────────── tidyverse_conflicts() ──
✖ dplyr::filter() masks stats::filter()
✖ dplyr::lag()    masks stats::lag()
Type 'citation("pROC")' for a citation.

Attaching package: ‘pROC’

The following objects are masked from ‘package:stats’:

    cov, smooth, var

Loading required package: Matrix

Attaching package: ‘Matrix’

The following object is masked from ‘package:tidyr’:

    expand

Loading required package: foreach

Attaching package: ‘foreach’

The following objects are masked from ‘package:purrr’:

    accumulate, when

Loaded glmnet 2.0-16


Attaching package: ‘glmnet’

The following object is masked from ‘package:pROC’:

    auc


Attaching package: ‘glmnetUtils’

The following objects are masked from ‘package:glmnet’:

    cv.glmnet, glmnet

Warning message:
package ‘glmnetUtils’ was built under R version 3.6.3 
Warning: unable to access index for repository http://cran.us.r-project.org/src/contrib/splitTools_0.3.1.tar.gz/src/contrib:
  cannot open URL 'http://cran.us.r-project.org/src/contrib/splitTools_0.3.1.tar.gz/src/contrib/PACKAGES'
Warning message:
package ‘splitTools’ is not available (for R version 3.6.1) 
Warning message:
package ‘multiROC’ was built under R version 3.6.3 
dummies-1.5.6 provided by Decision Patterns

Warning message:
package ‘dummies’ was built under R version 3.6.3 
Loading required package: gplots

Attaching package: ‘gplots’

The following object is masked from ‘package:stats’:

    lowess

Loading required package: iterators
Loading required package: parallel
Loading required package: rngtools
Loading required package: pkgmaker
Loading required package: registry

Attaching package: ‘pkgmaker’

The following object is masked from ‘package:base’:

    isFALSE

Gastric_cancerOvarian_CancerLung_CancerBile_Duct_CancerPancreatic_CancerDuodenal_CancerBreast_CancerColorectal_Cancer
[1] "Sample_type levels"
[1] "Cancer" "Other" 
starting worker pid=57964 on localhost:11741 at 23:00:08.025
starting worker pid=57988 on localhost:11741 at 23:00:08.292
starting worker pid=58012 on localhost:11741 at 23:00:08.541
starting worker pid=58036 on localhost:11741 at 23:00:08.880
starting worker pid=58060 on localhost:11741 at 23:00:09.141
starting worker pid=58084 on localhost:11741 at 23:00:09.434
starting worker pid=58109 on localhost:11741 at 23:00:09.686
starting worker pid=58133 on localhost:11741 at 23:00:10.587
starting worker pid=58157 on localhost:11741 at 23:00:10.979
starting worker pid=58181 on localhost:11741 at 23:00:11.549
Registered S3 methods overwritten by 'ggplot2':
  method         from 
  [.quosures     rlang
  c.quosures     rlang
  print.quosures rlang
Registered S3 methods overwritten by 'ggplot2':
  method         from 
  [.quosures     rlang
  c.quosures     rlang
  print.quosures rlang
Registered S3 methods overwritten by 'ggplot2':
  method         from 
  [.quosures     rlang
  c.quosures     rlang
  print.quosures rlang
Registered S3 methods overwritten by 'ggplot2':
  method         from 
  [.quosures     rlang
  c.quosures     rlang
  print.quosures rlang
Registered S3 methods overwritten by 'ggplot2':
  method         from 
  [.quosures     rlang
  c.quosures     rlang
  print.quosures rlang
Registered S3 methods overwritten by 'ggplot2':
  method         from 
  [.quosures     rlang
  c.quosures     rlang
  print.quosures rlang
Registered S3 methods overwritten by 'ggplot2':
  method         from 
  [.quosures     rlang
  c.quosures     rlang
  print.quosures rlang
Registered S3 methods overwritten by 'ggplot2':
  method         from 
  [.quosures     rlang
  c.quosures     rlang
  print.quosures rlang
Registered S3 methods overwritten by 'ggplot2':
  method         from 
  [.quosures     rlang
  c.quosures     rlang
  print.quosures rlang
Registered S3 method overwritten by 'rvest':
  method            from
  read_xml.response xml2
Registered S3 method overwritten by 'rvest':
  method            from
  read_xml.response xml2
Registered S3 method overwritten by 'rvest':
  method            from
  read_xml.response xml2
Registered S3 method overwritten by 'rvest':
  method            from
  read_xml.response xml2
Registered S3 method overwritten by 'rvest':
  method            from
  read_xml.response xml2
Registered S3 method overwritten by 'rvest':
  method            from
  read_xml.response xml2
Registered S3 method overwritten by 'rvest':
  method            from
  read_xml.response xml2
Registered S3 methods overwritten by 'ggplot2':
  method         from 
  [.quosures     rlang
  c.quosures     rlang
  print.quosures rlang
── Attaching packages ─────────────────────────────────────── tidyverse 1.2.1 ──
✔ ggplot2 3.1.1       ✔ purrr   0.3.2  
✔ tibble  2.1.1       ✔ dplyr   0.8.0.1
✔ tidyr   0.8.3       ✔ stringr 1.4.0  
✔ readr   1.3.1       ✔ forcats 0.4.0  
── Attaching packages ─────────────────────────────────────── tidyverse 1.2.1 ──
── Attaching packages ─────────────────────────────────────── tidyverse 1.2.1 ──
── Attaching packages ─────────────────────────────────────── tidyverse 1.2.1 ──
── Attaching packages ─────────────────────────────────────── tidyverse 1.2.1 ──
── Attaching packages ─────────────────────────────────────── tidyverse 1.2.1 ──
── Attaching packages ─────────────────────────────────────── tidyverse 1.2.1 ──
✔ ggplot2 3.1.1       ✔ purrr   0.3.2  
✔ tibble  2.1.1       ✔ dplyr   0.8.0.1
✔ tidyr   0.8.3       ✔ stringr 1.4.0  
✔ readr   1.3.1       ✔ forcats 0.4.0  
✔ ggplot2 3.1.1       ✔ purrr   0.3.2  
✔ tibble  2.1.1       ✔ dplyr   0.8.0.1
✔ tidyr   0.8.3       ✔ stringr 1.4.0  
✔ readr   1.3.1       ✔ forcats 0.4.0  
✔ ggplot2 3.1.1       ✔ purrr   0.3.2  
✔ tibble  2.1.1       ✔ dplyr   0.8.0.1
✔ tidyr   0.8.3       ✔ stringr 1.4.0  
✔ readr   1.3.1       ✔ forcats 0.4.0  
✔ ggplot2 3.1.1       ✔ purrr   0.3.2  
✔ tibble  2.1.1       ✔ dplyr   0.8.0.1
✔ tidyr   0.8.3       ✔ stringr 1.4.0  
✔ readr   1.3.1       ✔ forcats 0.4.0  
✔ ggplot2 3.1.1       ✔ purrr   0.3.2  
✔ tibble  2.1.1       ✔ dplyr   0.8.0.1
✔ tidyr   0.8.3       ✔ stringr 1.4.0  
✔ readr   1.3.1       ✔ forcats 0.4.0  
✔ ggplot2 3.1.1       ✔ purrr   0.3.2  
✔ tibble  2.1.1       ✔ dplyr   0.8.0.1
✔ tidyr   0.8.3       ✔ stringr 1.4.0  
✔ readr   1.3.1       ✔ forcats 0.4.0  
Registered S3 method overwritten by 'rvest':
  method            from
  read_xml.response xml2
Registered S3 method overwritten by 'rvest':
  method            from
  read_xml.response xml2
── Conflicts ────────────────────────────────────────── tidyverse_conflicts() ──
✖ dplyr::filter() masks stats::filter()
✖ dplyr::lag()    masks stats::lag()
Loading required package: foreach

Attaching package: ‘foreach’

The following objects are masked from ‘package:purrr’:

    accumulate, when

Loading required package: rngtools
── Attaching packages ─────────────────────────────────────── tidyverse 1.2.1 ──
Loading required package: pkgmaker
── Conflicts ────────────────────────────────────────── tidyverse_conflicts() ──
✖ dplyr::filter() masks stats::filter()
✖ dplyr::lag()    masks stats::lag()
✔ ggplot2 3.1.1       ✔ purrr   0.3.2  
✔ tibble  2.1.1       ✔ dplyr   0.8.0.1
✔ tidyr   0.8.3       ✔ stringr 1.4.0  
✔ readr   1.3.1       ✔ forcats 0.4.0  
── Attaching packages ─────────────────────────────────────── tidyverse 1.2.1 ──
Loading required package: registry
✔ ggplot2 3.1.1       ✔ purrr   0.3.2  
✔ tibble  2.1.1       ✔ dplyr   0.8.0.1
✔ tidyr   0.8.3       ✔ stringr 1.4.0  
✔ readr   1.3.1       ✔ forcats 0.4.0  
── Conflicts ────────────────────────────────────────── tidyverse_conflicts() ──
✖ dplyr::filter() masks stats::filter()
✖ dplyr::lag()    masks stats::lag()
── Conflicts ────────────────────────────────────────── tidyverse_conflicts() ──
✖ dplyr::filter() masks stats::filter()
✖ dplyr::lag()    masks stats::lag()
── Conflicts ────────────────────────────────────────── tidyverse_conflicts() ──
✖ dplyr::filter() masks stats::filter()
✖ dplyr::lag()    masks stats::lag()
── Conflicts ────────────────────────────────────────── tidyverse_conflicts() ──
✖ dplyr::filter() masks stats::filter()
✖ dplyr::lag()    masks stats::lag()
── Conflicts ────────────────────────────────────────── tidyverse_conflicts() ──
✖ dplyr::filter() masks stats::filter()
✖ dplyr::lag()    masks stats::lag()
Loading required package: foreach

Attaching package: ‘foreach’

The following objects are masked from ‘package:purrr’:

    accumulate, when

Loading required package: foreach
Loading required package: foreach
Loading required package: rngtools

Attaching package: ‘foreach’

The following objects are masked from ‘package:purrr’:

    accumulate, when

Loading required package: pkgmaker
Loading required package: rngtools
Loading required package: foreach
Loading required package: foreach
Loading required package: foreach

Attaching package: ‘foreach’

The following objects are masked from ‘package:purrr’:

    accumulate, when

Loading required package: pkgmaker
Loading required package: registry
Loading required package: rngtools

Attaching package: ‘foreach’


Attaching package: ‘foreach’


Attaching package: ‘foreach’

The following objects are masked from ‘package:purrr’:

    accumulate, when

The following objects are masked from ‘package:purrr’:

    accumulate, when

The following objects are masked from ‘package:purrr’:

    accumulate, when

Loading required package: registry
Loading required package: rngtools
Loading required package: rngtools
Loading required package: rngtools
Loading required package: pkgmaker
Loading required package: pkgmaker
Loading required package: pkgmaker
Loading required package: pkgmaker
Loading required package: registry
Loading required package: registry
Loading required package: registry
Loading required package: registry
Registered S3 method overwritten by 'rvest':
  method            from
  read_xml.response xml2

Attaching package: ‘pkgmaker’

The following object is masked from ‘package:base’:

    isFALSE

── Conflicts ────────────────────────────────────────── tidyverse_conflicts() ──
✖ dplyr::filter() masks stats::filter()
✖ dplyr::lag()    masks stats::lag()
── Conflicts ────────────────────────────────────────── tidyverse_conflicts() ──
✖ dplyr::filter() masks stats::filter()
✖ dplyr::lag()    masks stats::lag()

Attaching package: ‘pkgmaker’

The following object is masked from ‘package:base’:

    isFALSE

Loading required package: foreach
Loading required package: foreach

Attaching package: ‘pkgmaker’

The following object is masked from ‘package:base’:

    isFALSE


Attaching package: ‘foreach’

The following objects are masked from ‘package:purrr’:

    accumulate, when


Attaching package: ‘foreach’

── Attaching packages ─────────────────────────────────────── tidyverse 1.2.1 ──
Loading required package: rngtools
The following objects are masked from ‘package:purrr’:

    accumulate, when

Loading required package: rngtools
Loading required package: pkgmaker
Loading required package: pkgmaker
✔ ggplot2 3.1.1       ✔ purrr   0.3.2  
✔ tibble  2.1.1       ✔ dplyr   0.8.0.1
✔ tidyr   0.8.3       ✔ stringr 1.4.0  
✔ readr   1.3.1       ✔ forcats 0.4.0  

Attaching package: ‘pkgmaker’

The following object is masked from ‘package:base’:

    isFALSE

Loading required package: registry
Loading required package: registry

Attaching package: ‘pkgmaker’

The following object is masked from ‘package:base’:

    isFALSE


Attaching package: ‘pkgmaker’

The following object is masked from ‘package:base’:

    isFALSE


Attaching package: ‘pkgmaker’

The following object is masked from ‘package:base’:

    isFALSE

── Conflicts ────────────────────────────────────────── tidyverse_conflicts() ──
✖ dplyr::filter() masks stats::filter()
✖ dplyr::lag()    masks stats::lag()
Loading required package: foreach

Attaching package: ‘foreach’

The following objects are masked from ‘package:purrr’:

    accumulate, when

Loading required package: rngtools
Loading required package: pkgmaker

Attaching package: ‘pkgmaker’

The following object is masked from ‘package:base’:

    isFALSE


Attaching package: ‘pkgmaker’

The following object is masked from ‘package:base’:

    isFALSE

Loading required package: registry

Attaching package: ‘pkgmaker’

The following object is masked from ‘package:base’:

    isFALSE

Pancreatic_Cancer
Pancreatic_Cancer
Pancreatic_Cancer
Pancreatic_Cancer
Pancreatic_Cancer
Pancreatic_Cancer
Pancreatic_Cancer
CV repetition number: 5
Pancreatic_Cancer
Pancreatic_Cancer
CV repetition number: 1
CV repetition number: 6
Pancreatic_Cancer
CV repetition number: 3
CV repetition number: 9
CV repetition number: 4
CV repetition number: 2
CV repetition number: 8
CV repetition number: 7
CV repetition number: 10
CV inner loop, CV rep number: 5
CV inner loop, CV rep number: 1
CV inner loop, CV rep number: 6
CV inner loop, CV rep number: 3
CV inner loop, CV rep number: 4
CV inner loop, CV rep number: 9
CV inner loop, CV rep number: 2
CV inner loop, CV rep number: 10
CV inner loop, CV rep number: 8
CV inner loop, CV rep number: 7
best_alpha
0.343
best_lambda
0.0323259264355647
CV inner loop, CV rep number: 8
best_alpha
1
best_lambda
0.0125925207201185
CV inner loop, CV rep number: 3
best_alpha
1
best_lambda
0.0284022401563897
CV inner loop, CV rep number: 2
best_alpha
0.343
best_lambda
0.0323374138273165
CV inner loop, CV rep number: 4
best_alpha
1
best_lambda
0.0240266597786576
CV inner loop, CV rep number: 7
best_alpha
1
best_lambda
0.0250561190970857
CV inner loop, CV rep number: 5
best_alpha
1
best_lambda
0.0103130206355975
CV inner loop, CV rep number: 9
best_alpha
1
best_lambda
0.0147689870537199
CV inner loop, CV rep number: 10
best_alpha
1
best_lambda
0.011076782708383
CV inner loop, CV rep number: 1
best_alpha
1
best_lambda
0.0129639321595401
CV inner loop, CV rep number: 6
best_alpha
1
best_lambda
0.0136019111127537
CV inner loop, CV rep number: 2
best_alpha
1
best_lambda
0.0101984215989481
CV inner loop, CV rep number: 5
best_alpha
1
best_lambda
0.0148809946950041
CV inner loop, CV rep number: 7
best_alpha
1
best_lambda
0.0109206540497455
CV inner loop, CV rep number: 9
best_alpha
1
best_lambda
0.0172814998986134
CV inner loop, CV rep number: 3
best_alpha
1
best_lambda
0.0129476600052535
CV inner loop, CV rep number: 4
best_alpha
0.064
best_lambda
0.104723726550222
CV inner loop, CV rep number: 10
best_alpha
1
best_lambda
0.0273020062018585
CV inner loop, CV rep number: 6
best_alpha
1
best_lambda
0.00978567555836085
CV inner loop, CV rep number: 8
best_alpha
1
best_lambda
0.0192262879876032
CV inner loop, CV rep number: 2
best_alpha
1
best_lambda
0.0145377419404645
CV inner loop, CV rep number: 1
best_alpha
1
best_lambda
0.0108792570726712
CV inner loop, CV rep number: 9
best_alpha
0.216
best_lambda
0.0493968719779815
CV inner loop, CV rep number: 3
best_alpha
1
best_lambda
0.0160400639989694
CV inner loop, CV rep number: 7
best_alpha
1
best_lambda
0.0109481085716268
CV inner loop, CV rep number: 10
best_alpha
1
best_lambda
0.0123028237434117
CV inner loop, CV rep number: 2
best_alpha
1
best_lambda
0.00920737243033551
CV inner loop, CV rep number: 6
best_alpha
1
best_lambda
0.019644970205757
CV inner loop, CV rep number: 1
best_alpha
1
best_lambda
0.0205052440439969
CV inner loop, CV rep number: 5
best_alpha
1
best_lambda
0.0131197408420672
CV inner loop, CV rep number: 4
best_alpha
0.064
best_lambda
0.0495094353954335
CV inner loop, CV rep number: 8
best_alpha
1
best_lambda
0.00985665699704898
CV inner loop, CV rep number: 6
best_alpha
1
best_lambda
0.0120972268471181
CV inner loop, CV rep number: 7
best_alpha
1
best_lambda
0.0180203659307786
CV inner loop, CV rep number: 5
best_alpha
0.216
best_lambda
0.0676466316634462
CV inner loop, CV rep number: 2
best_alpha
1
best_lambda
0.00802496555652061
CV inner loop, CV rep number: 4
best_alpha
0.216
best_lambda
0.0518848247416551
CV inner loop, CV rep number: 10
best_alpha
1
best_lambda
0.0129712156363336
CV inner loop, CV rep number: 3
best_alpha
1
best_lambda
0.0144910739971947
CV inner loop, CV rep number: 1
best_alpha
1
best_lambda
0.0116285448860828
CV inner loop, CV rep number: 9
best_alpha
1
best_lambda
0.0151326132884233
CV inner loop, CV rep number: 6
best_alpha
0.512
best_lambda
0.0290717032919279
CV inner loop, CV rep number: 7
best_alpha
1
best_lambda
0.0097454320661637
CV inner loop, CV rep number: 8
best_alpha
0.729
best_lambda
0.00879477517821746
CV inner loop, CV rep number: 10
best_alpha
0.343
best_lambda
0.0287514093038714
CV inner loop, CV rep number: 3
best_alpha
1
best_lambda
0.0107894929702754
CV inner loop, CV rep number: 5
best_alpha
0.343
best_lambda
0.037886311905324
CV inner loop, CV rep number: 4
best_alpha
0.125
best_lambda
0.0649282863989573
CV inner loop, CV rep number: 2
best_alpha
1
best_lambda
0.0172431263734874
CV inner loop, CV rep number: 9
best_alpha
0.729
best_lambda
0.0258248019556388
CV inner loop, CV rep number: 1
best_alpha
1
best_lambda
0.0111334700654755
CV inner loop, CV rep number: 8
best_alpha
1
best_lambda
0.0156422938579219
CV inner loop, CV rep number: 6
best_alpha
0.729
best_lambda
0.0202949683537329
CV inner loop, CV rep number: 7
best_alpha
1
best_lambda
0.0108278797376285
CV inner loop, CV rep number: 3
best_alpha
1
best_lambda
0.0105153659969939
CV inner loop, CV rep number: 10
best_alpha
1
best_lambda
0.015820163874329
CV inner loop, CV rep number: 2
best_alpha
1
best_lambda
0.0176263824651971
CV inner loop, CV rep number: 5
best_alpha
0.064
best_lambda
0.0855348586031358
CV inner loop, CV rep number: 1
best_alpha
1
best_lambda
0.0235183529534317
CV inner loop, CV rep number: 9
best_alpha
1
best_lambda
0.0293585388630852
CV inner loop, CV rep number: 4
best_alpha
0.512
best_lambda
0.030465760391124
CV inner loop, CV rep number: 10
best_alpha
0.027
best_lambda
0.12812008060797
CV inner loop, CV rep number: 3
best_alpha
0.512
best_lambda
0.0313331648852407
CV inner loop, CV rep number: 6
best_alpha
1
best_lambda
0.0219940252339749
CV inner loop, CV rep number: 7
best_alpha
1
best_lambda
0.013706832426704
CV inner loop, CV rep number: 5
best_alpha
1
best_lambda
0.0102581752487817
CV inner loop, CV rep number: 2
best_alpha
1
best_lambda
0.0107472133572083
CV inner loop, CV rep number: 10
best_alpha
0.512
best_lambda
0.0363906483757863
CV inner loop, CV rep number: 8
best_alpha
1
best_lambda
0.0105815326015508
best_alpha
0.729
best_lambda
0.0214712798453733
CV inner loop, CV rep number: 7
CV inner loop, CV rep number: 3
best_alpha
1
best_lambda
0.00864235153017931
CV inner loop, CV rep number: 1
best_alpha
1
best_lambda
0.0174875713631265
CV inner loop, CV rep number: 9
best_alpha
1
best_lambda
0.0102191348442211
CV inner loop, CV rep number: 4
best_alpha
0.064
best_lambda
0.0898165327079929
CV inner loop, CV rep number: 1
best_alpha
1
best_lambda
0.0133947264086058
CV inner loop, CV rep number: 10
best_alpha
0
best_lambda
0.0906033570047423
CV inner loop, CV rep number: 3
best_alpha
1
best_lambda
0.0114453579939379
CV inner loop, CV rep number: 2
best_alpha
1
best_lambda
0.0176747646986334
CV inner loop, CV rep number: 7
best_alpha
1
best_lambda
0.0176146183557156
CV inner loop, CV rep number: 8
best_alpha
1
best_lambda
0.0153857936039135
CV inner loop, CV rep number: 9
best_alpha
1
best_lambda
0.0112998502276445
CV inner loop, CV rep number: 6
best_alpha
1
best_lambda
0.0192002503532066
CV inner loop, CV rep number: 4
best_alpha
1
best_lambda
0.00765821759624876
CV inner loop, CV rep number: 5
best_alpha
1
best_lambda
best_alpha
1
best_lambda
0.0124682319478598
0.0191217712797388
CV inner loop, CV rep number: 1
best_alpha
1
best_lambda
0.0144295352028013
best_alpha
1
best_lambda
0.0298299604727309
CV inner loop, CV rep number: 8
best_alpha
0.216
best_lambda
0.0512953077837743
best_alpha
1
best_lambda
0.00937598143123402
CV inner loop, CV rep number: 6
best_alpha
0
best_lambda
0.131471793829809
CV inner loop, CV rep number: 9
best_alpha
1
best_lambda
0.0137874469728259
CV inner loop, CV rep number: 5
best_alpha
1
best_lambda
0.0179055516363069
best_alpha
1
best_lambda
0.0225355558802916
best_alpha
0.729
best_lambda
0.0387507406262612
CV inner loop, CV rep number: 4
best_alpha
0.343
best_lambda
0.0350045739704636
best_alpha
0.216
best_lambda
0.0549874016940777
best_alpha
0.343
best_lambda
0.0320583333783479
best_alpha
1
best_lambda
0.00909571071846663
best_alpha
1
best_lambda
0.022203419916204
CV inner loop, CV rep number: 8
best_alpha
1
best_lambda
0.01746085962404
[1] "Results: "
Warning messages:
Warning messages:
Warning messages:
Warning messages:
1: package ‘glmnetUtils’ was built under R version 3.6.3 
2: from glmnet Fortran code (error code -94); Convergence for 94th lambda value not reached after maxit=100000 iterations; solutions for larger lambdas returned 
3: from glmnet Fortran code (error code -92); Convergence for 92th lambda value not reached after maxit=100000 iterations; solutions for larger lambdas returned 
4: from glmnet Fortran code (error code -95); Convergence for 95th lambda value not reached after maxit=100000 iterations; solutions for larger lambdas returned 
Warning messages:
 Warning messages:
 observed1: package ‘glmnetUtils’ was built under R version 3.6.3 
 CV_rep2: from glmnet Fortran code (error code -93); Convergence for 93th lambda value not reached after maxit=100000 iterations; solutions for larger lambdas returned 
 {class_type}_predWarning messages:

1Warning messages:
    OtherWarning messages:
      11: package ‘glmnetUtils’ was built under R version 3.6.3 
         0.88139091: package ‘glmnetUtils’ was built under R version 3.6.3 

21: package ‘glmnetUtils’ was built under R version 3.6.3 
    OtherWarning messages:
      15: from glmnet Fortran code (error code -100); Convergence for 100th lambda value not reached after maxit=100000 iterations; solutions for larger lambdas returned 
         0.91468461: package ‘glmnetUtils’ was built under R version 3.6.3 

33: from glmnet Fortran code (error code -98); Convergence for 98th lambda value not reached after maxit=100000 iterations; solutions for larger lambdas returned 
    Other1: package ‘glmnetUtils’ was built under R version 3.6.3 
      11: package ‘glmnetUtils’ was built under R version 3.6.3 
         0.43801571: package ‘glmnetUtils’ was built under R version 3.6.3 

42: from glmnet Fortran code (error code -90); Convergence for 90th lambda value not reached after maxit=100000 iterations; solutions for larger lambdas returned 
    Other2: from glmnet Fortran code (error code -93); Convergence for 93th lambda value not reached after maxit=100000 iterations; solutions for larger lambdas returned 
      12: from glmnet Fortran code (error code -99); Convergence for 99th lambda value not reached after maxit=100000 iterations; solutions for larger lambdas returned 
         0.91915991: package ‘glmnetUtils’ was built under R version 3.6.3 

52: from glmnet Fortran code (error code -98); Convergence for 98th lambda value not reached after maxit=100000 iterations; solutions for larger lambdas returned 
    Other4: from glmnet Fortran code (error code -96); Convergence for 96th lambda value not reached after maxit=100000 iterations; solutions for larger lambdas returned 
      12: from glmnet Fortran code (error code -88); Convergence for 88th lambda value not reached after maxit=100000 iterations; solutions for larger lambdas returned 
         0.89760293: from glmnet Fortran code (error code -95); Convergence for 95th lambda value not reached after maxit=100000 iterations; solutions for larger lambdas returned 

6    Other      1         0.8217354
2: from glmnet Fortran code (error code -97); Convergence for 97th lambda value not reached after maxit=100000 iterations; solutions for larger lambdas returned 
2: from glmnet Fortran code (error code -96); Convergence for 96th lambda value not reached after maxit=100000 iterations; solutions for larger lambdas returned 
3: from glmnet Fortran code (error code -80); Convergence for 80th lambda value not reached after maxit=100000 iterations; solutions for larger lambdas returned 
3: from glmnet Fortran code (error code -93); Convergence for 93th lambda value not reached after maxit=100000 iterations; solutions for larger lambdas returned 
3: from glmnet Fortran code (error code -93); Convergence for 93th lambda value not reached after maxit=100000 iterations; solutions for larger lambdas returned 
2: from glmnet Fortran code (error code -100); Convergence for 100th lambda value not reached after maxit=100000 iterations; solutions for larger lambdas returned 
3: from glmnet Fortran code (error code -84); Convergence for 84th lambda value not reached after maxit=100000 iterations; solutions for larger lambdas returned 
3: from glmnet Fortran code (error code -93); Convergence for 93th lambda value not reached after maxit=100000 iterations; solutions for larger lambdas returned 
3: from glmnet Fortran code (error code -91); Convergence for 91th lambda value not reached after maxit=100000 iterations; solutions for larger lambdas returned 
4: from glmnet Fortran code (error code -87); Convergence for 87th lambda value not reached after maxit=100000 iterations; solutions for larger lambdas returned 
4: from glmnet Fortran code (error code -99); Convergence for 99th lambda value not reached after maxit=100000 iterations; solutions for larger lambdas returned 
5: from glmnet Fortran code (error code -95); Convergence for 95th lambda value not reached after maxit=100000 iterations; solutions for larger lambdas returned 
4: from glmnet Fortran code (error code -97); Convergence for 97th lambda value not reached after maxit=100000 iterations; solutions for larger lambdas returned 
5: from glmnet Fortran code (error code -97); Convergence for 97th lambda value not reached after maxit=100000 iterations; solutions for larger lambdas returned 
3: from glmnet Fortran code (error code -94); Convergence for 94th lambda value not reached after maxit=100000 iterations; solutions for larger lambdas returned 
4: from glmnet Fortran code (error code -98); Convergence for 98th lambda value not reached after maxit=100000 iterations; solutions for larger lambdas returned 
5: from glmnet Fortran code (error code -99); Convergence for 99th lambda value not reached after maxit=100000 iterations; solutions for larger lambdas returned 
5: from glmnet Fortran code (error code -81); Convergence for 81th lambda value not reached after maxit=100000 iterations; solutions for larger lambdas returned 
4: from glmnet Fortran code (error code -99); Convergence for 99th lambda value not reached after maxit=100000 iterations; solutions for larger lambdas returned 
[Mon Nov 29 23:01:40 2021]
Finished job 0.
1 of 1 steps (100%) done
