Building DAG of jobs...
Using shell: /usr/bin/bash
Provided cores: 10
Rules claiming more threads will be scaled down.
Select jobs to execute...

[Tue Nov 30 00:12:45 2021]
rule PCA_binomial_classification:
    input: data/ATAC_predictions_train_20_predict_80/PCA_ATAC_pred_lasso_formatted_standardized.rds, data/sample_types.txt
    output: Classification_output/Binomial_models_output/SVM_linear_Predictions_PCA_Colorectal_Cancer.rds
    jobid: 0
    wildcards: model_binomial=SVM_linear, class_type=Colorectal_Cancer
    threads: 10
    resources: mem_mb=200000, disk_mb=1000, tmpdir=/scratch/57577200, time=20:00:00

Rscript --vanilla /faststorage/project/DELFI1/Workspaces/CarmenAndAnika/.snakemake/scripts/tmpiuuko2t6.SVM_linear.R
Activating conda environment: /faststorage/project/DELFI1/Workspaces/CarmenAndAnika/.snakemake/conda/411837606499b7823565885a8a388b12
Registered S3 methods overwritten by 'ggplot2':
  method         from 
  [.quosures     rlang
  c.quosures     rlang
  print.quosures rlang
Registered S3 method overwritten by 'rvest':
  method            from
  read_xml.response xml2
── Attaching packages ─────────────────────────────────────── tidyverse 1.2.1 ──
✔ ggplot2 3.1.1       ✔ purrr   0.3.2  
✔ tibble  2.1.1       ✔ dplyr   0.8.0.1
✔ tidyr   0.8.3       ✔ stringr 1.4.0  
✔ readr   1.3.1       ✔ forcats 0.4.0  
── Conflicts ────────────────────────────────────────── tidyverse_conflicts() ──
✖ dplyr::filter() masks stats::filter()
✖ dplyr::lag()    masks stats::lag()
Loading required package: lattice

Attaching package: ‘caret’

The following object is masked from ‘package:purrr’:

    lift

Type 'citation("pROC")' for a citation.

Attaching package: ‘pROC’

The following objects are masked from ‘package:stats’:

    cov, smooth, var

Warning: unable to access index for repository http://cran.us.r-project.org/src/contrib/kernlab_0.9-29.tar.gz/src/contrib:
  cannot open URL 'http://cran.us.r-project.org/src/contrib/kernlab_0.9-29.tar.gz/src/contrib/PACKAGES'
Warning message:
package ‘kernlab’ is not available (for R version 3.6.1) 

Attaching package: ‘kernlab’

The following object is masked from ‘package:purrr’:

    cross

The following object is masked from ‘package:ggplot2’:

    alpha

Loading required package: foreach

Attaching package: ‘foreach’

The following objects are masked from ‘package:purrr’:

    accumulate, when

Loading required package: iterators
Loading required package: parallel
Loading required package: rngtools
Loading required package: pkgmaker
Loading required package: registry

Attaching package: ‘pkgmaker’

The following object is masked from ‘package:base’:

    isFALSE

Warning: unable to access index for repository http://cran.us.r-project.org/src/contrib/splitTools_0.3.1.tar.gz/src/contrib:
  cannot open URL 'http://cran.us.r-project.org/src/contrib/splitTools_0.3.1.tar.gz/src/contrib/PACKAGES'
Warning message:
package ‘splitTools’ is not available (for R version 3.6.1) 
Gastric_cancerOvarian_CancerLung_CancerBile_Duct_CancerPancreatic_CancerDuodenal_CancerBreast_CancerColorectal_Cancer
[1] "Sample_type levels"
[1] "Cancer" "Other" 
starting worker pid=9017 on localhost:11553 at 00:12:52.784
starting worker pid=9041 on localhost:11553 at 00:12:53.087
starting worker pid=9065 on localhost:11553 at 00:12:53.391
starting worker pid=9089 on localhost:11553 at 00:12:53.695
starting worker pid=9113 on localhost:11553 at 00:12:54.006
starting worker pid=9137 on localhost:11553 at 00:12:54.315
starting worker pid=9161 on localhost:11553 at 00:12:54.619
starting worker pid=9186 on localhost:11553 at 00:12:54.932
starting worker pid=9210 on localhost:11553 at 00:12:55.239
starting worker pid=9234 on localhost:11553 at 00:12:55.552
Loading required package: lattice
Loading required package: lattice
Loading required package: lattice
Loading required package: lattice
Loading required package: lattice
Loading required package: lattice
Loading required package: ggplot2
Loading required package: lattice
Loading required package: lattice
Loading required package: lattice
Loading required package: lattice
Loading required package: ggplot2
Loading required package: ggplot2
Loading required package: ggplot2
Loading required package: ggplot2
Loading required package: ggplot2
Loading required package: ggplot2
Loading required package: ggplot2
Loading required package: ggplot2
Loading required package: ggplot2
Registered S3 methods overwritten by 'ggplot2':
  method         from 
  [.quosures     rlang
  c.quosures     rlang
  print.quosures rlang
Registered S3 methods overwritten by 'ggplot2':
  method         from 
  [.quosures     rlang
  c.quosures     rlang
  print.quosures rlang
Registered S3 methods overwritten by 'ggplot2':
  method         from 
  [.quosures     rlang
  c.quosures     rlang
  print.quosures rlang
Registered S3 methods overwritten by 'ggplot2':
  method         from 
  [.quosures     rlang
  c.quosures     rlang
  print.quosures rlang
Registered S3 methods overwritten by 'ggplot2':
  method         from 
  [.quosures     rlang
  c.quosures     rlang
  print.quosures rlang
Registered S3 methods overwritten by 'ggplot2':
  method         from 
  [.quosures     rlang
  c.quosures     rlang
  print.quosures rlang
Registered S3 methods overwritten by 'ggplot2':
  method         from 
  [.quosures     rlang
  c.quosures     rlang
  print.quosures rlang
Registered S3 methods overwritten by 'ggplot2':
  method         from 
  [.quosures     rlang
  c.quosures     rlang
  print.quosures rlang
Registered S3 methods overwritten by 'ggplot2':
  method         from 
  [.quosures     rlang
  c.quosures     rlang
  print.quosures rlang
Registered S3 methods overwritten by 'ggplot2':
  method         from 
  [.quosures     rlang
  c.quosures     rlang
  print.quosures rlang
Registered S3 method overwritten by 'rvest':
  method            from
  read_xml.response xml2
Registered S3 method overwritten by 'rvest':
  method            from
  read_xml.response xml2
Registered S3 method overwritten by 'rvest':
  method            from
  read_xml.response xml2
Registered S3 method overwritten by 'rvest':
  method            from
  read_xml.response xml2
Registered S3 method overwritten by 'rvest':
  method            from
  read_xml.response xml2
── Attaching packages ─────────────────────────────────────── tidyverse 1.2.1 ──
── Attaching packages ─────────────────────────────────────── tidyverse 1.2.1 ──
── Attaching packages ─────────────────────────────────────── tidyverse 1.2.1 ──
── Attaching packages ─────────────────────────────────────── tidyverse 1.2.1 ──
✔ tibble  2.1.1       ✔ purrr   0.3.2  
✔ tidyr   0.8.3       ✔ dplyr   0.8.0.1
✔ readr   1.3.1       ✔ stringr 1.4.0  
✔ tibble  2.1.1       ✔ forcats 0.4.0  
── Attaching packages ─────────────────────────────────────── tidyverse 1.2.1 ──
✔ tibble  2.1.1       ✔ purrr   0.3.2  
✔ tidyr   0.8.3       ✔ dplyr   0.8.0.1
✔ readr   1.3.1       ✔ stringr 1.4.0  
✔ tibble  2.1.1       ✔ forcats 0.4.0  
✔ tibble  2.1.1       ✔ purrr   0.3.2  
✔ tidyr   0.8.3       ✔ dplyr   0.8.0.1
✔ readr   1.3.1       ✔ stringr 1.4.0  
✔ tibble  2.1.1       ✔ forcats 0.4.0  
✔ tibble  2.1.1       ✔ purrr   0.3.2  
✔ tidyr   0.8.3       ✔ dplyr   0.8.0.1
✔ readr   1.3.1       ✔ stringr 1.4.0  
✔ tibble  2.1.1       ✔ forcats 0.4.0  
✔ tibble  2.1.1       ✔ purrr   0.3.2  
✔ tidyr   0.8.3       ✔ dplyr   0.8.0.1
✔ readr   1.3.1       ✔ stringr 1.4.0  
✔ tibble  2.1.1       ✔ forcats 0.4.0  
Registered S3 method overwritten by 'rvest':
  method            from
  read_xml.response xml2
Registered S3 method overwritten by 'rvest':
  method            from
  read_xml.response xml2
Registered S3 method overwritten by 'rvest':
  method            from
  read_xml.response xml2
Registered S3 method overwritten by 'rvest':
  method            from
  read_xml.response xml2
Registered S3 method overwritten by 'rvest':
  method            from
  read_xml.response xml2
── Conflicts ────────────────────────────────────────── tidyverse_conflicts() ──
✖ dplyr::filter() masks stats::filter()
✖ dplyr::lag()    masks stats::lag()
✖ purrr::lift()   masks caret::lift()
── Conflicts ────────────────────────────────────────── tidyverse_conflicts() ──
✖ dplyr::filter() masks stats::filter()
✖ dplyr::lag()    masks stats::lag()
✖ purrr::lift()   masks caret::lift()
── Attaching packages ─────────────────────────────────────── tidyverse 1.2.1 ──
── Conflicts ────────────────────────────────────────── tidyverse_conflicts() ──
✖ dplyr::filter() masks stats::filter()
✖ dplyr::lag()    masks stats::lag()
✖ purrr::lift()   masks caret::lift()
── Conflicts ────────────────────────────────────────── tidyverse_conflicts() ──
✖ dplyr::filter() masks stats::filter()
✖ dplyr::lag()    masks stats::lag()
✖ purrr::lift()   masks caret::lift()
── Conflicts ────────────────────────────────────────── tidyverse_conflicts() ──
✖ dplyr::filter() masks stats::filter()
✖ dplyr::lag()    masks stats::lag()
✖ purrr::lift()   masks caret::lift()
✔ tibble  2.1.1       ✔ purrr   0.3.2  
✔ tidyr   0.8.3       ✔ dplyr   0.8.0.1
✔ readr   1.3.1       ✔ stringr 1.4.0  
✔ tibble  2.1.1       ✔ forcats 0.4.0  
── Attaching packages ─────────────────────────────────────── tidyverse 1.2.1 ──
── Attaching packages ─────────────────────────────────────── tidyverse 1.2.1 ──
✔ tibble  2.1.1       ✔ purrr   0.3.2  
✔ tidyr   0.8.3       ✔ dplyr   0.8.0.1
✔ readr   1.3.1       ✔ stringr 1.4.0  
✔ tibble  2.1.1       ✔ forcats 0.4.0  
✔ tibble  2.1.1       ✔ purrr   0.3.2  
✔ tidyr   0.8.3       ✔ dplyr   0.8.0.1
✔ readr   1.3.1       ✔ stringr 1.4.0  
✔ tibble  2.1.1       ✔ forcats 0.4.0  
── Attaching packages ─────────────────────────────────────── tidyverse 1.2.1 ──
── Attaching packages ─────────────────────────────────────── tidyverse 1.2.1 ──
✔ tibble  2.1.1       ✔ purrr   0.3.2  
✔ tidyr   0.8.3       ✔ dplyr   0.8.0.1
✔ readr   1.3.1       ✔ stringr 1.4.0  
✔ tibble  2.1.1       ✔ forcats 0.4.0  
✔ tibble  2.1.1       ✔ purrr   0.3.2  
✔ tidyr   0.8.3       ✔ dplyr   0.8.0.1
✔ readr   1.3.1       ✔ stringr 1.4.0  
✔ tibble  2.1.1       ✔ forcats 0.4.0  
── Conflicts ────────────────────────────────────────── tidyverse_conflicts() ──
✖ dplyr::filter() masks stats::filter()
✖ dplyr::lag()    masks stats::lag()
✖ purrr::lift()   masks caret::lift()
── Conflicts ────────────────────────────────────────── tidyverse_conflicts() ──
✖ dplyr::filter() masks stats::filter()
✖ dplyr::lag()    masks stats::lag()
✖ purrr::lift()   masks caret::lift()
── Conflicts ────────────────────────────────────────── tidyverse_conflicts() ──
✖ dplyr::filter() masks stats::filter()
✖ dplyr::lag()    masks stats::lag()
✖ purrr::lift()   masks caret::lift()
── Conflicts ────────────────────────────────────────── tidyverse_conflicts() ──
✖ dplyr::filter() masks stats::filter()
✖ dplyr::lag()    masks stats::lag()
✖ purrr::lift()   masks caret::lift()
── Conflicts ────────────────────────────────────────── tidyverse_conflicts() ──
✖ dplyr::filter() masks stats::filter()
✖ dplyr::lag()    masks stats::lag()
✖ purrr::lift()   masks caret::lift()

Attaching package: ‘kernlab’

The following object is masked from ‘package:purrr’:

    cross

The following object is masked from ‘package:ggplot2’:

    alpha

Loading required package: foreach

Attaching package: ‘foreach’

The following objects are masked from ‘package:purrr’:

    accumulate, when

Loading required package: rngtools

Attaching package: ‘kernlab’

The following object is masked from ‘package:purrr’:

    cross

The following object is masked from ‘package:ggplot2’:

    alpha

Loading required package: pkgmaker

Attaching package: ‘kernlab’

The following object is masked from ‘package:purrr’:

    cross

The following object is masked from ‘package:ggplot2’:

    alpha

Loading required package: foreach

Attaching package: ‘kernlab’

The following object is masked from ‘package:purrr’:

    cross

The following object is masked from ‘package:ggplot2’:

    alpha

Loading required package: registry
Loading required package: foreach

Attaching package: ‘foreach’

Loading required package: foreach
The following objects are masked from ‘package:purrr’:

    accumulate, when

Loading required package: rngtools

Attaching package: ‘foreach’

The following objects are masked from ‘package:purrr’:

    accumulate, when


Attaching package: ‘foreach’

The following objects are masked from ‘package:purrr’:

    accumulate, when

Loading required package: rngtools
Loading required package: pkgmaker

Attaching package: ‘kernlab’

The following object is masked from ‘package:purrr’:

    cross

Loading required package: rngtools
The following object is masked from ‘package:ggplot2’:

    alpha

Loading required package: pkgmaker
Loading required package: registry
Loading required package: pkgmaker
Loading required package: foreach

Attaching package: ‘foreach’

The following objects are masked from ‘package:purrr’:

    accumulate, when

Loading required package: registry
Loading required package: registry
Loading required package: rngtools
Loading required package: pkgmaker
Loading required package: registry

Attaching package: ‘pkgmaker’

The following object is masked from ‘package:base’:

    isFALSE


Attaching package: ‘pkgmaker’

The following object is masked from ‘package:base’:

    isFALSE


Attaching package: ‘kernlab’

The following object is masked from ‘package:purrr’:

    cross

The following object is masked from ‘package:ggplot2’:

    alpha


Attaching package: ‘kernlab’

The following object is masked from ‘package:purrr’:

    cross


Attaching package: ‘pkgmaker’

Loading required package: foreach
The following object is masked from ‘package:base’:

    isFALSE

The following object is masked from ‘package:ggplot2’:

    alpha


Attaching package: ‘pkgmaker’

The following object is masked from ‘package:base’:

    isFALSE


Attaching package: ‘pkgmaker’

The following object is masked from ‘package:base’:

    isFALSE

Loading required package: foreach

Attaching package: ‘foreach’

The following objects are masked from ‘package:purrr’:

    accumulate, when

Loading required package: rngtools

Attaching package: ‘kernlab’

The following object is masked from ‘package:purrr’:

    cross

The following object is masked from ‘package:ggplot2’:

    alpha

Loading required package: pkgmaker

Attaching package: ‘foreach’

Loading required package: foreach
The following objects are masked from ‘package:purrr’:

    accumulate, when

Loading required package: registry
Loading required package: rngtools
Loading required package: pkgmaker

Attaching package: ‘kernlab’

The following object is masked from ‘package:purrr’:

    cross

The following object is masked from ‘package:ggplot2’:

    alpha


Attaching package: ‘kernlab’


Attaching package: ‘foreach’

The following object is masked from ‘package:purrr’:

    cross

The following objects are masked from ‘package:purrr’:

    accumulate, when

The following object is masked from ‘package:ggplot2’:

    alpha

Loading required package: registry
Loading required package: foreach
Loading required package: rngtools
Loading required package: foreach
Loading required package: pkgmaker

Attaching package: ‘foreach’

The following objects are masked from ‘package:purrr’:

    accumulate, when

Loading required package: rngtools

Attaching package: ‘foreach’

The following objects are masked from ‘package:purrr’:

    accumulate, when

Loading required package: registry
Loading required package: rngtools
Loading required package: pkgmaker
Loading required package: pkgmaker
Loading required package: registry
Loading required package: registry

Attaching package: ‘pkgmaker’

The following object is masked from ‘package:base’:

    isFALSE


Attaching package: ‘pkgmaker’

The following object is masked from ‘package:base’:

    isFALSE


Attaching package: ‘pkgmaker’

The following object is masked from ‘package:base’:

    isFALSE


Attaching package: ‘pkgmaker’

The following object is masked from ‘package:base’:

    isFALSE


Attaching package: ‘pkgmaker’

The following object is masked from ‘package:base’:

    isFALSE

Colorectal_Cancer
Colorectal_Cancer
Colorectal_Cancer
CV repetition number: 2
Colorectal_Cancer
Colorectal_Cancer
Colorectal_Cancer
Colorectal_Cancer
CV repetition number: 1
Colorectal_Cancer
Colorectal_Cancer
Colorectal_Cancer
CV repetition number: 4
CV repetition number: 3
CV inner loop, CV rep number: 1
CV repetition number: 5
CV repetition number: 6
CV repetition number: 9
CV repetition number: 8
CV repetition number: 10
CV inner loop, CV rep number: 2
CV repetition number: 7
CV inner loop, CV rep number: 4
CV inner loop, CV rep number: 3
CV inner loop, CV rep number: 5
CV inner loop, CV rep number: 6
CV inner loop, CV rep number: 9
CV inner loop, CV rep number: 8
CV inner loop, CV rep number: 10
CV inner loop, CV rep number: 7
besttune C
0.1
besttune C
besttune C
besttune C
0.01
besttune C
0.1
0.01
0.1
besttune C
0.01
besttune C
0.5
besttune C
2
besttune C
0.01
CV inner loop, CV rep number: 10
CV inner loop, CV rep number: 10
CV inner loop, CV rep number: 10
CV inner loop, CV rep number: 10
CV inner loop, CV rep number: 10
CV inner loop, CV rep number: 10
CV inner loop, CV rep number: 10
besttune C
1
CV inner loop, CV rep number: 10
CV inner loop, CV rep number: 10
CV inner loop, CV rep number: 10
besttune C
2
besttune C
0.1
besttune C
0.01
besttune C
0.5
besttune C
0.4
besttune C
0.4
CV inner loop, CV rep number: 10
CV inner loop, CV rep number: 10
besttune C
2
CV inner loop, CV rep number: 10
besttune C
0.01
CV inner loop, CV rep number: 10
CV inner loop, CV rep number: 10
CV inner loop, CV rep number: 10
besttune C
0.01
besttune C
0.01
CV inner loop, CV rep number: 10
CV inner loop, CV rep number: 10
besttune C
1
besttune C
0.5
CV inner loop, CV rep number: 10
CV inner loop, CV rep number: 10
besttune C
0.4
CV inner loop, CV rep number: 10
besttune C
2
besttune C
0.3
besttune C
0.1
CV inner loop, CV rep number: 10
besttune C
0.01
besttune C
0.01
besttune C
0.2
CV inner loop, CV rep number: 10
CV inner loop, CV rep number: 10
CV inner loop, CV rep number: 10
CV inner loop, CV rep number: 10
CV inner loop, CV rep number: 10
CV inner loop, CV rep number: 10
CV inner loop, CV rep number: 10
besttune C
0.01
besttune C
0.5
besttune C
0.2
besttune C
0.01
besttune C
0.2
besttune C
0.1
besttune C
0.1
CV inner loop, CV rep number: 10
CV inner loop, CV rep number: 10
CV inner loop, CV rep number: 10
CV inner loop, CV rep number: 10
besttune C
0.01
besttune C
0.2
CV inner loop, CV rep number: 10
besttune C
0.01
CV inner loop, CV rep number: 10
CV inner loop, CV rep number: 10
CV inner loop, CV rep number: 10
CV inner loop, CV rep number: 10
besttune C
0.2
besttune C
0.01
besttune C
0.1
besttune C
1
CV inner loop, CV rep number: 10
besttune C
0.1
CV inner loop, CV rep number: 10
besttune C
0.1
CV inner loop, CV rep number: 10
besttune C
0.01
CV inner loop, CV rep number: 10
CV inner loop, CV rep number: 10
CV inner loop, CV rep number: 10
CV inner loop, CV rep number: 10
besttune C
0.01
besttune C
0.3
CV inner loop, CV rep number: 10
besttune C
0.01
besttune C
0.1
besttune C
1
CV inner loop, CV rep number: 10
besttune C
0.4
CV inner loop, CV rep number: 10
besttune C
0.01
besttune C
1
CV inner loop, CV rep number: 10
CV inner loop, CV rep number: 10
besttune C
0.01
CV inner loop, CV rep number: 10
CV inner loop, CV rep number: 10
CV inner loop, CV rep number: 10
CV inner loop, CV rep number: 10
besttune C
1
besttune C
0.01
CV inner loop, CV rep number: 10
besttune C
0.01
besttune C
0.01
besttune C
0.01
CV inner loop, CV rep number: 10
besttune C
0.2
CV inner loop, CV rep number: 10
besttune C
0.1
besttune C
0.5
CV inner loop, CV rep number: 10
besttune C
0.01
CV inner loop, CV rep number: 10
CV inner loop, CV rep number: 10
CV inner loop, CV rep number: 10
besttune C
0.01
CV inner loop, CV rep number: 10
CV inner loop, CV rep number: 10
besttune C
0.4
CV inner loop, CV rep number: 10
besttune C
0.01
CV inner loop, CV rep number: 10
besttune C
0.01
CV inner loop, CV rep number: 10
besttune C
0.1
CV inner loop, CV rep number: 10
besttune C
0.2
besttune C
0.1
CV inner loop, CV rep number: 10
besttune C
1
besttune C
0.01
CV inner loop, CV rep number: 10
CV inner loop, CV rep number: 10
CV inner loop, CV rep number: 10
besttune C
0.01
CV inner loop, CV rep number: 10
besttune C
1
CV inner loop, CV rep number: 10
besttune C
0.1
besttune C
0.2
besttune C
0.1
CV inner loop, CV rep number: 10
besttune C
0.01
CV inner loop, CV rep number: 10
CV inner loop, CV rep number: 10
CV inner loop, CV rep number: 10
CV inner loop, CV rep number: 10
besttune C
0.01
besttune C
0.01
CV inner loop, CV rep number: 10
besttune C
0.01
besttune C
0.01
besttune C
0.1
besttune C
0.01
CV inner loop, CV rep number: 10
CV inner loop, CV rep number: 10
CV inner loop, CV rep number: 10
besttune C
0.1
besttune C
0.1
CV inner loop, CV rep number: 10
CV inner loop, CV rep number: 10
besttune C
0.01
CV inner loop, CV rep number: 10
besttune C
0.01
CV inner loop, CV rep number: 10
besttune C
0.01
besttune C
0.1
CV inner loop, CV rep number: 10
besttune C
0.01
CV inner loop, CV rep number: 10
besttune C
0.3
besttune C
0.2
besttune C
0.1
besttune C
0.01
besttune C
1
CV inner loop, CV rep number: 10
besttune C
0.01
CV inner loop, CV rep number: 10
besttune C
0.4
besttune C
0.1
[1] "Results: "
  observed CV_rep {class_type}_pred
1    Other      1        0.10425938
2    Other      1        0.10158173
3    Other      1        0.10123415
4    Other      1        0.09531753
5    Other      1        0.08988657
6    Other      1        0.09021162
[Tue Nov 30 00:17:44 2021]
Finished job 0.
1 of 1 steps (100%) done
