Building DAG of jobs...
Using shell: /usr/bin/bash
Provided cores: 10
Rules claiming more threads will be scaled down.
Select jobs to execute...

[Mon Nov 29 23:42:02 2021]
rule PCA_binomial_classification:
    input: data/ATAC_predictions_train_20_predict_80/PCA_ATAC_pred_lasso_formatted_standardized.rds, data/sample_types.txt
    output: Classification_output/Binomial_models_output/SVM_poly_Predictions_PCA_Bile_Duct_Cancer.rds
    jobid: 0
    wildcards: model_binomial=SVM_poly, class_type=Bile_Duct_Cancer
    threads: 10
    resources: mem_mb=200000, disk_mb=1000, tmpdir=/scratch/57576367, time=20:00:00

Rscript --vanilla /faststorage/project/DELFI1/Workspaces/CarmenAndAnika/.snakemake/scripts/tmp6jbdkkyf.SVM_poly.R
Activating conda environment: /faststorage/project/DELFI1/Workspaces/CarmenAndAnika/.snakemake/conda/411837606499b7823565885a8a388b12
Registered S3 methods overwritten by 'ggplot2':
  method         from 
  [.quosures     rlang
  c.quosures     rlang
  print.quosures rlang
Registered S3 method overwritten by 'rvest':
  method            from
  read_xml.response xml2
── Attaching packages ─────────────────────────────────────── tidyverse 1.2.1 ──
✔ ggplot2 3.1.1       ✔ purrr   0.3.2  
✔ tibble  2.1.1       ✔ dplyr   0.8.0.1
✔ tidyr   0.8.3       ✔ stringr 1.4.0  
✔ readr   1.3.1       ✔ forcats 0.4.0  
── Conflicts ────────────────────────────────────────── tidyverse_conflicts() ──
✖ dplyr::filter() masks stats::filter()
✖ dplyr::lag()    masks stats::lag()
Loading required package: lattice

Attaching package: ‘caret’

The following object is masked from ‘package:purrr’:

    lift

Type 'citation("pROC")' for a citation.

Attaching package: ‘pROC’

The following objects are masked from ‘package:stats’:

    cov, smooth, var

Warning: unable to access index for repository http://cran.us.r-project.org/src/contrib/kernlab_0.9-29.tar.gz/src/contrib:
  cannot open URL 'http://cran.us.r-project.org/src/contrib/kernlab_0.9-29.tar.gz/src/contrib/PACKAGES'
Warning message:
package ‘kernlab’ is not available (for R version 3.6.1) 

Attaching package: ‘kernlab’

The following object is masked from ‘package:purrr’:

    cross

The following object is masked from ‘package:ggplot2’:

    alpha

Loading required package: foreach

Attaching package: ‘foreach’

The following objects are masked from ‘package:purrr’:

    accumulate, when

Loading required package: iterators
Loading required package: parallel
Loading required package: rngtools
Loading required package: pkgmaker
Loading required package: registry

Attaching package: ‘pkgmaker’

The following object is masked from ‘package:base’:

    isFALSE

Warning: unable to access index for repository http://cran.us.r-project.org/src/contrib/splitTools_0.3.1.tar.gz/src/contrib:
  cannot open URL 'http://cran.us.r-project.org/src/contrib/splitTools_0.3.1.tar.gz/src/contrib/PACKAGES'
Warning message:
package ‘splitTools’ is not available (for R version 3.6.1) 
Gastric_cancerOvarian_CancerLung_CancerBile_Duct_CancerPancreatic_CancerDuodenal_CancerBreast_CancerColorectal_Cancer
[1] "Sample_type levels"
[1] "Cancer" "Other" 
starting worker pid=3461 on localhost:11411 at 23:42:11.963
starting worker pid=3485 on localhost:11411 at 23:42:12.254
starting worker pid=3510 on localhost:11411 at 23:42:12.544
starting worker pid=3534 on localhost:11411 at 23:42:12.830
starting worker pid=3558 on localhost:11411 at 23:42:13.117
starting worker pid=3582 on localhost:11411 at 23:42:13.404
starting worker pid=3608 on localhost:11411 at 23:42:13.691
starting worker pid=3632 on localhost:11411 at 23:42:13.983
starting worker pid=3656 on localhost:11411 at 23:42:14.283
starting worker pid=3737 on localhost:11411 at 23:42:14.578
Loading required package: lattice
Loading required package: lattice
Loading required package: lattice
Loading required package: lattice
Loading required package: lattice
Loading required package: lattice
Loading required package: lattice
Loading required package: lattice
Loading required package: lattice
Loading required package: lattice
Loading required package: ggplot2
Loading required package: ggplot2
Loading required package: ggplot2
Loading required package: ggplot2
Loading required package: ggplot2
Loading required package: ggplot2
Loading required package: ggplot2
Loading required package: ggplot2
Loading required package: ggplot2
Loading required package: ggplot2
Registered S3 methods overwritten by 'ggplot2':
  method         from 
  [.quosures     rlang
  c.quosures     rlang
  print.quosures rlang
Registered S3 methods overwritten by 'ggplot2':
  method         from 
  [.quosures     rlang
  c.quosures     rlang
  print.quosures rlang
Registered S3 methods overwritten by 'ggplot2':
  method         from 
  [.quosures     rlang
  c.quosures     rlang
  print.quosures rlang
Registered S3 methods overwritten by 'ggplot2':
  method         from 
  [.quosures     rlang
  c.quosures     rlang
  print.quosures rlang
Registered S3 methods overwritten by 'ggplot2':
  method         from 
  [.quosures     rlang
  c.quosures     rlang
  print.quosures rlang
Registered S3 methods overwritten by 'ggplot2':
  method         from 
  [.quosures     rlang
  c.quosures     rlang
  print.quosures rlang
Registered S3 methods overwritten by 'ggplot2':
  method         from 
  [.quosures     rlang
  c.quosures     rlang
  print.quosures rlang
Registered S3 methods overwritten by 'ggplot2':
  method         from 
  [.quosures     rlang
  c.quosures     rlang
  print.quosures rlang
Registered S3 methods overwritten by 'ggplot2':
  method         from 
  [.quosures     rlang
  c.quosures     rlang
  print.quosures rlang
Registered S3 methods overwritten by 'ggplot2':
  method         from 
  [.quosures     rlang
  c.quosures     rlang
  print.quosures rlang
Registered S3 method overwritten by 'rvest':
  method            from
  read_xml.response xml2
Registered S3 method overwritten by 'rvest':
  method            from
  read_xml.response xml2
Registered S3 method overwritten by 'rvest':
  method            from
  read_xml.response xml2
Registered S3 method overwritten by 'rvest':
  method            from
  read_xml.response xml2
Registered S3 method overwritten by 'rvest':
  method            from
  read_xml.response xml2
── Attaching packages ─────────────────────────────────────── tidyverse 1.2.1 ──
── Attaching packages ─────────────────────────────────────── tidyverse 1.2.1 ──
── Attaching packages ─────────────────────────────────────── tidyverse 1.2.1 ──
✔ tibble  2.1.1       ✔ purrr   0.3.2  
✔ tidyr   0.8.3       ✔ dplyr   0.8.0.1
✔ readr   1.3.1       ✔ stringr 1.4.0  
✔ tibble  2.1.1       ✔ forcats 0.4.0  
✔ tibble  2.1.1       ✔ purrr   0.3.2  
✔ tidyr   0.8.3       ✔ dplyr   0.8.0.1
✔ readr   1.3.1       ✔ stringr 1.4.0  
✔ tibble  2.1.1       ✔ forcats 0.4.0  
✔ tibble  2.1.1       ✔ purrr   0.3.2  
✔ tidyr   0.8.3       ✔ dplyr   0.8.0.1
✔ readr   1.3.1       ✔ stringr 1.4.0  
✔ tibble  2.1.1       ✔ forcats 0.4.0  
── Attaching packages ─────────────────────────────────────── tidyverse 1.2.1 ──
Registered S3 method overwritten by 'rvest':
  method            from
  read_xml.response xml2
Registered S3 method overwritten by 'rvest':
  method            from
  read_xml.response xml2
✔ tibble  2.1.1       ✔ purrr   0.3.2  
✔ tidyr   0.8.3       ✔ dplyr   0.8.0.1
✔ readr   1.3.1       ✔ stringr 1.4.0  
✔ tibble  2.1.1       ✔ forcats 0.4.0  
── Attaching packages ─────────────────────────────────────── tidyverse 1.2.1 ──
✔ tibble  2.1.1       ✔ purrr   0.3.2  
✔ tidyr   0.8.3       ✔ dplyr   0.8.0.1
✔ readr   1.3.1       ✔ stringr 1.4.0  
✔ tibble  2.1.1       ✔ forcats 0.4.0  
Registered S3 method overwritten by 'rvest':
  method            from
  read_xml.response xml2
Registered S3 method overwritten by 'rvest':
  method            from
  read_xml.response xml2
Registered S3 method overwritten by 'rvest':
  method            from
  read_xml.response xml2
── Attaching packages ─────────────────────────────────────── tidyverse 1.2.1 ──
── Conflicts ────────────────────────────────────────── tidyverse_conflicts() ──
✖ dplyr::filter() masks stats::filter()
✖ dplyr::lag()    masks stats::lag()
✖ purrr::lift()   masks caret::lift()
── Conflicts ────────────────────────────────────────── tidyverse_conflicts() ──
✖ dplyr::filter() masks stats::filter()
✖ dplyr::lag()    masks stats::lag()
✖ purrr::lift()   masks caret::lift()
── Conflicts ────────────────────────────────────────── tidyverse_conflicts() ──
✖ dplyr::filter() masks stats::filter()
✖ dplyr::lag()    masks stats::lag()
✖ purrr::lift()   masks caret::lift()
✔ tibble  2.1.1       ✔ purrr   0.3.2  
✔ tidyr   0.8.3       ✔ dplyr   0.8.0.1
✔ readr   1.3.1       ✔ stringr 1.4.0  
✔ tibble  2.1.1       ✔ forcats 0.4.0  
── Attaching packages ─────────────────────────────────────── tidyverse 1.2.1 ──
── Conflicts ────────────────────────────────────────── tidyverse_conflicts() ──
✖ dplyr::filter() masks stats::filter()
✖ dplyr::lag()    masks stats::lag()
✖ purrr::lift()   masks caret::lift()
── Attaching packages ─────────────────────────────────────── tidyverse 1.2.1 ──
✔ tibble  2.1.1       ✔ purrr   0.3.2  
✔ tidyr   0.8.3       ✔ dplyr   0.8.0.1
✔ readr   1.3.1       ✔ stringr 1.4.0  
✔ tibble  2.1.1       ✔ forcats 0.4.0  
✔ tibble  2.1.1       ✔ purrr   0.3.2  
✔ tidyr   0.8.3       ✔ dplyr   0.8.0.1
✔ readr   1.3.1       ✔ stringr 1.4.0  
✔ tibble  2.1.1       ✔ forcats 0.4.0  
── Attaching packages ─────────────────────────────────────── tidyverse 1.2.1 ──
── Conflicts ────────────────────────────────────────── tidyverse_conflicts() ──
✖ dplyr::filter() masks stats::filter()
✖ dplyr::lag()    masks stats::lag()
✖ purrr::lift()   masks caret::lift()
── Attaching packages ─────────────────────────────────────── tidyverse 1.2.1 ──
✔ tibble  2.1.1       ✔ purrr   0.3.2  
✔ tidyr   0.8.3       ✔ dplyr   0.8.0.1
✔ readr   1.3.1       ✔ stringr 1.4.0  
✔ tibble  2.1.1       ✔ forcats 0.4.0  
✔ tibble  2.1.1       ✔ purrr   0.3.2  
✔ tidyr   0.8.3       ✔ dplyr   0.8.0.1
✔ readr   1.3.1       ✔ stringr 1.4.0  
✔ tibble  2.1.1       ✔ forcats 0.4.0  
── Conflicts ────────────────────────────────────────── tidyverse_conflicts() ──
✖ dplyr::filter() masks stats::filter()
✖ dplyr::lag()    masks stats::lag()
✖ purrr::lift()   masks caret::lift()
── Conflicts ────────────────────────────────────────── tidyverse_conflicts() ──
✖ dplyr::filter() masks stats::filter()
✖ dplyr::lag()    masks stats::lag()
✖ purrr::lift()   masks caret::lift()
── Conflicts ────────────────────────────────────────── tidyverse_conflicts() ──
✖ dplyr::filter() masks stats::filter()
✖ dplyr::lag()    masks stats::lag()
✖ purrr::lift()   masks caret::lift()
── Conflicts ────────────────────────────────────────── tidyverse_conflicts() ──
✖ dplyr::filter() masks stats::filter()
✖ dplyr::lag()    masks stats::lag()
✖ purrr::lift()   masks caret::lift()
── Conflicts ────────────────────────────────────────── tidyverse_conflicts() ──
✖ dplyr::filter() masks stats::filter()
✖ dplyr::lag()    masks stats::lag()
✖ purrr::lift()   masks caret::lift()

Attaching package: ‘kernlab’

The following object is masked from ‘package:purrr’:

    cross

The following object is masked from ‘package:ggplot2’:

    alpha

Loading required package: foreach

Attaching package: ‘kernlab’


Attaching package: ‘foreach’

The following objects are masked from ‘package:purrr’:

    accumulate, when

The following object is masked from ‘package:purrr’:

    cross

The following object is masked from ‘package:ggplot2’:

    alpha

Loading required package: rngtools
Loading required package: foreach
Loading required package: pkgmaker

Attaching package: ‘foreach’

Loading required package: registry
The following objects are masked from ‘package:purrr’:

    accumulate, when

Loading required package: rngtools

Attaching package: ‘kernlab’

The following object is masked from ‘package:purrr’:

    cross

The following object is masked from ‘package:ggplot2’:

    alpha


Attaching package: ‘kernlab’

The following object is masked from ‘package:purrr’:

    cross

The following object is masked from ‘package:ggplot2’:

    alpha

Loading required package: pkgmaker
Loading required package: foreach
Loading required package: foreach
Loading required package: registry

Attaching package: ‘foreach’

The following objects are masked from ‘package:purrr’:

    accumulate, when


Attaching package: ‘foreach’

The following objects are masked from ‘package:purrr’:

    accumulate, when

Loading required package: rngtools
Loading required package: rngtools

Attaching package: ‘kernlab’

The following object is masked from ‘package:purrr’:

    cross

The following object is masked from ‘package:ggplot2’:

    alpha

Loading required package: pkgmaker
Loading required package: pkgmaker
Loading required package: foreach
Loading required package: registry
Loading required package: registry

Attaching package: ‘foreach’

The following objects are masked from ‘package:purrr’:

    accumulate, when

Loading required package: rngtools
Loading required package: pkgmaker
Loading required package: registry

Attaching package: ‘pkgmaker’

The following object is masked from ‘package:base’:

    isFALSE


Attaching package: ‘pkgmaker’

The following object is masked from ‘package:base’:

    isFALSE


Attaching package: ‘kernlab’

The following object is masked from ‘package:purrr’:

    cross

The following object is masked from ‘package:ggplot2’:

    alpha


Attaching package: ‘pkgmaker’

The following object is masked from ‘package:base’:

    isFALSE

Loading required package: foreach

Attaching package: ‘foreach’

The following objects are masked from ‘package:purrr’:

    accumulate, when


Attaching package: ‘pkgmaker’

The following object is masked from ‘package:base’:

    isFALSE

Loading required package: rngtools
Loading required package: pkgmaker
Loading required package: registry

Attaching package: ‘pkgmaker’

The following object is masked from ‘package:base’:

    isFALSE


Attaching package: ‘kernlab’

The following object is masked from ‘package:purrr’:

    cross

The following object is masked from ‘package:ggplot2’:

    alpha


Attaching package: ‘kernlab’

The following object is masked from ‘package:purrr’:

    cross

The following object is masked from ‘package:ggplot2’:

    alpha

Loading required package: foreach
Loading required package: foreach

Attaching package: ‘foreach’

The following objects are masked from ‘package:purrr’:

    accumulate, when

Loading required package: rngtools

Attaching package: ‘foreach’

The following objects are masked from ‘package:purrr’:

    accumulate, when

Loading required package: rngtools
Loading required package: pkgmaker
Loading required package: pkgmaker
Loading required package: registry
Loading required package: registry

Attaching package: ‘kernlab’

The following object is masked from ‘package:purrr’:

    cross

The following object is masked from ‘package:ggplot2’:

    alpha


Attaching package: ‘pkgmaker’

The following object is masked from ‘package:base’:

    isFALSE

Loading required package: foreach

Attaching package: ‘kernlab’

The following object is masked from ‘package:purrr’:

    cross

The following object is masked from ‘package:ggplot2’:

    alpha


Attaching package: ‘foreach’

The following objects are masked from ‘package:purrr’:

    accumulate, when

Loading required package: foreach
Loading required package: rngtools
Loading required package: pkgmaker

Attaching package: ‘foreach’

The following objects are masked from ‘package:purrr’:

    accumulate, when

Loading required package: rngtools
Loading required package: registry
Loading required package: pkgmaker
Loading required package: registry

Attaching package: ‘pkgmaker’

The following object is masked from ‘package:base’:

    isFALSE


Attaching package: ‘pkgmaker’

The following object is masked from ‘package:base’:

    isFALSE


Attaching package: ‘pkgmaker’

The following object is masked from ‘package:base’:

    isFALSE


Attaching package: ‘pkgmaker’

The following object is masked from ‘package:base’:

    isFALSE

Bile_Duct_Cancer
Bile_Duct_Cancer
Bile_Duct_Cancer
Bile_Duct_Cancer
Bile_Duct_Cancer
Bile_Duct_Cancer
Bile_Duct_Cancer
CV repetition number: 1
Bile_Duct_Cancer
Bile_Duct_Cancer
Bile_Duct_Cancer
CV repetition number: 4
CV repetition number: 2
CV repetition number: 8
CV repetition number: 3
CV repetition number: 5
CV repetition number: 6
CV repetition number: 9
CV inner loop, CV rep number: 1
CV repetition number: 7
CV repetition number: 10
CV inner loop, CV rep number: 4
CV inner loop, CV rep number: 2
CV inner loop, CV rep number: 8
CV inner loop, CV rep number: 9
CV inner loop, CV rep number: 3
CV inner loop, CV rep number: 5
CV inner loop, CV rep number: 6
CV inner loop, CV rep number: 7
CV inner loop, CV rep number: 10
maximum number of iterations reached 0.001144119 -0.001116756maximum number of iterations reached 2.053964e-05 -2.051074e-05maximum number of iterations reached 1.005175e-05 -1.004604e-05maximum number of iterations reached 0.0001696335 -0.0001685898maximum number of iterations reachedmaximum number of iterations reached 8.942161e-05 -8.90596e-05 0.0004399001 -0.0004331998maximum number of iterations reached 0.0006156712 -0.0006065635maximum number of iterations reached 0.0006597312 -0.0006518417maximum number of iterations reached 1.933879e-05 -1.930017e-05maximum number of iterations reached 1.016407e-05 -1.015293e-05maximum number of iterations reached 1.126967e-05 -1.125203e-05maximum number of iterations reached 0.0002715033 -0.0002693345maximum number of iterations reached 2.52262e-05 -2.51824e-05maximum number of iterations reached 0.0004910111 -0.0004828176maximum number of iterations reached 1.203932e-05 -1.20304e-05maximum number of iterations reached 0.0002175388 -0.0002150236maximum number of iterations reached 4.264506e-05 -4.251553e-05maximum number of iterations reached 2.416335e-05 -2.413476e-05maximum number of iterations reached 4.058623e-05 -4.049776e-05maximum number of iterations reached 3.86481e-05 -3.854422e-05maximum number of iterations reached 1.180045e-05 -1.179274e-05maximum number of iterations reached 0.0001506538 -0.0001495885maximum number of iterations reached 2.211845e-05 -2.209048e-05maximum number of iterations reached 0.0003406822 -0.0003374899maximum number of iterations reached 0.0001081035 -0.0001074723maximum number of iterations reached 6.274979e-05 -6.250117e-05maximum number of iterations reached 1.685617e-05 -1.684117e-05maximum number of iterations reachedmaximum number of iterations reachedmaximum number of iterations reached   2.942449e-059.953143e-06 6.596093e-05 -6.570723e-05 -9.949044e-06-2.935007e-05maximum number of iterations reached 2.653732e-05 -2.650554e-05maximum number of iterations reached 2.940565e-05 -2.932745e-05maximum number of iterations reached 2.114589e-05 -2.110862e-05maximum number of iterations reached 5.276085e-05 -5.261832e-05maximum number of iterations reached 0.0001412043 -0.0001401008maximum number of iterations reached 7.510132e-05 -7.477606e-05maximum number of iterations reached 7.535646e-05 -7.501632e-05maximum number of iterations reached 6.955158e-05 -6.930798e-05maximum number of iterations reached 2.962877e-05 -2.957387e-05maximum number of iterations reached 0.0002487791 -0.0002457703maximum number of iterations reached 2.732516e-05 -2.728966e-05maximum number of iterations reached 0.0003489419 -0.0003438603maximum number of iterations reached 0.0001305482 -0.0001296025maximum number of iterations reached 3.277765e-05 -3.26982e-05maximum number of iterations reached 1.324586e-05 -1.322986e-05maximum number of iterations reached 0.0001064312 -0.0001058828maximum number of iterations reached 2.330139e-05 -2.326444e-05maximum number of iterations reached 1.970605e-05 -1.967525e-05maximum number of iterations reached 9.494262e-06 -9.481971e-06maximum number of iterations reached 2.479708e-05 -2.473276e-05maximum number of iterations reached 7.696912e-05 -7.651253e-05maximum number of iterations reached 0.000120908 -0.0001205016maximum number of iterations reached 4.302067e-05 -4.291947e-05maximum number of iterations reached 1.223444e-05 -1.22196e-05maximum number of iterations reached 9.522094e-06 -9.508917e-06maximum number of iterations reached 0.0006420017 -0.0006325176maximum number of iterations reached 0.0006965172 -0.0006806584maximum number of iterations reached 2.986974e-05 -2.979955e-05maximum number of iterations reached 3.280997e-05 -3.274645e-05maximum number of iterations reached 1.487208e-05 -1.485605e-05maximum number of iterations reached 9.926712e-05 -9.894754e-05maximum number of iterations reached 5.396443e-05 -5.382635e-05maximum number of iterations reached 6.618632e-05 -6.594215e-05maximum number of iterations reached 3.152895e-05 -3.145047e-05besttune C
0.25
besttune degree
2
besttune scale
10
maximum number of iterations reached 0.0004024365 -0.0003984951besttune C
0.5
besttune degree
1
besttune scale
0.001
CV inner loop, CV rep number: 10
maximum number of iterations reached 3.128753e-05 -3.124225e-05maximum number of iterations reached 0.0002260449 -0.0002236965maximum number of iterations reached 0.0001302768 -0.0001294317besttune C
0.25
besttune degree
2
besttune scale
10
CV inner loop, CV rep number: 10
maximum number of iterations reached 2.789585e-05 -2.783708e-05besttune C
0.25
besttune degree
1
besttune scale
0.001
maximum number of iterations reached 1.778339e-05 -1.776423e-05maximum number of iterations reached 1.633834e-05 -1.631803e-05besttune C
2
besttune degree
1
besttune scale
0.01
maximum number of iterations reached 0.0020277 -0.001964993maximum number of iterations reached 0.0001399622 -0.0001393956maximum number of iterations reached 0.001459329 -0.00141158maximum number of iterations reached 3.370273e-05 -3.362536e-05CV inner loop, CV rep number: 10
maximum number of iterations reached 1.500902e-05 -1.498548e-05maximum number of iterations reached 0.002951911 -0.002912623maximum number of iterations reached 0.0001584978 -0.0001571663maximum number of iterations reached 2.016641e-05 -2.014831e-05maximum number of iterations reached 4.144094e-05 -4.132386e-05maximum number of iterations reached 1.072958e-05 -1.071774e-05besttune C
0.5
besttune degree
2
besttune scale
10
maximum number of iterations reached 0.0003769315 -0.0003752585besttune C
0.5
besttune degree
3
besttune scale
10
besttune C
4
besttune degree
1
besttune scale
0.01
maximum number of iterations reached 0.0002189886 -0.0002181949maximum number of iterations reached 0.0004928768 -0.0004912125maximum number of iterations reached 0.000342574 -0.000338591maximum number of iterations reached 0.0003971068 -0.0003919434CV inner loop, CV rep number: 10
CV inner loop, CV rep number: 10
maximum number of iterations reached 4.072928e-05 -4.059585e-05CV inner loop, CV rep number: 10
maximum number of iterations reached 0.0001119268 -0.0001114741besttune C
2
besttune degree
2
besttune scale
0.1
CV inner loop, CV rep number: 10
CV inner loop, CV rep number: 10
maximum number of iterations reached 1.982706e-05 -1.980288e-05maximum number of iterations reached 7.571477e-05 -7.543674e-05besttune C
0.5
besttune degree
1
besttune scale
0.001
maximum number of iterations reached 2.198974e-05 -2.196473e-05maximum number of iterations reached 5.625475e-05 -5.614885e-05CV inner loop, CV rep number: 10
maximum number of iterations reached 6.997279e-05 -6.967245e-05maximum number of iterations reached 9.946814e-06 -9.937583e-06CV inner loop, CV rep number: 10
maximum number of iterations reached 1.92787e-05 -1.926732e-05maximum number of iterations reached 4.414107e-05 -4.40618e-05maximum number of iterations reached 6.283038e-05 -6.26193e-05maximum number of iterations reached 1.508038e-05 -1.506151e-05maximum number of iterations reached 7.644131e-05 -7.608766e-05maximum number of iterations reached 9.141096e-05 -9.102518e-05maximum number of iterations reached 0.0001940032 -0.0001930096maximum number of iterations reached 1.086577e-05 -1.085669e-05maximum number of iterations reached 3.881209e-05 -3.873437e-05maximum number of iterations reached 0.0001295377 -0.0001285442maximum number of iterations reached 0.0001022061 -0.0001017946maximum number of iterations reached 4.333578e-05 -4.320692e-05maximum number of iterations reached 4.049584e-05 -4.036385e-05maximum number of iterations reached 9.930876e-06 -9.915513e-06maximum number of iterations reached 8.242055e-05 -8.20216e-05maximum number of iterations reached 2.648898e-05 -2.645166e-05maximum number of iterations reached 1.671826e-05 -1.670407e-05maximum number of iterations reached 6.555582e-05 -6.533399e-05maximum number of iterations reached 4.65524e-05 -4.647679e-05maximum number of iterations reached 6.003388e-05 -5.986511e-05maximum number of iterations reached 1.914031e-05 -1.912004e-05maximum number of iterations reached 6.513938e-05 -6.486985e-05maximum number of iterations reached 1.38077e-05 -1.379255e-05maximum number of iterations reached 3.642767e-05 -3.636728e-05maximum number of iterations reached 6.535929e-05 -6.513249e-05maximum number of iterations reached 9.867955e-05 -9.822934e-05maximum number of iterations reached 1.74212e-05 -1.740538e-05maximum number of iterations reached 8.984457e-05 -8.937038e-05maximum number of iterations reached 2.783599e-05 -2.778502e-05maximum number of iterations reached 3.240171e-05 -3.233301e-05maximum number of iterations reached 1.84766e-05 -1.844389e-05maximum number of iterations reached 8.343731e-05 -8.316887e-05maximum number of iterations reached 5.991243e-05 -5.971284e-05maximum number of iterations reached 3.192053e-05 -3.184756e-05maximum number of iterations reached 3.749151e-05 -3.741889e-05maximum number of iterations reached 0.0001979752 -0.0001966314maximum number of iterations reached 7.525299e-05 -7.49115e-05maximum number of iterations reached 2.232741e-05 -2.228305e-05besttune C
0.25
besttune degree
2
besttune scale
10
maximum number of iterations reached 1.150043e-05 -1.149388e-05CV inner loop, CV rep number: 10
maximum number of iterations reached 8.357847e-05 -8.316737e-05maximum number of iterations reached 8.480111e-05 -8.435227e-05maximum number of iterations reached 0.0002118974 -0.0002095987maximum number of iterations reached 2.992819e-05 -2.987207e-05maximum number of iterations reached 3.761351e-05 -3.750147e-05maximum number of iterations reached 1.506256e-05 -1.504124e-05maximum number of iterations reached 0.0001092125 -0.0001086014maximum number of iterations reached 4.061983e-05 -4.051134e-05maximum number of iterations reached 2.179039e-05 -2.176971e-05maximum number of iterations reached 2.322479e-05 -2.321018e-05maximum number of iterations reached 9.29842e-05 -9.246389e-05maximum number of iterations reached 1.186095e-05 -1.184837e-05maximum number of iterations reached 0.0002072202 -0.0002051753maximum number of iterations reached 0.000121463 -0.0001205772maximum number of iterations reached 2.562966e-05 -2.557902e-05besttune C
0.5
besttune degree
1
besttune scale
0.001
maximum number of iterations reached 3.001513e-05 -2.995114e-05maximum number of iterations reached 2.623074e-05 -2.619059e-05CV inner loop, CV rep number: 10
besttune C
0.25
besttune degree
2
besttune scale
10
maximum number of iterations reached 9.564248e-05 -9.512115e-05besttune C
0.25
besttune degree
2
besttune scale
0.001
maximum number of iterations reached 1.261891e-05 -1.260687e-05besttune C
0.25
besttune degree
2
besttune scale
10
besttune C
4
besttune degree
1
besttune scale
1
CV inner loop, CV rep number: 10
maximum number of iterations reached 0.001128434 -0.001099871maximum number of iterations reached 0.0006440115 -0.0006298273CV inner loop, CV rep number: 10
maximum number of iterations reached 2.084429e-05 -2.080653e-05maximum number of iterations reached 1.455566e-05 -1.454048e-05maximum number of iterations reached 1.700681e-05 -1.698944e-05CV inner loop, CV rep number: 10
CV inner loop, CV rep number: 10
maximum number of iterations reached 0.000451754 -0.000445787besttune C
0.25
besttune degree
2
besttune scale
0.01
besttune C
0.25
besttune degree
2
besttune scale
10
maximum number of iterations reached 3.154495e-05 -3.148827e-05besttune C
2
besttune degree
2
besttune scale
10
maximum number of iterations reached 2.171997e-05 -2.16805e-05maximum number of iterations reached 0.0001016707 -0.0001011953CV inner loop, CV rep number: 10
CV inner loop, CV rep number: 10
maximum number of iterations reached 6.944045e-05 -6.923356e-05maximum number of iterations reached 0.0002829521 -0.0002796064besttune C
0.25
besttune degree
1
besttune scale
0.1
maximum number of iterations reached 0.0001957576 -0.0001942225CV inner loop, CV rep number: 10
maximum number of iterations reached 6.089065e-05 -6.06319e-05CV inner loop, CV rep number: 10
maximum number of iterations reached 4.525687e-05 -4.512043e-05maximum number of iterations reached 6.497822e-05 -6.485258e-05maximum number of iterations reached 3.192242e-05 -3.184345e-05maximum number of iterations reached 7.869052e-05maximum number of iterations reached 0.000142221 -0.0001411591 -7.848279e-05maximum number of iterations reached 3.947943e-05 -3.93742e-05maximum number of iterations reached 1.839685e-05 -1.837209e-05maximum number of iterations reached 1.997587e-05 -1.995299e-05maximum number of iterations reached 0.0008358646 -0.0008255854maximum number of iterations reached 2.496036e-05 -2.491471e-05maximum number of iterations reached 1.866607e-05 -1.863408e-05maximum number of iterations reached 4.96773e-05 -4.954254e-05maximum number of iterations reached 3.712839e-05 -3.705559e-05maximum number of iterations reached 1.401446e-05 -1.400163e-05maximum number of iterations reached 6.723014e-05 -6.708651e-05maximum number of iterations reached 1.695714e-05 -1.693889e-05besttune C
0.25
besttune degree
2
besttune scale
10
maximum number of iterations reached 5.30513e-05 -5.291016e-05CV inner loop, CV rep number: 10
maximum number of iterations reached 0.0001480839 -0.0001470684maximum number of iterations reached 3.046332e-05 -3.038336e-05maximum number of iterations reached 0.0001243068 -0.0001234697maximum number of iterations reached 3.737671e-05 -3.734066e-05maximum number of iterations reached 1.198671e-05 -1.196957e-05maximum number of iterations reached 0.0002901492 -0.000287123maximum number of iterations reached 1.259138e-05 -1.257516e-05maximum number of iterations reached 0.0004688021 -0.000462992maximum number of iterations reached 5.968949e-05 -5.955406e-05maximum number of iterations reached 6.317867e-05 -6.291924e-05maximum number of iterations reached 0.0001218297 -0.0001210847maximum number of iterations reached 1.787643e-05 -1.785495e-05maximum number of iterations reached 0.0004105932 -0.0004052417maximum number of iterations reached 0.0004539497 -0.0004476699maximum number of iterations reached 6.123881e-05 -6.097009e-05maximum number of iterations reached 2.139483e-05 -2.135515e-05maximum number of iterations reached 3.624967e-05 -3.613944e-05maximum number of iterations reached 4.092723e-05 -4.079335e-05maximum number of iterations reached 1.190671e-05 -1.189752e-05maximum number of iterations reached 5.552839e-05 -5.535625e-05maximum number of iterations reached 8.465946e-05 -8.439402e-05maximum number of iterations reached 0.0001735246 -0.0001722669besttune C
2
besttune degree
3
besttune scale
0.01
maximum number of iterations reached 1.988162e-05 -1.985445e-05besttune C
0.25
besttune degree
2
CV inner loop, CV rep number: 10
besttune scale
1
besttune C
2
besttune degree
1
besttune scale
0.01
maximum number of iterations reached 0.0001458105 -0.0001452173maximum number of iterations reached 1.183339e-05 -1.182083e-05CV inner loop, CV rep number: 10
maximum number of iterations reached 2.322853e-05 -2.320086e-05maximum number of iterations reached 0.0003577473 -0.0003543099CV inner loop, CV rep number: 10
maximum number of iterations reached 3.874058e-05 -3.864627e-05besttune C
0.25
besttune degree
2
besttune scale
10
maximum number of iterations reached 8.185635e-05 -8.153541e-05CV inner loop, CV rep number: 10
maximum number of iterations reached 5.786158e-05 -5.765023e-05besttune C
0.5
besttune degree
2
besttune scale
1
besttune C
0.25
besttune degree
1
besttune scale
0.001
maximum number of iterations reached 0.0002475352 -0.0002460376maximum number of iterations reached 0.0001879743 -0.0001863507maximum number of iterations reached 0.0002292834 -0.0002274554maximum number of iterations reached 6.562018e-05 -6.534178e-05maximum number of iterations reached 0.0007797221 -0.0007649933maximum number of iterations reached 0.002711622 -0.002627708maximum number of iterations reached 4.529397e-05 -4.522855e-05maximum number of iterations reached 6.1557e-05 -6.137136e-05maximum number of iterations reached 1.437596e-05 -1.434786e-05maximum number of iterations reached 0.0001051759 -0.0001049629maximum number of iterations reached 0.0001477356 -0.0001470777CV inner loop, CV rep number: 10
maximum number of iterations reached 1.644382e-05 -1.643022e-05maximum number of iterations reached 1.709921e-05 -1.707006e-05maximum number of iterations reached 8.001773e-05 -7.963029e-05maximum number of iterations reached 4.891441e-05 -4.879918e-05besttune C
0.5
besttune degree
2
besttune scale
1
maximum number of iterations reached 3.653289e-05 -3.644398e-05maximum number of iterations reached 4.514971e-05 -4.505461e-05CV inner loop, CV rep number: 10
maximum number of iterations reached 1.238978e-05 -1.238326e-05CV inner loop, CV rep number: 10
maximum number of iterations reached 0.0001707261 -0.000169986maximum number of iterations reached 0.0001956317 -0.000194089maximum number of iterations reached 0.0001023073 -0.0001016646besttune C
4
besttune degree
2
besttune scale
0.001
maximum number of iterations reached 0.0001332877 -0.0001325279maximum number of iterations reached 1.872183e-05 -1.869351e-05maximum number of iterations reached 8.291797e-05 -8.25794e-05besttune C
0.5
besttune degree
1
besttune scale
1
maximum number of iterations reached 2.794199e-05 -2.788538e-05CV inner loop, CV rep number: 10
besttune C
2
besttune degree
2
besttune scale
0.001
maximum number of iterations reached 2.005639e-05 -2.002206e-05maximum number of iterations reached 1.604727e-05 -1.603469e-05CV inner loop, CV rep number: 10
maximum number of iterations reached 2.203068e-05 -2.199744e-05CV inner loop, CV rep number: 10
maximum number of iterations reached 6.425416e-05 -6.401649e-05maximum number of iterations reached 3.577745e-05 -3.568722e-05maximum number of iterations reached 0.0003073876 -0.0003040559maximum number of iterations reached 1.75191e-05 -1.749627e-05maximum number of iterations reached 4.148138e-05 -4.135898e-05maximum number of iterations reached 1.687332e-05 -1.685872e-05maximum number of iterations reached 0.0001145615 -0.0001138341maximum number of iterations reached 7.47162e-05 -7.445356e-05maximum number of iterations reached 1.78827e-05 -1.785636e-05maximum number of iterations reached 7.49073e-05 -7.454916e-05maximum number of iterations reached 0.0001859213 -0.0001848621maximum number of iterations reached 4.643665e-05 -4.628292e-05maximum number of iterations reached 0.001134601 -0.001100975maximum number of iterations reached 0.0001213545 -0.0001208015maximum number of iterations reached 2.089215e-05 -2.085486e-05maximum number of iterations reached 0.000155204 -0.0001538096maximum number of iterations reached 1.039932e-05 -1.039285e-05maximum number of iterations reached 8.997016e-05 -8.958231e-05maximum number of iterations reached 1.85475e-05 -1.85245e-05maximum number of iterations reached 4.838554e-05 -4.82899e-05maximum number of iterations reached 9.973293e-06 -9.959521e-06maximum number of iterations reached 1.405815e-05 -1.403682e-05maximum number of iterations reachedmaximum number of iterations reached 5.748763e-05 -5.734766e-05 3.282117e-05 -3.274816e-05maximum number of iterations reached 5.35938e-05 -5.344023e-05maximum number of iterations reached 3.003671e-05 -2.999447e-05maximum number of iterations reached 0.0001275411 -0.0001269495maximum number of iterations reached 0.0004497157 -0.0004439022maximum number of iterations reached 9.784988e-06 -9.777499e-06maximum number of iterations reached 5.454425e-05 -5.433815e-05maximum number of iterations reached 1.362998e-05 -1.361624e-05maximum number of iterations reached 4.917189e-05 -4.905009e-05maximum number of iterations reached 0.0002227796 -0.0002207947maximum number of iterations reached 0.0001067533 -0.0001060864maximum number of iterations reached 0.0002449102 -0.0002429126maximum number of iterations reached 9.924572e-06 -9.916979e-06besttune C
2
besttune degree
1
besttune scale
0.001
maximum number of iterations reached 0.0002864002 -0.0002833271maximum number of iterations reached 1.652602e-05 -1.649186e-05maximum number of iterations reached 0.0002447007 -0.0002418491besttune C
1
besttune degree
2
besttune scale
10
CV inner loop, CV rep number: 10
maximum number of iterations reached 0.0001462779 -0.0001455223maximum number of iterations reached 0.0002889911 -0.0002851617CV inner loop, CV rep number: 10
maximum number of iterations reached 2.596115e-05 -2.590792e-05maximum number of iterations reached 0.0001769064 -0.0001753485maximum number of iterations reached 0.0003417785 -0.0003370932besttune C
2
besttune degree
1
besttune scale
0.01
CV inner loop, CV rep number: 10
maximum number of iterations reachedbesttune C
 1
1.267049e-05 besttune degree
-1.26551e-051
besttune scale
0.001
maximum number of iterations reached 8.000275e-05 -7.97186e-05maximum number of iterations reached 5.574274e-05 -5.55346e-05maximum number of iterations reached 0.0001254731 -0.0001248626maximum number of iterations reached 8.325423e-05 -8.287828e-05maximum number of iterations reached 3.280058e-05 -3.273605e-05maximum number of iterations reached 0.0001066733 -0.0001064381CV inner loop, CV rep number: 10
maximum number of iterations reached 5.012602e-05 -4.990551e-05besttune C
0.5
besttune degree
2
besttune scale
10
besttune C
4
besttune degree
1
besttune scale
1
maximum number of iterations reached 8.236036e-05 -8.215707e-05besttune C
1
besttune degree
3
besttune scale
0.001
CV inner loop, CV rep number: 10
maximum number of iterations reached 2.494429e-05 -2.490129e-05maximum number of iterations reached 1.140746e-05 -1.140055e-05CV inner loop, CV rep number: 10
maximum number of iterations reached 0.0001181793 -0.0001175619CV inner loop, CV rep number: 10
maximum number of iterations reached 3.381199e-05 -3.37765e-05besttune C
2
besttune degree
1
besttune scale
0.001
besttune C
0.5
besttune degree
2
besttune scale
1
maximum number of iterations reached 5.068392e-05 -5.052457e-05CV inner loop, CV rep number: 10
CV inner loop, CV rep number: 10
maximum number of iterations reached 4.07706e-05 -4.065478e-05maximum number of iterations reached 3.521971e-05 -3.516461e-05besttune C
0.5
besttune degree
2
besttune scale
10
CV inner loop, CV rep number: 10
maximum number of iterations reached 1.23841e-05 -1.237296e-05maximum number of iterations reached 4.269109e-05 -4.267142e-05maximum number of iterations reached 0.0001122476 -0.0001115641maximum number of iterations reached 5.695099e-05 -5.682939e-05maximum number of iterations reached 3.425273e-05 -3.420338e-05maximum number of iterations reached 2.091745e-05 -2.089086e-05maximum number of iterations reached 9.224943e-05 -9.180139e-05maximum number of iterations reached 6.812413e-05 -6.791806e-05maximum number of iterations reached 1.065007e-05 -1.064148e-05maximum number of iterations reached 0.0001347095 -0.0001337588maximum number of iterations reached 3.362684e-05 -3.357949e-05maximum number of iterations reached 0.0001303695 -0.0001296265maximum number of iterations reached 2.592012e-05 -2.587365e-05maximum number of iterations reached 1.130484e-05 -1.128953e-05maximum number of iterations reached 1.016257e-05 -1.015259e-05maximum number of iterations reached 1.296031e-05 -1.294607e-05maximum number of iterations reached 3.877964e-05 -3.869707e-05maximum number of iterations reached 6.500533e-05 -6.48031e-05maximum number of iterations reached 9.325014e-06 -9.317652e-06maximum number of iterations reached 8.464385e-05 -8.421017e-05maximum number of iterations reached 0.0008175325 -0.0007985694maximum number of iterations reached 2.716001e-05 -2.712619e-05maximum number of iterations reached 0.0003746899 -0.0003711757maximum number of iterations reached 2.96933e-05 -2.964148e-05maximum number of iterations reached 0.0006764804 -0.0006667605maximum number of iterations reached 0.0002241946 -0.0002224743maximum number of iterations reached 4.236944e-05 -4.230556e-05maximum number of iterations reached 2.969245e-05 -2.964912e-05maximum number of iterations reached 5.799143e-05 -5.781272e-05maximum number of iterations reached 0.0001753371 maximum number of iterations reached 1.423544e-05 -1.421929e-05-0.0001745659maximum number of iterations reached 0.0008720691 -0.0008526802maximum number of iterations reached 3.412059e-05 -3.407586e-05maximum number of iterations reached 3.330216e-05 -3.326422e-05maximum number of iterations reached 3.111801e-05 -3.106526e-05maximum number of iterations reached 3.148727e-05 -3.141644e-05besttune C
0.25
besttune degree
1
besttune scale
0.1
maximum number of iterations reached 1.568428e-05 -1.566523e-05maximum number of iterations reached 2.742051e-05 -2.737471e-05besttune C
0.25
besttune degree
2
besttune scale
1
maximum number of iterations reached 1.390333e-05 -1.389027e-05CV inner loop, CV rep number: 10
maximum number of iterations reached 4.265458e-05 -4.256088e-05CV inner loop, CV rep number: 10
maximum number of iterations reached 0.00145587 -0.001412465maximum number of iterations reached 2.310475e-05 -2.30629e-05besttune C
0.25
besttune degree
1
besttune scale
0.001
maximum number of iterations reached 5.279172e-05 -5.260256e-05maximum number of iterations reached 0.0001095183 -0.00010926maximum number of iterations reached 0.0003553595 -0.000350931maximum number of iterations reached 0.001700779 -0.001644519maximum number of iterations reached 0.0004582234 -0.0004505769maximum number of iterations reached 6.04478e-05 -6.033623e-05maximum number of iterations reached 1.690016e-05 -1.688118e-05maximum number of iterations reached 0.001247344 -0.001221242maximum number of iterations reached 0.0005424315 -0.0005347955maximum number of iterations reached 0.0001337974 -0.0001331088maximum number of iterations reached 4.468176e-05 -4.467353e-05maximum number of iterations reached 4.126765e-05 -4.116795e-05maximum number of iterations reached 0.0003157714 -0.0003140215maximum number of iterations reached 0.0001531262 -0.0001524306maximum number of iterations reached 0.0001237869 -0.0001234077maximum number of iterations reached 6.992969e-05 -6.9737e-05CV inner loop, CV rep number: 10
maximum number of iterations reached 5.756218e-05 -5.737402e-05maximum number of iterations reached 0.0001685804 -0.0001670896maximum number of iterations reached 0.000172994 -0.0001715675maximum number of iterations reached 9.936167e-05 -9.881421e-05besttune C
1
besttune degree
1
besttune scale
0.1
maximum number of iterations reached 2.658554e-05 -2.653601e-05CV inner loop, CV rep number: 10
maximum number of iterations reached 4.240481e-05 -4.229945e-05besttune C
0.5
besttune degree
2
besttune scale
10
maximum number of iterations reached 0.0001191142 -0.0001183498besttune C
1
besttune degree
2
besttune scale
0.001
besttune C
0.25
besttune degree
1
besttune scale
10
CV inner loop, CV rep number: 10
maximum number of iterations reached 0.0001290699 -0.0001285659CV inner loop, CV rep number: 10
maximum number of iterations reached 0.0001721385 -0.0001707178maximum number of iterations reached 0.0002314228 -0.0002291434CV inner loop, CV rep number: 10
maximum number of iterations reached 1.471821e-05 -1.470617e-05maximum number of iterations reached 1.037576e-05 -1.036342e-05besttune C
0.5
besttune degree
1
besttune scale
0.1
besttune C
0.25
besttune degree
2
besttune scale
10
besttune C
0.25
besttune degree
1
besttune scale
0.001
maximum number of iterations reached 5.197357e-05 -5.18412e-05maximum number of iterations reached 2.925845e-05 -2.923347e-05maximum number of iterations reached 0.001801298 -0.001750396maximum number of iterations reached 3.161465e-05 -3.155725e-05maximum number of iterations reached 0.0002089552 -0.0002080339maximum number of iterations reached 1.709361e-05 -1.706971e-05maximum number of iterations reached maximum number of iterations reached0.0003340035  0.0008405636 -0.000818124-0.0003301443maximum number of iterations reached 1.931405e-05 -1.927357e-05maximum number of iterations reached 0.0003321272 -0.0003282911CV inner loop, CV rep number: 10
maximum number of iterations reached 0.003158452 -0.003033559maximum number of iterations reached 0.001448241 -0.001420454maximum number of iterations reached 0.000740007 -0.0007373263maximum number of iterations reached 4.272478e-05 -4.264408e-05maximum number of iterations reached 0.00015275 -0.0001519065maximum number of iterations reached 0.002941421 -0.002859476maximum number of iterations reached 5.591144e-05 -5.583381e-05CV inner loop, CV rep number: 10
maximum number of iterations reached 2.898844e-05 -2.894371e-05CV inner loop, CV rep number: 10
maximum number of iterations reached 3.762107e-05 -3.75507e-05maximum number of iterations reached 1.300507e-05 -1.29938e-05maximum number of iterations reached 6.899742e-05 -6.882137e-05maximum number of iterations reached 9.939995e-06 -9.930325e-06maximum number of iterations reached 1.298148e-05 -1.296198e-05maximum number of iterations reached 7.593188e-05 -7.554644e-05maximum number of iterations reached 5.682771e-05 -5.659415e-05maximum number of iterations reached 9.571038e-05 -9.544615e-05maximum number of iterations reached 0.0001768831 -0.000175525maximum number of iterations reached 3.381163e-05 -3.372329e-05maximum number of iterations reached 1.022111e-05 -1.020617e-05maximum number of iterations reached 0.0003300339 -0.0003270311maximum number of iterations reached 7.145818e-05 -7.118445e-05maximum number of iterations reached 9.175606e-05 -9.130889e-05maximum number of iterations reached 1.847006e-05 -1.844711e-05maximum number of iterations reached 4.972631e-05 -4.958936e-05maximum number of iterations reached 0.0001761572 -0.0001749932maximum number of iterations reached 0.0005001493 -0.0004933665maximum number of iterations reached 4.438839e-05 -4.429342e-05maximum number of iterations reachedmaximum number of iterations reached  5.697782e-05 2.853577e-05 -5.682593e-05-2.848118e-05maximum number of iterations reached 0.001354441 -0.001318254maximum number of iterations reached 0.0001355035 -0.000135099maximum number of iterations reached 3.032784e-05 -3.02902e-05maximum number of iterations reached 1.429375e-05 -1.427948e-05maximum number of iterations reached 3.663014e-05 -3.653877e-05maximum number of iterations reached 0.0001019411 -0.0001012782maximum number of iterations reached 9.749824e-06 -9.741046e-06maximum number of iterations reached 6.15214e-05 -6.12929e-05maximum number of iterations reached 6.87271e-05 -6.859315e-05maximum number of iterations reached 0.00121528 -0.001183899maximum number of iterations reached 1.618795e-05 -1.615955e-05maximum number of iterations reached 2.722349e-05 -2.716295e-05maximum number of iterations reached 0.0006564777 -0.0006500855maximum number of iterations reached 8.862894e-05 -8.818103e-05maximum number of iterations reached 4.376548e-05 -4.3654e-05besttune C
1
besttune degree
2
besttune scale
10
maximum number of iterations reached 9.830948e-06 -9.82238e-06maximum number of iterations reached 0.0001022389 -0.0001018874maximum number of iterations reached 7.063817e-05 -7.036101e-05maximum number of iterations reached 5.368206e-05 -5.353832e-05CV inner loop, CV rep number: 10
maximum number of iterations reached 1.891473e-05 -1.888661e-05maximum number of iterations reached 3.597197e-05 -3.594721e-05maximum number of iterations reached 9.577102e-06 -9.562129e-06maximum number of iterations reached 4.997754e-05 -4.982821e-05maximum number of iterations reached 1.68653e-05 -1.684685e-05maximum number of iterations reached 0.000442078 -0.0004357179maximum number of iterations reached 6.855105e-05 -6.838237e-05besttune C
0.25
besttune degree
2
besttune scale
1
maximum number of iterations reached 3.296333e-05 -3.292762e-05maximum number of iterations reached 4.273036e-05 -4.264615e-05maximum number of iterations reached 1.669267e-05 -1.666838e-05besttune C
0.25
besttune degree
1
besttune scale
0.01
CV inner loop, CV rep number: 10
maximum number of iterations reached 0.0001356875 -0.0001349257maximum number of iterations reached 4.759461e-05 -4.744434e-05besttune C
0.5
besttune degree
2
besttune scale
1
besttune C
0.5
besttune degree
1
besttune scale
0.001
CV inner loop, CV rep number: 10
maximum number of iterations reached 3.298836e-05 -3.292165e-05maximum number of iterations reached 1.208801e-05 -1.207577e-05besttune C
0.25
besttune degree
2
besttune scale
10
maximum number of iterations reached 1.448246e-05 -1.446485e-05CV inner loop, CV rep number: 10
maximum number of iterations reached 1.082279e-05 -1.081661e-05CV inner loop, CV rep number: 10
maximum number of iterations reached 0.0003177928 -0.0003136564besttune C
0.25
besttune degree
1
besttune scale
0.01
maximum number of iterations reached 3.056853e-05 -3.049595e-05CV inner loop, CV rep number: 10
maximum number of iterations reached 1.687016e-05 -1.685e-05maximum number of iterations reached 0.0001105526 -0.0001102914CV inner loop, CV rep number: 10
besttune C
0.25
besttune degree
2
besttune scale
10
besttune C
1
besttune degree
1
besttune scale
0.001
maximum number of iterations reached 3.84336e-05 -3.835224e-05maximum number of iterations reached 0.0001745729 -0.0001732243CV inner loop, CV rep number: 10
besttune C
0.5
besttune degree
2
besttune scale
1
CV inner loop, CV rep number: 10
maximum number of iterations reached 0.0002587107 -0.0002562209maximum number of iterations reached 9.107312e-05 -9.06093e-05maximum number of iterations reached 3.831339e-05 -3.827896e-05maximum number of iterations reached 7.880679e-05 -7.84344e-05maximum number of iterations reached 1.546656e-05 -1.545066e-05CV inner loop, CV rep number: 10
maximum number of iterations reached 2.616714e-05 -2.611054e-05maximum number of iterations reached 0.0001324676 -0.0001314359maximum number of iterations reached 0.0002576549 -0.0002557004maximum number of iterations reached 8.310434e-05 -8.271601e-05maximum number of iterations reached 3.217578e-05 -3.210415e-05maximum number of iterations reached 6.156578e-05 -6.140677e-05maximum number of iterations reached 0.0001677786 -0.0001668842maximum number of iterations reached 7.865857e-05 -7.84313e-05maximum number of iterations reached 1.221018e-05 -1.220193e-05maximum number of iterations reached 0.0001929137 -0.0001909705maximum number of iterations reached 0.0003215909 -0.0003166271maximum number of iterations reached 9.912798e-06 -9.910712e-06maximum number of iterations reached 0.0002592128 -0.0002563549maximum number of iterations reached 1.474804e-05 -1.472638e-05maximum number of iterations reached 1.01747e-05 -1.016047e-05maximum number of iterations reached 3.80686e-05 -3.799741e-05maximum number of iterations reached 1.210465e-05 -1.209184e-05maximum number of iterations reached 5.697002e-05 -5.676288e-05maximum number of iterations reached 0.0001504359 -0.0001494484maximum number of iterations reached 2.03644e-05 -2.034503e-05maximum number of iterations reached 8.155594e-05 -8.121837e-05maximum number of iterations reached 1.351878e-05 -1.350997e-05maximum number of iterations reached 4.035921e-05 -4.033325e-05maximum number of iterations reached 2.884444e-05 -2.87731e-05maximum number of iterations reached 3.636135e-05 -3.626324e-05maximum number of iterations reached 1.286719e-05 -1.284933e-05maximum number of iterations reached 0.0001008544 -0.0001004643maximum number of iterations reached 0.0004424087 -0.0004382149maximum number of iterations reached 0.0002678846 -0.0002653616maximum number of iterations reached 1.498604e-05 -1.49742e-05maximum number of iterations reached 2.556678e-05 -2.552423e-05maximum number of iterations reached 0.0001069336 -0.0001063046maximum number of iterations reached 0.0001564597 -0.0001554591maximum number of iterations reached 0.0001449569 -0.0001437272maximum number of iterations reached 7.605251e-05 -7.579724e-05maximum number of iterations reached 5.998627e-05 -5.971953e-05maximum number of iterations reached 2.623505e-05 -2.621386e-05maximum number of iterations reached 3.813239e-05 -3.805478e-05maximum number of iterations reached 2.585054e-05 -2.57968e-05maximum number of iterations reachedbesttune C
0.25
besttune degree
1
besttune scale
0.1
 0.001006564 -0.0009863017maximum number of iterations reached 1.200502e-05 -1.199217e-05CV inner loop, CV rep number: 10
maximum number of iterations reached 0.000189566 -0.0001877967maximum number of iterations reached 2.063344e-05 -2.060847e-05besttune C
4
besttune degree
2
besttune scale
0.1
maximum number of iterations reached 3.01211e-05 -3.00599e-05besttune C
1
besttune degree
2
besttune scale
1
CV inner loop, CV rep number: 10
maximum number of iterations reached 9.508069e-06 -9.500971e-06maximum number of iterations reached 8.195496e-05 -8.154482e-05maximum number of iterations reached 1.174589e-05 -1.174329e-05CV inner loop, CV rep number: 10
maximum number of iterations reached 5.46825e-05 -5.450807e-05maximum number of iterations reached 3.460386e-05 -3.454749e-05besttune C
1
besttune degree
1
besttune scale
0.001
maximum number of iterations reached 2.921744e-05 -2.914792e-05besttune C
1
besttune degree
3
besttune scale
0.1
maximum number of iterations reached 2.407744e-05 -2.404293e-05maximum number of iterations reached 6.498142e-05 -6.482826e-05CV inner loop, CV rep number: 10
besttune C
0.25
besttune degree
2
besttune scale
10
CV inner loop, CV rep number: 10
besttune C
0.25
besttune degree
2
besttune scale
1
maximum number of iterations reached 0.0001187066 -0.0001181457maximum number of iterations reached 9.790234e-06 -9.780091e-06maximum number of iterations reached 0.001434668 -0.001391093CV inner loop, CV rep number: 10
CV inner loop, CV rep number: 10
besttune C
0.25
besttune degree
1
besttune scale
0.01
maximum number of iterations reached 0.000106746 -0.0001060595besttune C
0.25
besttune degree
2
besttune scale
1
maximum number of iterations reached 0.0002088288 -0.0002074827besttune C
0.5
besttune degree
2
besttune scale
1
CV inner loop, CV rep number: 10
maximum number of iterations reached 9.535216e-05 -9.491212e-05maximum number of iterations reached 1.513383e-05 -1.512275e-05maximum number of iterations reached 1.391719e-05 -1.389796e-05CV inner loop, CV rep number: 10
maximum number of iterations reached 4.140176e-05 -4.134021e-05maximum number of iterations reached 2.287859e-05 -2.284169e-05CV inner loop, CV rep number: 10
maximum number of iterations reached 2.973254e-05 -2.966965e-05maximum number of iterations reached 0.0001261487 -0.0001254457maximum number of iterations reached 0.001006144 -0.0009822572maximum number of iterations reached 0.0001316132 -0.0001310929maximum number of iterations reached 0.0001117811 -0.0001111943maximum number of iterations reached 3.5403e-05 -3.531774e-05maximum number of iterations reached 2.759998e-05 -2.755612e-05maximum number of iterations reached 0.0001587859 -0.0001576666maximum number of iterations reached 2.477157e-05 -2.474391e-05maximum number of iterations reached 9.808096e-06 -9.800662e-06maximum number of iterations reached 2.141228e-05 -2.13821e-05maximum number of iterations reached 1.027956e-05 -1.0275e-05maximum number of iterations reached 5.079999e-05 -5.063361e-05maximum number of iterations reached 0.0008272467 -0.0008068387maximum number of iterations reached 0.0001450157 -0.0001442571maximum number of iterations reached 0.000105125 -0.000104797maximum number of iterations reached 1.333697e-05 -1.332234e-05maximum number of iterations reached 3.350317e-05 -3.342344e-05maximum number of iterations reached 1.514825e-05 -1.512817e-05maximum number of iterations reached 4.749595e-05 -4.742148e-05maximum number of iterations reached maximum number of iterations reached5.019561e-05  -5.005161e-050.0006597097 -0.0006505505maximum number of iterations reached 0.0002054036 -0.0002039472maximum number of iterations reached 8.028081e-05 -7.996116e-05maximum number of iterations reached 0.000189337 -0.000188132maximum number of iterations reached 1.235338e-05 -1.233387e-05maximum number of iterations reached 3.893096e-05 -3.886542e-05maximum number of iterations reached 2.707138e-05 -2.705022e-05maximum number of iterations reached 1.260069e-05 -1.258631e-05maximum number of iterations reached 2.387257e-05 -2.3835e-05maximum number of iterations reached 1.355912e-05 -1.354473e-05maximum number of iterations reached 2.381206e-05 -2.379038e-05maximum number of iterations reached 2.117874e-05 -2.113222e-05maximum number of iterations reached 2.386052e-05 -2.381425e-05besttune C
0.5
besttune degree
2
besttune scale
10
maximum number of iterations reached 2.532698e-05 -2.52795e-05maximum number of iterations reached 2.388254e-05 -2.383519e-05besttune C
0.5
besttune degree
2
besttune scale
1
besttune C
0.25
besttune degree
2
besttune scale
1
CV inner loop, CV rep number: 10
maximum number of iterations reached 0.0004640274 -0.000460122maximum number of iterations reached 1.085076e-05 -1.083398e-05CV inner loop, CV rep number: 10
CV inner loop, CV rep number: 10
maximum number of iterations reached 5.066599e-05 -5.049649e-05maximum number of iterations reached 3.853702e-05 -3.849123e-05maximum number of iterations reached 1.760782e-05 -1.759065e-05maximum number of iterations reached 5.140686e-05 -5.132404e-05maximum number of iterations reached 3.231013e-05 -3.225832e-05besttune C
1
besttune degree
2
besttune scale
10
besttune C
0.25
besttune degree
2
besttune scale
10
maximum number of iterations reached 3.473629e-05 -3.467329e-05besttune C
CV inner loop, CV rep number: 10
0.25
besttune degree
2
besttune scale
1
CV inner loop, CV rep number: 10
maximum number of iterations reached 0.0001040661 -0.000103559maximum number of iterations reached 0.000287104 -0.0002849772maximum number of iterations reached 1.132991e-05 -1.131929e-05maximum number of iterations reached 1.033959e-05 -1.033454e-05maximum number of iterations reached 2.9358e-05 -2.930456e-05CV inner loop, CV rep number: 10
besttune C
0.5
besttune degree
1
besttune scale
10
maximum number of iterations reached 1.015436e-05 -1.014871e-05maximum number of iterations reached 8.205579e-05 -8.174615e-05CV inner loop, CV rep number: 10
maximum number of iterations reached 0.0001782447 -0.0001767113besttune C
0.25
besttune degree
1
besttune scale
0.01
maximum number of iterations reached 0.0001643802 -0.0001636557besttune C
0.25
besttune degree
2
besttune scale
0.1
besttune C
0.25
besttune degree
2
besttune scale
0.1
CV inner loop, CV rep number: 10
maximum number of iterations reached 1.913245e-05 -1.911069e-05maximum number of iterations reached 0.0009905046 -0.0009734729CV inner loop, CV rep number: 10
CV inner loop, CV rep number: 10
maximum number of iterations reached 6.163032e-05 -6.143108e-05maximum number of iterations reached 2.203139e-05 -2.200352e-05maximum number of iterations reached 7.497005e-05 -7.475091e-05maximum number of iterations reached 0.0001950381 -0.0001937778maximum number of iterations reached 0.0001853021 -0.0001841424maximum number of iterations reached 1.200048e-05 -1.198332e-05maximum number of iterations reached 5.032024e-05 -5.016797e-05maximum number of iterations reached 9.736755e-05 -9.684347e-05maximum number of iterations reached 1.650855e-05 -1.648564e-05maximum number of iterations reached 2.201663e-05 -2.199761e-05maximum number of iterations reached 0.000218676 -0.0002164824maximum number of iterations reached 9.646748e-06 -9.641676e-06maximum number of iterations reached 0.0001128927 -0.000112155maximum number of iterations reached 1.318261e-05 -1.316545e-05maximum number of iterations reached 2.802543e-05 -2.795787e-05maximum number of iterations reached 1.750766e-05 -1.747805e-05maximum number of iterations reached 0.0001408201 -0.0001397465maximum number of iterations reached 8.781557e-05 -8.75211e-05maximum number of iterations reached 0.0002230453 -0.0002210763maximum number of iterations reached 2.767329e-05 -2.761882e-05maximum number of iterations reached 2.372878e-05 -2.368116e-05maximum number of iterations reached 7.879849e-05 -7.849673e-05maximum number of iterations reached 0.000166496 -0.0001655179maximum number of iterations reached 2.376123e-05 -2.372741e-05maximum number of iterations reached 9.775151e-06 -9.759579e-06maximum number of iterations reached 0.0003257693 -0.0003235367maximum number of iterations reached 3.756415e-05 -3.751048e-05maximum number of iterations reached 2.830183e-05 -2.82501e-05maximum number of iterations reached 0.0009014782 -0.0008792569maximum number of iterations reached 2.082821e-05 -2.079228e-05maximum number of iterations reached 0.0002198964 -0.0002174794maximum number of iterations reached 6.313279e-05 -6.293596e-05besttune C
0.25
besttune degree
2
besttune scale
0.001
maximum number of iterations reached 1.08136e-05 -1.08034e-05CV inner loop, CV rep number: 10
maximum number of iterations reached 8.07596e-05 -8.040375e-05maximum number of iterations reached 1.212544e-05 -1.21108e-05maximum number of iterations reached 6.892469e-05 -6.863128e-05maximum number of iterations reached 0.0008692305 -0.0008497587maximum number of iterations reached 0.0001483076 -0.0001476033maximum number of iterations reached 2.19318e-05 -2.189738e-05maximum number of iterations reached 2.622748e-05 -2.619976e-05maximum number of iterations reached 7.803315e-05 -7.778373e-05maximum number of iterations reached 0.0001129559 -0.0001124543besttune C
0.25
besttune degree
2
besttune scale
0.01
maximum number of iterations reached 0.0004682282 -0.0004598389maximum number of iterations reached 9.219276e-05 -9.168623e-05maximum number of iterations reached 0.0001232386 -0.0001226814CV inner loop, CV rep number: 10
maximum number of iterations reached 6.819433e-05 -6.79264e-05maximum number of iterations reached 0.0001598124 -0.0001587986maximum number of iterations reachedbesttune C
0.5
besttune degree
1
besttune scale
10
 0.0001089185 -0.0001082146maximum number of iterations reached 4.284686e-05 -4.278329e-05maximum number of iterations reached maximum number of iterations reached 4.327135e-05 -4.313669e-05maximum number of iterations reached 2.455639e-05 -2.453344e-052.251168e-05 -2.246277e-05maximum number of iterations reached 1.126557e-05 -1.125647e-05besttune C
1
besttune degree
1
besttune scale
0.001
CV inner loop, CV rep number: 10
maximum number of iterations reached 1.268562e-05 -1.267189e-05besttune C
0.25
besttune degree
2
besttune scale
10
maximum number of iterations reached 2.048586e-05 -2.046881e-05maximum number of iterations reached 0.0001319455 -0.000131003maximum number of iterations reached 0.0001599166 -0.0001589369maximum number of iterations reached 9.737666e-06 -9.732372e-06CV inner loop, CV rep number: 10
maximum number of iterations reached 5.587866e-05 -5.567362e-05maximum number of iterations reached 9.776623e-06 -9.76679e-06maximum number of iterations reached 0.0001690126 -0.0001680718besttune C
0.25
besttune degree
1
besttune scale
10
CV inner loop, CV rep number: 10
maximum number of iterations reached 5.492419e-05 -5.47772e-05maximum number of iterations reached 0.0001190939 -0.0001183682besttune C
2
besttune degree
1
besttune scale
0.01
maximum number of iterations reached 4.404086e-05 -4.388039e-05besttune C
0.25
besttune degree
2
besttune scale
10
maximum number of iterations reached 4.623542e-05 -4.612794e-05besttune C
0.5
besttune degree
3
besttune scale
0.01
CV inner loop, CV rep number: 10
maximum number of iterations reached 0.000150636 -0.0001496169maximum number of iterations reached 0.0001499017 -0.0001493455CV inner loop, CV rep number: 10
maximum number of iterations reached 0.0002240822 -0.0002225102CV inner loop, CV rep number: 10
maximum number of iterations reached 0.0001818943 -0.0001809338maximum number of iterations reached 1.92222e-05 -1.919026e-05maximum number of iterations reached 2.418862e-05 -2.414945e-05besttune C
0.25
besttune degree
2
besttune scale
1
CV inner loop, CV rep number: 10
maximum number of iterations reached 8.601375e-05 -8.555432e-05maximum number of iterations reached 5.267555e-05 -5.250275e-05maximum number of iterations reached 4.258746e-05 -4.250699e-05maximum number of iterations reached 0.0001822543 -0.0001812496maximum number of iterations reached 1.489501e-05 -1.488416e-05maximum number of iterations reached 0.0003387396 -0.0003354363maximum number of iterations reached 1.276313e-05 -1.274515e-05maximum number of iterations reached 2.99544e-05 -2.990804e-05maximum number of iterations reached 2.376173e-05 -2.372679e-05maximum number of iterations reached 0.0001239812 -0.0001232023maximum number of iterations reached 1.164945e-05 -1.164323e-05maximum number of iterations reached 0.0001538938 -0.0001532206maximum number of iterations reached 2.651838e-05 -2.647376e-05maximum number of iterations reached 4.687505e-05 -4.675388e-05maximum number of iterations reached 0.000183789 -0.0001823733maximum number of iterations reached 3.324736e-05 -3.318889e-05maximum number of iterations reached 4.32055e-05 -4.312331e-05maximum number of iterations reached 4.494765e-05 -4.485783e-05maximum number of iterations reached 6.697515e-05 -6.674352e-05maximum number of iterations reached 9.442928e-06 -9.429188e-06maximum number of iterations reached 9.480535e-06 -9.47393e-06maximum number of iterations reached 2.030452e-05 -2.028108e-05besttune C
0.25
besttune degree
1
besttune scale
0.001
maximum number of iterations reached 0.002853135 -0.002793436maximum number of iterations reached 2.984536e-05 -2.978068e-05maximum number of iterations reached 2.834473e-05 -2.829952e-05maximum number of iterations reached 2.476995e-05 -2.474091e-05maximum number of iterations reached 0.0005688225 -0.0005665732maximum number of iterations reached 0.0001202591 -0.0001197791maximum number of iterations reached 8.062158e-05 -8.044478e-05maximum number of iterations reached 0.0001186045 -0.0001183265maximum number of iterations reached 0.0007167421 -0.0007014808maximum number of iterations reached 0.0009307203 -0.0009160769maximum number of iterations reached 0.000150878 -0.0001504311maximum number of iterations reached 4.155556e-05 -4.152312e-05maximum number of iterations reached 2.048713e-05 -2.046127e-05maximum number of iterations reached 0.001440041 -0.001418568maximum number of iterations reached 2.219623e-05 -2.21628e-05maximum number of iterations reached 1.441087e-05 -1.439669e-05maximum number of iterations reached 0.000660395 -0.0006475837maximum number of iterations reached 2.996406e-05 -2.98861e-05maximum number of iterations reached 0.0002019124 -0.0002000855maximum number of iterations reached 0.000293974 -0.0002907198maximum number of iterations reached 9.420459e-05 -9.381679e-05maximum number of iterations reached 7.656686e-05 -7.621411e-05maximum number of iterations reached 2.826138e-05 -2.821895e-05maximum number of iterations reached 1.139258e-05 -1.138503e-05besttune C
0.25
besttune degree
2
besttune scale
10
maximum number of iterations reached 1.258923e-05 -1.257447e-05maximum number of iterations reached 0.0002044451 -0.0002023466maximum number of iterations reached 2.988457e-05 -2.97971e-05maximum number of iterations reached 9.45215e-06 -9.446656e-06maximum number of iterations reached 3.28169e-05 -3.274866e-05besttune C
0.25
besttune degree
1
besttune scale
0.01
maximum number of iterations reached 5.477656e-05 -5.458054e-05besttune C
0.25
besttune degree
1
besttune scale
10
maximum number of iterations reached 3.236694e-05 -3.226783e-05besttune C
0.25
besttune degree
1
besttune scale
0.1
besttune C
1
besttune degree
1
besttune scale
0.01
besttune C
0.25
besttune degree
2
besttune scale
10
besttune C
0.25
besttune degree
1
besttune scale
0.01
besttune C
0.25
besttune degree
2
besttune scale
10
[1] "Results: "
  observed CV_rep {class_type}_pred
1    Other      1        0.07341498
2    Other      1        0.11416978
3    Other      1        0.08724363
4    Other      1        0.06402535
5    Other      1        0.06339428
6    Other      1        0.07953187
[Tue Nov 30 00:18:34 2021]
Finished job 0.
1 of 1 steps (100%) done
