Building DAG of jobs...
Using shell: /usr/bin/bash
Provided cores: 10
Rules claiming more threads will be scaled down.
Select jobs to execute...

[Tue Nov 30 00:23:02 2021]
rule PCA_binomial_classification:
    input: data/ATAC_predictions_train_20_predict_80/PCA_ATAC_pred_lasso_formatted_standardized.rds, data/sample_types.txt
    output: Classification_output/Binomial_models_output/SVM_poly_Predictions_PCA_Breast_Cancer.rds
    jobid: 0
    wildcards: model_binomial=SVM_poly, class_type=Breast_Cancer
    threads: 10
    resources: mem_mb=200000, disk_mb=1000, tmpdir=/scratch/57577475, time=20:00:00

Rscript --vanilla /faststorage/project/DELFI1/Workspaces/CarmenAndAnika/.snakemake/scripts/tmpr3ccuio8.SVM_poly.R
Activating conda environment: /faststorage/project/DELFI1/Workspaces/CarmenAndAnika/.snakemake/conda/411837606499b7823565885a8a388b12
Registered S3 methods overwritten by 'ggplot2':
  method         from 
  [.quosures     rlang
  c.quosures     rlang
  print.quosures rlang
Registered S3 method overwritten by 'rvest':
  method            from
  read_xml.response xml2
── Attaching packages ─────────────────────────────────────── tidyverse 1.2.1 ──
✔ ggplot2 3.1.1       ✔ purrr   0.3.2  
✔ tibble  2.1.1       ✔ dplyr   0.8.0.1
✔ tidyr   0.8.3       ✔ stringr 1.4.0  
✔ readr   1.3.1       ✔ forcats 0.4.0  
── Conflicts ────────────────────────────────────────── tidyverse_conflicts() ──
✖ dplyr::filter() masks stats::filter()
✖ dplyr::lag()    masks stats::lag()
Loading required package: lattice

Attaching package: ‘caret’

The following object is masked from ‘package:purrr’:

    lift

Type 'citation("pROC")' for a citation.

Attaching package: ‘pROC’

The following objects are masked from ‘package:stats’:

    cov, smooth, var

Warning: unable to access index for repository http://cran.us.r-project.org/src/contrib/kernlab_0.9-29.tar.gz/src/contrib:
  cannot open URL 'http://cran.us.r-project.org/src/contrib/kernlab_0.9-29.tar.gz/src/contrib/PACKAGES'
Warning message:
package ‘kernlab’ is not available (for R version 3.6.1) 

Attaching package: ‘kernlab’

The following object is masked from ‘package:purrr’:

    cross

The following object is masked from ‘package:ggplot2’:

    alpha

Loading required package: foreach

Attaching package: ‘foreach’

The following objects are masked from ‘package:purrr’:

    accumulate, when

Loading required package: iterators
Loading required package: parallel
Loading required package: rngtools
Loading required package: pkgmaker
Loading required package: registry

Attaching package: ‘pkgmaker’

The following object is masked from ‘package:base’:

    isFALSE

Warning: unable to access index for repository http://cran.us.r-project.org/src/contrib/splitTools_0.3.1.tar.gz/src/contrib:
  cannot open URL 'http://cran.us.r-project.org/src/contrib/splitTools_0.3.1.tar.gz/src/contrib/PACKAGES'
Warning message:
package ‘splitTools’ is not available (for R version 3.6.1) 
Gastric_cancerOvarian_CancerLung_CancerBile_Duct_CancerPancreatic_CancerDuodenal_CancerBreast_CancerColorectal_Cancer
[1] "Sample_type levels"
[1] "Cancer" "Other" 
starting worker pid=16507 on localhost:11936 at 00:23:09.766
starting worker pid=16531 on localhost:11936 at 00:23:10.052
starting worker pid=16556 on localhost:11936 at 00:23:10.336
starting worker pid=16580 on localhost:11936 at 00:23:10.620
starting worker pid=16604 on localhost:11936 at 00:23:11.139
starting worker pid=16628 on localhost:11936 at 00:23:11.428
starting worker pid=16652 on localhost:11936 at 00:23:11.718
starting worker pid=16676 on localhost:11936 at 00:23:12.047
starting worker pid=16700 on localhost:11936 at 00:23:12.336
starting worker pid=16724 on localhost:11936 at 00:23:12.625
Loading required package: lattice
Loading required package: lattice
Loading required package: lattice
Loading required package: lattice
Loading required package: lattice
Loading required package: lattice
Loading required package: lattice
Loading required package: lattice
Loading required package: lattice
Loading required package: lattice
Loading required package: ggplot2
Loading required package: ggplot2
Loading required package: ggplot2
Loading required package: ggplot2
Loading required package: ggplot2
Loading required package: ggplot2
Loading required package: ggplot2
Loading required package: ggplot2
Loading required package: ggplot2
Loading required package: ggplot2
Registered S3 methods overwritten by 'ggplot2':
  method         from 
  [.quosures     rlang
  c.quosures     rlang
  print.quosures rlang
Registered S3 methods overwritten by 'ggplot2':
  method         from 
  [.quosures     rlang
  c.quosures     rlang
  print.quosures rlang
Registered S3 methods overwritten by 'ggplot2':
  method         from 
  [.quosures     rlang
  c.quosures     rlang
  print.quosures rlang
Registered S3 methods overwritten by 'ggplot2':
  method         from 
  [.quosures     rlang
  c.quosures     rlang
  print.quosures rlang
Registered S3 methods overwritten by 'ggplot2':
  method         from 
  [.quosures     rlang
  c.quosures     rlang
  print.quosures rlang
Registered S3 methods overwritten by 'ggplot2':
  method         from 
  [.quosures     rlang
  c.quosures     rlang
  print.quosures rlang
Registered S3 methods overwritten by 'ggplot2':
  method         from 
  [.quosures     rlang
  c.quosures     rlang
  print.quosures rlang
Registered S3 methods overwritten by 'ggplot2':
  method         from 
  [.quosures     rlang
  c.quosures     rlang
  print.quosures rlang
Registered S3 methods overwritten by 'ggplot2':
  method         from 
  [.quosures     rlang
  c.quosures     rlang
  print.quosures rlang
Registered S3 methods overwritten by 'ggplot2':
  method         from 
  [.quosures     rlang
  c.quosures     rlang
  print.quosures rlang
Registered S3 method overwritten by 'rvest':
  method            from
  read_xml.response xml2
Registered S3 method overwritten by 'rvest':
  method            from
  read_xml.response xml2
Registered S3 method overwritten by 'rvest':
  method            from
  read_xml.response xml2
Registered S3 method overwritten by 'rvest':
  method            from
  read_xml.response xml2
Registered S3 method overwritten by 'rvest':
  method            from
  read_xml.response xml2
Registered S3 method overwritten by 'rvest':
  method            from
  read_xml.response xml2
Registered S3 method overwritten by 'rvest':
  method            from
  read_xml.response xml2
Registered S3 method overwritten by 'rvest':
  method            from
  read_xml.response xml2
Registered S3 method overwritten by 'rvest':
  method            from
  read_xml.response xml2
── Attaching packages ─────────────────────────────────────── tidyverse 1.2.1 ──
✔ tibble  2.1.1       ✔ purrr   0.3.2  
✔ tidyr   0.8.3       ✔ dplyr   0.8.0.1
✔ readr   1.3.1       ✔ stringr 1.4.0  
✔ tibble  2.1.1       ✔ forcats 0.4.0  
Registered S3 method overwritten by 'rvest':
  method            from
  read_xml.response xml2
── Attaching packages ─────────────────────────────────────── tidyverse 1.2.1 ──
✔ tibble  2.1.1       ✔ purrr   0.3.2  
✔ tidyr   0.8.3       ✔ dplyr   0.8.0.1
✔ readr   1.3.1       ✔ stringr 1.4.0  
✔ tibble  2.1.1       ✔ forcats 0.4.0  
── Attaching packages ─────────────────────────────────────── tidyverse 1.2.1 ──
── Attaching packages ─────────────────────────────────────── tidyverse 1.2.1 ──
── Attaching packages ─────────────────────────────────────── tidyverse 1.2.1 ──
── Attaching packages ─────────────────────────────────────── tidyverse 1.2.1 ──
── Attaching packages ─────────────────────────────────────── tidyverse 1.2.1 ──
✔ tibble  2.1.1       ✔ purrr   0.3.2  
✔ tidyr   0.8.3       ✔ dplyr   0.8.0.1
✔ readr   1.3.1       ✔ stringr 1.4.0  
✔ tibble  2.1.1       ✔ forcats 0.4.0  
── Attaching packages ─────────────────────────────────────── tidyverse 1.2.1 ──
✔ tibble  2.1.1       ✔ purrr   0.3.2  
✔ tidyr   0.8.3       ✔ dplyr   0.8.0.1
✔ readr   1.3.1       ✔ stringr 1.4.0  
✔ tibble  2.1.1       ✔ forcats 0.4.0  
✔ tibble  2.1.1       ✔ purrr   0.3.2  
✔ tidyr   0.8.3       ✔ dplyr   0.8.0.1
✔ readr   1.3.1       ✔ stringr 1.4.0  
✔ tibble  2.1.1       ✔ forcats 0.4.0  
── Attaching packages ─────────────────────────────────────── tidyverse 1.2.1 ──
✔ tibble  2.1.1       ✔ purrr   0.3.2  
✔ tidyr   0.8.3       ✔ dplyr   0.8.0.1
✔ readr   1.3.1       ✔ stringr 1.4.0  
✔ tibble  2.1.1       ✔ forcats 0.4.0  
✔ tibble  2.1.1       ✔ purrr   0.3.2  
✔ tidyr   0.8.3       ✔ dplyr   0.8.0.1
✔ readr   1.3.1       ✔ stringr 1.4.0  
✔ tibble  2.1.1       ✔ forcats 0.4.0  
✔ tibble  2.1.1       ✔ purrr   0.3.2  
✔ tidyr   0.8.3       ✔ dplyr   0.8.0.1
✔ readr   1.3.1       ✔ stringr 1.4.0  
✔ tibble  2.1.1       ✔ forcats 0.4.0  
✔ tibble  2.1.1       ✔ purrr   0.3.2  
✔ tidyr   0.8.3       ✔ dplyr   0.8.0.1
✔ readr   1.3.1       ✔ stringr 1.4.0  
✔ tibble  2.1.1       ✔ forcats 0.4.0  
── Attaching packages ─────────────────────────────────────── tidyverse 1.2.1 ──
── Conflicts ────────────────────────────────────────── tidyverse_conflicts() ──
✖ dplyr::filter() masks stats::filter()
✖ dplyr::lag()    masks stats::lag()
✖ purrr::lift()   masks caret::lift()
✔ tibble  2.1.1       ✔ purrr   0.3.2  
✔ tidyr   0.8.3       ✔ dplyr   0.8.0.1
✔ readr   1.3.1       ✔ stringr 1.4.0  
✔ tibble  2.1.1       ✔ forcats 0.4.0  
── Conflicts ────────────────────────────────────────── tidyverse_conflicts() ──
✖ dplyr::filter() masks stats::filter()
✖ dplyr::lag()    masks stats::lag()
✖ purrr::lift()   masks caret::lift()
── Conflicts ────────────────────────────────────────── tidyverse_conflicts() ──
✖ dplyr::filter() masks stats::filter()
✖ dplyr::lag()    masks stats::lag()
✖ purrr::lift()   masks caret::lift()
── Conflicts ────────────────────────────────────────── tidyverse_conflicts() ──
✖ dplyr::filter() masks stats::filter()
✖ dplyr::lag()    masks stats::lag()
✖ purrr::lift()   masks caret::lift()
── Conflicts ────────────────────────────────────────── tidyverse_conflicts() ──
✖ dplyr::filter() masks stats::filter()
✖ dplyr::lag()    masks stats::lag()
✖ purrr::lift()   masks caret::lift()
── Conflicts ────────────────────────────────────────── tidyverse_conflicts() ──
✖ dplyr::filter() masks stats::filter()
✖ dplyr::lag()    masks stats::lag()
✖ purrr::lift()   masks caret::lift()
── Conflicts ────────────────────────────────────────── tidyverse_conflicts() ──
✖ dplyr::filter() masks stats::filter()
✖ dplyr::lag()    masks stats::lag()
✖ purrr::lift()   masks caret::lift()
── Conflicts ────────────────────────────────────────── tidyverse_conflicts() ──
✖ dplyr::filter() masks stats::filter()
✖ dplyr::lag()    masks stats::lag()
✖ purrr::lift()   masks caret::lift()
── Conflicts ────────────────────────────────────────── tidyverse_conflicts() ──
✖ dplyr::filter() masks stats::filter()
✖ dplyr::lag()    masks stats::lag()
✖ purrr::lift()   masks caret::lift()
── Conflicts ────────────────────────────────────────── tidyverse_conflicts() ──
✖ dplyr::filter() masks stats::filter()
✖ dplyr::lag()    masks stats::lag()
✖ purrr::lift()   masks caret::lift()

Attaching package: ‘kernlab’

The following object is masked from ‘package:purrr’:

    cross

The following object is masked from ‘package:ggplot2’:

    alpha

Loading required package: foreach

Attaching package: ‘kernlab’

The following object is masked from ‘package:purrr’:

    cross

The following object is masked from ‘package:ggplot2’:

    alpha


Attaching package: ‘foreach’

The following objects are masked from ‘package:purrr’:

    accumulate, when

Loading required package: rngtools
Loading required package: foreach
Loading required package: pkgmaker

Attaching package: ‘foreach’

The following objects are masked from ‘package:purrr’:

    accumulate, when

Loading required package: rngtools
Loading required package: registry

Attaching package: ‘kernlab’

The following object is masked from ‘package:purrr’:

    cross

The following object is masked from ‘package:ggplot2’:

    alpha

Loading required package: pkgmaker
Loading required package: foreach
Loading required package: registry

Attaching package: ‘foreach’

The following objects are masked from ‘package:purrr’:

    accumulate, when

Loading required package: rngtools

Attaching package: ‘kernlab’

The following object is masked from ‘package:purrr’:

    cross

The following object is masked from ‘package:ggplot2’:

    alpha


Attaching package: ‘kernlab’

Loading required package: pkgmaker

Attaching package: ‘kernlab’

The following object is masked from ‘package:purrr’:

    cross

The following object is masked from ‘package:ggplot2’:

    alpha

The following object is masked from ‘package:purrr’:

    cross

The following object is masked from ‘package:ggplot2’:

    alpha

Loading required package: foreach

Attaching package: ‘kernlab’

Loading required package: registry
Loading required package: foreach
The following object is masked from ‘package:purrr’:

    cross

Loading required package: foreach
The following object is masked from ‘package:ggplot2’:

    alpha


Attaching package: ‘kernlab’

The following object is masked from ‘package:purrr’:

    cross

The following object is masked from ‘package:ggplot2’:

    alpha

Loading required package: foreach

Attaching package: ‘foreach’


Attaching package: ‘kernlab’

The following objects are masked from ‘package:purrr’:

    accumulate, when

The following object is masked from ‘package:purrr’:

    cross

The following object is masked from ‘package:ggplot2’:

    alpha


Attaching package: ‘foreach’


Attaching package: ‘foreach’

Loading required package: rngtools
The following objects are masked from ‘package:purrr’:

    accumulate, when

The following objects are masked from ‘package:purrr’:

    accumulate, when

Loading required package: foreach
Loading required package: rngtools
Loading required package: rngtools
Loading required package: foreach

Attaching package: ‘foreach’

The following objects are masked from ‘package:purrr’:

    accumulate, when

Loading required package: pkgmaker
Loading required package: rngtools
Loading required package: pkgmaker
Loading required package: pkgmaker

Attaching package: ‘foreach’

The following objects are masked from ‘package:purrr’:

    accumulate, when


Attaching package: ‘foreach’

Loading required package: rngtools
Loading required package: pkgmaker
The following objects are masked from ‘package:purrr’:

    accumulate, when

Loading required package: registry
Loading required package: rngtools
Loading required package: registry
Loading required package: registry

Attaching package: ‘pkgmaker’

Loading required package: pkgmaker
The following object is masked from ‘package:base’:

    isFALSE

Loading required package: registry

Attaching package: ‘kernlab’

Loading required package: pkgmaker
The following object is masked from ‘package:purrr’:

    cross

The following object is masked from ‘package:ggplot2’:

    alpha

Loading required package: registry
Loading required package: foreach
Loading required package: registry

Attaching package: ‘foreach’

The following objects are masked from ‘package:purrr’:

    accumulate, when


Attaching package: ‘pkgmaker’

The following object is masked from ‘package:base’:

    isFALSE

Loading required package: rngtools
Loading required package: pkgmaker
Loading required package: registry

Attaching package: ‘pkgmaker’

The following object is masked from ‘package:base’:

    isFALSE


Attaching package: ‘pkgmaker’

The following object is masked from ‘package:base’:

    isFALSE


Attaching package: ‘pkgmaker’


Attaching package: ‘pkgmaker’

The following object is masked from ‘package:base’:

    isFALSE


Attaching package: ‘pkgmaker’

The following object is masked from ‘package:base’:

    isFALSE

The following object is masked from ‘package:base’:

    isFALSE


Attaching package: ‘pkgmaker’

The following object is masked from ‘package:base’:

    isFALSE


Attaching package: ‘pkgmaker’

The following object is masked from ‘package:base’:

    isFALSE


Attaching package: ‘pkgmaker’

The following object is masked from ‘package:base’:

    isFALSE

Breast_Cancer
Breast_Cancer
Breast_Cancer
Breast_Cancer
Breast_Cancer
Breast_Cancer
CV repetition number: 5
Breast_Cancer
Breast_Cancer
Breast_Cancer
Breast_Cancer
CV repetition number: 1
CV repetition number: 2
CV repetition number: 3
CV repetition number: 4
CV repetition number: 7
CV repetition number: 6
CV repetition number: 8
CV inner loop, CV rep number: 5
CV repetition number: 9
CV repetition number: 10
CV inner loop, CV rep number: 1
CV inner loop, CV rep number: 2
CV inner loop, CV rep number: 3
CV inner loop, CV rep number: 4
CV inner loop, CV rep number: 7
CV inner loop, CV rep number: 6
CV inner loop, CV rep number: 8
CV inner loop, CV rep number: 10
CV inner loop, CV rep number: 9
besttune C
0.25
besttune degree
1
besttune scale
0.1
besttune C
0.25
besttune degree
1
besttune scale
0.01
CV inner loop, CV rep number: 10
CV inner loop, CV rep number: 10
besttune C
0.25
besttune degree
1
besttune scale
0.001
besttune C
0.5
besttune degree
2
besttune scale
0.1
CV inner loop, CV rep number: 10
besttune C
0.25
besttune degree
1
besttune scale
0.01
CV inner loop, CV rep number: 10
besttune C
4
besttune degree
3
besttune scale
0.001
CV inner loop, CV rep number: 10
besttune C
0.5
besttune degree
2
besttune scale
0.001
CV inner loop, CV rep number: 10
besttune C
0.25
besttune degree
3
besttune scale
0.01
besttune C
2
besttune degree
2
besttune scale
1
CV inner loop, CV rep number: 10
CV inner loop, CV rep number: 10
besttune C
0.25
besttune degree
2
besttune scale
0.1
CV inner loop, CV rep number: 10
CV inner loop, CV rep number: 10
besttune C
0.5
besttune degree
1
besttune scale
0.001
besttune C
1
besttune degree
1
besttune scale
0.001
CV inner loop, CV rep number: 10
CV inner loop, CV rep number: 10
besttune C
2
besttune degree
1
besttune scale
0.001
besttune C
4
besttune degree
3
besttune scale
0.01
CV inner loop, CV rep number: 10
besttune C
0.5
besttune degree
3
besttune scale
0.01
besttune C
0.25
besttune degree
2
besttune scale
0.1
CV inner loop, CV rep number: 10
CV inner loop, CV rep number: 10
CV inner loop, CV rep number: 10
besttune C
1
besttune degree
3
besttune scale
0.01
besttune C
0.25
besttune degree
1
besttune scale
0.01
CV inner loop, CV rep number: 10
besttune C
0.25
besttune degree
1
besttune scale
0.1
besttune C
0.25
besttune degree
2
besttune scale
0.1
CV inner loop, CV rep number: 10
CV inner loop, CV rep number: 10
CV inner loop, CV rep number: 10
besttune C
0.25
besttune degree
3
besttune scale
0.01
CV inner loop, CV rep number: 10
besttune C
0.25
besttune degree
1
besttune scale
0.1
besttune C
0.5
besttune degree
3
besttune scale
0.01
CV inner loop, CV rep number: 10
besttune C
4
besttune degree
3
besttune scale
0.001
CV inner loop, CV rep number: 10
CV inner loop, CV rep number: 10
besttune C
2
besttune degree
3
besttune scale
0.001
besttune C
0.25
besttune degree
1
besttune scale
0.001
CV inner loop, CV rep number: 10
CV inner loop, CV rep number: 10
besttune C
2
besttune degree
2
besttune scale
0.001
besttune C
1
besttune degree
1
besttune scale
0.01
CV inner loop, CV rep number: 10
besttune C
1
besttune degree
1
besttune scale
0.001
besttune C
CV inner loop, CV rep number: 10
CV inner loop, CV rep number: 10
0.5
besttune degree
3
besttune scale
0.01
CV inner loop, CV rep number: 10
line search fails -0.02597172 -1.127047 1.107168e-05 2.559454e-07 -1.41743e-09 -7.174515e-09 -1.752962e-14besttune C
0.25
besttune degree
2
besttune scale
0.001
CV inner loop, CV rep number: 10
besttune C
0.5
besttune degree
1
besttune scale
0.001
besttune C
0.25
besttune degree
2
besttune scale
0.1
CV inner loop, CV rep number: 10
CV inner loop, CV rep number: 10
besttune C
0.25
besttune degree
1
besttune scale
0.001
besttune C
0.25
besttune degree
1
besttune scale
0.001
CV inner loop, CV rep number: 10
line search fails -0.01251225 -1.126237 1.138691e-05 3.685728e-07 -7.860467e-10 -9.212083e-09 -1.234597e-14CV inner loop, CV rep number: 10
besttune C
0.25
besttune degree
3
besttune scale
0.1
CV inner loop, CV rep number: 10
besttune C
0.25
besttune degree
1
besttune scale
0.01
besttune C
1
besttune degree
3
besttune scale
0.001
CV inner loop, CV rep number: 10
besttune C
0.5
besttune degree
2
besttune scale
0.001
CV inner loop, CV rep number: 10
CV inner loop, CV rep number: 10
besttune C
2
besttune degree
2
besttune scale
0.001
CV inner loop, CV rep number: 10
besttune C
2
besttune degree
2
besttune scale
0.01
CV inner loop, CV rep number: 10
besttune C
1
besttune degree
3
besttune scale
0.01
CV inner loop, CV rep number: 10
besttune C
2
besttune degree
2
besttune scale
0.001
besttune C
0.5
besttune degree
2
besttune scale
0.001
CV inner loop, CV rep number: 10
CV inner loop, CV rep number: 10
besttune C
1
besttune degree
3
besttune scale
0.01
besttune C
4
besttune degree
3
besttune scale
0.001
CV inner loop, CV rep number: 10
CV inner loop, CV rep number: 10
besttune C
4
besttune degree
1
besttune scale
0.01
besttune C
0.25
besttune degree
1
besttune scale
0.001
CV inner loop, CV rep number: 10
besttune C
0.25
besttune degree
2
besttune scale
0.001
besttune C
2
besttune degree
2
besttune scale
0.001
CV inner loop, CV rep number: 10
CV inner loop, CV rep number: 10
CV inner loop, CV rep number: 10
besttune C
0.25
besttune degree
3
besttune scale
0.1
CV inner loop, CV rep number: 10
besttune C
2
besttune degree
2
besttune scale
0.01
CV inner loop, CV rep number: 10
besttune C
0.25
besttune degree
2
besttune scale
0.1
CV inner loop, CV rep number: 10
besttune C
0.5
besttune degree
1
besttune scale
0.001
CV inner loop, CV rep number: 10
line search fails -0.03138901 -1.079946 1.192162e-05 1.469626e-07 -1.550611e-09 -1.594669e-09 -1.872015e-14besttune C
1
besttune degree
2
besttune scale
0.001
besttune C
0.25
besttune degree
1
besttune scale
0.1
line search fails -0.01176648 -1.138721 1.074599e-05 3.933533e-07 -7.417374e-10 -1.069867e-08 -1.217906e-14CV inner loop, CV rep number: 10
besttune C
0.25
besttune degree
2
besttune scale
0.1
besttune C
1
besttune degree
1
besttune scale
0.001
CV inner loop, CV rep number: 10
besttune C
0.25
besttune degree
2
besttune scale
0.1
CV inner loop, CV rep number: 10
CV inner loop, CV rep number: 10
CV inner loop, CV rep number: 10
besttune C
0.25
besttune degree
1
besttune scale
0.001
CV inner loop, CV rep number: 10
besttune C
2
besttune degree
1
besttune scale
0.001
CV inner loop, CV rep number: 10
line search fails -0.01043051 -1.139565 1.629826e-05 6.835914e-08 -1.152546e-09 2.377549e-09 -1.862197e-14besttune C
0.5
besttune degree
1
besttune scale
0.1
besttune C
1
besttune degree
3
besttune scale
0.01
CV inner loop, CV rep number: 10
CV inner loop, CV rep number: 10
besttune C
1
besttune degree
1
besttune scale
0.001
CV inner loop, CV rep number: 10
besttune C
0.5
besttune degree
1
besttune scale
0.001
besttune C
1
besttune degree
1
besttune scale
0.001
CV inner loop, CV rep number: 10
CV inner loop, CV rep number: 10
besttune C
4
besttune degree
3
besttune scale
0.1
besttune C
1
besttune degree
1
besttune scale
0.001
besttune C
0.5
besttune degree
2
besttune scale
0.1
CV inner loop, CV rep number: 10
CV inner loop, CV rep number: 10
CV inner loop, CV rep number: 10
besttune C
0.25
besttune degree
2
besttune scale
0.001
CV inner loop, CV rep number: 10
besttune C
0.5
besttune degree
1
besttune scale
0.001
CV inner loop, CV rep number: 10
besttune C
0.25
besttune degree
2
besttune scale
0.1
CV inner loop, CV rep number: 10
besttune C
0.5
besttune degree
3
besttune scale
0.01
besttune C
0.5
besttune degree
2
besttune scale
0.1
CV inner loop, CV rep number: 10
CV inner loop, CV rep number: 10
besttune C
0.25
besttune degree
2
besttune scale
0.1
besttune C
0.5
besttune degree
3
besttune scale
0.01
besttune C
0.5
besttune degree
1
besttune scale
0.001
CV inner loop, CV rep number: 10
CV inner loop, CV rep number: 10
CV inner loop, CV rep number: 10
besttune C
0.25
besttune degree
2
besttune scale
0.001
besttune C
0.5
besttune degree
2
besttune scale
0.1
besttune C
4
besttune degree
1
besttune scale
0.01
CV inner loop, CV rep number: 10
CV inner loop, CV rep number: 10
CV inner loop, CV rep number: 10
besttune C
1
besttune degree
2
besttune scale
1
CV inner loop, CV rep number: 10
line search fails -0.03437728 -1.053517 1.409351e-05 2.199333e-07 -1.838719e-09 -4.159081e-09 -2.682872e-14besttune C
2
besttune degree
2
besttune scale
0.001
besttune C
0.5
besttune degree
2
besttune scale
0.001
besttune C
0.25
besttune degree
2
besttune scale
1
besttune C
0.25
besttune degree
1
besttune scale
0.001
CV inner loop, CV rep number: 10
CV inner loop, CV rep number: 10
CV inner loop, CV rep number: 10
besttune C
2
besttune degree
1
besttune scale
0.01
besttune C
0.25
besttune degree
3
besttune scale
0.01
CV inner loop, CV rep number: 10
CV inner loop, CV rep number: 10
besttune C
0.5
besttune degree
1
besttune scale
0.1
besttune C
0.5
besttune degree
2
besttune scale
0.01
CV inner loop, CV rep number: 10
besttune C
4
besttune degree
1
besttune scale
0.001
CV inner loop, CV rep number: 10
CV inner loop, CV rep number: 10
besttune C
2
besttune degree
3
besttune scale
0.001
CV inner loop, CV rep number: 10
besttune C
1
besttune degree
3
besttune scale
0.01
besttune C
0.5
besttune degree
3
besttune scale
0.01
besttune C
4
besttune degree
2
besttune scale
0.001
besttune C
2
besttune degree
2
besttune scale
0.01
besttune C
1
besttune degree
3
besttune scale
0.01
besttune C
1
besttune degree
1
besttune scale
10
besttune C
0.25
besttune degree
1
besttune scale
0.01
besttune C
0.25
besttune degree
3
besttune scale
0.001
besttune C
0.5
besttune degree
1
besttune scale
0.001
Warning messages:
1: In method$predict(modelFit = modelFit, newdata = newdata, submodels = param) :
  kernlab class prediction calculations failed; returning NAs
2: In method$prob(modelFit = modelFit, newdata = newdata, submodels = param) :
  kernlab class probability calculations failed; returning NAs
3: In data.frame(..., check.names = FALSE) :
  row names were found from a short variable and have been discarded
4: In nominalTrainWorkflow(x = x, y = y, wts = weights, info = trainInfo,  :
  There were missing values in resampled performance measures.
5: In method$predict(modelFit = modelFit, newdata = newdata, submodels = param) :
  kernlab class prediction calculations failed; returning NAs
6: In method$prob(modelFit = modelFit, newdata = newdata, submodels = param) :
  kernlab class probability calculations failed; returning NAs
7: In data.frame(..., check.names = FALSE) :
  row names were found from a short variable and have been discarded
8: In nominalTrainWorkflow(x = x, y = y, wts = weights, info = trainInfo,  :
  There were missing values in resampled performance measures.
[1] "Results: "
Warning messages:
1: In method$predict(modelFit = modelFit, newdata = newdata, submodels = param) :Warning messages:
Warning messages:

  kernlab class prediction calculations failed; returning NAs
 2: In method$prob(modelFit = modelFit, newdata = newdata, submodels = param) : observed
  kernlab class probability calculations failed; returning NAs
3: In data.frame(..., check.names = FALSE) : CV_rep {class_type}_pred
1    Other      1         0.2679607
2    Other      1         0.1603899
3    Other      1         0.1035414
4    Other      1         0.2429636
5    Other      1         0.2016009
61: 1: 
 In method$predict(modelFit = modelFit, newdata = newdata, submodels = param) :In method$predict(modelFit = modelFit, newdata = newdata, submodels = param) :    Other row names were found from a short variable and have been discarded
      1         0.1970963

 
 4:  kernlab class prediction calculations failed; returning NAs
 kernlab class prediction calculations failed; returning NAs
In nominalTrainWorkflow(x = x, y = y, wts = weights, info = trainInfo,  :2: 2: 
  There were missing values in resampled performance measures.
In method$prob(modelFit = modelFit, newdata = newdata, submodels = param) :
  kernlab class probability calculations failed; returning NAs
3: In data.frame(..., check.names = FALSE) :
  row names were found from a short variable and have been discarded
4: In nominalTrainWorkflow(x = x, y = y, wts = weights, info = trainInfo,  :
  There were missing values in resampled performance measures.
5: In method$predict(modelFit = modelFit, newdata = newdata, submodels = param) :
  kernlab class prediction calculations failed; returning NAs
6: In method$prob(modelFit = modelFit, newdata = newdata, submodels = param) :
  kernlab class probability calculations failed; returning NAs
7: In data.frame(..., check.names = FALSE) :In method$prob(modelFit = modelFit, newdata = newdata, submodels = param) :
 
  row names were found from a short variable and have been discarded
 kernlab class probability calculations failed; returning NAs
8: 3: In nominalTrainWorkflow(x = x, y = y, wts = weights, info = trainInfo,  :In data.frame(..., check.names = FALSE) :
  There were missing values in resampled performance measures.

  row names were found from a short variable and have been discarded
4: In nominalTrainWorkflow(x = x, y = y, wts = weights, info = trainInfo,  :
  There were missing values in resampled performance measures.
[Tue Nov 30 01:04:31 2021]
Finished job 0.
1 of 1 steps (100%) done
