Building DAG of jobs...
Using shell: /usr/bin/bash
Provided cores: 10
Rules claiming more threads will be scaled down.
Select jobs to execute...

[Tue Nov 30 00:20:42 2021]
rule PCA_binomial_classification:
    input: data/ATAC_predictions_train_20_predict_80/PCA_ATAC_pred_lasso_formatted_standardized.rds, data/sample_types.txt
    output: Classification_output/Binomial_models_output/Lasso_Predictions_PCA_Gastric_cancer.rds
    jobid: 0
    wildcards: model_binomial=Lasso, class_type=Gastric_cancer
    threads: 10
    resources: mem_mb=200000, disk_mb=1000, tmpdir=/scratch/57577473, time=20:00:00

Rscript --vanilla /faststorage/project/DELFI1/Workspaces/CarmenAndAnika/.snakemake/scripts/tmpcswk0qpy.Lasso.R
Activating conda environment: /faststorage/project/DELFI1/Workspaces/CarmenAndAnika/.snakemake/conda/411837606499b7823565885a8a388b12
Registered S3 methods overwritten by 'ggplot2':
  method         from 
  [.quosures     rlang
  c.quosures     rlang
  print.quosures rlang
Registered S3 method overwritten by 'rvest':
  method            from
  read_xml.response xml2
── Attaching packages ─────────────────────────────────────── tidyverse 1.2.1 ──
✔ ggplot2 3.1.1       ✔ purrr   0.3.2  
✔ tibble  2.1.1       ✔ dplyr   0.8.0.1
✔ tidyr   0.8.3       ✔ stringr 1.4.0  
✔ readr   1.3.1       ✔ forcats 0.4.0  
── Conflicts ────────────────────────────────────────── tidyverse_conflicts() ──
✖ dplyr::filter() masks stats::filter()
✖ dplyr::lag()    masks stats::lag()
Type 'citation("pROC")' for a citation.

Attaching package: ‘pROC’

The following objects are masked from ‘package:stats’:

    cov, smooth, var

Loading required package: Matrix

Attaching package: ‘Matrix’

The following object is masked from ‘package:tidyr’:

    expand

Loading required package: foreach

Attaching package: ‘foreach’

The following objects are masked from ‘package:purrr’:

    accumulate, when

Loaded glmnet 2.0-16


Attaching package: ‘glmnet’

The following object is masked from ‘package:pROC’:

    auc


Attaching package: ‘glmnetUtils’

The following objects are masked from ‘package:glmnet’:

    cv.glmnet, glmnet

Warning: unable to access index for repository http://cran.us.r-project.org/src/contrib/splitTools_0.3.1.tar.gz/src/contrib:
  cannot open URL 'http://cran.us.r-project.org/src/contrib/splitTools_0.3.1.tar.gz/src/contrib/PACKAGES'
Warning message:
package ‘splitTools’ is not available (for R version 3.6.1) 
Warning message:
package ‘multiROC’ was built under R version 3.6.3 
dummies-1.5.6 provided by Decision Patterns

Warning message:
package ‘dummies’ was built under R version 3.6.3 
Loading required package: gplots

Attaching package: ‘gplots’

The following object is masked from ‘package:stats’:

    lowess

Loading required package: iterators
Loading required package: parallel
Loading required package: rngtools
Loading required package: pkgmaker
Loading required package: registry

Attaching package: ‘pkgmaker’

The following object is masked from ‘package:base’:

    isFALSE

Gastric_cancerOvarian_CancerLung_CancerBile_Duct_CancerPancreatic_CancerDuodenal_CancerBreast_CancerColorectal_Cancer
[1] "Sample_type levels"
[1] "Cancer" "Other" 
starting worker pid=14886 on localhost:11186 at 00:20:50.284
starting worker pid=14910 on localhost:11186 at 00:20:50.818
starting worker pid=14934 on localhost:11186 at 00:20:51.116
starting worker pid=14958 on localhost:11186 at 00:20:51.441
starting worker pid=14982 on localhost:11186 at 00:20:51.731
starting worker pid=15006 on localhost:11186 at 00:20:52.021
starting worker pid=15059 on localhost:11186 at 00:20:52.390
starting worker pid=15083 on localhost:11186 at 00:20:52.685
starting worker pid=15107 on localhost:11186 at 00:20:53.594
starting worker pid=15132 on localhost:11186 at 00:20:54.153
Registered S3 methods overwritten by 'ggplot2':
  method         from 
  [.quosures     rlang
  c.quosures     rlang
  print.quosures rlang
Registered S3 methods overwritten by 'ggplot2':
  method         from 
  [.quosures     rlang
  c.quosures     rlang
  print.quosures rlang
Registered S3 methods overwritten by 'ggplot2':
  method         from 
  [.quosures     rlang
  c.quosures     rlang
  print.quosures rlang
Registered S3 methods overwritten by 'ggplot2':
  method         from 
  [.quosures     rlang
  c.quosures     rlang
  print.quosures rlang
Registered S3 methods overwritten by 'ggplot2':
  method         from 
  [.quosures     rlang
  c.quosures     rlang
  print.quosures rlang
Registered S3 methods overwritten by 'ggplot2':
  method         from 
  [.quosures     rlang
  c.quosures     rlang
  print.quosures rlang
Registered S3 methods overwritten by 'ggplot2':
  method         from 
  [.quosures     rlang
  c.quosures     rlang
  print.quosures rlang
Registered S3 methods overwritten by 'ggplot2':
  method         from 
  [.quosures     rlang
  c.quosures     rlang
  print.quosures rlang
Registered S3 methods overwritten by 'ggplot2':
  method         from 
  [.quosures     rlang
  c.quosures     rlang
  print.quosures rlang
Registered S3 methods overwritten by 'ggplot2':
  method         from 
  [.quosures     rlang
  c.quosures     rlang
  print.quosures rlang
Registered S3 method overwritten by 'rvest':
  method            from
  read_xml.response xml2
Registered S3 method overwritten by 'rvest':
  method            from
  read_xml.response xml2
Registered S3 method overwritten by 'rvest':
  method            from
  read_xml.response xml2
── Attaching packages ─────────────────────────────────────── tidyverse 1.2.1 ──
Registered S3 method overwritten by 'rvest':
  method            from
  read_xml.response xml2
── Attaching packages ─────────────────────────────────────── tidyverse 1.2.1 ──
Registered S3 method overwritten by 'rvest':
  method            from
  read_xml.response xml2
── Attaching packages ─────────────────────────────────────── tidyverse 1.2.1 ──
✔ ggplot2 3.1.1       ✔ purrr   0.3.2  
✔ tibble  2.1.1       ✔ dplyr   0.8.0.1
✔ tidyr   0.8.3       ✔ stringr 1.4.0  
✔ readr   1.3.1       ✔ forcats 0.4.0  
✔ ggplot2 3.1.1       ✔ purrr   0.3.2  
✔ tibble  2.1.1       ✔ dplyr   0.8.0.1
✔ tidyr   0.8.3       ✔ stringr 1.4.0  
✔ readr   1.3.1       ✔ forcats 0.4.0  
✔ ggplot2 3.1.1       ✔ purrr   0.3.2  
✔ tibble  2.1.1       ✔ dplyr   0.8.0.1
✔ tidyr   0.8.3       ✔ stringr 1.4.0  
✔ readr   1.3.1       ✔ forcats 0.4.0  
── Attaching packages ─────────────────────────────────────── tidyverse 1.2.1 ──
── Attaching packages ─────────────────────────────────────── tidyverse 1.2.1 ──
✔ ggplot2 3.1.1       ✔ purrr   0.3.2  
✔ tibble  2.1.1       ✔ dplyr   0.8.0.1
✔ tidyr   0.8.3       ✔ stringr 1.4.0  
✔ readr   1.3.1       ✔ forcats 0.4.0  
✔ ggplot2 3.1.1       ✔ purrr   0.3.2  
✔ tibble  2.1.1       ✔ dplyr   0.8.0.1
✔ tidyr   0.8.3       ✔ stringr 1.4.0  
✔ readr   1.3.1       ✔ forcats 0.4.0  
Registered S3 method overwritten by 'rvest':
  method            from
  read_xml.response xml2
── Attaching packages ─────────────────────────────────────── tidyverse 1.2.1 ──
── Conflicts ────────────────────────────────────────── tidyverse_conflicts() ──
✖ dplyr::filter() masks stats::filter()
✖ dplyr::lag()    masks stats::lag()
── Conflicts ────────────────────────────────────────── tidyverse_conflicts() ──
✖ dplyr::filter() masks stats::filter()
✖ dplyr::lag()    masks stats::lag()
── Conflicts ────────────────────────────────────────── tidyverse_conflicts() ──
✖ dplyr::filter() masks stats::filter()
✖ dplyr::lag()    masks stats::lag()
✔ ggplot2 3.1.1       ✔ purrr   0.3.2  
✔ tibble  2.1.1       ✔ dplyr   0.8.0.1
✔ tidyr   0.8.3       ✔ stringr 1.4.0  
✔ readr   1.3.1       ✔ forcats 0.4.0  
Registered S3 method overwritten by 'rvest':
  method            from
  read_xml.response xml2
Registered S3 method overwritten by 'rvest':
  method            from
  read_xml.response xml2
Registered S3 method overwritten by 'rvest':
  method            from
  read_xml.response xml2
Registered S3 method overwritten by 'rvest':
  method            from
  read_xml.response xml2
Loading required package: foreach
Loading required package: foreach
Loading required package: foreach
── Conflicts ────────────────────────────────────────── tidyverse_conflicts() ──
✖ dplyr::filter() masks stats::filter()
✖ dplyr::lag()    masks stats::lag()
── Conflicts ────────────────────────────────────────── tidyverse_conflicts() ──
✖ dplyr::filter() masks stats::filter()
✖ dplyr::lag()    masks stats::lag()

Attaching package: ‘foreach’


Attaching package: ‘foreach’

The following objects are masked from ‘package:purrr’:

    accumulate, when

The following objects are masked from ‘package:purrr’:

    accumulate, when

Loading required package: rngtools
Loading required package: rngtools
Loading required package: foreach
Loading required package: foreach

Attaching package: ‘foreach’

The following objects are masked from ‘package:purrr’:

    accumulate, when

Loading required package: pkgmaker
Loading required package: pkgmaker
── Attaching packages ─────────────────────────────────────── tidyverse 1.2.1 ──
── Attaching packages ─────────────────────────────────────── tidyverse 1.2.1 ──
── Attaching packages ─────────────────────────────────────── tidyverse 1.2.1 ──
── Attaching packages ─────────────────────────────────────── tidyverse 1.2.1 ──
Loading required package: rngtools

Attaching package: ‘foreach’


Attaching package: ‘foreach’

Loading required package: registry
Loading required package: registry
The following objects are masked from ‘package:purrr’:

    accumulate, when

The following objects are masked from ‘package:purrr’:

    accumulate, when

Loading required package: rngtools
Loading required package: rngtools
Loading required package: pkgmaker
Loading required package: pkgmaker
Loading required package: pkgmaker
✔ ggplot2 3.1.1       ✔ purrr   0.3.2  
✔ tibble  2.1.1       ✔ dplyr   0.8.0.1
✔ tidyr   0.8.3       ✔ stringr 1.4.0  
✔ readr   1.3.1       ✔ forcats 0.4.0  
✔ ggplot2 3.1.1       ✔ purrr   0.3.2  
✔ tibble  2.1.1       ✔ dplyr   0.8.0.1
✔ tidyr   0.8.3       ✔ stringr 1.4.0  
✔ readr   1.3.1       ✔ forcats 0.4.0  
✔ ggplot2 3.1.1       ✔ purrr   0.3.2  
✔ tibble  2.1.1       ✔ dplyr   0.8.0.1
✔ tidyr   0.8.3       ✔ stringr 1.4.0  
✔ readr   1.3.1       ✔ forcats 0.4.0  
✔ ggplot2 3.1.1       ✔ purrr   0.3.2  
✔ tibble  2.1.1       ✔ dplyr   0.8.0.1
✔ tidyr   0.8.3       ✔ stringr 1.4.0  
✔ readr   1.3.1       ✔ forcats 0.4.0  
Loading required package: registry
Loading required package: registry
Loading required package: registry
── Conflicts ────────────────────────────────────────── tidyverse_conflicts() ──
✖ dplyr::filter() masks stats::filter()
✖ dplyr::lag()    masks stats::lag()
Loading required package: foreach

Attaching package: ‘foreach’

The following objects are masked from ‘package:purrr’:

    accumulate, when

Loading required package: rngtools
Loading required package: pkgmaker

Attaching package: ‘pkgmaker’

The following object is masked from ‘package:base’:

    isFALSE


Attaching package: ‘pkgmaker’

The following object is masked from ‘package:base’:

    isFALSE

Loading required package: registry

Attaching package: ‘pkgmaker’

The following object is masked from ‘package:base’:

    isFALSE


Attaching package: ‘pkgmaker’

The following object is masked from ‘package:base’:

    isFALSE


Attaching package: ‘pkgmaker’

The following object is masked from ‘package:base’:

    isFALSE

── Conflicts ────────────────────────────────────────── tidyverse_conflicts() ──
✖ dplyr::filter() masks stats::filter()
✖ dplyr::lag()    masks stats::lag()
Loading required package: foreach
── Conflicts ────────────────────────────────────────── tidyverse_conflicts() ──
✖ dplyr::filter() masks stats::filter()
✖ dplyr::lag()    masks stats::lag()
── Conflicts ────────────────────────────────────────── tidyverse_conflicts() ──
✖ dplyr::filter() masks stats::filter()
✖ dplyr::lag()    masks stats::lag()
── Conflicts ────────────────────────────────────────── tidyverse_conflicts() ──
✖ dplyr::filter() masks stats::filter()
✖ dplyr::lag()    masks stats::lag()
Loading required package: foreach
Loading required package: foreach

Attaching package: ‘foreach’

Loading required package: foreach
The following objects are masked from ‘package:purrr’:

    accumulate, when

Loading required package: rngtools

Attaching package: ‘foreach’

The following objects are masked from ‘package:purrr’:

    accumulate, when


Attaching package: ‘foreach’

The following objects are masked from ‘package:purrr’:

    accumulate, when


Attaching package: ‘foreach’

Loading required package: rngtools
The following objects are masked from ‘package:purrr’:

    accumulate, when

Loading required package: rngtools
Loading required package: pkgmaker
Loading required package: rngtools
Loading required package: pkgmaker
Loading required package: pkgmaker
Loading required package: registry
Loading required package: pkgmaker

Attaching package: ‘pkgmaker’

The following object is masked from ‘package:base’:

    isFALSE

Loading required package: registry
Loading required package: registry
Loading required package: registry

Attaching package: ‘pkgmaker’


Attaching package: ‘pkgmaker’

The following object is masked from ‘package:base’:

    isFALSE

The following object is masked from ‘package:base’:

    isFALSE


Attaching package: ‘pkgmaker’

The following object is masked from ‘package:base’:

    isFALSE


Attaching package: ‘pkgmaker’

The following object is masked from ‘package:base’:

    isFALSE

Gastric_cancer
Gastric_cancer
Gastric_cancer
Gastric_cancer
CV repetition number: 2
Gastric_cancer
Gastric_cancer
Gastric_cancer
CV repetition number: 5
Gastric_cancer
Gastric_cancer
Gastric_cancer
CV repetition number: 9
CV repetition number: 3
CV repetition number: 1
CV repetition number: 6
CV repetition number: 4
CV repetition number: 7
CV repetition number: 8
CV repetition number: 10
CV inner loop, CV rep number: 2
CV inner loop, CV rep number: 5
CV inner loop, CV rep number: 9
CV inner loop, CV rep number: 3
CV inner loop, CV rep number: 1
CV inner loop, CV rep number: 6
CV inner loop, CV rep number: 4
CV inner loop, CV rep number: 7
CV inner loop, CV rep number: 8
CV inner loop, CV rep number: 10
best_alpha
0
best_lambda
0.0660996847408432
CV inner loop, CV rep number: 4
best_alpha
0.216
best_lambda
0.0246554278824525
CV inner loop, CV rep number: 10
best_alpha
0.027
best_lambda
0.0512285466923552
CV inner loop, CV rep number: 2
best_alpha
0.027
best_lambda
0.0572227222880658
CV inner loop, CV rep number: 5
best_alpha
0.064
best_lambda
0.0424247149477976
CV inner loop, CV rep number: 7
best_alpha
0
best_lambda
0.048654071663559
CV inner loop, CV rep number: 6
best_alpha
0.027
best_lambda
0.042909361465315
CV inner loop, CV rep number: 9
best_alpha
0.729
best_lambda
0.0104882032749709
best_alpha
0
best_lambda
0.0545448989315325
CV inner loop, CV rep number: 1
CV inner loop, CV rep number: 3
best_alpha
0.027
best_lambda
0.0569878077220089
CV inner loop, CV rep number: 8
best_alpha
0
best_lambda
0.0525474896287933
CV inner loop, CV rep number: 4
best_alpha
0
best_lambda
0.056802683693968
CV inner loop, CV rep number: 2
best_alpha
0.064
best_lambda
0.0464060726562928
CV inner loop, CV rep number: 10
best_alpha
0.064
best_lambda
0.0508891383441548
CV inner loop, CV rep number: 5
best_alpha
0.027
best_lambda
0.0612001487545611
CV inner loop, CV rep number: 7
best_alpha
0.064
best_lambda
0.0518070634447912
CV inner loop, CV rep number: 1
best_alpha
0.027
best_lambda
0.0476804065067036
CV inner loop, CV rep number: 9
best_alpha
0
best_lambda
0.0537642744580863
CV inner loop, CV rep number: 6
best_alpha
1
best_lambda
0.0170644058277559
CV inner loop, CV rep number: 8
best_alpha
0
best_lambda
0.0805745860142027
CV inner loop, CV rep number: 3
best_alpha
0.027
best_lambda
0.0594946810877227
CV inner loop, CV rep number: 4
best_alpha
0.512
best_lambda
0.019206060959587
CV inner loop, CV rep number: 2
best_alpha
0.064
best_lambda
0.0357407076654375
CV inner loop, CV rep number: 6
best_alpha
0.125
best_lambda
0.0317120744221965
CV inner loop, CV rep number: 8
best_alpha
0
best_lambda
0.0637537850394305
CV inner loop, CV rep number: 10
best_alpha
0.008
best_lambda
0.0886834921959458
CV inner loop, CV rep number: 5
best_alpha
0.001
best_lambda
0.0511735840923321
CV inner loop, CV rep number: 9
best_alpha
0.064
best_lambda
0.043346676071552
CV inner loop, CV rep number: 1
best_alpha
0.027
best_lambda
0.0736498294262842
CV inner loop, CV rep number: 7
best_alpha
0.125
best_lambda
0.0368535228893958
CV inner loop, CV rep number: 3
best_alpha
0
best_lambda
0.0813699461600209
CV inner loop, CV rep number: 2
best_alpha
0.027
best_lambda
0.0515432726472565
CV inner loop, CV rep number: 4
best_alpha
0
best_lambda
0.0634562079389002
CV inner loop, CV rep number: 6
best_alpha
0
best_lambda
0.0495130421588141
CV inner loop, CV rep number: 8
best_alpha
0
best_lambda
0.0591903589148062
CV inner loop, CV rep number: 5
best_alpha
0
best_lambda
0.0569652438584961
CV inner loop, CV rep number: 10
best_alpha
0
best_lambda
0.0663198844450094
CV inner loop, CV rep number: 1
best_alpha
0.027
best_lambda
0.0557565922939133
CV inner loop, CV rep number: 9
best_alpha
0.343
best_lambda
0.020209183570523
best_alpha
0.027
best_lambda
0.0391156281179741
CV inner loop, CV rep number: 7
CV inner loop, CV rep number: 3
best_alpha
0.064
best_lambda
0.0376383728493172
CV inner loop, CV rep number: 2
best_alpha
0.125
best_lambda
0.0439941804438506
CV inner loop, CV rep number: 4
best_alpha
0.027
best_lambda
0.0484346385647309
CV inner loop, CV rep number: 1
best_alpha
0.125
best_lambda
0.031923883623527
CV inner loop, CV rep number: 8
best_alpha
0.216
best_lambda
0.0250694590120675
CV inner loop, CV rep number: 6
best_alpha
0
best_lambda
0.0570622368452886
CV inner loop, CV rep number: 10
best_alpha
0.064
best_lambda
0.0424473559991461
CV inner loop, CV rep number: 5
best_alpha
0.125
best_lambda
0.0493199545845972
CV inner loop, CV rep number: 9
best_alpha
0.512
best_lambda
0.0208592820065896
CV inner loop, CV rep number: 3
best_alpha
0
best_lambda
0.0688800625970286
CV inner loop, CV rep number: 7
best_alpha
0.027
best_lambda
0.044542679768368
CV inner loop, CV rep number: 2
best_alpha
0.064
best_lambda
0.0490148737902414
CV inner loop, CV rep number: 1
best_alpha
0.008
best_lambda
0.0514240675960743
CV inner loop, CV rep number: 6
best_alpha
0.125
best_lambda
0.0345867978257759
CV inner loop, CV rep number: 4
best_alpha
0
best_lambda
0.0673484241841704
CV inner loop, CV rep number: 8
best_alpha
0.064
best_lambda
0.0305277090906611
CV inner loop, CV rep number: 10
best_alpha
0.027
best_lambda
0.0443140810307376
CV inner loop, CV rep number: 5
best_alpha
0.027
best_lambda
0.0597682414714364
CV inner loop, CV rep number: 9
best_alpha
0
best_lambda
0.0636984323836928
CV inner loop, CV rep number: 3
best_alpha
0
best_lambda
0.0872645393934585
CV inner loop, CV rep number: 2
best_alpha
0.064
best_lambda
0.0463876241536522
CV inner loop, CV rep number: 6
best_alpha
0.216
best_lambda
0.0308624207350677
CV inner loop, CV rep number: 7
best_alpha
0
best_lambda
0.0532697487399481
CV inner loop, CV rep number: 1
best_alpha
0.027
best_lambda
0.0483388805003246
CV inner loop, CV rep number: 9
best_alpha
0.125
best_lambda
0.0371932842675096
CV inner loop, CV rep number: 8
best_alpha
0.027
best_lambda
0.0696097004699446
CV inner loop, CV rep number: 4
best_alpha
0.125
best_lambda
0.0440944950845136
best_alpha
0
best_lambda
0.0780911659793265
CV inner loop, CV rep number: 5
CV inner loop, CV rep number: 10
best_alpha
0.027
best_lambda
0.0449481795161268
CV inner loop, CV rep number: 3
best_alpha
0
best_lambda
0.0632478544197247
CV inner loop, CV rep number: 7
best_alpha
0
best_lambda
0.0465315199974891
CV inner loop, CV rep number: 5
best_alpha
0.027
best_lambda
0.0777729681542568
CV inner loop, CV rep number: 6
best_alpha
0.125
best_lambda
0.0278090161788618
CV inner loop, CV rep number: 1
best_alpha
0.008
best_lambda
0.0603824955809584
CV inner loop, CV rep number: 2
best_alpha
0.001
best_lambda
0.0443747569139841
CV inner loop, CV rep number: 8
best_alpha
0.027
best_lambda
0.0477577673722836
CV inner loop, CV rep number: 9
best_alpha
0.343
best_lambda
0.016756793872533
best_alpha
0.027
best_lambda
0.0503927788811094
CV inner loop, CV rep number: 10
best_alpha
0.125
best_lambda
0.0272986719286035
CV inner loop, CV rep number: 7
CV inner loop, CV rep number: 4
best_alpha
0.001
best_lambda
0.0479139163669772
CV inner loop, CV rep number: 3
best_alpha
0.064
best_lambda
0.046314439288636
CV inner loop, CV rep number: 8
best_alpha
0.343
best_lambda
0.0154898356283471
best_alpha
0.125
best_lambda
0.0376071310575022
CV inner loop, CV rep number: 1
best_alpha
0
best_lambda
0.0490621271341035
best_alpha
0.008
best_lambda
0.0583036138777852
CV inner loop, CV rep number: 5
CV inner loop, CV rep number: 10
best_alpha
0
best_lambda
0.0842436310471876
CV inner loop, CV rep number: 6
CV inner loop, CV rep number: 2
best_alpha
0
best_lambda
0.0459905017985251
CV inner loop, CV rep number: 7
best_alpha
0
best_lambda
0.0650200133942101
CV inner loop, CV rep number: 9
best_alpha
0
best_lambda
0.0581721327855076
CV inner loop, CV rep number: 4
best_alpha
0.008
best_lambda
0.0844235266723109
CV inner loop, CV rep number: 3
best_alpha
0
best_lambda
0.0524216131036959
best_alpha
0
best_lambda
0.0550917638258749
best_alpha
0.027
best_lambda
0.0528059864541336
best_alpha
0.064
best_lambda
0.0488967220686336
best_alpha
0
best_lambda
0.0994949160012685
best_alpha
0.216
best_lambda
0.0274482591081874
best_alpha
0.001
best_lambda
0.0658393190305961
best_alpha
0.008
best_lambda
0.0569699654063032
best_alpha
1
best_lambda
0.01362914366268
best_alpha
0
best_lambda
0.054649889918032
[1] "Results: "
Warning messages:
1: from glmnet Fortran code (error code -1); Convergence for 1th lambda value not reached after maxit=100000 iterations; solutions for larger lambdas returned 
2: In getcoef(fit, nvars, nx, vnames) :Warning messages:

  an empty model has been returned; probably a convergence issue
1: from glmnet Fortran code (error code -1); Convergence for 1th lambda value not reached after maxit=100000 iterations; solutions for larger lambdas returned 
Warning messages:
2:   observed CV_rep {class_type}_pred
1   Cancer      1         0.9018822
21: from glmnet Fortran code (error code -1); Convergence for 1th lambda value not reached after maxit=100000 iterations; solutions for larger lambdas returned 
   Cancer      1         0.8611352
3   Cancer      1In getcoef(fit, nvars, nx, vnames) :         0.97713262: 
4
    Cancer      1         0.8724270
5    Other      1         0.9242561
6    Other      1         0.9616801
 an empty model has been returned; probably a convergence issue
In getcoef(fit, nvars, nx, vnames) :
  an empty model has been returned; probably a convergence issue
3: from glmnet Fortran code (error code -1); Convergence for 1th lambda value not reached after maxit=100000 iterations; solutions for larger lambdas returned 
4: In getcoef(fit, nvars, nx, vnames) :
  an empty model has been returned; probably a convergence issue
[Tue Nov 30 00:22:52 2021]
Finished job 0.
1 of 1 steps (100%) done
