Building DAG of jobs...
Using shell: /usr/bin/bash
Provided cores: 10
Rules claiming more threads will be scaled down.
Select jobs to execute...

[Tue Nov 30 00:12:11 2021]
rule PCA_binomial_classification:
    input: data/ATAC_predictions_train_20_predict_80/PCA_ATAC_pred_lasso_formatted_standardized.rds, data/sample_types.txt
    output: Classification_output/Binomial_models_output/SVM_radial_Predictions_PCA_Colorectal_Cancer.rds
    jobid: 0
    wildcards: model_binomial=SVM_radial, class_type=Colorectal_Cancer
    threads: 10
    resources: mem_mb=200000, disk_mb=1000, tmpdir=/scratch/57577199, time=20:00:00

Rscript --vanilla /faststorage/project/DELFI1/Workspaces/CarmenAndAnika/.snakemake/scripts/tmp9d86uog7.SVM_radial.R
Activating conda environment: /faststorage/project/DELFI1/Workspaces/CarmenAndAnika/.snakemake/conda/411837606499b7823565885a8a388b12
Registered S3 methods overwritten by 'ggplot2':
  method         from 
  [.quosures     rlang
  c.quosures     rlang
  print.quosures rlang
Registered S3 method overwritten by 'rvest':
  method            from
  read_xml.response xml2
── Attaching packages ─────────────────────────────────────── tidyverse 1.2.1 ──
✔ ggplot2 3.1.1       ✔ purrr   0.3.2  
✔ tibble  2.1.1       ✔ dplyr   0.8.0.1
✔ tidyr   0.8.3       ✔ stringr 1.4.0  
✔ readr   1.3.1       ✔ forcats 0.4.0  
── Conflicts ────────────────────────────────────────── tidyverse_conflicts() ──
✖ dplyr::filter() masks stats::filter()
✖ dplyr::lag()    masks stats::lag()
Loading required package: lattice

Attaching package: ‘caret’

The following object is masked from ‘package:purrr’:

    lift

Type 'citation("pROC")' for a citation.

Attaching package: ‘pROC’

The following objects are masked from ‘package:stats’:

    cov, smooth, var

Warning: unable to access index for repository http://cran.us.r-project.org/src/contrib/kernlab_0.9-29.tar.gz/src/contrib:
  cannot open URL 'http://cran.us.r-project.org/src/contrib/kernlab_0.9-29.tar.gz/src/contrib/PACKAGES'
Warning message:
package ‘kernlab’ is not available (for R version 3.6.1) 

Attaching package: ‘kernlab’

The following object is masked from ‘package:purrr’:

    cross

The following object is masked from ‘package:ggplot2’:

    alpha

Loading required package: foreach

Attaching package: ‘foreach’

The following objects are masked from ‘package:purrr’:

    accumulate, when

Loading required package: iterators
Loading required package: parallel
Loading required package: rngtools
Loading required package: pkgmaker
Loading required package: registry

Attaching package: ‘pkgmaker’

The following object is masked from ‘package:base’:

    isFALSE

Warning: unable to access index for repository http://cran.us.r-project.org/src/contrib/splitTools_0.3.1.tar.gz/src/contrib:
  cannot open URL 'http://cran.us.r-project.org/src/contrib/splitTools_0.3.1.tar.gz/src/contrib/PACKAGES'
Warning message:
package ‘splitTools’ is not available (for R version 3.6.1) 
Gastric_cancerOvarian_CancerLung_CancerBile_Duct_CancerPancreatic_CancerDuodenal_CancerBreast_CancerColorectal_Cancer
[1] "Sample_type levels"
[1] "Cancer" "Other" 
starting worker pid=9938 on localhost:11492 at 00:12:19.178
starting worker pid=9962 on localhost:11492 at 00:12:19.481
starting worker pid=9986 on localhost:11492 at 00:12:19.788
starting worker pid=10010 on localhost:11492 at 00:12:20.093
starting worker pid=10034 on localhost:11492 at 00:12:20.396
starting worker pid=10058 on localhost:11492 at 00:12:20.697
starting worker pid=10082 on localhost:11492 at 00:12:21.038
starting worker pid=10106 on localhost:11492 at 00:12:21.344
starting worker pid=10130 on localhost:11492 at 00:12:21.649
starting worker pid=10154 on localhost:11492 at 00:12:21.955
Loading required package: lattice
Loading required package: lattice
Loading required package: lattice
Loading required package: lattice
Loading required package: lattice
Loading required package: lattice
Loading required package: lattice
Loading required package: lattice
Loading required package: lattice
Loading required package: lattice
Loading required package: ggplot2
Loading required package: ggplot2
Loading required package: ggplot2
Loading required package: ggplot2
Loading required package: ggplot2
Loading required package: ggplot2
Loading required package: ggplot2
Loading required package: ggplot2
Loading required package: ggplot2
Loading required package: ggplot2
Registered S3 methods overwritten by 'ggplot2':
  method         from 
  [.quosures     rlang
  c.quosures     rlang
  print.quosures rlang
Registered S3 methods overwritten by 'ggplot2':
  method         from 
  [.quosures     rlang
  c.quosures     rlang
  print.quosures rlang
Registered S3 methods overwritten by 'ggplot2':
  method         from 
  [.quosures     rlang
  c.quosures     rlang
  print.quosures rlang
Registered S3 methods overwritten by 'ggplot2':
  method         from 
  [.quosures     rlang
  c.quosures     rlang
  print.quosures rlang
Registered S3 methods overwritten by 'ggplot2':
  method         from 
  [.quosures     rlang
  c.quosures     rlang
  print.quosures rlang
Registered S3 methods overwritten by 'ggplot2':
  method         from 
  [.quosures     rlang
  c.quosures     rlang
  print.quosures rlang
Registered S3 methods overwritten by 'ggplot2':
  method         from 
  [.quosures     rlang
  c.quosures     rlang
  print.quosures rlang
Registered S3 methods overwritten by 'ggplot2':
  method         from 
  [.quosures     rlang
  c.quosures     rlang
  print.quosures rlang
Registered S3 methods overwritten by 'ggplot2':
  method         from 
  [.quosures     rlang
  c.quosures     rlang
  print.quosures rlang
Registered S3 methods overwritten by 'ggplot2':
  method         from 
  [.quosures     rlang
  c.quosures     rlang
  print.quosures rlang
Registered S3 method overwritten by 'rvest':
  method            from
  read_xml.response xml2
Registered S3 method overwritten by 'rvest':
  method            from
  read_xml.response xml2
Registered S3 method overwritten by 'rvest':
  method            from
  read_xml.response xml2
Registered S3 method overwritten by 'rvest':
  method            from
  read_xml.response xml2
Registered S3 method overwritten by 'rvest':
  method            from
  read_xml.response xml2
Registered S3 method overwritten by 'rvest':
  method            from
  read_xml.response xml2
Registered S3 method overwritten by 'rvest':
  method            from
  read_xml.response xml2
Registered S3 method overwritten by 'rvest':
  method            from
  read_xml.response xml2
── Attaching packages ─────────────────────────────────────── tidyverse 1.2.1 ──
✔ tibble  2.1.1       ✔ purrr   0.3.2  
✔ tidyr   0.8.3       ✔ dplyr   0.8.0.1
✔ readr   1.3.1       ✔ stringr 1.4.0  
✔ tibble  2.1.1       ✔ forcats 0.4.0  
── Attaching packages ─────────────────────────────────────── tidyverse 1.2.1 ──
── Attaching packages ─────────────────────────────────────── tidyverse 1.2.1 ──
── Attaching packages ─────────────────────────────────────── tidyverse 1.2.1 ──
── Attaching packages ─────────────────────────────────────── tidyverse 1.2.1 ──
── Attaching packages ─────────────────────────────────────── tidyverse 1.2.1 ──
✔ tibble  2.1.1       ✔ purrr   0.3.2  
✔ tidyr   0.8.3       ✔ dplyr   0.8.0.1
✔ readr   1.3.1       ✔ stringr 1.4.0  
✔ tibble  2.1.1       ✔ forcats 0.4.0  
✔ tibble  2.1.1       ✔ purrr   0.3.2  
✔ tidyr   0.8.3       ✔ dplyr   0.8.0.1
✔ readr   1.3.1       ✔ stringr 1.4.0  
✔ tibble  2.1.1       ✔ forcats 0.4.0  
✔ tibble  2.1.1       ✔ purrr   0.3.2  
✔ tidyr   0.8.3       ✔ dplyr   0.8.0.1
✔ readr   1.3.1       ✔ stringr 1.4.0  
✔ tibble  2.1.1       ✔ forcats 0.4.0  
✔ tibble  2.1.1       ✔ purrr   0.3.2  
✔ tidyr   0.8.3       ✔ dplyr   0.8.0.1
✔ readr   1.3.1       ✔ stringr 1.4.0  
✔ tibble  2.1.1       ✔ forcats 0.4.0  
✔ tibble  2.1.1       ✔ purrr   0.3.2  
✔ tidyr   0.8.3       ✔ dplyr   0.8.0.1
✔ readr   1.3.1       ✔ stringr 1.4.0  
✔ tibble  2.1.1       ✔ forcats 0.4.0  
Registered S3 method overwritten by 'rvest':
  method            from
  read_xml.response xml2
Registered S3 method overwritten by 'rvest':
  method            from
  read_xml.response xml2
── Attaching packages ─────────────────────────────────────── tidyverse 1.2.1 ──
── Attaching packages ─────────────────────────────────────── tidyverse 1.2.1 ──
✔ tibble  2.1.1       ✔ purrr   0.3.2  
✔ tidyr   0.8.3       ✔ dplyr   0.8.0.1
✔ readr   1.3.1       ✔ stringr 1.4.0  
✔ tibble  2.1.1       ✔ forcats 0.4.0  
✔ tibble  2.1.1       ✔ purrr   0.3.2  
✔ tidyr   0.8.3       ✔ dplyr   0.8.0.1
✔ readr   1.3.1       ✔ stringr 1.4.0  
✔ tibble  2.1.1       ✔ forcats 0.4.0  
── Conflicts ────────────────────────────────────────── tidyverse_conflicts() ──
✖ dplyr::filter() masks stats::filter()
✖ dplyr::lag()    masks stats::lag()
✖ purrr::lift()   masks caret::lift()
── Conflicts ────────────────────────────────────────── tidyverse_conflicts() ──
✖ dplyr::filter() masks stats::filter()
✖ dplyr::lag()    masks stats::lag()
✖ purrr::lift()   masks caret::lift()
── Conflicts ────────────────────────────────────────── tidyverse_conflicts() ──
✖ dplyr::filter() masks stats::filter()
✖ dplyr::lag()    masks stats::lag()
✖ purrr::lift()   masks caret::lift()
── Conflicts ────────────────────────────────────────── tidyverse_conflicts() ──
✖ dplyr::filter() masks stats::filter()
✖ dplyr::lag()    masks stats::lag()
✖ purrr::lift()   masks caret::lift()
── Conflicts ────────────────────────────────────────── tidyverse_conflicts() ──
✖ dplyr::filter() masks stats::filter()
✖ dplyr::lag()    masks stats::lag()
✖ purrr::lift()   masks caret::lift()
── Attaching packages ─────────────────────────────────────── tidyverse 1.2.1 ──
── Conflicts ────────────────────────────────────────── tidyverse_conflicts() ──
✖ dplyr::filter() masks stats::filter()
✖ dplyr::lag()    masks stats::lag()
✖ purrr::lift()   masks caret::lift()
── Attaching packages ─────────────────────────────────────── tidyverse 1.2.1 ──
✔ tibble  2.1.1       ✔ purrr   0.3.2  
✔ tidyr   0.8.3       ✔ dplyr   0.8.0.1
✔ readr   1.3.1       ✔ stringr 1.4.0  
✔ tibble  2.1.1       ✔ forcats 0.4.0  
✔ tibble  2.1.1       ✔ purrr   0.3.2  
✔ tidyr   0.8.3       ✔ dplyr   0.8.0.1
✔ readr   1.3.1       ✔ stringr 1.4.0  
✔ tibble  2.1.1       ✔ forcats 0.4.0  
── Conflicts ────────────────────────────────────────── tidyverse_conflicts() ──
✖ dplyr::filter() masks stats::filter()
✖ dplyr::lag()    masks stats::lag()
✖ purrr::lift()   masks caret::lift()
── Conflicts ────────────────────────────────────────── tidyverse_conflicts() ──
✖ dplyr::filter() masks stats::filter()
✖ dplyr::lag()    masks stats::lag()
✖ purrr::lift()   masks caret::lift()
── Conflicts ────────────────────────────────────────── tidyverse_conflicts() ──
✖ dplyr::filter() masks stats::filter()
✖ dplyr::lag()    masks stats::lag()
✖ purrr::lift()   masks caret::lift()
── Conflicts ────────────────────────────────────────── tidyverse_conflicts() ──
✖ dplyr::filter() masks stats::filter()
✖ dplyr::lag()    masks stats::lag()
✖ purrr::lift()   masks caret::lift()

Attaching package: ‘kernlab’

The following object is masked from ‘package:purrr’:

    cross

The following object is masked from ‘package:ggplot2’:

    alpha

Loading required package: foreach

Attaching package: ‘kernlab’

The following object is masked from ‘package:purrr’:

    cross


Attaching package: ‘foreach’

The following object is masked from ‘package:ggplot2’:

    alpha

The following objects are masked from ‘package:purrr’:

    accumulate, when


Attaching package: ‘kernlab’

The following object is masked from ‘package:purrr’:

    cross

The following object is masked from ‘package:ggplot2’:

    alpha

Loading required package: rngtools
Loading required package: foreach
Loading required package: foreach
Loading required package: pkgmaker

Attaching package: ‘kernlab’

The following object is masked from ‘package:purrr’:

    cross

The following object is masked from ‘package:ggplot2’:

    alpha


Attaching package: ‘foreach’

The following objects are masked from ‘package:purrr’:

    accumulate, when


Attaching package: ‘foreach’

Loading required package: foreach
The following objects are masked from ‘package:purrr’:

    accumulate, when

Loading required package: registry
Loading required package: rngtools
Loading required package: rngtools

Attaching package: ‘kernlab’

The following object is masked from ‘package:purrr’:

    cross

The following object is masked from ‘package:ggplot2’:

    alpha

Loading required package: pkgmaker

Attaching package: ‘foreach’

The following objects are masked from ‘package:purrr’:

    accumulate, when

Loading required package: pkgmaker
Loading required package: rngtools
Loading required package: foreach
Loading required package: registry
Loading required package: registry
Loading required package: pkgmaker

Attaching package: ‘foreach’

The following objects are masked from ‘package:purrr’:

    accumulate, when

Loading required package: rngtools
Loading required package: registry
Loading required package: pkgmaker

Attaching package: ‘kernlab’

The following object is masked from ‘package:purrr’:

    cross

The following object is masked from ‘package:ggplot2’:

    alpha

Loading required package: registry
Loading required package: foreach

Attaching package: ‘foreach’

The following objects are masked from ‘package:purrr’:

    accumulate, when

Loading required package: rngtools
Loading required package: pkgmaker
Loading required package: registry

Attaching package: ‘pkgmaker’

The following object is masked from ‘package:base’:

    isFALSE


Attaching package: ‘pkgmaker’

The following object is masked from ‘package:base’:

    isFALSE


Attaching package: ‘pkgmaker’

The following object is masked from ‘package:base’:

    isFALSE


Attaching package: ‘pkgmaker’

The following object is masked from ‘package:base’:

    isFALSE


Attaching package: ‘pkgmaker’

The following object is masked from ‘package:base’:

    isFALSE


Attaching package: ‘kernlab’

The following object is masked from ‘package:purrr’:

    cross

The following object is masked from ‘package:ggplot2’:

    alpha


Attaching package: ‘kernlab’

The following object is masked from ‘package:purrr’:

    cross

The following object is masked from ‘package:ggplot2’:

    alpha


Attaching package: ‘kernlab’

The following object is masked from ‘package:purrr’:

    cross

The following object is masked from ‘package:ggplot2’:

    alpha

Loading required package: foreach
Loading required package: foreach
Loading required package: foreach

Attaching package: ‘foreach’

The following objects are masked from ‘package:purrr’:

    accumulate, when


Attaching package: ‘foreach’

The following objects are masked from ‘package:purrr’:

    accumulate, when

Loading required package: rngtools

Attaching package: ‘foreach’

The following objects are masked from ‘package:purrr’:

    accumulate, when

Loading required package: rngtools
Loading required package: rngtools

Attaching package: ‘pkgmaker’

Loading required package: pkgmaker
The following object is masked from ‘package:base’:

    isFALSE

Loading required package: pkgmaker
Loading required package: pkgmaker
Loading required package: registry
Loading required package: registry
Loading required package: registry

Attaching package: ‘kernlab’

The following object is masked from ‘package:purrr’:

    cross

The following object is masked from ‘package:ggplot2’:

    alpha

Loading required package: foreach

Attaching package: ‘foreach’

The following objects are masked from ‘package:purrr’:

    accumulate, when

Loading required package: rngtools
Loading required package: pkgmaker
Loading required package: registry

Attaching package: ‘pkgmaker’

The following object is masked from ‘package:base’:

    isFALSE


Attaching package: ‘pkgmaker’

The following object is masked from ‘package:base’:

    isFALSE


Attaching package: ‘pkgmaker’

The following object is masked from ‘package:base’:

    isFALSE


Attaching package: ‘pkgmaker’

The following object is masked from ‘package:base’:

    isFALSE

Colorectal_Cancer
Colorectal_Cancer
Colorectal_Cancer
Colorectal_Cancer
Colorectal_Cancer
Colorectal_Cancer
Colorectal_Cancer
Colorectal_Cancer
Colorectal_Cancer
CV repetition number: 1
Colorectal_Cancer
CV repetition number: 2
CV repetition number: 10
CV repetition number: 3
CV repetition number: 4
CV repetition number: 5
CV repetition number: 7
CV repetition number: 9
CV repetition number: 6
CV repetition number: 8
CV inner loop, CV rep number: 10
CV inner loop, CV rep number: 2
CV inner loop, CV rep number: 3
CV inner loop, CV rep number: 4
CV inner loop, CV rep number: 1
CV inner loop, CV rep number: 5
CV inner loop, CV rep number: 7
CV inner loop, CV rep number: 9
CV inner loop, CV rep number: 6
CV inner loop, CV rep number: 8
besttune C
0.25
besttune sigma
0.0416661038875072
besttune C
besttune C
besttune C
besttune C
besttune C
besttune C
besttune C
besttune C
besttune C
CV inner loop, CV rep number: 10
1
4
0.25
4
0.25
besttune sigma
0.25
0.5
2
4
besttune sigma
besttune sigma
besttune sigma
besttune sigma
0.0465626542810529
besttune sigma
besttune sigma
besttune sigma
0.0501501530678311
besttune sigma
0.0483927590957926
0.0484785373758182
0.0438451701770014
0.0462805344718548
0.0452484705822413
0.0433537137124501
0.0459285306740201
CV inner loop, CV rep number: 10
CV inner loop, CV rep number: 10
CV inner loop, CV rep number: 10
CV inner loop, CV rep number: 10
CV inner loop, CV rep number: 10
CV inner loop, CV rep number: 10
CV inner loop, CV rep number: 10
CV inner loop, CV rep number: 10
besttune C
0.25
besttune sigma
0.0446534934469938
CV inner loop, CV rep number: 10
besttune C
2
besttune sigma
0.0510667133554371
besttune C
4
besttune sigma
0.0535653813040608
CV inner loop, CV rep number: 10
besttune C
0.5
besttune sigma
0.0417312088882298
besttune C
4
besttune sigma
0.0346804408324814
besttune C
0.5
besttune sigma
0.0394201374274062
besttune C
besttune C
2
2
besttune sigma
0.0566927139362347
besttune C
besttune C
CV inner loop, CV rep number: 10
0.25
besttune sigma
0.032300179069601
besttune sigma
1
0.0418540268813955
besttune sigma
0.046877657883747
CV inner loop, CV rep number: 10
CV inner loop, CV rep number: 10
CV inner loop, CV rep number: 10
besttune C
1
besttune sigma
0.0482042176728609
CV inner loop, CV rep number: 10
CV inner loop, CV rep number: 10
CV inner loop, CV rep number: 10
CV inner loop, CV rep number: 10
CV inner loop, CV rep number: 10
CV inner loop, CV rep number: 10
besttune C
0.25
besttune sigma
0.0400513023181849
besttune C
1
besttune sigma
0.0386114455711401
besttune C
4
besttune sigma
0.0459295726619809
besttune C
0.25
besttune sigma
0.0568464332839234
besttune C
0.25
besttune sigma
0.0383926532734361
besttune C
4
besttune sigma
0.0382454815125496
besttune C
0.25
besttune sigma
0.0407336076456585
CV inner loop, CV rep number: 10
besttune C
0.5
besttune sigma
0.0576460445002257
besttune C
1
besttune sigma
0.0453602868733409
besttune C
0.25
besttune sigma
0.0405350305083265
CV inner loop, CV rep number: 10
CV inner loop, CV rep number: 10
CV inner loop, CV rep number: 10
CV inner loop, CV rep number: 10
CV inner loop, CV rep number: 10
CV inner loop, CV rep number: 10
CV inner loop, CV rep number: 10
CV inner loop, CV rep number: 10
besttune C
2
besttune sigma
0.0436840607066952
CV inner loop, CV rep number: 10
besttune C
0.5
besttune sigma
0.0373343729779925
besttune C
0.25
besttune sigma
0.0482967278635975
CV inner loop, CV rep number: 10
besttune C
2
besttune C
besttune C
besttune C
CV inner loop, CV rep number: 10
4
besttune C
besttune C
besttune C
0.25
CV inner loop, CV rep number: 10
besttune C
besttune sigma
0.25
0.5
4
besttune sigma
1
0.0557310472587871
4
besttune sigma
0.0612429829825616
besttune sigma
besttune sigma
besttune sigma
besttune sigma
besttune sigma
0.0408030884150926
0.0506773720579174
0.0408220510364551
0.0441381474631013
0.0402658970891308
0.0437145654816942
CV inner loop, CV rep number: 10
CV inner loop, CV rep number: 10
CV inner loop, CV rep number: 10
CV inner loop, CV rep number: 10
CV inner loop, CV rep number: 10
CV inner loop, CV rep number: 10
CV inner loop, CV rep number: 10
CV inner loop, CV rep number: 10
besttune C
besttune C
0.5
4
besttune sigma
0.0526449493125952
besttune C
0.25
besttune sigma
0.0473254862088357
besttune C
besttune sigma
2
0.0419209536252567
besttune sigma
0.0402496955889646
besttune C
0.25
besttune sigma
0.0418106214495557
besttune C
0.5
besttune sigma
0.062734151075185
besttune C
4
besttune sigma
0.0427454861926072
besttune C
4
besttune sigma
0.0583840417617711
besttune C
0.5
besttune sigma
0.0456232300981482
CV inner loop, CV rep number: 10
CV inner loop, CV rep number: 10
CV inner loop, CV rep number: 10
CV inner loop, CV rep number: 10
CV inner loop, CV rep number: 10
CV inner loop, CV rep number: 10
CV inner loop, CV rep number: 10
CV inner loop, CV rep number: 10
CV inner loop, CV rep number: 10
besttune C
0.5
besttune sigma
0.0387909642644928
besttune C
0.25
besttune sigma
0.0408221185455211
besttune C
2
besttune sigma
0.0438338248448121
besttune C
2
besttune sigma
0.0378391763653356
CV inner loop, CV rep number: 10
besttune C
4
besttune sigma
0.0386420185773312
besttune C
4
besttune sigma
0.042628351550789
besttune C
4
besttune sigma
0.0424743058967239
besttune C
2
besttune sigma
0.049490459473554
besttune C
0.25
besttune sigma
0.0446561869767567
besttune C
4
besttune sigma
0.0363779424291619
CV inner loop, CV rep number: 10
CV inner loop, CV rep number: 10
CV inner loop, CV rep number: 10
CV inner loop, CV rep number: 10
CV inner loop, CV rep number: 10
CV inner loop, CV rep number: 10
CV inner loop, CV rep number: 10
besttune C
0.25
besttune sigma
0.0451072858839915
CV inner loop, CV rep number: 10
CV inner loop, CV rep number: 10
besttune C
0.5
besttune sigma
0.0555254982623105
besttune C
4
besttune sigma
0.0467779376301529
besttune C
0.25
besttune sigma
0.0395413620861589
besttune C
0.25
besttune sigma
0.036773867437826
CV inner loop, CV rep number: 10
besttune C
0.5
besttune sigma
0.0441159744222166
besttune C
0.5
besttune sigma
0.0481851950545806
besttune C
0.5
besttune sigma
0.0487793809392218
besttune C
1
besttune sigma
0.0425510992388213
besttune C
0.25
besttune sigma
0.0529335969710095
CV inner loop, CV rep number: 10
CV inner loop, CV rep number: 10
CV inner loop, CV rep number: 10
CV inner loop, CV rep number: 10
CV inner loop, CV rep number: 10
CV inner loop, CV rep number: 10
CV inner loop, CV rep number: 10
CV inner loop, CV rep number: 10
CV inner loop, CV rep number: 10
besttune C
0.5
besttune sigma
0.0408835634517874
besttune C
1
besttune sigma
0.0560294308194031
besttune C
2
besttune sigma
0.0485695215869684
CV inner loop, CV rep number: 10
CV inner loop, CV rep number: 10
CV inner loop, CV rep number: 10
besttune C
4
besttune sigma
0.0449343701880703
besttune C
0.25
besttune sigma
0.0432464114547493
besttune C
4
besttune sigma
0.048553596979598
besttune C
2
besttune sigma
0.0480723606141573
besttune C
4
besttune sigma
0.0479313939334046
besttune C
1
besttune sigma
0.0450848499089921
besttune C
0.5
besttune sigma
0.0380233324203561
besttune C
4
besttune sigma
0.0444588877888059
CV inner loop, CV rep number: 10
CV inner loop, CV rep number: 10
besttune C
4
besttune sigma
0.0456973381898286
besttune C
1
besttune sigma
0.0447104276676811
CV inner loop, CV rep number: 10
CV inner loop, CV rep number: 10
CV inner loop, CV rep number: 10
CV inner loop, CV rep number: 10
CV inner loop, CV rep number: 10
CV inner loop, CV rep number: 10
CV inner loop, CV rep number: 10
besttune C
0.5
besttune sigma
0.0430569673075729
besttune C
2
besttune sigma
0.044344761670237
besttune C
besttune C
besttune C
besttune C
4
besttune sigma
0.0457040109135984
2
4
0.25
besttune sigma
besttune sigma
besttune sigma
0.0472424429391516
0.0543921844150325
0.0391545554613514
besttune C
0.25
besttune sigma
0.0516432640374914
CV inner loop, CV rep number: 10
CV inner loop, CV rep number: 10
besttune C
0.25
besttune sigma
0.0357489646637867
besttune C
0.25
besttune sigma
0.0366004599272919
CV inner loop, CV rep number: 10
CV inner loop, CV rep number: 10
CV inner loop, CV rep number: 10
CV inner loop, CV rep number: 10
besttune C
4
besttune sigma
0.0326402069399194
CV inner loop, CV rep number: 10
besttune C
1
besttune sigma
0.0446892409585759
besttune C
4
besttune sigma
0.0464934815233017
besttune C
1
besttune sigma
0.0441246408470141
besttune C
0.25
besttune sigma
0.0454022201232525
besttune C
1
besttune sigma
0.0468142416777557
besttune C
0.25
besttune sigma
0.0444679614399791
[1] "Results: "
  observed CV_rep {class_type}_pred
1    Other      1        0.04037713
2    Other      1        0.06665475
3    Other      1        0.07045710
4    Other      1        0.05968378
5    Other      1        0.02222777
6    Other      1        0.03748638
[Tue Nov 30 00:17:07 2021]
Finished job 0.
1 of 1 steps (100%) done
