Building DAG of jobs...
Using shell: /usr/bin/bash
Provided cores: 10
Rules claiming more threads will be scaled down.
Select jobs to execute...

[Mon Nov 29 23:49:12 2021]
rule PCA_binomial_classification:
    input: data/ATAC_predictions_train_20_predict_80/PCA_ATAC_pred_lasso_formatted_standardized.rds, data/sample_types.txt
    output: Classification_output/Binomial_models_output/Lasso_Predictions_PCA_Colorectal_Cancer.rds
    jobid: 0
    wildcards: model_binomial=Lasso, class_type=Colorectal_Cancer
    threads: 10
    resources: mem_mb=200000, disk_mb=1000, tmpdir=/scratch/57576377, time=20:00:00

Rscript --vanilla /faststorage/project/DELFI1/Workspaces/CarmenAndAnika/.snakemake/scripts/tmpf3wppanf.Lasso.R
Activating conda environment: /faststorage/project/DELFI1/Workspaces/CarmenAndAnika/.snakemake/conda/411837606499b7823565885a8a388b12
Registered S3 methods overwritten by 'ggplot2':
  method         from 
  [.quosures     rlang
  c.quosures     rlang
  print.quosures rlang
Registered S3 method overwritten by 'rvest':
  method            from
  read_xml.response xml2
── Attaching packages ─────────────────────────────────────── tidyverse 1.2.1 ──
✔ ggplot2 3.1.1       ✔ purrr   0.3.2  
✔ tibble  2.1.1       ✔ dplyr   0.8.0.1
✔ tidyr   0.8.3       ✔ stringr 1.4.0  
✔ readr   1.3.1       ✔ forcats 0.4.0  
── Conflicts ────────────────────────────────────────── tidyverse_conflicts() ──
✖ dplyr::filter() masks stats::filter()
✖ dplyr::lag()    masks stats::lag()
Type 'citation("pROC")' for a citation.

Attaching package: ‘pROC’

The following objects are masked from ‘package:stats’:

    cov, smooth, var

Loading required package: Matrix

Attaching package: ‘Matrix’

The following object is masked from ‘package:tidyr’:

    expand

Loading required package: foreach

Attaching package: ‘foreach’

The following objects are masked from ‘package:purrr’:

    accumulate, when

Loaded glmnet 2.0-16


Attaching package: ‘glmnet’

The following object is masked from ‘package:pROC’:

    auc


Attaching package: ‘glmnetUtils’

The following objects are masked from ‘package:glmnet’:

    cv.glmnet, glmnet

Warning: unable to access index for repository http://cran.us.r-project.org/src/contrib/splitTools_0.3.1.tar.gz/src/contrib:
  cannot open URL 'http://cran.us.r-project.org/src/contrib/splitTools_0.3.1.tar.gz/src/contrib/PACKAGES'
Warning message:
package ‘splitTools’ is not available (for R version 3.6.1) 
Warning message:
package ‘multiROC’ was built under R version 3.6.3 
dummies-1.5.6 provided by Decision Patterns

Warning message:
package ‘dummies’ was built under R version 3.6.3 
Loading required package: gplots

Attaching package: ‘gplots’

The following object is masked from ‘package:stats’:

    lowess

Loading required package: iterators
Loading required package: parallel
Loading required package: rngtools
Loading required package: pkgmaker
Loading required package: registry

Attaching package: ‘pkgmaker’

The following object is masked from ‘package:base’:

    isFALSE

Gastric_cancerOvarian_CancerLung_CancerBile_Duct_CancerPancreatic_CancerDuodenal_CancerBreast_CancerColorectal_Cancer
[1] "Sample_type levels"
[1] "Cancer" "Other" 
starting worker pid=1099 on localhost:11621 at 23:49:20.825
starting worker pid=1124 on localhost:11621 at 23:49:21.239
starting worker pid=1150 on localhost:11621 at 23:49:21.658
starting worker pid=1176 on localhost:11621 at 23:49:22.373
starting worker pid=1205 on localhost:11621 at 23:49:22.882
starting worker pid=1238 on localhost:11621 at 23:49:23.323
starting worker pid=1262 on localhost:11621 at 23:49:23.709
starting worker pid=1286 on localhost:11621 at 23:49:24.139
starting worker pid=1310 on localhost:11621 at 23:49:24.576
starting worker pid=1334 on localhost:11621 at 23:49:25.035
Registered S3 methods overwritten by 'ggplot2':
  method         from 
  [.quosures     rlang
  c.quosures     rlang
  print.quosures rlang
Registered S3 methods overwritten by 'ggplot2':
  method         from 
  [.quosures     rlang
  c.quosures     rlang
  print.quosures rlang
Registered S3 methods overwritten by 'ggplot2':
  method         from 
  [.quosures     rlang
  c.quosures     rlang
  print.quosures rlang
Registered S3 methods overwritten by 'ggplot2':
  method         from 
  [.quosures     rlang
  c.quosures     rlang
  print.quosures rlang
Registered S3 methods overwritten by 'ggplot2':
  method         from 
  [.quosures     rlang
  c.quosures     rlang
  print.quosures rlang
Registered S3 methods overwritten by 'ggplot2':
  method         from 
  [.quosures     rlang
  c.quosures     rlang
  print.quosures rlang
Registered S3 methods overwritten by 'ggplot2':
  method         from 
  [.quosures     rlang
  c.quosures     rlang
  print.quosures rlang
Registered S3 methods overwritten by 'ggplot2':
  method         from 
  [.quosures     rlang
  c.quosures     rlang
  print.quosures rlang
Registered S3 methods overwritten by 'ggplot2':
  method         from 
  [.quosures     rlang
  c.quosures     rlang
  print.quosures rlang
Registered S3 methods overwritten by 'ggplot2':
  method         from 
  [.quosures     rlang
  c.quosures     rlang
  print.quosures rlang
Registered S3 method overwritten by 'rvest':
  method            from
  read_xml.response xml2
Registered S3 method overwritten by 'rvest':
  method            from
  read_xml.response xml2
Registered S3 method overwritten by 'rvest':
  method            from
  read_xml.response xml2
Registered S3 method overwritten by 'rvest':
  method            from
  read_xml.response xml2
── Attaching packages ─────────────────────────────────────── tidyverse 1.2.1 ──
Registered S3 method overwritten by 'rvest':
  method            from
  read_xml.response xml2
Registered S3 method overwritten by 'rvest':
  method            from
  read_xml.response xml2
Registered S3 method overwritten by 'rvest':
  method            from
  read_xml.response xml2
✔ ggplot2 3.1.1       ✔ purrr   0.3.2  
✔ tibble  2.1.1       ✔ dplyr   0.8.0.1
✔ tidyr   0.8.3       ✔ stringr 1.4.0  
✔ readr   1.3.1       ✔ forcats 0.4.0  
── Attaching packages ─────────────────────────────────────── tidyverse 1.2.1 ──
── Attaching packages ─────────────────────────────────────── tidyverse 1.2.1 ──
── Attaching packages ─────────────────────────────────────── tidyverse 1.2.1 ──
Registered S3 method overwritten by 'rvest':
  method            from
  read_xml.response xml2
Registered S3 method overwritten by 'rvest':
  method            from
  read_xml.response xml2
Registered S3 method overwritten by 'rvest':
  method            from
  read_xml.response xml2
✔ ggplot2 3.1.1       ✔ purrr   0.3.2  
✔ tibble  2.1.1       ✔ dplyr   0.8.0.1
✔ tidyr   0.8.3       ✔ stringr 1.4.0  
✔ readr   1.3.1       ✔ forcats 0.4.0  
✔ ggplot2 3.1.1       ✔ purrr   0.3.2  
✔ tibble  2.1.1       ✔ dplyr   0.8.0.1
✔ tidyr   0.8.3       ✔ stringr 1.4.0  
✔ readr   1.3.1       ✔ forcats 0.4.0  
✔ ggplot2 3.1.1       ✔ purrr   0.3.2  
✔ tibble  2.1.1       ✔ dplyr   0.8.0.1
✔ tidyr   0.8.3       ✔ stringr 1.4.0  
✔ readr   1.3.1       ✔ forcats 0.4.0  
── Attaching packages ─────────────────────────────────────── tidyverse 1.2.1 ──
── Attaching packages ─────────────────────────────────────── tidyverse 1.2.1 ──
── Attaching packages ─────────────────────────────────────── tidyverse 1.2.1 ──
✔ ggplot2 3.1.1       ✔ purrr   0.3.2  
✔ tibble  2.1.1       ✔ dplyr   0.8.0.1
✔ tidyr   0.8.3       ✔ stringr 1.4.0  
✔ readr   1.3.1       ✔ forcats 0.4.0  
✔ ggplot2 3.1.1       ✔ purrr   0.3.2  
✔ tibble  2.1.1       ✔ dplyr   0.8.0.1
✔ tidyr   0.8.3       ✔ stringr 1.4.0  
✔ readr   1.3.1       ✔ forcats 0.4.0  
✔ ggplot2 3.1.1       ✔ purrr   0.3.2  
✔ tibble  2.1.1       ✔ dplyr   0.8.0.1
✔ tidyr   0.8.3       ✔ stringr 1.4.0  
✔ readr   1.3.1       ✔ forcats 0.4.0  
── Conflicts ────────────────────────────────────────── tidyverse_conflicts() ──
✖ dplyr::filter() masks stats::filter()
✖ dplyr::lag()    masks stats::lag()
Loading required package: foreach

Attaching package: ‘foreach’

The following objects are masked from ‘package:purrr’:

    accumulate, when

Loading required package: rngtools
Loading required package: pkgmaker
── Conflicts ────────────────────────────────────────── tidyverse_conflicts() ──
✖ dplyr::filter() masks stats::filter()
✖ dplyr::lag()    masks stats::lag()
Loading required package: foreach

Attaching package: ‘foreach’

The following objects are masked from ‘package:purrr’:

    accumulate, when

Loading required package: rngtools
── Conflicts ────────────────────────────────────────── tidyverse_conflicts() ──
✖ dplyr::filter() masks stats::filter()
✖ dplyr::lag()    masks stats::lag()
── Conflicts ────────────────────────────────────────── tidyverse_conflicts() ──
✖ dplyr::filter() masks stats::filter()
✖ dplyr::lag()    masks stats::lag()
── Conflicts ────────────────────────────────────────── tidyverse_conflicts() ──
✖ dplyr::filter() masks stats::filter()
✖ dplyr::lag()    masks stats::lag()
── Conflicts ────────────────────────────────────────── tidyverse_conflicts() ──
✖ dplyr::filter() masks stats::filter()
✖ dplyr::lag()    masks stats::lag()
── Conflicts ────────────────────────────────────────── tidyverse_conflicts() ──
✖ dplyr::filter() masks stats::filter()
✖ dplyr::lag()    masks stats::lag()
Loading required package: foreach
Loading required package: foreach
Loading required package: foreach
Loading required package: foreach
Loading required package: foreach

Attaching package: ‘foreach’


Attaching package: ‘foreach’

The following objects are masked from ‘package:purrr’:

    accumulate, when

The following objects are masked from ‘package:purrr’:

    accumulate, when


Attaching package: ‘foreach’


Attaching package: ‘foreach’


Attaching package: ‘foreach’

The following objects are masked from ‘package:purrr’:

    accumulate, when

Loading required package: rngtools
The following objects are masked from ‘package:purrr’:

    accumulate, when

The following objects are masked from ‘package:purrr’:

    accumulate, when

Loading required package: rngtools
Loading required package: rngtools
Loading required package: rngtools
Loading required package: rngtools
Loading required package: registry
Loading required package: pkgmaker
Loading required package: pkgmaker
Loading required package: pkgmaker
Loading required package: pkgmaker
Loading required package: pkgmaker
Loading required package: pkgmaker
Loading required package: registry
Loading required package: registry
Loading required package: registry
Loading required package: registry
Loading required package: registry
Loading required package: registry
── Attaching packages ─────────────────────────────────────── tidyverse 1.2.1 ──
── Attaching packages ─────────────────────────────────────── tidyverse 1.2.1 ──
── Attaching packages ─────────────────────────────────────── tidyverse 1.2.1 ──
✔ ggplot2 3.1.1       ✔ purrr   0.3.2  
✔ tibble  2.1.1       ✔ dplyr   0.8.0.1
✔ tidyr   0.8.3       ✔ stringr 1.4.0  
✔ readr   1.3.1       ✔ forcats 0.4.0  
✔ ggplot2 3.1.1       ✔ purrr   0.3.2  
✔ tibble  2.1.1       ✔ dplyr   0.8.0.1
✔ tidyr   0.8.3       ✔ stringr 1.4.0  
✔ readr   1.3.1       ✔ forcats 0.4.0  
✔ ggplot2 3.1.1       ✔ purrr   0.3.2  
✔ tibble  2.1.1       ✔ dplyr   0.8.0.1
✔ tidyr   0.8.3       ✔ stringr 1.4.0  
✔ readr   1.3.1       ✔ forcats 0.4.0  

Attaching package: ‘pkgmaker’

The following object is masked from ‘package:base’:

    isFALSE

── Conflicts ────────────────────────────────────────── tidyverse_conflicts() ──
✖ dplyr::filter() masks stats::filter()
✖ dplyr::lag()    masks stats::lag()
── Conflicts ────────────────────────────────────────── tidyverse_conflicts() ──
✖ dplyr::filter() masks stats::filter()
✖ dplyr::lag()    masks stats::lag()
── Conflicts ────────────────────────────────────────── tidyverse_conflicts() ──
✖ dplyr::filter() masks stats::filter()
✖ dplyr::lag()    masks stats::lag()
Loading required package: foreach
Loading required package: foreach
Loading required package: foreach

Attaching package: ‘foreach’


Attaching package: ‘foreach’


Attaching package: ‘foreach’

The following objects are masked from ‘package:purrr’:

    accumulate, when


Attaching package: ‘pkgmaker’


Attaching package: ‘pkgmaker’

The following objects are masked from ‘package:purrr’:

    accumulate, when

The following objects are masked from ‘package:purrr’:

    accumulate, when

The following object is masked from ‘package:base’:

    isFALSE

The following object is masked from ‘package:base’:

    isFALSE

Loading required package: rngtools
Loading required package: rngtools
Loading required package: rngtools
Loading required package: pkgmaker

Attaching package: ‘pkgmaker’

Loading required package: pkgmaker
The following object is masked from ‘package:base’:

    isFALSE

Loading required package: pkgmaker

Attaching package: ‘pkgmaker’


Attaching package: ‘pkgmaker’

The following object is masked from ‘package:base’:

    isFALSE


Attaching package: ‘pkgmaker’

The following object is masked from ‘package:base’:

    isFALSE

The following object is masked from ‘package:base’:

    isFALSE

Loading required package: registry
Loading required package: registry
Loading required package: registry

Attaching package: ‘pkgmaker’

The following object is masked from ‘package:base’:

    isFALSE


Attaching package: ‘pkgmaker’

The following object is masked from ‘package:base’:

    isFALSE


Attaching package: ‘pkgmaker’

The following object is masked from ‘package:base’:

    isFALSE

Colorectal_Cancer
Colorectal_Cancer
Colorectal_Cancer
Colorectal_Cancer
Colorectal_Cancer
Colorectal_Cancer
Colorectal_Cancer
Colorectal_Cancer
Colorectal_Cancer
Colorectal_Cancer
CV repetition number: 3
CV repetition number: 1
CV repetition number: 5
CV repetition number: 2
CV repetition number: 4
CV repetition number: 8
CV repetition number: 6
CV repetition number: 7
CV repetition number: 10
CV repetition number: 9
CV inner loop, CV rep number: 3
CV inner loop, CV rep number: 1
CV inner loop, CV rep number: 5
CV inner loop, CV rep number: 2
CV inner loop, CV rep number: 4
CV inner loop, CV rep number: 8
CV inner loop, CV rep number: 6
CV inner loop, CV rep number: 7
CV inner loop, CV rep number: 10
CV inner loop, CV rep number: 9
best_alpha
0
best_lambda
0.0568896583557845
CV inner loop, CV rep number: 3
best_alpha
0.008
best_lambda
0.0654691974522487
CV inner loop, CV rep number: 10
best_alpha
0.125
best_lambda
0.0714255849575386
CV inner loop, CV rep number: 2
best_alpha
0.001
best_lambda
0.0717303438879571
best_alpha
CV inner loop, CV rep number: 6
1
best_lambda
0.0293612746674142
CV inner loop, CV rep number: 5
best_alpha
0.125
best_lambda
0.0531111013964841
CV inner loop, CV rep number: 7
best_alpha
0.064
best_lambda
0.031998449328605
CV inner loop, CV rep number: 9
best_alpha
0.125
best_lambda
0.0364154967666117
CV inner loop, CV rep number: 1
best_alpha
0
best_lambda
0.0597285705977878
CV inner loop, CV rep number: 8
best_alpha
0.125
best_lambda
0.0483668675592762
CV inner loop, CV rep number: 4
best_alpha
0
best_lambda
0.081699622929865
CV inner loop, CV rep number: 10
best_alpha
0
best_lambda
0.0444416579839931
CV inner loop, CV rep number: 2
best_alpha
0.125
best_lambda
0.0618135793267462
CV inner loop, CV rep number: 6
best_alpha
0.064
best_lambda
0.130885409878627
CV inner loop, CV rep number: 1
best_alpha
0.027
best_lambda
0.0744024378779703
CV inner loop, CV rep number: 7
best_alpha
0.064
best_lambda
0.105832970178959
CV inner loop, CV rep number: 3
best_alpha
0.008
best_lambda
0.064332888289292
CV inner loop, CV rep number: 5
best_alpha
1
best_lambda
0.0149032246661275
CV inner loop, CV rep number: 8
best_alpha
0.125
best_lambda
0.0648856673718197
CV inner loop, CV rep number: 9
best_alpha
0.125
best_lambda
0.0816622922846228
CV inner loop, CV rep number: 4
best_alpha
0.729
best_lambda
0.0467515623016468
CV inner loop, CV rep number: 10
best_alpha
0.125
best_lambda
0.0702630477468673
CV inner loop, CV rep number: 3
best_alpha
0
best_lambda
0.154744722479622
CV inner loop, CV rep number: 2
best_alpha
0.125
best_lambda
0.0602822943316331
best_alpha
0.216
best_lambda
0.0499919191763757
CV inner loop, CV rep number: 1
CV inner loop, CV rep number: 6
best_alpha
0
best_lambda
0.0982296693018637
CV inner loop, CV rep number: 7
best_alpha
0.027
best_lambda
0.0937031950646737
CV inner loop, CV rep number: 5
best_alpha
0.125
best_lambda
0.0665167667452605
CV inner loop, CV rep number: 4
best_alpha
0
best_lambda
0.132239477825393
CV inner loop, CV rep number: 8
best_alpha
0.027
best_lambda
0.101556177645945
CV inner loop, CV rep number: 9
best_alpha
0.064
best_lambda
0.0452912620348329
CV inner loop, CV rep number: 10
best_alpha
0.064
best_lambda
0.0489303153589528
CV inner loop, CV rep number: 1
best_alpha
0.125
best_lambda
0.0642677537132558
CV inner loop, CV rep number: 3
best_alpha
0.125
best_lambda
0.0157655248821531
CV inner loop, CV rep number: 2
best_alpha
0
best_lambda
0.0667296979564653
CV inner loop, CV rep number: 7
best_alpha
0.216
best_lambda
0.0475965504587934
CV inner loop, CV rep number: 6
best_alpha
0.216
best_lambda
0.0351477419518817
CV inner loop, CV rep number: 4
best_alpha
0.216
best_lambda
0.0479129696018864
CV inner loop, CV rep number: 8
best_alpha
0.027
best_lambda
0.0510901709188307
CV inner loop, CV rep number: 5
best_alpha
0.343
best_lambda
0.041376758136013
CV inner loop, CV rep number: 10
best_alpha
0.008
best_lambda
0.0899513891362902
CV inner loop, CV rep number: 3
best_alpha
1
best_lambda
0.0177675647390806
CV inner loop, CV rep number: 9
best_alpha
0
best_alpha
best_lambda
0.008
0.0602985410447734
best_lambda
CV inner loop, CV rep number: 1
0.102406617105022
CV inner loop, CV rep number: 2
best_alpha
0.125
best_lambda
0.0714832656007138
CV inner loop, CV rep number: 7
best_alpha
0
best_lambda
0.0671679010071816
CV inner loop, CV rep number: 4
best_alpha
0
best_lambda
0.130990911405051
CV inner loop, CV rep number: 6
best_alpha
0.027
best_lambda
0.0674740379733044
CV inner loop, CV rep number: 3
best_alpha
0.008
best_lambda
0.0866100921825678
CV inner loop, CV rep number: 5
best_alpha
1
best_lambda
0.0223513541155288
CV inner loop, CV rep number: 10
best_alpha
0.064
best_lambda
0.0650545912202432
CV inner loop, CV rep number: 8
best_alpha
0.064
best_lambda
0.0577572648929967
CV inner loop, CV rep number: 1
best_alpha
0.216
best_lambda
0.0368590614549797
CV inner loop, CV rep number: 2
best_alpha
0.008
best_lambda
0.116895601485768
CV inner loop, CV rep number: 9
best_alpha
0
best_lambda
0.0784902217580527
CV inner loop, CV rep number: 4
best_alpha
0.343
best_lambda
0.0518908723942248
CV inner loop, CV rep number: 7
best_alpha
0.027
best_lambda
0.0683358626026234
CV inner loop, CV rep number: 6
best_alpha
0.343
best_lambda
0.0343401555934634
CV inner loop, CV rep number: 3
best_alpha
0.064
best_lambda
0.055895608152407
CV inner loop, CV rep number: 1
best_alpha
0
best_lambda
0.100004469287177
CV inner loop, CV rep number: 5
best_alpha
0.343
best_lambda
0.0340981546310259
CV inner loop, CV rep number: 8
best_alpha
0.125
best_lambda
0.0767931727595543
CV inner loop, CV rep number: 10
best_alpha
0.064
best_lambda
0.0730369401706954
CV inner loop, CV rep number: 2
best_alpha
1
best_lambda
0.0352281408945711
CV inner loop, CV rep number: 9
best_alpha
0
best_lambda
0.0817324285986923
CV inner loop, CV rep number: 4
best_alpha
0.125
best_lambda
0.0363344714196936
CV inner loop, CV rep number: 7
best_alpha
0
best_lambda
0.0614049737173843
CV inner loop, CV rep number: 6
best_alpha
0.064
best_lambda
0.0726090962995556
best_alpha
0.008
best_lambda
0.0602910391534219
CV inner loop, CV rep number: 5
CV inner loop, CV rep number: 3
best_alpha
best_alpha
best_alpha
best_alpha
0.064
0.216
0.216
0.343
best_lambda
best_lambda
best_lambda
best_lambda
0.0866145145827443
0.0769743679377789
0.0574513059505334
0.0359816346719053
CV inner loop, CV rep number: 1
CV inner loop, CV rep number: 8
CV inner loop, CV rep number: 2
CV inner loop, CV rep number: 10
best_alpha
0
best_lambda
0.0755065600884204
CV inner loop, CV rep number: 9
best_alpha
0.064
best_lambda
0.0783186702481815
CV inner loop, CV rep number: 4
best_alpha
0.216
best_lambda
0.0208182501324156
CV inner loop, CV rep number: 7
best_alpha
1
best_lambda
0.00704321095830368
CV inner loop, CV rep number: 6
best_alpha
0.027
best_lambda
0.067662507860914
CV inner loop, CV rep number: 5
best_alpha
0.343
best_lambda
0.0302441803191195
CV inner loop, CV rep number: 8
best_alpha
1
best_lambda
0.0335638041327724
CV inner loop, CV rep number: 2
best_alpha
best_alpha
0.027
0.064
best_lambda
best_lambda
0.0566641831380762
0.070565930128992
CV inner loop, CV rep number: 1
CV inner loop, CV rep number: 10
best_alpha
0.343
best_lambda
0.069941040638748
CV inner loop, CV rep number: 4
best_alpha
0.064
best_lambda
0.0668589699599575
CV inner loop, CV rep number: 3
best_alpha
0.027
best_lambda
0.061429670358512
CV inner loop, CV rep number: 9
best_alpha
0.064
best_lambda
0.0827942118314331
CV inner loop, CV rep number: 7
best_alpha
0.729
best_lambda
0.0392647891110032
CV inner loop, CV rep number: 6
best_alpha
0.008
best_lambda
0.0712583454342019
CV inner loop, CV rep number: 5
best_alpha
0.125
best_lambda
0.0670402900427847
CV inner loop, CV rep number: 8
best_alpha
0.008
best_lambda
0.115464284522503
best_alpha
0.216
best_lambda
0.0539897376381677
CV inner loop, CV rep number: 9
best_alpha
0.064
best_lambda
0.0545227555471677
best_alpha
0
best_lambda
0.089235234060904
best_alpha
0.125
best_lambda
0.0645318006672576
best_alpha
0.064
best_lambda
0.0555412477654252
best_alpha
0.125
best_lambda
0.0382671731974968
best_alpha
0.125
best_lambda
0.0658461899641897
best_alpha
0.729
best_lambda
0.0432874859081345
best_alpha
0
best_lambda
0.0802966221931449
best_alpha
0.027
best_lambda
0.0584830658102042
[1] "Results: "
  observed CV_rep {class_type}_pred
1    Other      1         0.9232159
2    Other      1         0.9404892
3    Other      1         0.9382586
4    Other      1         0.9034499
5    Other      1         0.8951517
6    Other      1         0.9203265
[Mon Nov 29 23:50:51 2021]
Finished job 0.
1 of 1 steps (100%) done
