Building DAG of jobs...
Using shell: /usr/bin/bash
Provided cores: 10
Rules claiming more threads will be scaled down.
Select jobs to execute...

[Mon Nov 29 23:31:39 2021]
rule PCA_binomial_classification:
    input: data/ATAC_predictions_train_20_predict_80/PCA_ATAC_pred_lasso_formatted_standardized.rds, data/sample_types.txt
    output: Classification_output/Binomial_models_output/SVM_poly_Predictions_PCA_Pancreatic_Cancer.rds
    jobid: 0
    wildcards: model_binomial=SVM_poly, class_type=Pancreatic_Cancer
    threads: 10
    resources: mem_mb=200000, disk_mb=1000, tmpdir=/scratch/57576066, time=20:00:00

Rscript --vanilla /faststorage/project/DELFI1/Workspaces/CarmenAndAnika/.snakemake/scripts/tmpdjam3i48.SVM_poly.R
Activating conda environment: /faststorage/project/DELFI1/Workspaces/CarmenAndAnika/.snakemake/conda/411837606499b7823565885a8a388b12
Registered S3 methods overwritten by 'ggplot2':
  method         from 
  [.quosures     rlang
  c.quosures     rlang
  print.quosures rlang
Registered S3 method overwritten by 'rvest':
  method            from
  read_xml.response xml2
── Attaching packages ─────────────────────────────────────── tidyverse 1.2.1 ──
✔ ggplot2 3.1.1       ✔ purrr   0.3.2  
✔ tibble  2.1.1       ✔ dplyr   0.8.0.1
✔ tidyr   0.8.3       ✔ stringr 1.4.0  
✔ readr   1.3.1       ✔ forcats 0.4.0  
── Conflicts ────────────────────────────────────────── tidyverse_conflicts() ──
✖ dplyr::filter() masks stats::filter()
✖ dplyr::lag()    masks stats::lag()
Loading required package: lattice

Attaching package: ‘caret’

The following object is masked from ‘package:purrr’:

    lift

Type 'citation("pROC")' for a citation.

Attaching package: ‘pROC’

The following objects are masked from ‘package:stats’:

    cov, smooth, var

Warning: unable to access index for repository http://cran.us.r-project.org/src/contrib/kernlab_0.9-29.tar.gz/src/contrib:
  cannot open URL 'http://cran.us.r-project.org/src/contrib/kernlab_0.9-29.tar.gz/src/contrib/PACKAGES'
Warning message:
package ‘kernlab’ is not available (for R version 3.6.1) 

Attaching package: ‘kernlab’

The following object is masked from ‘package:purrr’:

    cross

The following object is masked from ‘package:ggplot2’:

    alpha

Loading required package: foreach

Attaching package: ‘foreach’

The following objects are masked from ‘package:purrr’:

    accumulate, when

Loading required package: iterators
Loading required package: parallel
Loading required package: rngtools
Loading required package: pkgmaker
Loading required package: registry

Attaching package: ‘pkgmaker’

The following object is masked from ‘package:base’:

    isFALSE

Warning: unable to access index for repository http://cran.us.r-project.org/src/contrib/splitTools_0.3.1.tar.gz/src/contrib:
  cannot open URL 'http://cran.us.r-project.org/src/contrib/splitTools_0.3.1.tar.gz/src/contrib/PACKAGES'
Warning message:
package ‘splitTools’ is not available (for R version 3.6.1) 
Gastric_cancerOvarian_CancerLung_CancerBile_Duct_CancerPancreatic_CancerDuodenal_CancerBreast_CancerColorectal_Cancer
[1] "Sample_type levels"
[1] "Cancer" "Other" 
starting worker pid=5375 on localhost:11225 at 23:31:46.605
starting worker pid=5399 on localhost:11225 at 23:31:46.884
starting worker pid=5423 on localhost:11225 at 23:31:47.164
starting worker pid=5447 on localhost:11225 at 23:31:47.445
starting worker pid=5472 on localhost:11225 at 23:31:47.727
starting worker pid=5496 on localhost:11225 at 23:31:48.022
starting worker pid=5520 on localhost:11225 at 23:31:48.340
starting worker pid=5544 on localhost:11225 at 23:31:48.631
starting worker pid=5568 on localhost:11225 at 23:31:48.941
starting worker pid=5593 on localhost:11225 at 23:31:49.230
Loading required package: lattice
Loading required package: lattice
Loading required package: lattice
Loading required package: lattice
Loading required package: lattice
Loading required package: lattice
Loading required package: lattice
Loading required package: lattice
Loading required package: lattice
Loading required package: lattice
Loading required package: ggplot2
Loading required package: ggplot2
Loading required package: ggplot2
Loading required package: ggplot2
Loading required package: ggplot2
Loading required package: ggplot2
Loading required package: ggplot2
Loading required package: ggplot2
Loading required package: ggplot2
Loading required package: ggplot2
Registered S3 methods overwritten by 'ggplot2':
  method         from 
  [.quosures     rlang
  c.quosures     rlang
  print.quosures rlang
Registered S3 methods overwritten by 'ggplot2':
  method         from 
  [.quosures     rlang
  c.quosures     rlang
  print.quosures rlang
Registered S3 methods overwritten by 'ggplot2':
  method         from 
  [.quosures     rlang
  c.quosures     rlang
  print.quosures rlang
Registered S3 methods overwritten by 'ggplot2':
  method         from 
  [.quosures     rlang
  c.quosures     rlang
  print.quosures rlang
Registered S3 methods overwritten by 'ggplot2':
  method         from 
  [.quosures     rlang
  c.quosures     rlang
  print.quosures rlang
Registered S3 methods overwritten by 'ggplot2':
  method         from 
  [.quosures     rlang
  c.quosures     rlang
  print.quosures rlang
Registered S3 methods overwritten by 'ggplot2':
  method         from 
  [.quosures     rlang
  c.quosures     rlang
  print.quosures rlang
Registered S3 methods overwritten by 'ggplot2':
  method         from 
  [.quosures     rlang
  c.quosures     rlang
  print.quosures rlang
Registered S3 methods overwritten by 'ggplot2':
  method         from 
  [.quosures     rlang
  c.quosures     rlang
  print.quosures rlang
Registered S3 methods overwritten by 'ggplot2':
  method         from 
  [.quosures     rlang
  c.quosures     rlang
  print.quosures rlang
Registered S3 method overwritten by 'rvest':
  method            from
  read_xml.response xml2
Registered S3 method overwritten by 'rvest':
  method            from
  read_xml.response xml2
Registered S3 method overwritten by 'rvest':
  method            from
  read_xml.response xml2
Registered S3 method overwritten by 'rvest':
  method            from
  read_xml.response xml2
Registered S3 method overwritten by 'rvest':
  method            from
  read_xml.response xml2
Registered S3 method overwritten by 'rvest':
  method            from
  read_xml.response xml2
Registered S3 method overwritten by 'rvest':
  method            from
  read_xml.response xml2
── Attaching packages ─────────────────────────────────────── tidyverse 1.2.1 ──
── Attaching packages ─────────────────────────────────────── tidyverse 1.2.1 ──
Registered S3 method overwritten by 'rvest':
  method            from
  read_xml.response xml2
── Attaching packages ─────────────────────────────────────── tidyverse 1.2.1 ──
Registered S3 method overwritten by 'rvest':
  method            from
  read_xml.response xml2
✔ tibble  2.1.1       ✔ purrr   0.3.2  
✔ tidyr   0.8.3       ✔ dplyr   0.8.0.1
✔ readr   1.3.1       ✔ stringr 1.4.0  
✔ tibble  2.1.1       ✔ forcats 0.4.0  
✔ tibble  2.1.1       ✔ purrr   0.3.2  
✔ tidyr   0.8.3       ✔ dplyr   0.8.0.1
✔ readr   1.3.1       ✔ stringr 1.4.0  
✔ tibble  2.1.1       ✔ forcats 0.4.0  
── Attaching packages ─────────────────────────────────────── tidyverse 1.2.1 ──
✔ tibble  2.1.1       ✔ purrr   0.3.2  
✔ tidyr   0.8.3       ✔ dplyr   0.8.0.1
✔ readr   1.3.1       ✔ stringr 1.4.0  
✔ tibble  2.1.1       ✔ forcats 0.4.0  
✔ tibble  2.1.1       ✔ purrr   0.3.2  
✔ tidyr   0.8.3       ✔ dplyr   0.8.0.1
✔ readr   1.3.1       ✔ stringr 1.4.0  
✔ tibble  2.1.1       ✔ forcats 0.4.0  
── Attaching packages ─────────────────────────────────────── tidyverse 1.2.1 ──
── Attaching packages ─────────────────────────────────────── tidyverse 1.2.1 ──
✔ tibble  2.1.1       ✔ purrr   0.3.2  
✔ tidyr   0.8.3       ✔ dplyr   0.8.0.1
✔ readr   1.3.1       ✔ stringr 1.4.0  
✔ tibble  2.1.1       ✔ forcats 0.4.0  
Registered S3 method overwritten by 'rvest':
  method            from
  read_xml.response xml2
── Attaching packages ─────────────────────────────────────── tidyverse 1.2.1 ──
✔ tibble  2.1.1       ✔ purrr   0.3.2  
✔ tidyr   0.8.3       ✔ dplyr   0.8.0.1
✔ readr   1.3.1       ✔ stringr 1.4.0  
✔ tibble  2.1.1       ✔ forcats 0.4.0  
✔ tibble  2.1.1       ✔ purrr   0.3.2  
✔ tidyr   0.8.3       ✔ dplyr   0.8.0.1
✔ readr   1.3.1       ✔ stringr 1.4.0  
✔ tibble  2.1.1       ✔ forcats 0.4.0  
── Attaching packages ─────────────────────────────────────── tidyverse 1.2.1 ──
── Attaching packages ─────────────────────────────────────── tidyverse 1.2.1 ──
✔ tibble  2.1.1       ✔ purrr   0.3.2  
✔ tidyr   0.8.3       ✔ dplyr   0.8.0.1
✔ readr   1.3.1       ✔ stringr 1.4.0  
✔ tibble  2.1.1       ✔ forcats 0.4.0  
✔ tibble  2.1.1       ✔ purrr   0.3.2  
✔ tidyr   0.8.3       ✔ dplyr   0.8.0.1
✔ readr   1.3.1       ✔ stringr 1.4.0  
✔ tibble  2.1.1       ✔ forcats 0.4.0  
── Conflicts ────────────────────────────────────────── tidyverse_conflicts() ──
✖ dplyr::filter() masks stats::filter()
✖ dplyr::lag()    masks stats::lag()
✖ purrr::lift()   masks caret::lift()
── Conflicts ────────────────────────────────────────── tidyverse_conflicts() ──
✖ dplyr::filter() masks stats::filter()
✖ dplyr::lag()    masks stats::lag()
✖ purrr::lift()   masks caret::lift()
── Conflicts ────────────────────────────────────────── tidyverse_conflicts() ──
✖ dplyr::filter() masks stats::filter()
✖ dplyr::lag()    masks stats::lag()
✖ purrr::lift()   masks caret::lift()
── Attaching packages ─────────────────────────────────────── tidyverse 1.2.1 ──
── Conflicts ────────────────────────────────────────── tidyverse_conflicts() ──
✖ dplyr::filter() masks stats::filter()
✖ dplyr::lag()    masks stats::lag()
✖ purrr::lift()   masks caret::lift()
✔ tibble  2.1.1       ✔ purrr   0.3.2  
✔ tidyr   0.8.3       ✔ dplyr   0.8.0.1
✔ readr   1.3.1       ✔ stringr 1.4.0  
✔ tibble  2.1.1       ✔ forcats 0.4.0  
── Conflicts ────────────────────────────────────────── tidyverse_conflicts() ──
✖ dplyr::filter() masks stats::filter()
✖ dplyr::lag()    masks stats::lag()
✖ purrr::lift()   masks caret::lift()
── Conflicts ────────────────────────────────────────── tidyverse_conflicts() ──
✖ dplyr::filter() masks stats::filter()
✖ dplyr::lag()    masks stats::lag()
✖ purrr::lift()   masks caret::lift()
── Conflicts ────────────────────────────────────────── tidyverse_conflicts() ──
✖ dplyr::filter() masks stats::filter()
✖ dplyr::lag()    masks stats::lag()
✖ purrr::lift()   masks caret::lift()
── Conflicts ────────────────────────────────────────── tidyverse_conflicts() ──
✖ dplyr::filter() masks stats::filter()
✖ dplyr::lag()    masks stats::lag()
✖ purrr::lift()   masks caret::lift()
── Conflicts ────────────────────────────────────────── tidyverse_conflicts() ──
✖ dplyr::filter() masks stats::filter()
✖ dplyr::lag()    masks stats::lag()
✖ purrr::lift()   masks caret::lift()
── Conflicts ────────────────────────────────────────── tidyverse_conflicts() ──
✖ dplyr::filter() masks stats::filter()
✖ dplyr::lag()    masks stats::lag()
✖ purrr::lift()   masks caret::lift()

Attaching package: ‘kernlab’

The following object is masked from ‘package:purrr’:

    cross

The following object is masked from ‘package:ggplot2’:

    alpha

Loading required package: foreach

Attaching package: ‘kernlab’


Attaching package: ‘foreach’

The following objects are masked from ‘package:purrr’:

    accumulate, when

The following object is masked from ‘package:purrr’:

    cross

The following object is masked from ‘package:ggplot2’:

    alpha

Loading required package: rngtools
Loading required package: foreach

Attaching package: ‘kernlab’

The following object is masked from ‘package:purrr’:

    cross

Loading required package: pkgmaker
The following object is masked from ‘package:ggplot2’:

    alpha


Attaching package: ‘foreach’

The following objects are masked from ‘package:purrr’:

    accumulate, when

Loading required package: foreach
Loading required package: registry
Loading required package: rngtools
Loading required package: pkgmaker

Attaching package: ‘foreach’

The following objects are masked from ‘package:purrr’:

    accumulate, when

Loading required package: rngtools
Loading required package: registry
Loading required package: pkgmaker
Loading required package: registry

Attaching package: ‘kernlab’

The following object is masked from ‘package:purrr’:

    cross

The following object is masked from ‘package:ggplot2’:

    alpha

Loading required package: foreach

Attaching package: ‘kernlab’

The following object is masked from ‘package:purrr’:

    cross

The following object is masked from ‘package:ggplot2’:

    alpha


Attaching package: ‘foreach’

The following objects are masked from ‘package:purrr’:

    accumulate, when

Loading required package: rngtools
Loading required package: foreach
Loading required package: pkgmaker

Attaching package: ‘foreach’

The following objects are masked from ‘package:purrr’:

    accumulate, when

Loading required package: registry

Attaching package: ‘kernlab’

The following object is masked from ‘package:purrr’:

    cross

The following object is masked from ‘package:ggplot2’:

    alpha

Loading required package: rngtools

Attaching package: ‘kernlab’

The following object is masked from ‘package:purrr’:

    cross

The following object is masked from ‘package:ggplot2’:

    alpha

Loading required package: foreach
Loading required package: pkgmaker

Attaching package: ‘pkgmaker’

The following object is masked from ‘package:base’:

    isFALSE

Loading required package: foreach
Loading required package: registry

Attaching package: ‘foreach’

The following objects are masked from ‘package:purrr’:

    accumulate, when


Attaching package: ‘foreach’

The following objects are masked from ‘package:purrr’:

    accumulate, when

Loading required package: rngtools
Loading required package: rngtools

Attaching package: ‘pkgmaker’


Attaching package: ‘pkgmaker’

The following object is masked from ‘package:base’:

    isFALSE

The following object is masked from ‘package:base’:

    isFALSE

Loading required package: pkgmaker
Loading required package: pkgmaker

Attaching package: ‘kernlab’

The following object is masked from ‘package:purrr’:

    cross

The following object is masked from ‘package:ggplot2’:

    alpha

Loading required package: registry
Loading required package: registry
Loading required package: foreach

Attaching package: ‘kernlab’


Attaching package: ‘foreach’

The following objects are masked from ‘package:purrr’:

    accumulate, when

The following object is masked from ‘package:purrr’:

    cross

The following object is masked from ‘package:ggplot2’:

    alpha

Loading required package: rngtools

Attaching package: ‘kernlab’

The following object is masked from ‘package:purrr’:

    cross

The following object is masked from ‘package:ggplot2’:

    alpha

Loading required package: foreach
Loading required package: pkgmaker
Loading required package: foreach

Attaching package: ‘pkgmaker’

The following object is masked from ‘package:base’:

    isFALSE


Attaching package: ‘foreach’

The following objects are masked from ‘package:purrr’:

    accumulate, when

Loading required package: registry
Loading required package: rngtools

Attaching package: ‘foreach’

The following objects are masked from ‘package:purrr’:

    accumulate, when

Loading required package: rngtools
Loading required package: pkgmaker
Loading required package: pkgmaker

Attaching package: ‘pkgmaker’

The following object is masked from ‘package:base’:

    isFALSE

Loading required package: registry
Loading required package: registry

Attaching package: ‘pkgmaker’

The following object is masked from ‘package:base’:

    isFALSE


Attaching package: ‘pkgmaker’

The following object is masked from ‘package:base’:

    isFALSE


Attaching package: ‘pkgmaker’

The following object is masked from ‘package:base’:

    isFALSE


Attaching package: ‘pkgmaker’

The following object is masked from ‘package:base’:

    isFALSE


Attaching package: ‘pkgmaker’

The following object is masked from ‘package:base’:

    isFALSE

Pancreatic_Cancer
Pancreatic_Cancer
Pancreatic_Cancer
Pancreatic_Cancer
Pancreatic_Cancer
Pancreatic_Cancer
Pancreatic_Cancer
Pancreatic_Cancer
Pancreatic_Cancer
Pancreatic_Cancer
CV repetition number: 1
CV repetition number: 2
CV repetition number: 4
CV repetition number: 3
CV repetition number: 6
CV repetition number: 5
CV repetition number: 8
CV repetition number: 7
CV repetition number: 9
CV repetition number: 10
CV inner loop, CV rep number: 2
CV inner loop, CV rep number: 1
CV inner loop, CV rep number: 4
CV inner loop, CV rep number: 3
CV inner loop, CV rep number: 6
CV inner loop, CV rep number: 8
CV inner loop, CV rep number: 5
CV inner loop, CV rep number: 9
CV inner loop, CV rep number: 7
CV inner loop, CV rep number: 10
maximum number of iterations reached 4.11181e-05 -4.099521e-05maximum number of iterations reached 2.350816e-05 -2.34615e-05maximum number of iterations reached 1.423394e-05 -1.42115e-05maximum number of iterations reached 1.792113e-05 -1.788925e-05maximum number of iterations reached 8.30484e-05 -8.270534e-05maximum number of iterations reached 8.37408e-05 -8.329786e-05maximum number of iterations reached 0.0006004118 -0.0005895345maximum number of iterations reached 2.053388e-05 -2.050291e-05maximum number of iterations reached 3.624836e-05 -3.613824e-05maximum number of iterations reached 1.279027e-05 -1.277525e-05besttune C
2
besttune degree
2
besttune scale
0.01
besttune C
1
besttune degree
2
besttune scale
0.001
CV inner loop, CV rep number: 10
CV inner loop, CV rep number: 10
besttune C
0.25
besttune degree
3
besttune scale
0.01
CV inner loop, CV rep number: 10
besttune C
0.25
besttune degree
1
besttune scale
10
besttune C
0.25
besttune degree
2
besttune scale
0.1
besttune C
0.5
besttune degree
1
besttune scale
10
besttune C
0.25
besttune degree
1
besttune scale
0.01
CV inner loop, CV rep number: 10
CV inner loop, CV rep number: 10
besttune C
1
besttune degree
1
besttune scale
1
besttune C
0.25
besttune degree
1
besttune scale
10
CV inner loop, CV rep number: 10
CV inner loop, CV rep number: 10
CV inner loop, CV rep number: 10
besttune C
2
besttune degree
3
besttune scale
10
CV inner loop, CV rep number: 10
CV inner loop, CV rep number: 10
maximum number of iterations reached 1.273891e-05 -1.27229e-05maximum number of iterations reached 2.36699e-05 -2.362611e-05maximum number of iterations reached 1.131366e-05 -1.129579e-05maximum number of iterations reached 0.0002009039 -0.000199055maximum number of iterations reached 1.392311e-05 -1.389583e-05maximum number of iterations reached 3.026331e-05 -3.018441e-05maximum number of iterations reached 1.083625e-05 -1.081934e-05besttune C
1
besttune degree
3
besttune scale
10
CV inner loop, CV rep number: 10
maximum number of iterations reached 0.0002898924 -0.0002867731maximum number of iterations reached 3.749448e-05 -3.740779e-05besttune C
0.25
besttune degree
1
besttune scale
0.001
maximum number of iterations reached 0.0003111974 -0.0003081272maximum number of iterations reached 2.260357e-05 -2.256049e-05maximum number of iterations reached 0.0008540079 -0.0008359623maximum number of iterations reached 1.039096e-05 -1.038012e-05maximum number of iterations reached 2.832447e-05 -2.827831e-05maximum number of iterations reached 0.001867648 -0.001827418CV inner loop, CV rep number: 10
besttune C
4
besttune degree
3
besttune scale
0.001
CV inner loop, CV rep number: 10
maximum number of iterations reached 0.0002920104 -0.0002892807besttune C
0.5
besttune degree
2
besttune scale
0.01
maximum number of iterations reached 3.482913e-05 -3.474507e-05besttune C
0.5
besttune degree
1
besttune scale
10
maximum number of iterations reached 1.578033e-05 -1.575495e-05CV inner loop, CV rep number: 10
besttune C
2
besttune degree
3
besttune scale
10
besttune C
0.25
besttune degree
1
besttune scale
0.1
CV inner loop, CV rep number: 10
CV inner loop, CV rep number: 10
besttune C
0.25
besttune degree
1
besttune scale
1
besttune C
0.25
besttune degree
1
besttune scale
0.01
CV inner loop, CV rep number: 10
besttune C
0.5
besttune degree
1
besttune scale
10
CV inner loop, CV rep number: 10
CV inner loop, CV rep number: 10
CV inner loop, CV rep number: 10
maximum number of iterations reached 7.193225e-05 -7.175692e-05maximum number of iterations reached 5.144491e-05 -5.128596e-05maximum number of iterations reached 0.0001340361 -0.0001331497besttune C
0.25
besttune degree
1
besttune scale
10
CV inner loop, CV rep number: 10
maximum number of iterations reached 2.650205e-05 -2.643938e-05besttune C
0.5
besttune degree
2
besttune scale
0.1
CV inner loop, CV rep number: 10
maximum number of iterations reached 8.29433e-05 -8.254895e-05maximum number of iterations reached 2.242473e-05 -2.236993e-05besttune C
0.25
besttune degree
1
besttune scale
10
maximum number of iterations reached 1.148074e-05 -1.14729e-05besttune C
2
besttune degree
3
besttune scale
0.01
CV inner loop, CV rep number: 10
CV inner loop, CV rep number: 10
maximum number of iterations reached 2.454483e-05 -2.450329e-05besttune C
1
besttune degree
2
besttune scale
0.01
besttune C
0.5
besttune degree
2
besttune scale
0.01
besttune C
0.5
besttune degree
1
besttune scale
10
maximum number of iterations reached 2.552502e-05 -2.548585e-05maximum number of iterations reached 9.74672e-05 -9.694399e-05CV inner loop, CV rep number: 10
besttune C
2
besttune degree
1
besttune scale
0.001
maximum number of iterations reached 1.534085e-05 -1.530938e-05CV inner loop, CV rep number: 10
CV inner loop, CV rep number: 10
CV inner loop, CV rep number: 10
besttune C
2
besttune degree
3
besttune scale
0.01
besttune C
1
besttune degree
3
besttune scale
0.01
CV inner loop, CV rep number: 10
CV inner loop, CV rep number: 10
besttune C
4
besttune degree
3
besttune scale
0.01
maximum number of iterations reached 1.293636e-05 -1.291428e-05CV inner loop, CV rep number: 10
maximum number of iterations reached 1.252223e-05 -1.250657e-05maximum number of iterations reached 1.903988e-05 -1.901013e-05maximum number of iterations reached 2.705331e-05 -2.700063e-05besttune C
0.25
besttune degree
1
besttune scale
10
CV inner loop, CV rep number: 10
maximum number of iterations reached 1.323983e-05 -1.322008e-05line search fails -0.003020744 -1.710289 1.055839e-05 1.069867e-07 -1.100178e-09 -8.299159e-10 -1.17049e-14besttune C
0.25
besttune degree
1
besttune scale
0.001
maximum number of iterations reached 0.0002828003 -0.0002805294maximum number of iterations reached 3.710398e-05 -3.700497e-05maximum number of iterations reached 0.00155629 -0.00151241maximum number of iterations reached 0.0004060841 -0.0004005805CV inner loop, CV rep number: 10
maximum number of iterations reached 1.216162e-05 -1.21484e-05besttune C
0.25
besttune degree
3
besttune scale
0.01
maximum number of iterations reached 4.452226e-05 -4.440677e-05CV inner loop, CV rep number: 10
maximum number of iterations reached 6.952307e-05 -6.926048e-05maximum number of iterations reached 9.327833e-06 -9.317707e-06besttune C
0.25
besttune degree
1
besttune scale
10
CV inner loop, CV rep number: 10
besttune C
1
besttune degree
1
besttune scale
1
CV inner loop, CV rep number: 10
besttune C
0.25
besttune degree
2
besttune scale
0.01
maximum number of iterations reached 1.901119e-05 -1.897564e-05CV inner loop, CV rep number: 10
maximum number of iterations reached 1.026651e-05 -1.025547e-05besttune C
0.5
besttune degree
2
besttune scale
0.1
besttune C
2
besttune degree
3
besttune scale
10
besttune C
0.5
besttune degree
2
besttune scale
10
besttune C
4
besttune degree
3
besttune scale
0.01
CV inner loop, CV rep number: 10
CV inner loop, CV rep number: 10
CV inner loop, CV rep number: 10
CV inner loop, CV rep number: 10
besttune C
0.25
besttune degree
3
besttune scale
10
maximum number of iterations reached 8.233164e-05 -8.193655e-05CV inner loop, CV rep number: 10
maximum number of iterations reached 1.533909e-05 -1.532019e-05maximum number of iterations reached 1.335082e-05 -1.333238e-05maximum number of iterations reached 1.461007e-05 -1.458938e-05maximum number of iterations reached 6.892317e-05 -6.868907e-05maximum number of iterations reached 9.36702e-06 -9.359437e-06maximum number of iterations reached 9.547644e-06 -9.53422e-06besttune C
2
besttune degree
3
besttune scale
0.01
maximum number of iterations reached 0.0001019195 -0.0001014109CV inner loop, CV rep number: 10
maximum number of iterations reached 2.202527e-05 -2.199172e-05besttune C
1
besttune degree
3
besttune scale
10
CV inner loop, CV rep number: 10
maximum number of iterations reached 1.854035e-05 -1.851078e-05maximum number of iterations reached 1.780288e-05 -1.777192e-05besttune C
0.25
besttune degree
1
besttune scale
0.01
CV inner loop, CV rep number: 10
maximum number of iterations reached 9.458109e-06 -9.450692e-06besttune C
4
besttune degree
2
besttune scale
0.01
maximum number of iterations reached 2.261301e-05 -2.257932e-05maximum number of iterations reached 3.941166e-05 -3.930574e-05CV inner loop, CV rep number: 10
maximum number of iterations reached 9.363906e-06 -9.35145e-06maximum number of iterations reached 4.406435e-05 -4.393383e-05besttune C
0.25
besttune degree
1
besttune scale
1
maximum number of iterations reached 1.361063e-05 -1.359054e-05CV inner loop, CV rep number: 10
besttune C
0.25
besttune degree
1
besttune scale
10
maximum number of iterations reached 6.76485e-05 -6.737935e-05besttune C
0.5
besttune degree
3
besttune scale
10
CV inner loop, CV rep number: 10
besttune C
0.25
besttune degree
1
besttune scale
0.01
CV inner loop, CV rep number: 10
CV inner loop, CV rep number: 10
besttune C
0.25
besttune degree
1
besttune scale
0.01
CV inner loop, CV rep number: 10
besttune C
1
besttune degree
1
besttune scale
1
CV inner loop, CV rep number: 10
maximum number of iterations reached 9.266179e-05 -9.220451e-05besttune C
0.25
besttune degree
2
besttune scale
0.1
CV inner loop, CV rep number: 10
maximum number of iterations reached 3.552421e-05 -3.541188e-05besttune C
0.25
besttune degree
1
besttune scale
10
besttune C
0.25
besttune degree
1
besttune scale
10
CV inner loop, CV rep number: 10
CV inner loop, CV rep number: 10
besttune C
0.25
besttune degree
1
besttune scale
1
CV inner loop, CV rep number: 10
maximum number of iterations reached 3.644985e-05 -3.636378e-05maximum number of iterations reached 5.804544e-05 -5.785891e-05besttune C
0.25
besttune degree
1
besttune scale
0.1
CV inner loop, CV rep number: 10
maximum number of iterations reached 1.293995e-05 -1.292466e-05besttune C
2
besttune degree
3
besttune scale
0.01
maximum number of iterations reached 9.922702e-06 -9.914499e-06maximum number of iterations reached 0.0004954638 -0.0004879451CV inner loop, CV rep number: 10
maximum number of iterations reached 1.893727e-05 -1.890205e-05maximum number of iterations reached 3.037881e-05 -3.029407e-05maximum number of iterations reached 1.580716e-05 -1.578032e-05maximum number of iterations reached 3.665637e-05 -3.655861e-05besttune C
0.25
besttune degree
1
besttune scale
0.001
maximum number of iterations reached 0.0001250832 -0.0001245833maximum number of iterations reached 1.305047e-05 -1.304869e-05maximum number of iterations reached 0.0004300181 -0.0004245615maximum number of iterations reached 0.0007492139 -0.0007333658maximum number of iterations reached 9.966687e-05 -9.924504e-05besttune C
1
besttune degree
3
besttune scale
10
besttune C
0.25
besttune degree
1
besttune scale
0.001
CV inner loop, CV rep number: 10
maximum number of iterations reached 0.0006839186 -0.0006751124maximum number of iterations reached 0.000158305 -0.000157475maximum number of iterations reached 2.796289e-05 -2.791984e-05maximum number of iterations reached 0.001463833 -0.001431751CV inner loop, CV rep number: 10
CV inner loop, CV rep number: 10
maximum number of iterations reached 0.000103989 -0.000103449besttune C
0.25
besttune degree
2
besttune scale
0.1
besttune C
4
besttune degree
1
besttune scale
0.1
besttune C
0.25
besttune degree
3
besttune scale
0.01
CV inner loop, CV rep number: 10
CV inner loop, CV rep number: 10
besttune C
0.5
besttune degree
3
besttune scale
0.01
CV inner loop, CV rep number: 10
CV inner loop, CV rep number: 10
line search fails -0.006352916 -1.730474 1.145543e-05 2.616352e-07 -1.435726e-09 -4.794158e-09 -1.770117e-14maximum number of iterations reached 0.0002814043 -0.0002784835maximum number of iterations reached 2.377576e-05 -2.372917e-05maximum number of iterations reached 3.91188e-05 -3.900301e-05maximum number of iterations reached 3.260313e-05 -3.255717e-05besttune C
4
besttune degree
1
besttune scale
10
maximum number of iterations reached 1.124831e-05 -1.123706e-05besttune C
4
besttune degree
3
besttune scale
0.01
CV inner loop, CV rep number: 10
CV inner loop, CV rep number: 10
maximum number of iterations reached 1.920101e-05 -1.916996e-05besttune C
0.25
besttune degree
1
besttune scale
0.01
CV inner loop, CV rep number: 10
maximum number of iterations reached 1.935159e-05 -1.931682e-05maximum number of iterations reached 2.098062e-05 -2.094292e-05maximum number of iterations reached 1.160642e-05 -1.159455e-05besttune C
0.25
besttune degree
1
besttune scale
10
besttune C
1
besttune degree
1
besttune scale
10
CV inner loop, CV rep number: 10
CV inner loop, CV rep number: 10
maximum number of iterations reached 1.362911e-05 -1.361755e-05maximum number of iterations reached 2.98767e-05 -2.980092e-05besttune C
1
besttune degree
3
besttune scale
0.01
besttune C
1
besttune degree
3
besttune scale
0.01
besttune C
0.5
besttune degree
2
besttune scale
0.01
besttune C
0.25
besttune degree
2
besttune scale
1
CV inner loop, CV rep number: 10
CV inner loop, CV rep number: 10
CV inner loop, CV rep number: 10
CV inner loop, CV rep number: 10
besttune C
4
besttune degree
1
besttune scale
0.01
CV inner loop, CV rep number: 10
maximum number of iterations reached 0.0001404282 -0.0001393594maximum number of iterations reached 1.053111e-05 -1.052146e-05maximum number of iterations reached 2.440256e-05 -2.435161e-05maximum number of iterations reached 5.231936e-05 -5.21487e-05maximum number of iterations reached 2.153108e-05 -2.150386e-05maximum number of iterations reached 5.777813e-05 -5.756578e-05maximum number of iterations reached 0.0005584587 -0.0005484384besttune C
2
besttune degree
3
besttune scale
0.01
maximum number of iterations reached 0.0002476654 -0.0002449415besttune C
0.5
besttune degree
3
besttune scale
0.1
CV inner loop, CV rep number: 10
CV inner loop, CV rep number: 10
maximum number of iterations reached 1.375081e-05 -1.37343e-05besttune C
0.25
besttune degree
3
besttune scale
0.01
besttune C
0.25
besttune degree
1
besttune scale
0.001
maximum number of iterations reached 0.0008995703 -0.0008826638maximum number of iterations reached 0.0018478 -0.001803378CV inner loop, CV rep number: 10
maximum number of iterations reached 2.473473e-05 -2.470067e-05maximum number of iterations reached 0.0001035199 -0.0001029052besttune C
4
besttune degree
3
besttune scale
0.01
maximum number of iterations reached 0.0005590035 -0.0005522222CV inner loop, CV rep number: 10
CV inner loop, CV rep number: 10
maximum number of iterations reached 0.0002107171 -0.0002087452maximum number of iterations reached 2.524902e-05 -2.520362e-05maximum number of iterations reached 1.84245e-05 -1.838831e-05maximum number of iterations reached 2.074962e-05 -2.071469e-05maximum number of iterations reached 0.0001100177 -0.0001093283maximum number of iterations reached 9.603958e-06 -9.59631e-06besttune C
0.25
besttune degree
1
besttune scale
10
CV inner loop, CV rep number: 10
maximum number of iterations reached 4.976837e-05 -4.956326e-05besttune C
0.25
besttune degree
1
besttune scale
0.001
maximum number of iterations reached 0.001440187 -0.001409417besttune C
0.25
besttune degree
1
besttune scale
10
maximum number of iterations reached 9.968666e-06 -9.956757e-06maximum number of iterations reached 0.0003617471 -0.0003578699maximum number of iterations reached 6.049132e-05 -6.028306e-05maximum number of iterations reached 9.61867e-05 -9.565345e-05maximum number of iterations reached 3.231412e-05 -3.227175e-05besttune C
0.5
besttune degree
1
besttune scale
10
maximum number of iterations reached 0.0001716331 -0.0001704842CV inner loop, CV rep number: 10
CV inner loop, CV rep number: 10
maximum number of iterations reached 1.331806e-05 -1.329522e-05maximum number of iterations reached 2.133084e-05 -2.129662e-05CV inner loop, CV rep number: 10
maximum number of iterations reached 9.72292e-06 -9.707416e-06line search fails -0.008551717 -1.694758 1.038614e-05 4.165137e-07 -9.533606e-10 -1.502934e-08 -1.616166e-14maximum number of iterations reached 9.592014e-06 -9.58161e-06besttune C
4
besttune degree
3
besttune scale
0.01
maximum number of iterations reached 3.794571e-05 -3.785465e-05maximum number of iterations reached 7.228752e-05 -7.195264e-05CV inner loop, CV rep number: 10
maximum number of iterations reached 5.082857e-05 -5.064548e-05maximum number of iterations reached 1.36647e-05 -1.364601e-05besttune C
4
besttune degree
2
besttune scale
0.01
besttune C
0.5
besttune degree
1
besttune scale
0.001
besttune C
2
besttune degree
3
besttune scale
0.01
maximum number of iterations reached 1.965171e-05 -1.962173e-05maximum number of iterations reached 1.107608e-05 -1.106915e-05maximum number of iterations reached 6.755013e-05 -6.722554e-05maximum number of iterations reached 2.216879e-05 -2.212493e-05CV inner loop, CV rep number: 10
maximum number of iterations reached 1.613225e-05 -1.611105e-05besttune C
0.5
besttune degree
1
besttune scale
1
besttune C
0.5
besttune degree
1
besttune scale
10
CV inner loop, CV rep number: 10
maximum number of iterations reached 1.285913e-05 -1.284371e-05maximum number of iterations reached 1.322758e-05 -1.320812e-05maximum number of iterations reached 3.858382e-05 -3.849433e-05maximum number of iterations reached 1.323864e-05 -1.322024e-05besttune C
2
besttune degree
2
besttune scale
0.01
besttune C
2
besttune degree
1
besttune scale
10
besttune C
1
besttune degree
3
besttune scale
0.01
besttune C
0.25
besttune degree
1
besttune scale
0.1
CV inner loop, CV rep number: 10
CV inner loop, CV rep number: 10
besttune C
0.25
besttune degree
1
besttune scale
10
CV inner loop, CV rep number: 10
besttune C
0.5
besttune degree
1
besttune scale
0.001
besttune C
0.25
besttune degree
1
besttune scale
0.001
maximum number of iterations reached 1.66702e-05 -1.66443e-05besttune C
4
besttune degree
2
besttune scale
0.01
besttune C
2
besttune degree
2
besttune scale
0.01
besttune C
2
besttune degree
1
besttune scale
0.01
Warning messages:
1: [1]In method$predict(modelFit = modelFit, newdata = newdata, submodels = param) : "Results: "

  kernlab class prediction calculations failed; returning NAs
Warning messages:
1: In method$predict(modelFit = modelFit, newdata = newdata, submodels = param) :
  kernlab class prediction calculations failed; returning NAs
Warning messages:
1: In method$predict(modelFit = modelFit, newdata = newdata, submodels = param) : 
  observed CV_rep kernlab class prediction calculations failed; returning NAs
 {class_type}_pred
12:     Other      1In method$prob(modelFit = modelFit, newdata = newdata, submodels = param) :         0.1347093
2
     Other      1 kernlab class probability calculations failed; returning NAs
         0.1452292
33:     Other      1In data.frame(..., check.names = FALSE) :         0.2431809
4
     Other      1 row names were found from a short variable and have been discarded
         0.1221034
54:     Other      1In nominalTrainWorkflow(x = x, y = y, wts = weights, info = trainInfo,  :         0.1389540
6
     Other      1 There were missing values in resampled performance measures.
         0.1464118
2: In method$prob(modelFit = modelFit, newdata = newdata, submodels = param) :
  kernlab class probability calculations failed; returning NAs
3: In data.frame(..., check.names = FALSE) :
  row names were found from a short variable and have been discarded
4: In nominalTrainWorkflow(x = x, y = y, wts = weights, info = trainInfo,  :
  There were missing values in resampled performance measures.
2: In method$prob(modelFit = modelFit, newdata = newdata, submodels = param) :
  kernlab class probability calculations failed; returning NAs
3: In data.frame(..., check.names = FALSE) :
  row names were found from a short variable and have been discarded
4: In nominalTrainWorkflow(x = x, y = y, wts = weights, info = trainInfo,  :
  There were missing values in resampled performance measures.
[Tue Nov 30 00:10:57 2021]
Finished job 0.
1 of 1 steps (100%) done
