Building DAG of jobs...
Using shell: /usr/bin/bash
Provided cores: 10
Rules claiming more threads will be scaled down.
Select jobs to execute...

[Mon Nov 29 22:55:02 2021]
rule PCA_binomial_classification:
    input: data/ATAC_predictions_train_20_predict_80/PCA_ATAC_pred_lasso_formatted_standardized.rds, data/sample_types.txt
    output: Classification_output/Binomial_models_output/Lasso_Predictions_PCA_Ovarian_Cancer.rds
    jobid: 0
    wildcards: model_binomial=Lasso, class_type=Ovarian_Cancer
    threads: 10
    resources: mem_mb=200000, disk_mb=1000, tmpdir=/scratch/57574948, time=20:00:00

Rscript --vanilla /faststorage/project/DELFI1/Workspaces/CarmenAndAnika/.snakemake/scripts/tmpijv5vk6y.Lasso.R
Activating conda environment: /faststorage/project/DELFI1/Workspaces/CarmenAndAnika/.snakemake/conda/411837606499b7823565885a8a388b12
Registered S3 methods overwritten by 'ggplot2':
  method         from 
  [.quosures     rlang
  c.quosures     rlang
  print.quosures rlang
Registered S3 method overwritten by 'rvest':
  method            from
  read_xml.response xml2
── Attaching packages ─────────────────────────────────────── tidyverse 1.2.1 ──
✔ ggplot2 3.1.1       ✔ purrr   0.3.2  
✔ tibble  2.1.1       ✔ dplyr   0.8.0.1
✔ tidyr   0.8.3       ✔ stringr 1.4.0  
✔ readr   1.3.1       ✔ forcats 0.4.0  
── Conflicts ────────────────────────────────────────── tidyverse_conflicts() ──
✖ dplyr::filter() masks stats::filter()
✖ dplyr::lag()    masks stats::lag()
Type 'citation("pROC")' for a citation.

Attaching package: ‘pROC’

The following objects are masked from ‘package:stats’:

    cov, smooth, var

Loading required package: Matrix

Attaching package: ‘Matrix’

The following object is masked from ‘package:tidyr’:

    expand

Loading required package: foreach

Attaching package: ‘foreach’

The following objects are masked from ‘package:purrr’:

    accumulate, when

Loaded glmnet 2.0-16


Attaching package: ‘glmnet’

The following object is masked from ‘package:pROC’:

    auc


Attaching package: ‘glmnetUtils’

The following objects are masked from ‘package:glmnet’:

    cv.glmnet, glmnet

Warning message:
package ‘glmnetUtils’ was built under R version 3.6.3 
Warning: unable to access index for repository http://cran.us.r-project.org/src/contrib/splitTools_0.3.1.tar.gz/src/contrib:
  cannot open URL 'http://cran.us.r-project.org/src/contrib/splitTools_0.3.1.tar.gz/src/contrib/PACKAGES'
Warning message:
package ‘splitTools’ is not available (for R version 3.6.1) 
Warning message:
package ‘multiROC’ was built under R version 3.6.3 
dummies-1.5.6 provided by Decision Patterns

Warning message:
package ‘dummies’ was built under R version 3.6.3 
Loading required package: gplots

Attaching package: ‘gplots’

The following object is masked from ‘package:stats’:

    lowess

Loading required package: iterators
Loading required package: parallel
Loading required package: rngtools
Loading required package: pkgmaker
Loading required package: registry

Attaching package: ‘pkgmaker’

The following object is masked from ‘package:base’:

    isFALSE

Gastric_cancerOvarian_CancerLung_CancerBile_Duct_CancerPancreatic_CancerDuodenal_CancerBreast_CancerColorectal_Cancer
[1] "Sample_type levels"
[1] "Cancer" "Other" 
starting worker pid=28920 on localhost:11219 at 22:55:07.045
starting worker pid=28944 on localhost:11219 at 22:55:07.292
starting worker pid=28968 on localhost:11219 at 22:55:07.540
starting worker pid=28992 on localhost:11219 at 22:55:07.789
starting worker pid=29016 on localhost:11219 at 22:55:08.033
starting worker pid=29040 on localhost:11219 at 22:55:08.278
starting worker pid=29064 on localhost:11219 at 22:55:08.523
starting worker pid=29088 on localhost:11219 at 22:55:08.769
starting worker pid=29112 on localhost:11219 at 22:55:09.010
starting worker pid=29137 on localhost:11219 at 22:55:09.285
Registered S3 methods overwritten by 'ggplot2':
  method         from 
  [.quosures     rlang
  c.quosures     rlang
  print.quosures rlang
Registered S3 methods overwritten by 'ggplot2':
  method         from 
  [.quosures     rlang
  c.quosures     rlang
  print.quosures rlang
Registered S3 methods overwritten by 'ggplot2':
  method         from 
  [.quosures     rlang
  c.quosures     rlang
  print.quosures rlang
Registered S3 methods overwritten by 'ggplot2':
  method         from 
  [.quosures     rlang
  c.quosures     rlang
  print.quosures rlang
Registered S3 methods overwritten by 'ggplot2':
  method         from 
  [.quosures     rlang
  c.quosures     rlang
  print.quosures rlang
Registered S3 methods overwritten by 'ggplot2':
  method         from 
  [.quosures     rlang
  c.quosures     rlang
  print.quosures rlang
Registered S3 methods overwritten by 'ggplot2':
  method         from 
  [.quosures     rlang
  c.quosures     rlang
  print.quosures rlang
Registered S3 method overwritten by 'rvest':
  method            from
  read_xml.response xml2
Registered S3 method overwritten by 'rvest':
  method            from
  read_xml.response xml2
Registered S3 method overwritten by 'rvest':
  method            from
  read_xml.response xml2
── Attaching packages ─────────────────────────────────────── tidyverse 1.2.1 ──
── Attaching packages ─────────────────────────────────────── tidyverse 1.2.1 ──
Registered S3 method overwritten by 'rvest':
  method            from
  read_xml.response xml2
✔ ggplot2 3.1.1       ✔ purrr   0.3.2  
✔ tibble  2.1.1       ✔ dplyr   0.8.0.1
✔ tidyr   0.8.3       ✔ stringr 1.4.0  
✔ readr   1.3.1       ✔ forcats 0.4.0  
✔ ggplot2 3.1.1       ✔ purrr   0.3.2  
✔ tibble  2.1.1       ✔ dplyr   0.8.0.1
✔ tidyr   0.8.3       ✔ stringr 1.4.0  
✔ readr   1.3.1       ✔ forcats 0.4.0  
Registered S3 method overwritten by 'rvest':
  method            from
  read_xml.response xml2
Registered S3 method overwritten by 'rvest':
  method            from
  read_xml.response xml2
Registered S3 method overwritten by 'rvest':
  method            from
  read_xml.response xml2
── Attaching packages ─────────────────────────────────────── tidyverse 1.2.1 ──
── Attaching packages ─────────────────────────────────────── tidyverse 1.2.1 ──
✔ ggplot2 3.1.1       ✔ purrr   0.3.2  
✔ tibble  2.1.1       ✔ dplyr   0.8.0.1
✔ tidyr   0.8.3       ✔ stringr 1.4.0  
✔ readr   1.3.1       ✔ forcats 0.4.0  
✔ ggplot2 3.1.1       ✔ purrr   0.3.2  
✔ tibble  2.1.1       ✔ dplyr   0.8.0.1
✔ tidyr   0.8.3       ✔ stringr 1.4.0  
✔ readr   1.3.1       ✔ forcats 0.4.0  
── Attaching packages ─────────────────────────────────────── tidyverse 1.2.1 ──
── Attaching packages ─────────────────────────────────────── tidyverse 1.2.1 ──
✔ ggplot2 3.1.1       ✔ purrr   0.3.2  
✔ tibble  2.1.1       ✔ dplyr   0.8.0.1
✔ tidyr   0.8.3       ✔ stringr 1.4.0  
✔ readr   1.3.1       ✔ forcats 0.4.0  
── Attaching packages ─────────────────────────────────────── tidyverse 1.2.1 ──
✔ ggplot2 3.1.1       ✔ purrr   0.3.2  
✔ tibble  2.1.1       ✔ dplyr   0.8.0.1
✔ tidyr   0.8.3       ✔ stringr 1.4.0  
✔ readr   1.3.1       ✔ forcats 0.4.0  
✔ ggplot2 3.1.1       ✔ purrr   0.3.2  
✔ tibble  2.1.1       ✔ dplyr   0.8.0.1
✔ tidyr   0.8.3       ✔ stringr 1.4.0  
✔ readr   1.3.1       ✔ forcats 0.4.0  
── Conflicts ────────────────────────────────────────── tidyverse_conflicts() ──
✖ dplyr::filter() masks stats::filter()
✖ dplyr::lag()    masks stats::lag()
Loading required package: foreach
── Conflicts ────────────────────────────────────────── tidyverse_conflicts() ──
✖ dplyr::filter() masks stats::filter()
✖ dplyr::lag()    masks stats::lag()

Attaching package: ‘foreach’

The following objects are masked from ‘package:purrr’:

    accumulate, when

Loading required package: rngtools
Loading required package: foreach

Attaching package: ‘foreach’

The following objects are masked from ‘package:purrr’:

    accumulate, when

Loading required package: pkgmaker
Loading required package: rngtools
Loading required package: registry
Loading required package: pkgmaker
── Conflicts ────────────────────────────────────────── tidyverse_conflicts() ──
✖ dplyr::filter() masks stats::filter()
✖ dplyr::lag()    masks stats::lag()
── Conflicts ────────────────────────────────────────── tidyverse_conflicts() ──
✖ dplyr::filter() masks stats::filter()
✖ dplyr::lag()    masks stats::lag()
Registered S3 methods overwritten by 'ggplot2':
  method         from 
  [.quosures     rlang
  c.quosures     rlang
  print.quosures rlang
Loading required package: registry
Loading required package: foreach
Loading required package: foreach

Attaching package: ‘foreach’

── Conflicts ────────────────────────────────────────── tidyverse_conflicts() ──
✖ dplyr::filter() masks stats::filter()
✖ dplyr::lag()    masks stats::lag()
The following objects are masked from ‘package:purrr’:

    accumulate, when

Loading required package: rngtools

Attaching package: ‘foreach’

The following objects are masked from ‘package:purrr’:

    accumulate, when

── Conflicts ────────────────────────────────────────── tidyverse_conflicts() ──
✖ dplyr::filter() masks stats::filter()
✖ dplyr::lag()    masks stats::lag()
Loading required package: rngtools
Loading required package: foreach
Loading required package: pkgmaker

Attaching package: ‘foreach’

The following objects are masked from ‘package:purrr’:

    accumulate, when

Loading required package: registry
Loading required package: foreach
Loading required package: rngtools
Loading required package: pkgmaker
── Conflicts ────────────────────────────────────────── tidyverse_conflicts() ──
✖ dplyr::filter() masks stats::filter()
✖ dplyr::lag()    masks stats::lag()
Loading required package: pkgmaker
Loading required package: registry
Loading required package: foreach

Attaching package: ‘foreach’

The following objects are masked from ‘package:purrr’:

    accumulate, when

Loading required package: registry
Loading required package: rngtools

Attaching package: ‘foreach’

The following objects are masked from ‘package:purrr’:

    accumulate, when


Attaching package: ‘pkgmaker’

Loading required package: rngtools
The following object is masked from ‘package:base’:

    isFALSE

Loading required package: pkgmaker
Loading required package: registry
Loading required package: pkgmaker
Loading required package: registry

Attaching package: ‘pkgmaker’

The following object is masked from ‘package:base’:

    isFALSE


Attaching package: ‘pkgmaker’

The following object is masked from ‘package:base’:

    isFALSE


Attaching package: ‘pkgmaker’

The following object is masked from ‘package:base’:

    isFALSE


Attaching package: ‘pkgmaker’

The following object is masked from ‘package:base’:

    isFALSE


Attaching package: ‘pkgmaker’

The following object is masked from ‘package:base’:

    isFALSE


Attaching package: ‘pkgmaker’

The following object is masked from ‘package:base’:

    isFALSE

Registered S3 methods overwritten by 'ggplot2':
  method         from 
  [.quosures     rlang
  c.quosures     rlang
  print.quosures rlang
Registered S3 methods overwritten by 'ggplot2':
  method         from 
  [.quosures     rlang
  c.quosures     rlang
  print.quosures rlang
Registered S3 method overwritten by 'rvest':
  method            from
  read_xml.response xml2
── Attaching packages ─────────────────────────────────────── tidyverse 1.2.1 ──
✔ ggplot2 3.1.1       ✔ purrr   0.3.2  
✔ tibble  2.1.1       ✔ dplyr   0.8.0.1
✔ tidyr   0.8.3       ✔ stringr 1.4.0  
✔ readr   1.3.1       ✔ forcats 0.4.0  
Registered S3 method overwritten by 'rvest':
  method            from
  read_xml.response xml2
── Conflicts ────────────────────────────────────────── tidyverse_conflicts() ──
✖ dplyr::filter() masks stats::filter()
✖ dplyr::lag()    masks stats::lag()
Registered S3 method overwritten by 'rvest':
  method            from
  read_xml.response xml2
Loading required package: foreach

Attaching package: ‘foreach’

The following objects are masked from ‘package:purrr’:

    accumulate, when

Loading required package: rngtools
Loading required package: pkgmaker
Loading required package: registry
── Attaching packages ─────────────────────────────────────── tidyverse 1.2.1 ──
── Attaching packages ─────────────────────────────────────── tidyverse 1.2.1 ──
✔ ggplot2 3.1.1       ✔ purrr   0.3.2  
✔ tibble  2.1.1       ✔ dplyr   0.8.0.1
✔ tidyr   0.8.3       ✔ stringr 1.4.0  
✔ readr   1.3.1       ✔ forcats 0.4.0  
✔ ggplot2 3.1.1       ✔ purrr   0.3.2  
✔ tibble  2.1.1       ✔ dplyr   0.8.0.1
✔ tidyr   0.8.3       ✔ stringr 1.4.0  
✔ readr   1.3.1       ✔ forcats 0.4.0  

Attaching package: ‘pkgmaker’

The following object is masked from ‘package:base’:

    isFALSE

── Conflicts ────────────────────────────────────────── tidyverse_conflicts() ──
✖ dplyr::filter() masks stats::filter()
✖ dplyr::lag()    masks stats::lag()
── Conflicts ────────────────────────────────────────── tidyverse_conflicts() ──
✖ dplyr::filter() masks stats::filter()
✖ dplyr::lag()    masks stats::lag()
Loading required package: foreach
Loading required package: foreach

Attaching package: ‘foreach’


Attaching package: ‘foreach’

The following objects are masked from ‘package:purrr’:

    accumulate, when

The following objects are masked from ‘package:purrr’:

    accumulate, when

Loading required package: rngtools
Loading required package: rngtools
Loading required package: pkgmaker
Loading required package: pkgmaker
Loading required package: registry
Loading required package: registry

Attaching package: ‘pkgmaker’


Attaching package: ‘pkgmaker’

The following object is masked from ‘package:base’:

    isFALSE

The following object is masked from ‘package:base’:

    isFALSE

Ovarian_Cancer
Ovarian_Cancer
Ovarian_Cancer
Ovarian_Cancer
Ovarian_Cancer
Ovarian_Cancer
Ovarian_Cancer
CV repetition number: 7
CV repetition number: 1
Ovarian_Cancer
CV repetition number: 2
Ovarian_Cancer
Ovarian_Cancer
CV repetition number: 3
CV repetition number: 4
CV repetition number: 8
CV repetition number: 10
CV repetition number: 6
CV repetition number: 5
CV repetition number: 9
CV inner loop, CV rep number: 1
CV inner loop, CV rep number: 7
CV inner loop, CV rep number: 2
CV inner loop, CV rep number: 3
CV inner loop, CV rep number: 6
CV inner loop, CV rep number: 5
CV inner loop, CV rep number: 8
CV inner loop, CV rep number: 4
CV inner loop, CV rep number: 10
CV inner loop, CV rep number: 9
best_alpha
0.008
best_lambda
0.0807431690437252
CV inner loop, CV rep number: 8
best_alpha
0
best_lambda
0.104170149303201
CV inner loop, CV rep number: 10
best_alpha
0
best_lambda
0.157775014564499
CV inner loop, CV rep number: 4
best_alpha
0.027
best_lambda
0.13721929384267
CV inner loop, CV rep number: 5
best_alpha
0
best_lambda
0.0984363559979928
CV inner loop, CV rep number: 7
best_alpha
0.001
best_lambda
0.136351644063858
CV inner loop, CV rep number: 6
best_alpha
best_alpha
0
0
best_lambda
best_lambda
0.139375748874017
0.204917865813742
CV inner loop, CV rep number: 1
CV inner loop, CV rep number: 9
best_alpha
0
best_lambda
0.144586751704607
CV inner loop, CV rep number: 3
best_alpha
0
best_lambda
0.198060151873539
CV inner loop, CV rep number: 2
best_alpha
0.008
best_lambda
0.119887283880459
CV inner loop, CV rep number: 8
best_alpha
0.001
best_lambda
0.0820766928507528
CV inner loop, CV rep number: 5
best_alpha
0
best_lambda
0.162239484493992
CV inner loop, CV rep number: 10
best_alpha
0
best_lambda
0.132857175947108
CV inner loop, CV rep number: 1
best_alpha
0.027
best_lambda
0.103070895843655
CV inner loop, CV rep number: 7
best_alpha
0
best_lambda
0.151215535535596
CV inner loop, CV rep number: 4
best_alpha
0
best_lambda
0.143176654370399
CV inner loop, CV rep number: 3
best_alpha
0.001
best_lambda
0.30258660700515
CV inner loop, CV rep number: 6
best_alpha
0
best_lambda
0.166265676361783
best_alpha
0.027
best_lambda
0.133245906545174
CV inner loop, CV rep number: 2
CV inner loop, CV rep number: 9
best_alpha
0.343
best_lambda
0.0199517356180312
CV inner loop, CV rep number: 10
best_alpha
0.027
best_lambda
0.101272154701536
CV inner loop, CV rep number: 1
best_alpha
0
best_lambda
0.238754847764282
best_alpha
0.027
best_lambda
0.0968249403344055
CV inner loop, CV rep number: 8
CV inner loop, CV rep number: 5
best_alpha
0.125
best_lambda
0.072464758171205
CV inner loop, CV rep number: 4
best_alpha
0
best_lambda
0.0944047539755975
CV inner loop, CV rep number: 9
best_alpha
0.008
best_lambda
0.070875281299253
CV inner loop, CV rep number: 2
best_alpha
0
best_lambda
0.110287810095632
CV inner loop, CV rep number: 7
best_alpha
0
best_lambda
0.150488070215801
CV inner loop, CV rep number: 6
best_alpha
0
best_lambda
0.162222124539223
CV inner loop, CV rep number: 3
best_alpha
0
best_lambda
0.196012357249081
CV inner loop, CV rep number: 8
best_alpha
0
best_lambda
0.116905926847562
CV inner loop, CV rep number: 5
best_alpha
0
best_lambda
0.131143493845222
CV inner loop, CV rep number: 10
best_alpha
0
best_lambda
0.141798473006752
CV inner loop, CV rep number: 6
best_alpha
0
best_lambda
0.160727097780779
CV inner loop, CV rep number: 1
best_alpha
0
best_lambda
0.154041747836629
CV inner loop, CV rep number: 9
best_alpha
0
best_lambda
0.259925544162736
CV inner loop, CV rep number: 7
best_alpha
0.008
best_lambda
0.141460609649422
CV inner loop, CV rep number: 2
best_alpha
0.001
best_lambda
0.196328862881225
CV inner loop, CV rep number: 4
best_alpha
0.001
best_lambda
0.116925162846319
CV inner loop, CV rep number: 3
best_alpha
0.008
best_lambda
0.126319147473842
CV inner loop, CV rep number: 8
best_alpha
0.008
best_lambda
0.192096568123975
CV inner loop, CV rep number: 10
best_alpha
0
best_lambda
0.0574546949644153
CV inner loop, CV rep number: 6
best_alpha
0
best_lambda
0.0793648437163558
CV inner loop, CV rep number: 9
best_alpha
0.001
best_lambda
0.140353816620227
CV inner loop, CV rep number: 5
best_alpha
0.008
best_lambda
0.0556015351709941
CV inner loop, CV rep number: 4
best_alpha
0.008
best_lambda
0.169823722252527
CV inner loop, CV rep number: 2
best_alpha
0
best_lambda
0.118134309302103
CV inner loop, CV rep number: 7
best_alpha
0
best_lambda
0.205219032354945
CV inner loop, CV rep number: 1
best_alpha
0
best_lambda
0.10963349898517
CV inner loop, CV rep number: 5
best_alpha
0
best_lambda
0.218163085643986
CV inner loop, CV rep number: 9
best_alpha
0.064
best_lambda
0.0894400473484729
CV inner loop, CV rep number: 4
best_alpha
0.064
best_lambda
0.0919915148947403
CV inner loop, CV rep number: 3
best_alpha
0
best_lambda
0.0263101502105015
CV inner loop, CV rep number: 7
best_alpha
0.125
best_lambda
0.046554633963294
CV inner loop, CV rep number: 1
best_alpha
0
best_lambda
0.181455228434589
CV inner loop, CV rep number: 6
best_alpha
0.064
best_lambda
0.0959486296995443
CV inner loop, CV rep number: 2
best_alpha
0.008
best_lambda
0.128021644584773
CV inner loop, CV rep number: 5
best_alpha
0
best_lambda
0.250226500801826
CV inner loop, CV rep number: 10
best_alpha
0.027
best_lambda
0.0896734654409163
CV inner loop, CV rep number: 4
best_alpha
0.064
best_lambda
0.0413415403083474
CV inner loop, CV rep number: 6
best_alpha
0
best_lambda
0.141671298881521
CV inner loop, CV rep number: 7
best_alpha
0
best_lambda
0.147618754103318
CV inner loop, CV rep number: 8
best_alpha
0
best_lambda
0.127435258577396
CV inner loop, CV rep number: 9
best_alpha
0.216
best_lambda
0.0281160067632585
CV inner loop, CV rep number: 2
best_alpha
0
best_lambda
0.100688440215927
CV inner loop, CV rep number: 1
best_alpha
0.027
best_lambda
0.0896400705127331
CV inner loop, CV rep number: 3
best_alpha
0
best_lambda
0.0879603833280519
CV inner loop, CV rep number: 6
best_alpha
0
best_lambda
0.198018072762596
CV inner loop, CV rep number: 5
best_alpha
0
best_lambda
0.197569653076593
CV inner loop, CV rep number: 10
best_alpha
0.008
best_lambda
0.092166967653296
CV inner loop, CV rep number: 3
best_alpha
0
best_lambda
0.161464741948066
CV inner loop, CV rep number: 4
best_alpha
0.001
best_lambda
0.0794936524278338
CV inner loop, CV rep number: 1
best_alpha
0
best_lambda
0.103236687589254
CV inner loop, CV rep number: 2
best_alpha
0
best_lambda
0.101836143459744
CV inner loop, CV rep number: 9
best_alpha
0.008
best_lambda
0.0679900097061743
CV inner loop, CV rep number: 5
best_alpha
0.064
best_lambda
0.0476937860482026
CV inner loop, CV rep number: 8
best_alpha
0
best_lambda
0.147288161214539
CV inner loop, CV rep number: 4
best_alpha
0
best_lambda
0.204392378546068
CV inner loop, CV rep number: 6
best_alpha
0
best_lambda
0.0846439510164748
CV inner loop, CV rep number: 10
best_alpha
0.027
best_lambda
0.0911064415069324
CV inner loop, CV rep number: 9
best_alpha
0.008
best_lambda
0.211897682436095
CV inner loop, CV rep number: 2
best_alpha
0.027
best_lambda
0.140643437749652
CV inner loop, CV rep number: 1
best_alpha
0
best_lambda
0.146556024271724
CV inner loop, CV rep number: 3
best_alpha
0
best_lambda
0.19836113532402
CV inner loop, CV rep number: 7
best_alpha
0.027
best_lambda
0.09491074827263
best_alpha
0
best_lambda
0.260405516199029
best_alpha
0
best_lambda
0.174216222842929
best_alpha
0
best_lambda
0.174203765029937
best_alpha
0
best_lambda
0.140670762797592
CV inner loop, CV rep number: 8
best_alpha
0.027
best_lambda
0.0902102786304423
best_alpha
0
best_lambda
0.0931369885050932
best_alpha
0.001
best_lambda
0.0766102930719302
CV inner loop, CV rep number: 10
best_alpha
0.064
best_lambda
0.102139098437057
CV inner loop, CV rep number: 3
best_alpha
0
best_lambda
0.162726065817541
CV inner loop, CV rep number: 7
best_alpha
0
best_lambda
0.132481422733848
CV inner loop, CV rep number: 8
best_alpha
0.064
best_lambda
0.057960994802391
best_alpha
0.008
best_lambda
0.146254391110916
best_alpha
0.008
best_lambda
0.157911776175436
best_alpha
0.027
best_lambda
0.148524676235185
[1] "Results: "
Warning message:
Warning message:
Warning message:
Warning message:
package ‘glmnetUtils’ was built under R version 3.6.3 
Warning message:
package ‘glmnetUtils’ was built under R version 3.6.3 
Warning message:
package ‘glmnetUtils’ was built under R version 3.6.3 
Warning message:
Warning message:
 package ‘glmnetUtils’ was built under R version 3.6.3 
 observed CV_rep {class_type}_pred
1    Other      1Warning message:
         0.9167238Warning message:

2package ‘glmnetUtils’ was built under R version 3.6.3 
    Otherpackage ‘glmnetUtils’ was built under R version 3.6.3 
package ‘glmnetUtils’ was built under R version 3.6.3 
      1package ‘glmnetUtils’ was built under R version 3.6.3 
         0.9337063
3    Other      1         0.9030888
4    Other      1         0.9124262
5   Cancer      1         0.8416078
6   Cancerpackage ‘glmnetUtils’ was built under R version 3.6.3 
      1package ‘glmnetUtils’ was built under R version 3.6.3 
         0.7870587
[Mon Nov 29 22:57:14 2021]
Finished job 0.
1 of 1 steps (100%) done
