Building DAG of jobs...
Using shell: /usr/bin/bash
Provided cores: 10
Rules claiming more threads will be scaled down.
Select jobs to execute...

[Mon Nov 29 23:22:01 2021]
rule PCA_binomial_classification:
    input: data/ATAC_predictions_train_20_predict_80/PCA_ATAC_pred_lasso_formatted_standardized.rds, data/sample_types.txt
    output: Classification_output/Binomial_models_output/Lasso_Predictions_PCA_Breast_Cancer.rds
    jobid: 0
    wildcards: model_binomial=Lasso, class_type=Breast_Cancer
    threads: 10
    resources: mem_mb=200000, disk_mb=1000, tmpdir=/scratch/57575782, time=20:00:00

Rscript --vanilla /faststorage/project/DELFI1/Workspaces/CarmenAndAnika/.snakemake/scripts/tmprw4ojdth.Lasso.R
Activating conda environment: /faststorage/project/DELFI1/Workspaces/CarmenAndAnika/.snakemake/conda/411837606499b7823565885a8a388b12
Registered S3 methods overwritten by 'ggplot2':
  method         from 
  [.quosures     rlang
  c.quosures     rlang
  print.quosures rlang
Registered S3 method overwritten by 'rvest':
  method            from
  read_xml.response xml2
── Attaching packages ─────────────────────────────────────── tidyverse 1.2.1 ──
✔ ggplot2 3.1.1       ✔ purrr   0.3.2  
✔ tibble  2.1.1       ✔ dplyr   0.8.0.1
✔ tidyr   0.8.3       ✔ stringr 1.4.0  
✔ readr   1.3.1       ✔ forcats 0.4.0  
── Conflicts ────────────────────────────────────────── tidyverse_conflicts() ──
✖ dplyr::filter() masks stats::filter()
✖ dplyr::lag()    masks stats::lag()
Type 'citation("pROC")' for a citation.

Attaching package: ‘pROC’

The following objects are masked from ‘package:stats’:

    cov, smooth, var

Loading required package: Matrix

Attaching package: ‘Matrix’

The following object is masked from ‘package:tidyr’:

    expand

Loading required package: foreach

Attaching package: ‘foreach’

The following objects are masked from ‘package:purrr’:

    accumulate, when

Loaded glmnet 2.0-16


Attaching package: ‘glmnet’

The following object is masked from ‘package:pROC’:

    auc


Attaching package: ‘glmnetUtils’

The following objects are masked from ‘package:glmnet’:

    cv.glmnet, glmnet

Warning message:
package ‘glmnetUtils’ was built under R version 3.6.3 
Warning: unable to access index for repository http://cran.us.r-project.org/src/contrib/splitTools_0.3.1.tar.gz/src/contrib:
  cannot open URL 'http://cran.us.r-project.org/src/contrib/splitTools_0.3.1.tar.gz/src/contrib/PACKAGES'
Warning message:
package ‘splitTools’ is not available (for R version 3.6.1) 
Warning message:
package ‘multiROC’ was built under R version 3.6.3 
dummies-1.5.6 provided by Decision Patterns

Warning message:
package ‘dummies’ was built under R version 3.6.3 
Loading required package: gplots

Attaching package: ‘gplots’

The following object is masked from ‘package:stats’:

    lowess

Loading required package: iterators
Loading required package: parallel
Loading required package: rngtools
Loading required package: pkgmaker
Loading required package: registry

Attaching package: ‘pkgmaker’

The following object is masked from ‘package:base’:

    isFALSE

Gastric_cancerOvarian_CancerLung_CancerBile_Duct_CancerPancreatic_CancerDuodenal_CancerBreast_CancerColorectal_Cancer
[1] "Sample_type levels"
[1] "Cancer" "Other" 
starting worker pid=35331 on localhost:11905 at 23:22:08.750
starting worker pid=35355 on localhost:11905 at 23:22:09.057
starting worker pid=35379 on localhost:11905 at 23:22:09.362
starting worker pid=35403 on localhost:11905 at 23:22:09.668
starting worker pid=35427 on localhost:11905 at 23:22:09.976
starting worker pid=35451 on localhost:11905 at 23:22:10.277
starting worker pid=35475 on localhost:11905 at 23:22:10.583
starting worker pid=35499 on localhost:11905 at 23:22:10.886
starting worker pid=35523 on localhost:11905 at 23:22:11.187
starting worker pid=35547 on localhost:11905 at 23:22:11.488
Registered S3 methods overwritten by 'ggplot2':
  method         from 
  [.quosures     rlang
  c.quosures     rlang
  print.quosures rlang
Registered S3 methods overwritten by 'ggplot2':
  method         from 
  [.quosures     rlang
  c.quosures     rlang
  print.quosures rlang
Registered S3 methods overwritten by 'ggplot2':
  method         from 
  [.quosures     rlang
  c.quosures     rlang
  print.quosures rlang
Registered S3 methods overwritten by 'ggplot2':
  method         from 
  [.quosures     rlang
  c.quosures     rlang
  print.quosures rlang
Registered S3 methods overwritten by 'ggplot2':
  method         from 
  [.quosures     rlang
  c.quosures     rlang
  print.quosures rlang
Registered S3 methods overwritten by 'ggplot2':
  method         from 
  [.quosures     rlang
  c.quosures     rlang
  print.quosures rlang
Registered S3 methods overwritten by 'ggplot2':
  method         from 
  [.quosures     rlang
  c.quosures     rlang
  print.quosures rlang
Registered S3 methods overwritten by 'ggplot2':
  method         from 
  [.quosures     rlang
  c.quosures     rlang
  print.quosures rlang
Registered S3 methods overwritten by 'ggplot2':
  method         from 
  [.quosures     rlang
  c.quosures     rlang
  print.quosures rlang
Registered S3 methods overwritten by 'ggplot2':
  method         from 
  [.quosures     rlang
  c.quosures     rlang
  print.quosures rlang
Registered S3 method overwritten by 'rvest':
  method            from
  read_xml.response xml2
Registered S3 method overwritten by 'rvest':
  method            from
  read_xml.response xml2
Registered S3 method overwritten by 'rvest':
  method            from
  read_xml.response xml2
Registered S3 method overwritten by 'rvest':
  method            from
  read_xml.response xml2
Registered S3 method overwritten by 'rvest':
  method            from
  read_xml.response xml2
Registered S3 method overwritten by 'rvest':
  method            from
  read_xml.response xml2
Registered S3 method overwritten by 'rvest':
  method            from
  read_xml.response xml2
Registered S3 method overwritten by 'rvest':
  method            from
  read_xml.response xml2
Registered S3 method overwritten by 'rvest':
  method            from
  read_xml.response xml2
Registered S3 method overwritten by 'rvest':
  method            from
  read_xml.response xml2
── Attaching packages ─────────────────────────────────────── tidyverse 1.2.1 ──
── Attaching packages ─────────────────────────────────────── tidyverse 1.2.1 ──
── Attaching packages ─────────────────────────────────────── tidyverse 1.2.1 ──
── Attaching packages ─────────────────────────────────────── tidyverse 1.2.1 ──
✔ ggplot2 3.1.1       ✔ purrr   0.3.2  
✔ tibble  2.1.1       ✔ dplyr   0.8.0.1
✔ tidyr   0.8.3       ✔ stringr 1.4.0  
✔ readr   1.3.1       ✔ forcats 0.4.0  
✔ ggplot2 3.1.1       ✔ purrr   0.3.2  
✔ tibble  2.1.1       ✔ dplyr   0.8.0.1
✔ tidyr   0.8.3       ✔ stringr 1.4.0  
✔ readr   1.3.1       ✔ forcats 0.4.0  
✔ ggplot2 3.1.1       ✔ purrr   0.3.2  
✔ tibble  2.1.1       ✔ dplyr   0.8.0.1
✔ tidyr   0.8.3       ✔ stringr 1.4.0  
✔ readr   1.3.1       ✔ forcats 0.4.0  
✔ ggplot2 3.1.1       ✔ purrr   0.3.2  
✔ tibble  2.1.1       ✔ dplyr   0.8.0.1
✔ tidyr   0.8.3       ✔ stringr 1.4.0  
✔ readr   1.3.1       ✔ forcats 0.4.0  
── Attaching packages ─────────────────────────────────────── tidyverse 1.2.1 ──
── Attaching packages ─────────────────────────────────────── tidyverse 1.2.1 ──
── Attaching packages ─────────────────────────────────────── tidyverse 1.2.1 ──
── Attaching packages ─────────────────────────────────────── tidyverse 1.2.1 ──
── Attaching packages ─────────────────────────────────────── tidyverse 1.2.1 ──
✔ ggplot2 3.1.1       ✔ purrr   0.3.2  
✔ tibble  2.1.1       ✔ dplyr   0.8.0.1
✔ tidyr   0.8.3       ✔ stringr 1.4.0  
✔ readr   1.3.1       ✔ forcats 0.4.0  
✔ ggplot2 3.1.1       ✔ purrr   0.3.2  
✔ tibble  2.1.1       ✔ dplyr   0.8.0.1
✔ tidyr   0.8.3       ✔ stringr 1.4.0  
✔ readr   1.3.1       ✔ forcats 0.4.0  
✔ ggplot2 3.1.1       ✔ purrr   0.3.2  
✔ tibble  2.1.1       ✔ dplyr   0.8.0.1
✔ tidyr   0.8.3       ✔ stringr 1.4.0  
✔ readr   1.3.1       ✔ forcats 0.4.0  
✔ ggplot2 3.1.1       ✔ purrr   0.3.2  
✔ tibble  2.1.1       ✔ dplyr   0.8.0.1
✔ tidyr   0.8.3       ✔ stringr 1.4.0  
✔ readr   1.3.1       ✔ forcats 0.4.0  
✔ ggplot2 3.1.1       ✔ purrr   0.3.2  
✔ tibble  2.1.1       ✔ dplyr   0.8.0.1
✔ tidyr   0.8.3       ✔ stringr 1.4.0  
✔ readr   1.3.1       ✔ forcats 0.4.0  
── Attaching packages ─────────────────────────────────────── tidyverse 1.2.1 ──
✔ ggplot2 3.1.1       ✔ purrr   0.3.2  
✔ tibble  2.1.1       ✔ dplyr   0.8.0.1
✔ tidyr   0.8.3       ✔ stringr 1.4.0  
✔ readr   1.3.1       ✔ forcats 0.4.0  
── Conflicts ────────────────────────────────────────── tidyverse_conflicts() ──
✖ dplyr::filter() masks stats::filter()
✖ dplyr::lag()    masks stats::lag()
Loading required package: foreach

Attaching package: ‘foreach’

The following objects are masked from ‘package:purrr’:

    accumulate, when

── Conflicts ────────────────────────────────────────── tidyverse_conflicts() ──
✖ dplyr::filter() masks stats::filter()
✖ dplyr::lag()    masks stats::lag()
── Conflicts ────────────────────────────────────────── tidyverse_conflicts() ──
✖ dplyr::filter() masks stats::filter()
✖ dplyr::lag()    masks stats::lag()
Loading required package: rngtools
Loading required package: foreach
Loading required package: foreach
── Conflicts ────────────────────────────────────────── tidyverse_conflicts() ──
✖ dplyr::filter() masks stats::filter()
✖ dplyr::lag()    masks stats::lag()
Loading required package: pkgmaker
Loading required package: foreach

Attaching package: ‘foreach’


Attaching package: ‘foreach’

The following objects are masked from ‘package:purrr’:

    accumulate, when

The following objects are masked from ‘package:purrr’:

    accumulate, when

── Conflicts ────────────────────────────────────────── tidyverse_conflicts() ──
✖ dplyr::filter() masks stats::filter()
✖ dplyr::lag()    masks stats::lag()
── Conflicts ────────────────────────────────────────── tidyverse_conflicts() ──
✖ dplyr::filter() masks stats::filter()
✖ dplyr::lag()    masks stats::lag()
Loading required package: rngtools
Loading required package: rngtools
Loading required package: registry

Attaching package: ‘foreach’

The following objects are masked from ‘package:purrr’:

    accumulate, when

── Conflicts ────────────────────────────────────────── tidyverse_conflicts() ──
✖ dplyr::filter() masks stats::filter()
✖ dplyr::lag()    masks stats::lag()
Loading required package: foreach
── Conflicts ────────────────────────────────────────── tidyverse_conflicts() ──
✖ dplyr::filter() masks stats::filter()
✖ dplyr::lag()    masks stats::lag()
Loading required package: foreach
Loading required package: rngtools
Loading required package: pkgmaker
Loading required package: pkgmaker
── Conflicts ────────────────────────────────────────── tidyverse_conflicts() ──
✖ dplyr::filter() masks stats::filter()
✖ dplyr::lag()    masks stats::lag()

Attaching package: ‘foreach’


Attaching package: ‘foreach’

The following objects are masked from ‘package:purrr’:

    accumulate, when

The following objects are masked from ‘package:purrr’:

    accumulate, when

── Conflicts ────────────────────────────────────────── tidyverse_conflicts() ──
✖ dplyr::filter() masks stats::filter()
✖ dplyr::lag()    masks stats::lag()
Loading required package: foreach
Loading required package: foreach
Loading required package: pkgmaker
Loading required package: rngtools
Loading required package: rngtools
Loading required package: foreach
Loading required package: registry
Loading required package: registry
Loading required package: foreach

Attaching package: ‘foreach’

The following objects are masked from ‘package:purrr’:

    accumulate, when


Attaching package: ‘foreach’

The following objects are masked from ‘package:purrr’:

    accumulate, when

Loading required package: rngtools
Loading required package: rngtools
Loading required package: pkgmaker
Loading required package: registry
Loading required package: pkgmaker

Attaching package: ‘foreach’

The following objects are masked from ‘package:purrr’:

    accumulate, when

Loading required package: rngtools

Attaching package: ‘foreach’

The following objects are masked from ‘package:purrr’:

    accumulate, when

Loading required package: rngtools
Loading required package: pkgmaker
Loading required package: pkgmaker
Loading required package: registry
Loading required package: registry
Loading required package: pkgmaker
Loading required package: pkgmaker
Loading required package: registry
Loading required package: registry
Loading required package: registry
Loading required package: registry

Attaching package: ‘pkgmaker’

The following object is masked from ‘package:base’:

    isFALSE


Attaching package: ‘pkgmaker’


Attaching package: ‘pkgmaker’

The following object is masked from ‘package:base’:

    isFALSE

The following object is masked from ‘package:base’:

    isFALSE


Attaching package: ‘pkgmaker’

The following object is masked from ‘package:base’:

    isFALSE


Attaching package: ‘pkgmaker’

The following object is masked from ‘package:base’:

    isFALSE


Attaching package: ‘pkgmaker’

The following object is masked from ‘package:base’:

    isFALSE


Attaching package: ‘pkgmaker’

The following object is masked from ‘package:base’:

    isFALSE


Attaching package: ‘pkgmaker’

The following object is masked from ‘package:base’:

    isFALSE


Attaching package: ‘pkgmaker’

The following object is masked from ‘package:base’:

    isFALSE


Attaching package: ‘pkgmaker’

The following object is masked from ‘package:base’:

    isFALSE

Breast_Cancer
Breast_Cancer
Breast_Cancer
Breast_Cancer
Breast_Cancer
Breast_Cancer
Breast_Cancer
CV repetition number: 2
Breast_Cancer
Breast_Cancer
Breast_Cancer
CV repetition number: 5
CV repetition number: 1
CV repetition number: 8
CV repetition number: 3
CV repetition number: 4
CV repetition number: 7
CV repetition number: 6
CV repetition number: 10
CV repetition number: 9
CV inner loop, CV rep number: 2
CV inner loop, CV rep number: 5
CV inner loop, CV rep number: 1
CV inner loop, CV rep number: 8
CV inner loop, CV rep number: 3
CV inner loop, CV rep number: 7
CV inner loop, CV rep number: 4
CV inner loop, CV rep number: 6
CV inner loop, CV rep number: 10
CV inner loop, CV rep number: 9
best_alpha
0.064
best_lambda
0.0791727710046022
CV inner loop, CV rep number: 3
best_alpha
0.216
best_lambda
0.0382410721721086
CV inner loop, CV rep number: 2
best_alpha
0.729
best_lambda
0.0270100573732529
best_alpha
0.512
best_lambda
0.0357076664478258
CV inner loop, CV rep number: 4
CV inner loop, CV rep number: 1
best_alpha
0.512
best_lambda
0.0316668591407066
CV inner loop, CV rep number: 6
best_alpha
0.512
best_lambda
0.0421685294539335
CV inner loop, CV rep number: 10
best_alpha
0.008
best_lambda
0.075627433273577
CV inner loop, CV rep number: 7
best_alpha
0.125
best_lambda
0.0526333828140792
CV inner loop, CV rep number: 5
best_alpha
0
best_lambda
0.0767971862234841
CV inner loop, CV rep number: 9
best_alpha
0.064
best_lambda
0.0566157691085958
CV inner loop, CV rep number: 8
best_alpha
0.343
best_lambda
0.0652118825508874
CV inner loop, CV rep number: 2
best_alpha
0.512
best_lambda
0.0349721019580631
CV inner loop, CV rep number: 6
best_alpha
1
best_lambda
0.0258595346474073
CV inner loop, CV rep number: 4
best_alpha
0
best_lambda
0.0961510502089535
CV inner loop, CV rep number: 5
best_alpha
0.027
best_lambda
0.0771061090892716
best_alpha
0.729
best_lambda
0.0276672836792035
CV inner loop, CV rep number: 3
CV inner loop, CV rep number: 1
best_alpha
0.729
best_lambda
0.0265219174144753
CV inner loop, CV rep number: 7
best_alpha
0.729
best_lambda
0.0192529719010592
CV inner loop, CV rep number: 9
best_alpha
0.064
best_lambda
0.111595977835834
CV inner loop, CV rep number: 10
best_alpha
0.729
best_lambda
0.0318183726768487
CV inner loop, CV rep number: 8
best_alpha
0
best_lambda
0.102017070964927
CV inner loop, CV rep number: 4
best_alpha
0.064
best_lambda
0.0842396096648772
CV inner loop, CV rep number: 2
best_alpha
1
best_lambda
0.0276646657229655
CV inner loop, CV rep number: 1
best_alpha
1
best_lambda
0.0211544835796064
CV inner loop, CV rep number: 7
best_alpha
1
best_lambda
0.0216763719583012
CV inner loop, CV rep number: 9
best_alpha
0.512
best_lambda
0.0261888390619367
CV inner loop, CV rep number: 3
best_alpha
0.729
best_lambda
0.0238323352888343
CV inner loop, CV rep number: 10
best_alpha
0.008
best_lambda
0.139260721595731
CV inner loop, CV rep number: 6
best_alpha
1
best_lambda
0.0353435564278164
CV inner loop, CV rep number: 8
best_alpha
0.343
best_lambda
0.0440025550766501
CV inner loop, CV rep number: 4
best_alpha
0.729
best_lambda
0.032650369237293
CV inner loop, CV rep number: 1
best_alpha
1
best_lambda
0.0284151035411071
CV inner loop, CV rep number: 5
best_alpha
0
best_lambda
0.118724089716492
CV inner loop, CV rep number: 2
best_alpha
0.512
best_lambda
0.0306847774537213
CV inner loop, CV rep number: 10
best_alpha
0.125
best_lambda
0.0495248587786135
CV inner loop, CV rep number: 9
best_alpha
0.512
best_lambda
0.0361679337630508
CV inner loop, CV rep number: 6
best_alpha
0.729
best_lambda
0.0223733245160601
CV inner loop, CV rep number: 3
best_alpha
0
best_lambda
0.150811875813413
CV inner loop, CV rep number: 8
best_alpha
0.512
best_lambda
0.0265092767893201
CV inner loop, CV rep number: 7
best_alpha
0.729
best_lambda
0.0345006044578329
CV inner loop, CV rep number: 5
best_alpha
0.064
best_lambda
0.0831853779296047
CV inner loop, CV rep number: 1
best_alpha
0.729
best_lambda
0.0290048517953526
CV inner loop, CV rep number: 9
best_alpha
0.343
best_lambda
0.0571657749887972
CV inner loop, CV rep number: 2
best_alpha
0.027
best_lambda
0.10311980972541
CV inner loop, CV rep number: 10
best_alpha
0.027
best_lambda
0.0954054225464677
CV inner loop, CV rep number: 3
best_alpha
0.064
best_lambda
0.088019058877165
CV inner loop, CV rep number: 6
best_alpha
1
best_lambda
0.0181774860466788
CV inner loop, CV rep number: 8
best_alpha
0.729
best_lambda
0.022773515543015
CV inner loop, CV rep number: 7
best_alpha
0.729
best_lambda
0.0137915840395025
CV inner loop, CV rep number: 5
best_alpha
1
best_lambda
0.023531335808555
best_alpha
0.512
best_lambda
0.0410038650100006
CV inner loop, CV rep number: 2
CV inner loop, CV rep number: 1
best_alpha
0.064
best_lambda
0.0832876385952342
CV inner loop, CV rep number: 9
best_alpha
0.729
best_lambda
0.0275764717240867
CV inner loop, CV rep number: 4
best_alpha
1
best_lambda
0.0269103421678496
CV inner loop, CV rep number: 10
best_alpha
0.027
best_lambda
0.115244376358948
CV inner loop, CV rep number: 6
best_alpha
0.512
best_lambda
0.0397385151684935
CV inner loop, CV rep number: 3
best_alpha
0.125
best_lambda
0.0516307485427066
CV inner loop, CV rep number: 8
best_alpha
0.512
best_lambda
0.0369324801729268
CV inner loop, CV rep number: 7
best_alpha
0.064
best_lambda
0.0774684351886553
CV inner loop, CV rep number: 5
best_alpha
0.216
best_lambda
0.0488106135288497
CV inner loop, CV rep number: 1
best_alpha
0.343
best_lambda
0.0327651584802899
CV inner loop, CV rep number: 9
best_alpha
0.729
best_lambda
0.0290168483673364
CV inner loop, CV rep number: 3
best_alpha
0.125
best_lambda
0.0698551979712171
CV inner loop, CV rep number: 6
best_alpha
0.027
best_lambda
0.0739910286882633
CV inner loop, CV rep number: 7
best_alpha
1
best_lambda
0.031328498343566
CV inner loop, CV rep number: 10
best_alpha
0.512
best_lambda
0.0321830568065492
CV inner loop, CV rep number: 5
best_alpha
0.064
best_lambda
0.0662541902881619
CV inner loop, CV rep number: 1
best_alpha
0.729
best_lambda
0.0275830794761495
CV inner loop, CV rep number: 8
best_alpha
0.027
best_lambda
0.0540266008246583
CV inner loop, CV rep number: 4
best_alpha
0.125
best_lambda
0.0712787820582671
CV inner loop, CV rep number: 3
best_alpha
1
best_lambda
0.0288988751032777
CV inner loop, CV rep number: 9
best_alpha
1
best_lambda
0.0237594901560336
CV inner loop, CV rep number: 10
best_alpha
0.064
best_lambda
0.0842495267735073
CV inner loop, CV rep number: 6
best_alpha
0.125
best_lambda
0.063533295486474
CV inner loop, CV rep number: 7
best_alpha
0.125
best_lambda
0.03346669655356
CV inner loop, CV rep number: 2
best_alpha
0.064
best_lambda
0.0441083719878497
CV inner loop, CV rep number: 5
best_alpha
1
best_lambda
0.0241870743912406
CV inner loop, CV rep number: 8
best_alpha
0
best_lambda
0.0709866085711097
CV inner loop, CV rep number: 1
best_alpha
0.064
best_lambda
0.0719553148942509
CV inner loop, CV rep number: 3
best_alpha
1
best_lambda
0.0208768855348161
CV inner loop, CV rep number: 9
best_alpha
0.216
best_lambda
0.0539776334796388
CV inner loop, CV rep number: 10
best_alpha
0.216
best_lambda
0.0479997525525593
CV inner loop, CV rep number: 6
best_alpha
0
best_lambda
0.150119800654243
CV inner loop, CV rep number: 7
best_alpha
0.064
best_lambda
0.108352172329265
CV inner loop, CV rep number: 8
best_alpha
0.729
best_lambda
0.0344826663683118
CV inner loop, CV rep number: 5
best_alpha
1
best_lambda
0.0235346868766548
CV inner loop, CV rep number: 4
best_alpha
0.512
best_lambda
0.0333674912189367
CV inner loop, CV rep number: 2
best_alpha
0
best_lambda
0.0899152010247253
best_alpha
0.064
best_lambda
0.093681404973173
best_alpha
0
best_lambda
0.0764880494522297
best_alpha
0.729
best_lambda
0.0269651013223968
best_alpha
0.512
best_lambda
0.0379595745378957
best_alpha
1
best_lambda
0.0324798924044071
best_alpha
0.512
best_lambda
0.040298412188817
best_alpha
1
best_lambda
0.0229493079655864
CV inner loop, CV rep number: 4
best_alpha
1
best_lambda
0.0245901056673342
CV inner loop, CV rep number: 2
best_alpha
0.729
best_lambda
0.0327796458237366
CV inner loop, CV rep number: 4
best_alpha
0.064
best_lambda
0.102457812758716
best_alpha
0.343
best_lambda
0.0348085483127715
best_alpha
1
best_lambda
0.0195759552849904
[1] "Results: "
Warning messages:
1: package ‘glmnetUtils’ was built under R version 3.6.3 
2: from glmnet Fortran code (error code -99); Convergence for 99th lambda value not reached after maxit=100000 iterations; solutions for larger lambdas returned 
Warning message:
Warning messages:
Warning messages:
Warning messages:
 Warning message:
 observedWarning message:
 CV_reppackage ‘glmnetUtils’ was built under R version 3.6.3 
 {class_type}_predWarning messages:

1Warning message:
    OtherWarning message:
3: from glmnet Fortran code (error code -98); Convergence for 98th lambda value not reached after maxit=100000 iterations; solutions for larger lambdas returned 
4: from glmnet Fortran code (error code -100); Convergence for 100th lambda value not reached after maxit=100000 iterations; solutions for larger lambdas returned 
      1package ‘glmnetUtils’ was built under R version 3.6.3 
         0.67927601: package ‘glmnetUtils’ was built under R version 3.6.3 

21: package ‘glmnetUtils’ was built under R version 3.6.3 
    Other2: from glmnet Fortran code (error code -91); Convergence for 91th lambda value not reached after maxit=100000 iterations; solutions for larger lambdas returned 
      11: package ‘glmnetUtils’ was built under R version 3.6.3 
         0.74183452: from glmnet Fortran code (error code -97); Convergence for 97th lambda value not reached after maxit=100000 iterations; solutions for larger lambdas returned 

3package ‘glmnetUtils’ was built under R version 3.6.3 
    Other      11: package ‘glmnetUtils’ was built under R version 3.6.3 
         0.9540125package ‘glmnetUtils’ was built under R version 3.6.3 

4package ‘glmnetUtils’ was built under R version 3.6.3 
    Other2: from glmnet Fortran code (error code -99); Convergence for 99th lambda value not reached after maxit=100000 iterations; solutions for larger lambdas returned 
      1         0.5113187
5    Other      1         0.74690043: from glmnet Fortran code (error code -100); Convergence for 100th lambda value not reached after maxit=100000 iterations; solutions for larger lambdas returned 

63: from glmnet Fortran code (error code -87); Convergence for 87th lambda value not reached after maxit=100000 iterations; solutions for larger lambdas returned 
    Other      1         0.75490052: from glmnet Fortran code (error code -97); Convergence for 97th lambda value not reached after maxit=100000 iterations; solutions for larger lambdas returned 
3: from glmnet Fortran code (error code -98); Convergence for 98th lambda value not reached after maxit=100000 iterations; solutions for larger lambdas returned 

[Mon Nov 29 23:23:34 2021]
Finished job 0.
1 of 1 steps (100%) done
