Building DAG of jobs...
Using shell: /usr/bin/bash
Provided cores: 10
Rules claiming more threads will be scaled down.
Select jobs to execute...

[Tue Nov 30 00:17:42 2021]
rule PCA_binomial_classification:
    input: data/ATAC_predictions_train_20_predict_80/PCA_ATAC_pred_lasso_formatted_standardized.rds, data/sample_types.txt
    output: Classification_output/Binomial_models_output/Lasso_Predictions_PCA_Bile_Duct_Cancer.rds
    jobid: 0
    wildcards: model_binomial=Lasso, class_type=Bile_Duct_Cancer
    threads: 10
    resources: mem_mb=200000, disk_mb=1000, tmpdir=/scratch/57577203, time=20:00:00

Rscript --vanilla /faststorage/project/DELFI1/Workspaces/CarmenAndAnika/.snakemake/scripts/tmp3r9s6twl.Lasso.R
Activating conda environment: /faststorage/project/DELFI1/Workspaces/CarmenAndAnika/.snakemake/conda/411837606499b7823565885a8a388b12
Registered S3 methods overwritten by 'ggplot2':
  method         from 
  [.quosures     rlang
  c.quosures     rlang
  print.quosures rlang
Registered S3 method overwritten by 'rvest':
  method            from
  read_xml.response xml2
── Attaching packages ─────────────────────────────────────── tidyverse 1.2.1 ──
✔ ggplot2 3.1.1       ✔ purrr   0.3.2  
✔ tibble  2.1.1       ✔ dplyr   0.8.0.1
✔ tidyr   0.8.3       ✔ stringr 1.4.0  
✔ readr   1.3.1       ✔ forcats 0.4.0  
── Conflicts ────────────────────────────────────────── tidyverse_conflicts() ──
✖ dplyr::filter() masks stats::filter()
✖ dplyr::lag()    masks stats::lag()
Type 'citation("pROC")' for a citation.

Attaching package: ‘pROC’

The following objects are masked from ‘package:stats’:

    cov, smooth, var

Loading required package: Matrix

Attaching package: ‘Matrix’

The following object is masked from ‘package:tidyr’:

    expand

Loading required package: foreach

Attaching package: ‘foreach’

The following objects are masked from ‘package:purrr’:

    accumulate, when

Loaded glmnet 2.0-16


Attaching package: ‘glmnet’

The following object is masked from ‘package:pROC’:

    auc


Attaching package: ‘glmnetUtils’

The following objects are masked from ‘package:glmnet’:

    cv.glmnet, glmnet

Warning: unable to access index for repository http://cran.us.r-project.org/src/contrib/splitTools_0.3.1.tar.gz/src/contrib:
  cannot open URL 'http://cran.us.r-project.org/src/contrib/splitTools_0.3.1.tar.gz/src/contrib/PACKAGES'
Warning message:
package ‘splitTools’ is not available (for R version 3.6.1) 
Warning message:
package ‘multiROC’ was built under R version 3.6.3 
dummies-1.5.6 provided by Decision Patterns

Warning message:
package ‘dummies’ was built under R version 3.6.3 
Loading required package: gplots

Attaching package: ‘gplots’

The following object is masked from ‘package:stats’:

    lowess

Loading required package: iterators
Loading required package: parallel
Loading required package: rngtools
Loading required package: pkgmaker
Loading required package: registry

Attaching package: ‘pkgmaker’

The following object is masked from ‘package:base’:

    isFALSE

Gastric_cancerOvarian_CancerLung_CancerBile_Duct_CancerPancreatic_CancerDuodenal_CancerBreast_CancerColorectal_Cancer
[1] "Sample_type levels"
[1] "Cancer" "Other" 
starting worker pid=5005 on localhost:11994 at 00:17:48.924
starting worker pid=5029 on localhost:11994 at 00:17:49.233
starting worker pid=5053 on localhost:11994 at 00:17:49.540
starting worker pid=5077 on localhost:11994 at 00:17:49.849
starting worker pid=5102 on localhost:11994 at 00:17:50.157
starting worker pid=5126 on localhost:11994 at 00:17:50.466
starting worker pid=5150 on localhost:11994 at 00:17:50.769
starting worker pid=5175 on localhost:11994 at 00:17:51.074
starting worker pid=5199 on localhost:11994 at 00:17:51.383
starting worker pid=5224 on localhost:11994 at 00:17:51.691
Registered S3 methods overwritten by 'ggplot2':
  method         from 
  [.quosures     rlang
  c.quosures     rlang
  print.quosures rlang
Registered S3 methods overwritten by 'ggplot2':
  method         from 
  [.quosures     rlang
  c.quosures     rlang
  print.quosures rlang
Registered S3 methods overwritten by 'ggplot2':
  method         from 
  [.quosures     rlang
  c.quosures     rlang
  print.quosures rlang
Registered S3 methods overwritten by 'ggplot2':
  method         from 
  [.quosures     rlang
  c.quosures     rlang
  print.quosures rlang
Registered S3 methods overwritten by 'ggplot2':
  method         from 
  [.quosures     rlang
  c.quosures     rlang
  print.quosures rlang
Registered S3 methods overwritten by 'ggplot2':
  method         from 
  [.quosures     rlang
  c.quosures     rlang
  print.quosures rlang
Registered S3 methods overwritten by 'ggplot2':
  method         from 
  [.quosures     rlang
  c.quosures     rlang
  print.quosures rlang
Registered S3 methods overwritten by 'ggplot2':
  method         from 
  [.quosures     rlang
  c.quosures     rlang
  print.quosures rlang
Registered S3 methods overwritten by 'ggplot2':
  method         from 
  [.quosures     rlang
  c.quosures     rlang
  print.quosures rlang
Registered S3 methods overwritten by 'ggplot2':
  method         from 
  [.quosures     rlang
  c.quosures     rlang
  print.quosures rlang
Registered S3 method overwritten by 'rvest':
  method            from
  read_xml.response xml2
Registered S3 method overwritten by 'rvest':
  method            from
  read_xml.response xml2
Registered S3 method overwritten by 'rvest':
  method            from
  read_xml.response xml2
Registered S3 method overwritten by 'rvest':
  method            from
  read_xml.response xml2
── Attaching packages ─────────────────────────────────────── tidyverse 1.2.1 ──
── Attaching packages ─────────────────────────────────────── tidyverse 1.2.1 ──
── Attaching packages ─────────────────────────────────────── tidyverse 1.2.1 ──
Registered S3 method overwritten by 'rvest':
  method            from
  read_xml.response xml2
✔ ggplot2 3.1.1       ✔ purrr   0.3.2  
✔ tibble  2.1.1       ✔ dplyr   0.8.0.1
✔ tidyr   0.8.3       ✔ stringr 1.4.0  
✔ readr   1.3.1       ✔ forcats 0.4.0  
✔ ggplot2 3.1.1       ✔ purrr   0.3.2  
✔ tibble  2.1.1       ✔ dplyr   0.8.0.1
✔ tidyr   0.8.3       ✔ stringr 1.4.0  
✔ readr   1.3.1       ✔ forcats 0.4.0  
✔ ggplot2 3.1.1       ✔ purrr   0.3.2  
✔ tibble  2.1.1       ✔ dplyr   0.8.0.1
✔ tidyr   0.8.3       ✔ stringr 1.4.0  
✔ readr   1.3.1       ✔ forcats 0.4.0  
Registered S3 method overwritten by 'rvest':
  method            from
  read_xml.response xml2
── Attaching packages ─────────────────────────────────────── tidyverse 1.2.1 ──
Registered S3 method overwritten by 'rvest':
  method            from
  read_xml.response xml2
Registered S3 method overwritten by 'rvest':
  method            from
  read_xml.response xml2
✔ ggplot2 3.1.1       ✔ purrr   0.3.2  
✔ tibble  2.1.1       ✔ dplyr   0.8.0.1
✔ tidyr   0.8.3       ✔ stringr 1.4.0  
✔ readr   1.3.1       ✔ forcats 0.4.0  
── Attaching packages ─────────────────────────────────────── tidyverse 1.2.1 ──
Registered S3 method overwritten by 'rvest':
  method            from
  read_xml.response xml2
Registered S3 method overwritten by 'rvest':
  method            from
  read_xml.response xml2
✔ ggplot2 3.1.1       ✔ purrr   0.3.2  
✔ tibble  2.1.1       ✔ dplyr   0.8.0.1
✔ tidyr   0.8.3       ✔ stringr 1.4.0  
✔ readr   1.3.1       ✔ forcats 0.4.0  
── Attaching packages ─────────────────────────────────────── tidyverse 1.2.1 ──
✔ ggplot2 3.1.1       ✔ purrr   0.3.2  
✔ tibble  2.1.1       ✔ dplyr   0.8.0.1
✔ tidyr   0.8.3       ✔ stringr 1.4.0  
✔ readr   1.3.1       ✔ forcats 0.4.0  
── Attaching packages ─────────────────────────────────────── tidyverse 1.2.1 ──
── Attaching packages ─────────────────────────────────────── tidyverse 1.2.1 ──
✔ ggplot2 3.1.1       ✔ purrr   0.3.2  
✔ tibble  2.1.1       ✔ dplyr   0.8.0.1
✔ tidyr   0.8.3       ✔ stringr 1.4.0  
✔ readr   1.3.1       ✔ forcats 0.4.0  
── Attaching packages ─────────────────────────────────────── tidyverse 1.2.1 ──
✔ ggplot2 3.1.1       ✔ purrr   0.3.2  
✔ tibble  2.1.1       ✔ dplyr   0.8.0.1
✔ tidyr   0.8.3       ✔ stringr 1.4.0  
✔ readr   1.3.1       ✔ forcats 0.4.0  
── Attaching packages ─────────────────────────────────────── tidyverse 1.2.1 ──
✔ ggplot2 3.1.1       ✔ purrr   0.3.2  
✔ tibble  2.1.1       ✔ dplyr   0.8.0.1
✔ tidyr   0.8.3       ✔ stringr 1.4.0  
✔ readr   1.3.1       ✔ forcats 0.4.0  
── Conflicts ────────────────────────────────────────── tidyverse_conflicts() ──
✖ dplyr::filter() masks stats::filter()
✖ dplyr::lag()    masks stats::lag()
── Conflicts ────────────────────────────────────────── tidyverse_conflicts() ──
✖ dplyr::filter() masks stats::filter()
✖ dplyr::lag()    masks stats::lag()
── Conflicts ────────────────────────────────────────── tidyverse_conflicts() ──
✖ dplyr::filter() masks stats::filter()
✖ dplyr::lag()    masks stats::lag()
✔ ggplot2 3.1.1       ✔ purrr   0.3.2  
✔ tibble  2.1.1       ✔ dplyr   0.8.0.1
✔ tidyr   0.8.3       ✔ stringr 1.4.0  
✔ readr   1.3.1       ✔ forcats 0.4.0  
Loading required package: foreach
Loading required package: foreach
Loading required package: foreach
── Conflicts ────────────────────────────────────────── tidyverse_conflicts() ──
✖ dplyr::filter() masks stats::filter()
✖ dplyr::lag()    masks stats::lag()

Attaching package: ‘foreach’


Attaching package: ‘foreach’

The following objects are masked from ‘package:purrr’:

    accumulate, when

The following objects are masked from ‘package:purrr’:

    accumulate, when


Attaching package: ‘foreach’

The following objects are masked from ‘package:purrr’:

    accumulate, when

Loading required package: rngtools
Loading required package: rngtools
Loading required package: rngtools
── Conflicts ────────────────────────────────────────── tidyverse_conflicts() ──
✖ dplyr::filter() masks stats::filter()
✖ dplyr::lag()    masks stats::lag()
Loading required package: foreach
Loading required package: pkgmaker
Loading required package: foreach
Loading required package: pkgmaker
Loading required package: pkgmaker

Attaching package: ‘foreach’

The following objects are masked from ‘package:purrr’:

    accumulate, when

Loading required package: rngtools
Loading required package: registry

Attaching package: ‘foreach’

The following objects are masked from ‘package:purrr’:

    accumulate, when

Loading required package: rngtools
Loading required package: registry
Loading required package: registry
── Conflicts ────────────────────────────────────────── tidyverse_conflicts() ──
✖ dplyr::filter() masks stats::filter()
✖ dplyr::lag()    masks stats::lag()
Loading required package: pkgmaker
Loading required package: pkgmaker
Loading required package: foreach
Loading required package: registry

Attaching package: ‘foreach’

The following objects are masked from ‘package:purrr’:

    accumulate, when

Loading required package: registry
Loading required package: rngtools
── Conflicts ────────────────────────────────────────── tidyverse_conflicts() ──
✖ dplyr::filter() masks stats::filter()
✖ dplyr::lag()    masks stats::lag()
Loading required package: pkgmaker
── Conflicts ────────────────────────────────────────── tidyverse_conflicts() ──
✖ dplyr::filter() masks stats::filter()
✖ dplyr::lag()    masks stats::lag()
Loading required package: foreach
Loading required package: foreach
Loading required package: registry

Attaching package: ‘foreach’

The following objects are masked from ‘package:purrr’:

    accumulate, when

Loading required package: rngtools

Attaching package: ‘foreach’

The following objects are masked from ‘package:purrr’:

    accumulate, when

Loading required package: rngtools
── Conflicts ────────────────────────────────────────── tidyverse_conflicts() ──
✖ dplyr::filter() masks stats::filter()
✖ dplyr::lag()    masks stats::lag()
── Conflicts ────────────────────────────────────────── tidyverse_conflicts() ──
✖ dplyr::filter() masks stats::filter()
✖ dplyr::lag()    masks stats::lag()
Loading required package: pkgmaker
Loading required package: pkgmaker
Loading required package: foreach
Loading required package: foreach
Loading required package: registry

Attaching package: ‘pkgmaker’

The following object is masked from ‘package:base’:

    isFALSE


Attaching package: ‘foreach’


Attaching package: ‘foreach’

The following objects are masked from ‘package:purrr’:

    accumulate, when

The following objects are masked from ‘package:purrr’:

    accumulate, when

Loading required package: rngtools
Loading required package: registry
Loading required package: rngtools

Attaching package: ‘pkgmaker’

The following object is masked from ‘package:base’:

    isFALSE


Attaching package: ‘pkgmaker’

The following object is masked from ‘package:base’:

    isFALSE

Loading required package: pkgmaker
Loading required package: pkgmaker
Loading required package: registry
Loading required package: registry

Attaching package: ‘pkgmaker’


Attaching package: ‘pkgmaker’

The following object is masked from ‘package:base’:

    isFALSE

The following object is masked from ‘package:base’:

    isFALSE


Attaching package: ‘pkgmaker’

The following object is masked from ‘package:base’:

    isFALSE


Attaching package: ‘pkgmaker’

The following object is masked from ‘package:base’:

    isFALSE


Attaching package: ‘pkgmaker’

The following object is masked from ‘package:base’:

    isFALSE


Attaching package: ‘pkgmaker’

The following object is masked from ‘package:base’:

    isFALSE


Attaching package: ‘pkgmaker’

The following object is masked from ‘package:base’:

    isFALSE

Bile_Duct_Cancer
Bile_Duct_Cancer
CV repetition number: 1
Bile_Duct_Cancer
Bile_Duct_Cancer
Bile_Duct_Cancer
Bile_Duct_Cancer
Bile_Duct_Cancer
Bile_Duct_Cancer
CV repetition number: 3
Bile_Duct_Cancer
CV repetition number: 2
Bile_Duct_Cancer
CV repetition number: 4
CV repetition number: 5
CV repetition number: 6
CV repetition number: 8
CV repetition number: 7
CV repetition number: 10
CV repetition number: 9
CV inner loop, CV rep number: 1
CV inner loop, CV rep number: 3
CV inner loop, CV rep number: 2
CV inner loop, CV rep number: 4
CV inner loop, CV rep number: 5
CV inner loop, CV rep number: 6
CV inner loop, CV rep number: 8
CV inner loop, CV rep number: 7
CV inner loop, CV rep number: 10
CV inner loop, CV rep number: 9
best_alpha
0
best_lambda
0.0746637774612486
CV inner loop, CV rep number: 4
best_alpha
0.125
best_lambda
0.0647626450377045
CV inner loop, CV rep number: 10
best_alpha
0.216
best_lambda
0.04417675919755
CV inner loop, CV rep number: 8
best_alpha
0.008
best_lambda
0.0559299932973134
CV inner loop, CV rep number: 6
best_alpha
0.027
best_lambda
0.0706915897862065
CV inner loop, CV rep number: 7
best_alpha
0.064
best_lambda
0.0558713171299461
CV inner loop, CV rep number: 3
best_alpha
0.027
best_lambda
0.0465436526483411
CV inner loop, CV rep number: 1
best_alpha
0
best_lambda
0.0551342824527591
CV inner loop, CV rep number: 5
best_alpha
0
best_lambda
0.0477127599380987
CV inner loop, CV rep number: 2
best_alpha
0
best_lambda
0.0752110999251389
CV inner loop, CV rep number: 9
best_alpha
0
best_lambda
0.0827909319685495
CV inner loop, CV rep number: 10
best_alpha
0
best_lambda
0.0640997830247649
CV inner loop, CV rep number: 7
best_alpha
1
best_lambda
0.0211276125924798
CV inner loop, CV rep number: 2
best_alpha
0
best_lambda
0.06350905633118
best_alpha
0
best_lambda
0.0656498877286713
CV inner loop, CV rep number: 4
CV inner loop, CV rep number: 8
best_alpha
1
best_lambda
0.019076680444285
CV inner loop, CV rep number: 9
best_alpha
0
best_lambda
0.0571152323428924
CV inner loop, CV rep number: 6
best_alpha
1
best_lambda
0.0159268875392029
CV inner loop, CV rep number: 3
best_alpha
0.001
best_lambda
0.0525918255692413
CV inner loop, CV rep number: 5
best_alpha
1
best_lambda
0.0200085109136887
CV inner loop, CV rep number: 1
best_alpha
0.008
best_lambda
0.0660181247659755
CV inner loop, CV rep number: 8
best_alpha
0
best_lambda
0.074508066413292
CV inner loop, CV rep number: 4
best_alpha
1
best_lambda
0.0200073221495526
CV inner loop, CV rep number: 10
best_alpha
0.064
best_lambda
0.0395724324001513
CV inner loop, CV rep number: 5
best_alpha
1
best_lambda
0.0191188976262956
CV inner loop, CV rep number: 9
best_alpha
1
best_lambda
0.0180477546058334
CV inner loop, CV rep number: 2
best_alpha
1
best_lambda
0.0204143730334947
best_alpha
CV inner loop, CV rep number: 7
0
best_lambda
0.0885470067010594
CV inner loop, CV rep number: 1
best_alpha
0
best_lambda
0.0723768475399895
CV inner loop, CV rep number: 6
best_alpha
0.001
best_lambda
0.11260191517082
CV inner loop, CV rep number: 3
best_alpha
1
best_lambda
0.0178242531341825
CV inner loop, CV rep number: 1
best_alpha
0
best_lambda
0.0340050202524114
CV inner loop, CV rep number: 7
best_alpha
0.027
best_lambda
0.0345886164712614
CV inner loop, CV rep number: 2
best_alpha
1
best_lambda
0.0094982983185636
CV inner loop, CV rep number: 3
best_alpha
0
best_lambda
0.0729275859520884
CV inner loop, CV rep number: 10
best_alpha
0
best_lambda
0.0761498198443721
CV inner loop, CV rep number: 8
best_alpha
0
best_lambda
0.0685755443585506
CV inner loop, CV rep number: 9
best_alpha
0.512
best_lambda
0.0256936634729589
CV inner loop, CV rep number: 5
best_alpha
0.729
best_lambda
0.0262704618019391
CV inner loop, CV rep number: 4
best_alpha
0
best_lambda
0.0706409710169727
CV inner loop, CV rep number: 6
best_alpha
0
best_lambda
0.068106030482197
CV inner loop, CV rep number: 2
best_alpha
0.125
best_lambda
0.0805100493459063
CV inner loop, CV rep number: 1
best_alpha
0
best_lambda
0.155991792230364
CV inner loop, CV rep number: 3
best_alpha
0.343
best_lambda
0.0296436261423097
CV inner loop, CV rep number: 8
best_alpha
0
best_lambda
0.0567574474839549
CV inner loop, CV rep number: 7
best_alpha
1
best_lambda
0.0109615036158116
CV inner loop, CV rep number: 9
best_alpha
0
best_lambda
0.0589803426354801
CV inner loop, CV rep number: 10
best_alpha
0.343
best_lambda
0.0321789333493487
CV inner loop, CV rep number: 4
best_alpha
0
best_lambda
0.0808209589899804
CV inner loop, CV rep number: 5
best_alpha
0.064
best_lambda
0.0517575977988436
CV inner loop, CV rep number: 6
best_alpha
0
best_lambda
0.0614251365024913
CV inner loop, CV rep number: 2
best_alpha
1
best_lambda
0.0193652131827375
CV inner loop, CV rep number: 3
best_alpha
0.027
best_lambda
0.0417469493557407
CV inner loop, CV rep number: 7
best_alpha
0.512
best_lambda
0.0238459646481725
CV inner loop, CV rep number: 9
best_alpha
0.008
best_lambda
0.0618872738623316
CV inner loop, CV rep number: 1
best_alpha
1
best_lambda
0.0183877972663824
best_alpha
0.001
best_lambda
CV inner loop, CV rep number: 10
0.153735104221009
CV inner loop, CV rep number: 4
best_alpha
1
best_lambda
0.0185263418034617
CV inner loop, CV rep number: 8
best_alpha
0
best_lambda
0.0715099576350119
CV inner loop, CV rep number: 6
best_alpha
0.343
best_lambda
0.0309428347275476
CV inner loop, CV rep number: 5
best_alpha
1
best_lambda
0.0173274853960268
CV inner loop, CV rep number: 2
best_alpha
0.512
best_lambda
0.0275137971784443
CV inner loop, CV rep number: 3
best_alpha
0.216
best_lambda
0.0383963643581519
CV inner loop, CV rep number: 1
best_alpha
0.125
best_lambda
0.0503639568971231
CV inner loop, CV rep number: 10
best_alpha
0.343
best_lambda
0.0410729710685291
CV inner loop, CV rep number: 9
best_alpha
0
best_lambda
0.0629995029207216
CV inner loop, CV rep number: 5
best_alpha
0
best_lambda
0.0623733745385952
CV inner loop, CV rep number: 7
best_alpha
0.343
best_lambda
0.0330613152311851
CV inner loop, CV rep number: 8
best_alpha
0
best_lambda
0.0574944316116737
CV inner loop, CV rep number: 4
best_alpha
0
best_lambda
0.0782053660250016
CV inner loop, CV rep number: 6
best_alpha
0
best_lambda
0.0675263574860907
CV inner loop, CV rep number: 3
best_alpha
0
best_lambda
0.0845513373195873
CV inner loop, CV rep number: 2
best_alpha
0
best_lambda
0.0677627564144315
CV inner loop, CV rep number: 10
best_alpha
0
best_lambda
0.048554411821244
CV inner loop, CV rep number: 4
best_alpha
0
best_lambda
0.0448393585160219
CV inner loop, CV rep number: 1
best_alpha
0
best_lambda
0.0651784666355838
CV inner loop, CV rep number: 7
best_alpha
1
best_lambda
0.0186641328986562
CV inner loop, CV rep number: 8
best_alpha
1
best_lambda
0.0189927154595742
CV inner loop, CV rep number: 9
best_alpha
0
best_lambda
0.0967774380608461
CV inner loop, CV rep number: 5
best_alpha
0
best_lambda
0.0860737520075784
CV inner loop, CV rep number: 6
best_alpha
0
best_lambda
0.0533147704133512
CV inner loop, CV rep number: 3
best_alpha
0.343
best_lambda
0.0266317265133485
CV inner loop, CV rep number: 10
best_alpha
best_alpha
0
0.008
best_lambda
best_lambda
0.0341105514631298
0.0485282049840821
CV inner loop, CV rep number: 2
CV inner loop, CV rep number: 8
best_alpha
0
best_lambda
0.0720121568485357
CV inner loop, CV rep number: 4
best_alpha
0
best_lambda
0.0497946845330192
CV inner loop, CV rep number: 1
best_alpha
0.125
best_lambda
0.0581544453701412
CV inner loop, CV rep number: 6
best_alpha
1
best_lambda
0.0185255419076832
CV inner loop, CV rep number: 7
best_alpha
0
best_lambda
0.035247276576578
CV inner loop, CV rep number: 5
best_alpha
0
best_lambda
0.0469074733151651
CV inner loop, CV rep number: 9
best_alpha
0.001
best_lambda
0.0770781446512267
best_alpha
0
best_lambda
0.0645072069391579
best_alpha
0
best_lambda
0.0457282219630545
best_alpha
0.027
best_lambda
0.0402970216367841
best_alpha
0
best_lambda
0.0152204073317351
best_alpha
0.512
best_lambda
0.0321940366900067
best_alpha
1
best_lambda
0.0192467741914831
best_alpha
0
best_lambda
0.0687107723911584
best_alpha
0
best_lambda
0.0618442739229688
best_alpha
0
best_lambda
0.0657430161138711
[1] "Results: "
  observed CV_rep {class_type}_pred
1    Other      1         0.9367712
2    Other      1         0.8322983
3    Other      1         0.7886543
4    Other      1         0.9368483
5    Other      1         0.9624648
6    Other      1         0.9440324
[Tue Nov 30 00:19:38 2021]
Finished job 0.
1 of 1 steps (100%) done
