Building DAG of jobs...
Using shell: /usr/bin/bash
Provided cores: 5
Rules claiming more threads will be scaled down.
Select jobs to execute...

[Sun Nov 21 02:11:07 2021]
rule SVM_Radial:
    input: data/ATAC_predictions_train_20_predict_80/ATAC_pred_lasso_normalized_trimmed_formatted_standardized.rds, data/sample_types.txt
    output: Classification_output/SVM_radial_normalized_trimmed.rds, Classification_output/ROC_plots/ROC_SVM_radial.png
    jobid: 0
    threads: 5
    resources: mem_mb=300000, disk_mb=1000, tmpdir=/scratch/57135173, time=11:30:00

Rscript --vanilla /faststorage/project/DELFI1/Workspaces/CarmenAndAnika/.snakemake/scripts/tmp7uvthz62.SVM_radial.R
Registered S3 methods overwritten by 'ggplot2':
  method         from 
  [.quosures     rlang
  c.quosures     rlang
  print.quosures rlang
Registered S3 method overwritten by 'rvest':
  method            from
  read_xml.response xml2
── Attaching packages ─────────────────────────────────────── tidyverse 1.2.1 ──
✔ ggplot2 3.1.1     ✔ purrr   0.3.4
✔ tibble  3.1.4     ✔ dplyr   1.0.7
✔ tidyr   1.1.3     ✔ stringr 1.4.0
✔ readr   1.3.1     ✔ forcats 0.4.0
── Conflicts ────────────────────────────────────────── tidyverse_conflicts() ──
✖ dplyr::filter() masks stats::filter()
✖ dplyr::lag()    masks stats::lag()
Loading required package: lattice

Attaching package: ‘caret’

The following object is masked from ‘package:purrr’:

    lift

Type 'citation("pROC")' for a citation.

Attaching package: ‘pROC’

The following objects are masked from ‘package:stats’:

    cov, smooth, var

trying URL 'http://cran.us.r-project.org/src/contrib/kernlab_0.9-29.tar.gz'
Content type 'application/x-gzip' length 1168376 bytes (1.1 MB)
==================================================
downloaded 1.1 MB

* installing *source* package ‘kernlab’ ...
** package ‘kernlab’ successfully unpacked and MD5 sums checked
** using staged installation
** libs
x86_64-conda_cos6-linux-gnu-c++ -std=gnu++11 -I"/home/coroperv/miniconda3/envs/ctDNA/lib/R/include" -DNDEBUG   -DNDEBUG -D_FORTIFY_SOURCE=2 -O2 -isystem /home/coroperv/miniconda3/envs/ctDNA/include -I/home/coroperv/miniconda3/envs/ctDNA/include -Wl,-rpath-link,/home/coroperv/miniconda3/envs/ctDNA/lib  -fpic  -fvisibility-inlines-hidden  -fmessage-length=0 -march=nocona -mtune=haswell -ftree-vectorize -fPIC -fstack-protector-strong -fno-plt -O2 -ffunction-sections -pipe -isystem /home/coroperv/miniconda3/envs/ctDNA/include -fdebug-prefix-map=/tmp/build/80754af9/r-base_1589917437985/work=/usr/local/src/conda/r-base-3.6.1 -fdebug-prefix-map=/home/coroperv/miniconda3/envs/ctDNA=/usr/local/src/conda-prefix  -c brweight.cpp -o brweight.o
x86_64-conda_cos6-linux-gnu-c++ -std=gnu++11 -I"/home/coroperv/miniconda3/envs/ctDNA/lib/R/include" -DNDEBUG   -DNDEBUG -D_FORTIFY_SOURCE=2 -O2 -isystem /home/coroperv/miniconda3/envs/ctDNA/include -I/home/coroperv/miniconda3/envs/ctDNA/include -Wl,-rpath-link,/home/coroperv/miniconda3/envs/ctDNA/lib  -fpic  -fvisibility-inlines-hidden  -fmessage-length=0 -march=nocona -mtune=haswell -ftree-vectorize -fPIC -fstack-protector-strong -fno-plt -O2 -ffunction-sections -pipe -isystem /home/coroperv/miniconda3/envs/ctDNA/include -fdebug-prefix-map=/tmp/build/80754af9/r-base_1589917437985/work=/usr/local/src/conda/r-base-3.6.1 -fdebug-prefix-map=/home/coroperv/miniconda3/envs/ctDNA=/usr/local/src/conda-prefix  -c ctable.cpp -o ctable.o
x86_64-conda_cos6-linux-gnu-c++ -std=gnu++11 -I"/home/coroperv/miniconda3/envs/ctDNA/lib/R/include" -DNDEBUG   -DNDEBUG -D_FORTIFY_SOURCE=2 -O2 -isystem /home/coroperv/miniconda3/envs/ctDNA/include -I/home/coroperv/miniconda3/envs/ctDNA/include -Wl,-rpath-link,/home/coroperv/miniconda3/envs/ctDNA/lib  -fpic  -fvisibility-inlines-hidden  -fmessage-length=0 -march=nocona -mtune=haswell -ftree-vectorize -fPIC -fstack-protector-strong -fno-plt -O2 -ffunction-sections -pipe -isystem /home/coroperv/miniconda3/envs/ctDNA/include -fdebug-prefix-map=/tmp/build/80754af9/r-base_1589917437985/work=/usr/local/src/conda/r-base-3.6.1 -fdebug-prefix-map=/home/coroperv/miniconda3/envs/ctDNA=/usr/local/src/conda-prefix  -c cweight.cpp -o cweight.o
x86_64-conda_cos6-linux-gnu-cc -I"/home/coroperv/miniconda3/envs/ctDNA/lib/R/include" -DNDEBUG   -DNDEBUG -D_FORTIFY_SOURCE=2 -O2 -isystem /home/coroperv/miniconda3/envs/ctDNA/include -I/home/coroperv/miniconda3/envs/ctDNA/include -Wl,-rpath-link,/home/coroperv/miniconda3/envs/ctDNA/lib  -fpic  -march=nocona -mtune=haswell -ftree-vectorize -fPIC -fstack-protector-strong -fno-plt -O2 -ffunction-sections -pipe -isystem /home/coroperv/miniconda3/envs/ctDNA/include -fdebug-prefix-map=/tmp/build/80754af9/r-base_1589917437985/work=/usr/local/src/conda/r-base-3.6.1 -fdebug-prefix-map=/home/coroperv/miniconda3/envs/ctDNA=/usr/local/src/conda-prefix  -c dbreakpt.c -o dbreakpt.o
x86_64-conda_cos6-linux-gnu-cc -I"/home/coroperv/miniconda3/envs/ctDNA/lib/R/include" -DNDEBUG   -DNDEBUG -D_FORTIFY_SOURCE=2 -O2 -isystem /home/coroperv/miniconda3/envs/ctDNA/include -I/home/coroperv/miniconda3/envs/ctDNA/include -Wl,-rpath-link,/home/coroperv/miniconda3/envs/ctDNA/lib  -fpic  -march=nocona -mtune=haswell -ftree-vectorize -fPIC -fstack-protector-strong -fno-plt -O2 -ffunction-sections -pipe -isystem /home/coroperv/miniconda3/envs/ctDNA/include -fdebug-prefix-map=/tmp/build/80754af9/r-base_1589917437985/work=/usr/local/src/conda/r-base-3.6.1 -fdebug-prefix-map=/home/coroperv/miniconda3/envs/ctDNA=/usr/local/src/conda-prefix  -c dcauchy.c -o dcauchy.o
x86_64-conda_cos6-linux-gnu-cc -I"/home/coroperv/miniconda3/envs/ctDNA/lib/R/include" -DNDEBUG   -DNDEBUG -D_FORTIFY_SOURCE=2 -O2 -isystem /home/coroperv/miniconda3/envs/ctDNA/include -I/home/coroperv/miniconda3/envs/ctDNA/include -Wl,-rpath-link,/home/coroperv/miniconda3/envs/ctDNA/lib  -fpic  -march=nocona -mtune=haswell -ftree-vectorize -fPIC -fstack-protector-strong -fno-plt -O2 -ffunction-sections -pipe -isystem /home/coroperv/miniconda3/envs/ctDNA/include -fdebug-prefix-map=/tmp/build/80754af9/r-base_1589917437985/work=/usr/local/src/conda/r-base-3.6.1 -fdebug-prefix-map=/home/coroperv/miniconda3/envs/ctDNA=/usr/local/src/conda-prefix  -c dgpnrm.c -o dgpnrm.o
x86_64-conda_cos6-linux-gnu-cc -I"/home/coroperv/miniconda3/envs/ctDNA/lib/R/include" -DNDEBUG   -DNDEBUG -D_FORTIFY_SOURCE=2 -O2 -isystem /home/coroperv/miniconda3/envs/ctDNA/include -I/home/coroperv/miniconda3/envs/ctDNA/include -Wl,-rpath-link,/home/coroperv/miniconda3/envs/ctDNA/lib  -fpic  -march=nocona -mtune=haswell -ftree-vectorize -fPIC -fstack-protector-strong -fno-plt -O2 -ffunction-sections -pipe -isystem /home/coroperv/miniconda3/envs/ctDNA/include -fdebug-prefix-map=/tmp/build/80754af9/r-base_1589917437985/work=/usr/local/src/conda/r-base-3.6.1 -fdebug-prefix-map=/home/coroperv/miniconda3/envs/ctDNA=/usr/local/src/conda-prefix  -c dgpstep.c -o dgpstep.o
x86_64-conda_cos6-linux-gnu-cc -I"/home/coroperv/miniconda3/envs/ctDNA/lib/R/include" -DNDEBUG   -DNDEBUG -D_FORTIFY_SOURCE=2 -O2 -isystem /home/coroperv/miniconda3/envs/ctDNA/include -I/home/coroperv/miniconda3/envs/ctDNA/include -Wl,-rpath-link,/home/coroperv/miniconda3/envs/ctDNA/lib  -fpic  -march=nocona -mtune=haswell -ftree-vectorize -fPIC -fstack-protector-strong -fno-plt -O2 -ffunction-sections -pipe -isystem /home/coroperv/miniconda3/envs/ctDNA/include -fdebug-prefix-map=/tmp/build/80754af9/r-base_1589917437985/work=/usr/local/src/conda/r-base-3.6.1 -fdebug-prefix-map=/home/coroperv/miniconda3/envs/ctDNA=/usr/local/src/conda-prefix  -c dprecond.c -o dprecond.o
x86_64-conda_cos6-linux-gnu-cc -I"/home/coroperv/miniconda3/envs/ctDNA/lib/R/include" -DNDEBUG   -DNDEBUG -D_FORTIFY_SOURCE=2 -O2 -isystem /home/coroperv/miniconda3/envs/ctDNA/include -I/home/coroperv/miniconda3/envs/ctDNA/include -Wl,-rpath-link,/home/coroperv/miniconda3/envs/ctDNA/lib  -fpic  -march=nocona -mtune=haswell -ftree-vectorize -fPIC -fstack-protector-strong -fno-plt -O2 -ffunction-sections -pipe -isystem /home/coroperv/miniconda3/envs/ctDNA/include -fdebug-prefix-map=/tmp/build/80754af9/r-base_1589917437985/work=/usr/local/src/conda/r-base-3.6.1 -fdebug-prefix-map=/home/coroperv/miniconda3/envs/ctDNA=/usr/local/src/conda-prefix  -c dprsrch.c -o dprsrch.o
x86_64-conda_cos6-linux-gnu-cc -I"/home/coroperv/miniconda3/envs/ctDNA/lib/R/include" -DNDEBUG   -DNDEBUG -D_FORTIFY_SOURCE=2 -O2 -isystem /home/coroperv/miniconda3/envs/ctDNA/include -I/home/coroperv/miniconda3/envs/ctDNA/include -Wl,-rpath-link,/home/coroperv/miniconda3/envs/ctDNA/lib  -fpic  -march=nocona -mtune=haswell -ftree-vectorize -fPIC -fstack-protector-strong -fno-plt -O2 -ffunction-sections -pipe -isystem /home/coroperv/miniconda3/envs/ctDNA/include -fdebug-prefix-map=/tmp/build/80754af9/r-base_1589917437985/work=/usr/local/src/conda/r-base-3.6.1 -fdebug-prefix-map=/home/coroperv/miniconda3/envs/ctDNA=/usr/local/src/conda-prefix  -c dspcg.c -o dspcg.o
x86_64-conda_cos6-linux-gnu-cc -I"/home/coroperv/miniconda3/envs/ctDNA/lib/R/include" -DNDEBUG   -DNDEBUG -D_FORTIFY_SOURCE=2 -O2 -isystem /home/coroperv/miniconda3/envs/ctDNA/include -I/home/coroperv/miniconda3/envs/ctDNA/include -Wl,-rpath-link,/home/coroperv/miniconda3/envs/ctDNA/lib  -fpic  -march=nocona -mtune=haswell -ftree-vectorize -fPIC -fstack-protector-strong -fno-plt -O2 -ffunction-sections -pipe -isystem /home/coroperv/miniconda3/envs/ctDNA/include -fdebug-prefix-map=/tmp/build/80754af9/r-base_1589917437985/work=/usr/local/src/conda/r-base-3.6.1 -fdebug-prefix-map=/home/coroperv/miniconda3/envs/ctDNA=/usr/local/src/conda-prefix  -c dtron.c -o dtron.o
x86_64-conda_cos6-linux-gnu-cc -I"/home/coroperv/miniconda3/envs/ctDNA/lib/R/include" -DNDEBUG   -DNDEBUG -D_FORTIFY_SOURCE=2 -O2 -isystem /home/coroperv/miniconda3/envs/ctDNA/include -I/home/coroperv/miniconda3/envs/ctDNA/include -Wl,-rpath-link,/home/coroperv/miniconda3/envs/ctDNA/lib  -fpic  -march=nocona -mtune=haswell -ftree-vectorize -fPIC -fstack-protector-strong -fno-plt -O2 -ffunction-sections -pipe -isystem /home/coroperv/miniconda3/envs/ctDNA/include -fdebug-prefix-map=/tmp/build/80754af9/r-base_1589917437985/work=/usr/local/src/conda/r-base-3.6.1 -fdebug-prefix-map=/home/coroperv/miniconda3/envs/ctDNA=/usr/local/src/conda-prefix  -c dtrpcg.c -o dtrpcg.o
x86_64-conda_cos6-linux-gnu-cc -I"/home/coroperv/miniconda3/envs/ctDNA/lib/R/include" -DNDEBUG   -DNDEBUG -D_FORTIFY_SOURCE=2 -O2 -isystem /home/coroperv/miniconda3/envs/ctDNA/include -I/home/coroperv/miniconda3/envs/ctDNA/include -Wl,-rpath-link,/home/coroperv/miniconda3/envs/ctDNA/lib  -fpic  -march=nocona -mtune=haswell -ftree-vectorize -fPIC -fstack-protector-strong -fno-plt -O2 -ffunction-sections -pipe -isystem /home/coroperv/miniconda3/envs/ctDNA/include -fdebug-prefix-map=/tmp/build/80754af9/r-base_1589917437985/work=/usr/local/src/conda/r-base-3.6.1 -fdebug-prefix-map=/home/coroperv/miniconda3/envs/ctDNA=/usr/local/src/conda-prefix  -c dtrqsol.c -o dtrqsol.o
x86_64-conda_cos6-linux-gnu-c++ -std=gnu++11 -I"/home/coroperv/miniconda3/envs/ctDNA/lib/R/include" -DNDEBUG   -DNDEBUG -D_FORTIFY_SOURCE=2 -O2 -isystem /home/coroperv/miniconda3/envs/ctDNA/include -I/home/coroperv/miniconda3/envs/ctDNA/include -Wl,-rpath-link,/home/coroperv/miniconda3/envs/ctDNA/lib  -fpic  -fvisibility-inlines-hidden  -fmessage-length=0 -march=nocona -mtune=haswell -ftree-vectorize -fPIC -fstack-protector-strong -fno-plt -O2 -ffunction-sections -pipe -isystem /home/coroperv/miniconda3/envs/ctDNA/include -fdebug-prefix-map=/tmp/build/80754af9/r-base_1589917437985/work=/usr/local/src/conda/r-base-3.6.1 -fdebug-prefix-map=/home/coroperv/miniconda3/envs/ctDNA=/usr/local/src/conda-prefix  -c esa.cpp -o esa.o
x86_64-conda_cos6-linux-gnu-c++ -std=gnu++11 -I"/home/coroperv/miniconda3/envs/ctDNA/lib/R/include" -DNDEBUG   -DNDEBUG -D_FORTIFY_SOURCE=2 -O2 -isystem /home/coroperv/miniconda3/envs/ctDNA/include -I/home/coroperv/miniconda3/envs/ctDNA/include -Wl,-rpath-link,/home/coroperv/miniconda3/envs/ctDNA/lib  -fpic  -fvisibility-inlines-hidden  -fmessage-length=0 -march=nocona -mtune=haswell -ftree-vectorize -fPIC -fstack-protector-strong -fno-plt -O2 -ffunction-sections -pipe -isystem /home/coroperv/miniconda3/envs/ctDNA/include -fdebug-prefix-map=/tmp/build/80754af9/r-base_1589917437985/work=/usr/local/src/conda/r-base-3.6.1 -fdebug-prefix-map=/home/coroperv/miniconda3/envs/ctDNA=/usr/local/src/conda-prefix  -c expdecayweight.cpp -o expdecayweight.o
x86_64-conda_cos6-linux-gnu-c++ -std=gnu++11 -I"/home/coroperv/miniconda3/envs/ctDNA/lib/R/include" -DNDEBUG   -DNDEBUG -D_FORTIFY_SOURCE=2 -O2 -isystem /home/coroperv/miniconda3/envs/ctDNA/include -I/home/coroperv/miniconda3/envs/ctDNA/include -Wl,-rpath-link,/home/coroperv/miniconda3/envs/ctDNA/lib  -fpic  -fvisibility-inlines-hidden  -fmessage-length=0 -march=nocona -mtune=haswell -ftree-vectorize -fPIC -fstack-protector-strong -fno-plt -O2 -ffunction-sections -pipe -isystem /home/coroperv/miniconda3/envs/ctDNA/include -fdebug-prefix-map=/tmp/build/80754af9/r-base_1589917437985/work=/usr/local/src/conda/r-base-3.6.1 -fdebug-prefix-map=/home/coroperv/miniconda3/envs/ctDNA=/usr/local/src/conda-prefix  -c inductionsort.cpp -o inductionsort.o
x86_64-conda_cos6-linux-gnu-cc -I"/home/coroperv/miniconda3/envs/ctDNA/lib/R/include" -DNDEBUG   -DNDEBUG -D_FORTIFY_SOURCE=2 -O2 -isystem /home/coroperv/miniconda3/envs/ctDNA/include -I/home/coroperv/miniconda3/envs/ctDNA/include -Wl,-rpath-link,/home/coroperv/miniconda3/envs/ctDNA/lib  -fpic  -march=nocona -mtune=haswell -ftree-vectorize -fPIC -fstack-protector-strong -fno-plt -O2 -ffunction-sections -pipe -isystem /home/coroperv/miniconda3/envs/ctDNA/include -fdebug-prefix-map=/tmp/build/80754af9/r-base_1589917437985/work=/usr/local/src/conda/r-base-3.6.1 -fdebug-prefix-map=/home/coroperv/miniconda3/envs/ctDNA=/usr/local/src/conda-prefix  -c init.c -o init.o
x86_64-conda_cos6-linux-gnu-c++ -std=gnu++11 -I"/home/coroperv/miniconda3/envs/ctDNA/lib/R/include" -DNDEBUG   -DNDEBUG -D_FORTIFY_SOURCE=2 -O2 -isystem /home/coroperv/miniconda3/envs/ctDNA/include -I/home/coroperv/miniconda3/envs/ctDNA/include -Wl,-rpath-link,/home/coroperv/miniconda3/envs/ctDNA/lib  -fpic  -fvisibility-inlines-hidden  -fmessage-length=0 -march=nocona -mtune=haswell -ftree-vectorize -fPIC -fstack-protector-strong -fno-plt -O2 -ffunction-sections -pipe -isystem /home/coroperv/miniconda3/envs/ctDNA/include -fdebug-prefix-map=/tmp/build/80754af9/r-base_1589917437985/work=/usr/local/src/conda/r-base-3.6.1 -fdebug-prefix-map=/home/coroperv/miniconda3/envs/ctDNA=/usr/local/src/conda-prefix  -c kspectrumweight.cpp -o kspectrumweight.o
x86_64-conda_cos6-linux-gnu-c++ -std=gnu++11 -I"/home/coroperv/miniconda3/envs/ctDNA/lib/R/include" -DNDEBUG   -DNDEBUG -D_FORTIFY_SOURCE=2 -O2 -isystem /home/coroperv/miniconda3/envs/ctDNA/include -I/home/coroperv/miniconda3/envs/ctDNA/include -Wl,-rpath-link,/home/coroperv/miniconda3/envs/ctDNA/lib  -fpic  -fvisibility-inlines-hidden  -fmessage-length=0 -march=nocona -mtune=haswell -ftree-vectorize -fPIC -fstack-protector-strong -fno-plt -O2 -ffunction-sections -pipe -isystem /home/coroperv/miniconda3/envs/ctDNA/include -fdebug-prefix-map=/tmp/build/80754af9/r-base_1589917437985/work=/usr/local/src/conda/r-base-3.6.1 -fdebug-prefix-map=/home/coroperv/miniconda3/envs/ctDNA=/usr/local/src/conda-prefix  -c lcp.cpp -o lcp.o
x86_64-conda_cos6-linux-gnu-cc -I"/home/coroperv/miniconda3/envs/ctDNA/lib/R/include" -DNDEBUG   -DNDEBUG -D_FORTIFY_SOURCE=2 -O2 -isystem /home/coroperv/miniconda3/envs/ctDNA/include -I/home/coroperv/miniconda3/envs/ctDNA/include -Wl,-rpath-link,/home/coroperv/miniconda3/envs/ctDNA/lib  -fpic  -march=nocona -mtune=haswell -ftree-vectorize -fPIC -fstack-protector-strong -fno-plt -O2 -ffunction-sections -pipe -isystem /home/coroperv/miniconda3/envs/ctDNA/include -fdebug-prefix-map=/tmp/build/80754af9/r-base_1589917437985/work=/usr/local/src/conda/r-base-3.6.1 -fdebug-prefix-map=/home/coroperv/miniconda3/envs/ctDNA=/usr/local/src/conda-prefix  -c misc.c -o misc.o
x86_64-conda_cos6-linux-gnu-c++ -std=gnu++11 -I"/home/coroperv/miniconda3/envs/ctDNA/lib/R/include" -DNDEBUG   -DNDEBUG -D_FORTIFY_SOURCE=2 -O2 -isystem /home/coroperv/miniconda3/envs/ctDNA/include -I/home/coroperv/miniconda3/envs/ctDNA/include -Wl,-rpath-link,/home/coroperv/miniconda3/envs/ctDNA/lib  -fpic  -fvisibility-inlines-hidden  -fmessage-length=0 -march=nocona -mtune=haswell -ftree-vectorize -fPIC -fstack-protector-strong -fno-plt -O2 -ffunction-sections -pipe -isystem /home/coroperv/miniconda3/envs/ctDNA/include -fdebug-prefix-map=/tmp/build/80754af9/r-base_1589917437985/work=/usr/local/src/conda/r-base-3.6.1 -fdebug-prefix-map=/home/coroperv/miniconda3/envs/ctDNA=/usr/local/src/conda-prefix  -c msufsort.cpp -o msufsort.o
x86_64-conda_cos6-linux-gnu-cc -I"/home/coroperv/miniconda3/envs/ctDNA/lib/R/include" -DNDEBUG   -DNDEBUG -D_FORTIFY_SOURCE=2 -O2 -isystem /home/coroperv/miniconda3/envs/ctDNA/include -I/home/coroperv/miniconda3/envs/ctDNA/include -Wl,-rpath-link,/home/coroperv/miniconda3/envs/ctDNA/lib  -fpic  -march=nocona -mtune=haswell -ftree-vectorize -fPIC -fstack-protector-strong -fno-plt -O2 -ffunction-sections -pipe -isystem /home/coroperv/miniconda3/envs/ctDNA/include -fdebug-prefix-map=/tmp/build/80754af9/r-base_1589917437985/work=/usr/local/src/conda/r-base-3.6.1 -fdebug-prefix-map=/home/coroperv/miniconda3/envs/ctDNA=/usr/local/src/conda-prefix  -c solvebqp.c -o solvebqp.o
x86_64-conda_cos6-linux-gnu-cc -I"/home/coroperv/miniconda3/envs/ctDNA/lib/R/include" -DNDEBUG   -DNDEBUG -D_FORTIFY_SOURCE=2 -O2 -isystem /home/coroperv/miniconda3/envs/ctDNA/include -I/home/coroperv/miniconda3/envs/ctDNA/include -Wl,-rpath-link,/home/coroperv/miniconda3/envs/ctDNA/lib  -fpic  -march=nocona -mtune=haswell -ftree-vectorize -fPIC -fstack-protector-strong -fno-plt -O2 -ffunction-sections -pipe -isystem /home/coroperv/miniconda3/envs/ctDNA/include -fdebug-prefix-map=/tmp/build/80754af9/r-base_1589917437985/work=/usr/local/src/conda/r-base-3.6.1 -fdebug-prefix-map=/home/coroperv/miniconda3/envs/ctDNA=/usr/local/src/conda-prefix  -c stringk.c -o stringk.o
x86_64-conda_cos6-linux-gnu-c++ -std=gnu++11 -I"/home/coroperv/miniconda3/envs/ctDNA/lib/R/include" -DNDEBUG   -DNDEBUG -D_FORTIFY_SOURCE=2 -O2 -isystem /home/coroperv/miniconda3/envs/ctDNA/include -I/home/coroperv/miniconda3/envs/ctDNA/include -Wl,-rpath-link,/home/coroperv/miniconda3/envs/ctDNA/lib  -fpic  -fvisibility-inlines-hidden  -fmessage-length=0 -march=nocona -mtune=haswell -ftree-vectorize -fPIC -fstack-protector-strong -fno-plt -O2 -ffunction-sections -pipe -isystem /home/coroperv/miniconda3/envs/ctDNA/include -fdebug-prefix-map=/tmp/build/80754af9/r-base_1589917437985/work=/usr/local/src/conda/r-base-3.6.1 -fdebug-prefix-map=/home/coroperv/miniconda3/envs/ctDNA=/usr/local/src/conda-prefix  -c stringkernel.cpp -o stringkernel.o
x86_64-conda_cos6-linux-gnu-c++ -std=gnu++11 -I"/home/coroperv/miniconda3/envs/ctDNA/lib/R/include" -DNDEBUG   -DNDEBUG -D_FORTIFY_SOURCE=2 -O2 -isystem /home/coroperv/miniconda3/envs/ctDNA/include -I/home/coroperv/miniconda3/envs/ctDNA/include -Wl,-rpath-link,/home/coroperv/miniconda3/envs/ctDNA/lib  -fpic  -fvisibility-inlines-hidden  -fmessage-length=0 -march=nocona -mtune=haswell -ftree-vectorize -fPIC -fstack-protector-strong -fno-plt -O2 -ffunction-sections -pipe -isystem /home/coroperv/miniconda3/envs/ctDNA/include -fdebug-prefix-map=/tmp/build/80754af9/r-base_1589917437985/work=/usr/local/src/conda/r-base-3.6.1 -fdebug-prefix-map=/home/coroperv/miniconda3/envs/ctDNA=/usr/local/src/conda-prefix  -c svm.cpp -o svm.o
x86_64-conda_cos6-linux-gnu-c++ -std=gnu++11 -I"/home/coroperv/miniconda3/envs/ctDNA/lib/R/include" -DNDEBUG   -DNDEBUG -D_FORTIFY_SOURCE=2 -O2 -isystem /home/coroperv/miniconda3/envs/ctDNA/include -I/home/coroperv/miniconda3/envs/ctDNA/include -Wl,-rpath-link,/home/coroperv/miniconda3/envs/ctDNA/lib  -fpic  -fvisibility-inlines-hidden  -fmessage-length=0 -march=nocona -mtune=haswell -ftree-vectorize -fPIC -fstack-protector-strong -fno-plt -O2 -ffunction-sections -pipe -isystem /home/coroperv/miniconda3/envs/ctDNA/include -fdebug-prefix-map=/tmp/build/80754af9/r-base_1589917437985/work=/usr/local/src/conda/r-base-3.6.1 -fdebug-prefix-map=/home/coroperv/miniconda3/envs/ctDNA=/usr/local/src/conda-prefix  -c wkasailcp.cpp -o wkasailcp.o
x86_64-conda_cos6-linux-gnu-c++ -std=gnu++11 -I"/home/coroperv/miniconda3/envs/ctDNA/lib/R/include" -DNDEBUG   -DNDEBUG -D_FORTIFY_SOURCE=2 -O2 -isystem /home/coroperv/miniconda3/envs/ctDNA/include -I/home/coroperv/miniconda3/envs/ctDNA/include -Wl,-rpath-link,/home/coroperv/miniconda3/envs/ctDNA/lib  -fpic  -fvisibility-inlines-hidden  -fmessage-length=0 -march=nocona -mtune=haswell -ftree-vectorize -fPIC -fstack-protector-strong -fno-plt -O2 -ffunction-sections -pipe -isystem /home/coroperv/miniconda3/envs/ctDNA/include -fdebug-prefix-map=/tmp/build/80754af9/r-base_1589917437985/work=/usr/local/src/conda/r-base-3.6.1 -fdebug-prefix-map=/home/coroperv/miniconda3/envs/ctDNA=/usr/local/src/conda-prefix  -c wmsufsort.cpp -o wmsufsort.o
x86_64-conda_cos6-linux-gnu-c++ -std=gnu++11 -shared -L/home/coroperv/miniconda3/envs/ctDNA/lib/R/lib -Wl,-O2 -Wl,--sort-common -Wl,--as-needed -Wl,-z,relro -Wl,-z,now -Wl,--disable-new-dtags -Wl,--gc-sections -Wl,-rpath,/home/coroperv/miniconda3/envs/ctDNA/lib -Wl,-rpath-link,/home/coroperv/miniconda3/envs/ctDNA/lib -L/home/coroperv/miniconda3/envs/ctDNA/lib -L/home/coroperv/miniconda3/envs/ctDNA/lib -Wl,-rpath-link,/home/coroperv/miniconda3/envs/ctDNA/lib -o kernlab.so brweight.o ctable.o cweight.o dbreakpt.o dcauchy.o dgpnrm.o dgpstep.o dprecond.o dprsrch.o dspcg.o dtron.o dtrpcg.o dtrqsol.o esa.o expdecayweight.o inductionsort.o init.o kspectrumweight.o lcp.o misc.o msufsort.o solvebqp.o stringk.o stringkernel.o svm.o wkasailcp.o wmsufsort.o -L/home/coroperv/miniconda3/envs/ctDNA/lib/R/lib -lRlapack -L/home/coroperv/miniconda3/envs/ctDNA/lib/R/lib -lRblas -lgfortran -lm -lgomp -lquadmath -lpthread -L/home/coroperv/miniconda3/envs/ctDNA/lib/R/lib -lR
installing to /home/coroperv/miniconda3/envs/ctDNA/lib/R/library/00LOCK-kernlab/00new/kernlab/libs
** R
** data
** inst
** byte-compile and prepare package for lazy loading
** help
*** installing help indices
** building package indices
** installing vignettes
** testing if installed package can be loaded from temporary location
** checking absolute paths in shared objects and dynamic libraries
** testing if installed package can be loaded from final location
** testing if installed package keeps a record of temporary installation path
* DONE (kernlab)

The downloaded source packages are in
	‘/scratch/57135173/Rtmpvu3XVN/downloaded_packages’
Updating HTML index of packages in '.Library'
Making 'packages.html' ... done

Attaching package: ‘kernlab’

The following object is masked from ‘package:purrr’:

    cross

The following object is masked from ‘package:ggplot2’:

    alpha

Loading required package: foreach

Attaching package: ‘foreach’

The following objects are masked from ‘package:purrr’:

    accumulate, when

Loading required package: iterators
Loading required package: parallel
CV repetition number: 1
CV inner loop (CV fold) number: 1
besttune C
2
besttune sigma
5.60960746412693e-05
CV inner loop (CV fold) number: 2
besttune C
2
besttune sigma
5.3952375500163e-05
CV inner loop (CV fold) number: 3
besttune C
2
besttune sigma
5.4226401136759e-05
CV inner loop (CV fold) number: 4
besttune C
4
besttune sigma
5.24788623461641e-05
CV inner loop (CV fold) number: 5
besttune C
2
besttune sigma
5.77715661604303e-05
CV inner loop (CV fold) number: 6
besttune C
2
besttune sigma
5.42514732731151e-05
CV inner loop (CV fold) number: 7
besttune C
2
besttune sigma
5.61518235645585e-05
CV inner loop (CV fold) number: 8
besttune C
2
besttune sigma
5.41899037163066e-05
CV inner loop (CV fold) number: 9
besttune C
2
besttune sigma
5.82548154533186e-05
CV inner loop (CV fold) number: 10
besttune C
4
besttune sigma
5.43476450541449e-05
CV repetition number: 2
CV inner loop (CV fold) number: 1
besttune C
2
besttune sigma
5.51317819859229e-05
CV inner loop (CV fold) number: 2
besttune C
2
besttune sigma
5.60659481464567e-05
CV inner loop (CV fold) number: 3
besttune C
2
besttune sigma
5.78106746280706e-05
CV inner loop (CV fold) number: 4
besttune C
2
besttune sigma
5.52218733624501e-05
CV inner loop (CV fold) number: 5
besttune C
2
besttune sigma
5.85616088864506e-05
CV inner loop (CV fold) number: 6
besttune C
4
besttune sigma
5.59843546654917e-05
CV inner loop (CV fold) number: 7
besttune C
2
besttune sigma
5.66807548715151e-05
CV inner loop (CV fold) number: 8
besttune C
4
besttune sigma
5.56403003993737e-05
CV inner loop (CV fold) number: 9
besttune C
2
besttune sigma
5.47727484794181e-05
CV inner loop (CV fold) number: 10
besttune C
2
besttune sigma
5.43757802672019e-05
CV repetition number: 3
CV inner loop (CV fold) number: 1
besttune C
4
besttune sigma
5.51488690674383e-05
CV inner loop (CV fold) number: 2
besttune C
2
besttune sigma
5.88985334059128e-05
CV inner loop (CV fold) number: 3
besttune C
4
besttune sigma
5.79265925635953e-05
CV inner loop (CV fold) number: 4
besttune C
4
besttune sigma
5.55156270854358e-05
CV inner loop (CV fold) number: 5
besttune C
2
besttune sigma
5.50769316189954e-05
CV inner loop (CV fold) number: 6
besttune C
4
besttune sigma
5.48752546894639e-05
CV inner loop (CV fold) number: 7
besttune C
2
besttune sigma
5.54451057107138e-05
CV inner loop (CV fold) number: 8
besttune C
4
besttune sigma
5.77643901540554e-05
CV inner loop (CV fold) number: 9
besttune C
2
besttune sigma
5.57026700526593e-05
CV inner loop (CV fold) number: 10
besttune C
4
besttune sigma
5.48975902504199e-05
CV repetition number: 4
CV inner loop (CV fold) number: 1
besttune C
4
besttune sigma
5.75496008059628e-05
CV inner loop (CV fold) number: 2
besttune C
2
besttune sigma
5.54183290628527e-05
CV inner loop (CV fold) number: 3
besttune C
4
besttune sigma
5.63726021467029e-05
CV inner loop (CV fold) number: 4
besttune C
4
besttune sigma
5.64851663154513e-05
CV inner loop (CV fold) number: 5
besttune C
4
besttune sigma
5.66930968595466e-05
CV inner loop (CV fold) number: 6
besttune C
2
besttune sigma
5.45322418924819e-05
CV inner loop (CV fold) number: 7
besttune C
4
besttune sigma
5.62410306800335e-05
CV inner loop (CV fold) number: 8
besttune C
4
besttune sigma
5.70864248198102e-05
CV inner loop (CV fold) number: 9
besttune C
2
besttune sigma
5.79176751184406e-05
CV inner loop (CV fold) number: 10
besttune C
4
besttune sigma
5.45801449967053e-05
CV repetition number: 5
CV inner loop (CV fold) number: 1
besttune C
2
besttune sigma
5.54485959644637e-05
CV inner loop (CV fold) number: 2
besttune C
2
besttune sigma
5.6444299171378e-05
CV inner loop (CV fold) number: 3
besttune C
2
besttune sigma
5.55975778697949e-05
CV inner loop (CV fold) number: 4
besttune C
4
besttune sigma
5.3743449959423e-05
CV inner loop (CV fold) number: 5
besttune C
4
besttune sigma
5.30849511802936e-05
CV inner loop (CV fold) number: 6
besttune C
4
besttune sigma
5.58395711271289e-05
CV inner loop (CV fold) number: 7
besttune C
4
besttune sigma
5.54902370207194e-05
CV inner loop (CV fold) number: 8
besttune C
4
besttune sigma
5.50108518550479e-05
CV inner loop (CV fold) number: 9
besttune C
2
besttune sigma
5.44832008421513e-05
CV inner loop (CV fold) number: 10
besttune C
4
besttune sigma
5.34656097706435e-05
CV repetition number: 6
CV inner loop (CV fold) number: 1
besttune C
4
besttune sigma
5.66882081919927e-05
CV inner loop (CV fold) number: 2
besttune C
4
besttune sigma
5.73216947792914e-05
CV inner loop (CV fold) number: 3
besttune C
4
besttune sigma
5.53473943544008e-05
CV inner loop (CV fold) number: 4
besttune C
2
besttune sigma
5.63025489848178e-05
CV inner loop (CV fold) number: 5
besttune C
4
besttune sigma
5.60234306696197e-05
CV inner loop (CV fold) number: 6
besttune C
2
besttune sigma
5.53772741205132e-05
CV inner loop (CV fold) number: 7
besttune C
4
besttune sigma
5.56847291873803e-05
CV inner loop (CV fold) number: 8
besttune C
4
besttune sigma
5.69333263987798e-05
CV inner loop (CV fold) number: 9
besttune C
2
besttune sigma
5.61675690659665e-05
CV inner loop (CV fold) number: 10
besttune C
4
besttune sigma
5.5208275891828e-05
CV repetition number: 7
CV inner loop (CV fold) number: 1
besttune C
2
besttune sigma
5.64111515946894e-05
CV inner loop (CV fold) number: 2
besttune C
2
besttune sigma
5.90814022283315e-05
CV inner loop (CV fold) number: 3
besttune C
4
besttune sigma
5.38406157080682e-05
CV inner loop (CV fold) number: 4
besttune C
4
besttune sigma
5.48218215241953e-05
CV inner loop (CV fold) number: 5
besttune C
4
besttune sigma
5.36867594399282e-05
CV inner loop (CV fold) number: 6
besttune C
4
besttune sigma
5.58585789743447e-05
CV inner loop (CV fold) number: 7
besttune C
4
besttune sigma
5.62745394878183e-05
CV inner loop (CV fold) number: 8
besttune C
2
besttune sigma
5.52230223775403e-05
CV inner loop (CV fold) number: 9
besttune C
2
besttune sigma
5.62907405748916e-05
CV inner loop (CV fold) number: 10
besttune C
4
besttune sigma
5.42478312107551e-05
CV repetition number: 8
CV inner loop (CV fold) number: 1
besttune C
4
besttune sigma
5.49467786018776e-05
CV inner loop (CV fold) number: 2
besttune C
4
besttune sigma
5.50745393261723e-05
CV inner loop (CV fold) number: 3
besttune C
2
besttune sigma
5.61886199981842e-05
CV inner loop (CV fold) number: 4
besttune C
4
besttune sigma
5.49271281351325e-05
CV inner loop (CV fold) number: 5
besttune C
2
besttune sigma
5.6733751404449e-05
CV inner loop (CV fold) number: 6
besttune C
4
besttune sigma
5.62999360114149e-05
CV inner loop (CV fold) number: 7
besttune C
2
besttune sigma
5.56277366809827e-05
CV inner loop (CV fold) number: 8
besttune C
4
besttune sigma
5.56380356350815e-05
CV inner loop (CV fold) number: 9
besttune C
2
besttune sigma
5.7371792983553e-05
CV inner loop (CV fold) number: 10
besttune C
4
besttune sigma
5.18105686794623e-05
CV repetition number: 9
CV inner loop (CV fold) number: 1
besttune C
4
besttune sigma
5.46624629138144e-05
CV inner loop (CV fold) number: 2
besttune C
4
besttune sigma
5.44085207116161e-05
CV inner loop (CV fold) number: 3
besttune C
4
besttune sigma
5.76061866803125e-05
CV inner loop (CV fold) number: 4
besttune C
2
besttune sigma
5.44894255675646e-05
CV inner loop (CV fold) number: 5
besttune C
4
besttune sigma
5.35871665285873e-05
CV inner loop (CV fold) number: 6
besttune C
4
besttune sigma
5.51661680558276e-05
CV inner loop (CV fold) number: 7
besttune C
4
besttune sigma
5.58759911526899e-05
CV inner loop (CV fold) number: 8
besttune C
4
besttune sigma
5.63282041880602e-05
CV inner loop (CV fold) number: 9
besttune C
4
besttune sigma
5.62194991046494e-05
CV inner loop (CV fold) number: 10
besttune C
2
besttune sigma
5.26940062453412e-05
CV repetition number: 10
CV inner loop (CV fold) number: 1
besttune C
4
besttune sigma
5.43877020131112e-05
CV inner loop (CV fold) number: 2
besttune C
4
besttune sigma
5.37077154547362e-05
CV inner loop (CV fold) number: 3
besttune C
4
besttune sigma
5.44118718555801e-05
CV inner loop (CV fold) number: 4
besttune C
4
besttune sigma
5.47782452923831e-05
CV inner loop (CV fold) number: 5
besttune C
2
besttune sigma
5.54569644148478e-05
CV inner loop (CV fold) number: 6
besttune C
4
besttune sigma
5.57451009386499e-05
CV inner loop (CV fold) number: 7
besttune C
2
besttune sigma
5.32688986152957e-05
CV inner loop (CV fold) number: 8
besttune C
4
besttune sigma
5.66082725055176e-05
CV inner loop (CV fold) number: 9
besttune C
4
besttune sigma
5.74105912801198e-05
CV inner loop (CV fold) number: 10
besttune C
4
besttune sigma
5.19939135404626e-05
New names:
* predicted -> predicted...2
* predicted -> predicted...3
* predicted -> predicted...4
* predicted -> predicted...5
* predicted -> predicted...6
* ...
null device 
          1 
[1] "Mean AUC over 10 repetitions of 10-fold CV: 0.887633348274316"
 [1] 1 1 1 1 1 1 1 1 1 1
[1] "Mean error rate over 10 repetitions of 10-fold CV: 1"
 [1] 0 0 0 0 0 0 0 0 0 0
[1] "Mean accuracy over 10 repetitions of 10-fold CV: 0"
[Sun Nov 21 10:49:15 2021]
Finished job 0.
1 of 1 steps (100%) done
