Building DAG of jobs...
Using shell: /usr/bin/bash
Provided cores: 1 (use --cores to define parallelism)
Rules claiming more threads will be scaled down.
Select jobs to execute...

[Sat Oct 23 22:01:56 2021]
rule splitting:
    input: data/ATACseq_250kb_bins.txt, data/20_80_splits_group_by_ind/80_all_samples_normalized_trimmed_CONTROLS.rds
    output: data/experiment_ATAC_predictions/traindata_splits_diff_percentages/trimmed_CONTROLS_split_0.1.rds
    log: logs/processed_notebooks/experiments/splitting_80_to_smaller_trimmed_CONTROLS_0.1.r.ipynb
    jobid: 0
    wildcards: suffix=trimmed_CONTROLS, percentage=0.1
    resources: mem_mb=100000, disk_mb=4845, tmpdir=/scratch/56346169, time=5:00:00

jupyter-nbconvert --log-level ERROR --execute --output /faststorage/project/DELFI1/Workspaces/CarmenAndAnika/logs/processed_notebooks/experiments/splitting_80_to_smaller_trimmed_CONTROLS_0.1.r.ipynb --to notebook --ExecutePreprocessor.timeout=-1 /faststorage/project/DELFI1/Workspaces/CarmenAndAnika/.snakemake/scripts/tmp3yjtfagr.Data_splitting_from_80_to_smaller.r.ipynb
Activating conda environment: /faststorage/project/DELFI1/Workspaces/CarmenAndAnika/.snakemake/conda/1cc9c1aecfca2e5f4a23e8b12a534187
[Sat Oct 23 22:03:23 2021]
Finished job 0.
1 of 1 steps (100%) done
touch: cannot touch ‘/faststorage/project/DELFI1/Workspaces/CarmenAndAnika/.snakemake/tmp.k41nchi6/8.jobfinished’: No such file or directory
touch: cannot touch ‘/faststorage/project/DELFI1/Workspaces/CarmenAndAnika/.snakemake/tmp.k41nchi6/8.jobfailed’: No such file or directory
