Building DAG of jobs...
Using shell: /usr/bin/bash
Provided cores: 10
Rules claiming more threads will be scaled down.
Select jobs to execute...

[Tue Nov 30 11:08:44 2021]
rule methylation_binomial_classification:
    input: data/Methylation_predictions_train_20_predict_80/Full_data_Methylation_pred_lasso_formatted_standardized.rds, data/sample_types.txt
    output: Classification_output/Methylation/Binomial_models_output/SVM_poly_Predictions_Full_data_Gastric_cancer.rds
    jobid: 0
    wildcards: model_binomial=SVM_poly, class_type=Gastric_cancer
    threads: 10
    resources: mem_mb=200000, disk_mb=1000, tmpdir=/scratch/57594586, time=20:00:00

Rscript --vanilla /faststorage/project/DELFI1/Workspaces/CarmenAndAnika/.snakemake/scripts/tmp9r24zx5h.SVM_poly.R
Activating conda environment: /faststorage/project/DELFI1/Workspaces/CarmenAndAnika/.snakemake/conda/411837606499b7823565885a8a388b12
Registered S3 methods overwritten by 'ggplot2':
  method         from 
  [.quosures     rlang
  c.quosures     rlang
  print.quosures rlang
Registered S3 method overwritten by 'rvest':
  method            from
  read_xml.response xml2
── Attaching packages ─────────────────────────────────────── tidyverse 1.2.1 ──
✔ ggplot2 3.1.1     ✔ purrr   0.3.2
✔ tibble  3.1.6     ✔ dplyr   1.0.7
✔ tidyr   1.1.4     ✔ stringr 1.4.0
✔ readr   1.3.1     ✔ forcats 0.4.0
── Conflicts ────────────────────────────────────────── tidyverse_conflicts() ──
✖ dplyr::filter() masks stats::filter()
✖ dplyr::lag()    masks stats::lag()
Loading required package: lattice

Attaching package: ‘caret’

The following object is masked from ‘package:purrr’:

    lift

Type 'citation("pROC")' for a citation.

Attaching package: ‘pROC’

The following objects are masked from ‘package:stats’:

    cov, smooth, var

Warning: unable to access index for repository http://cran.us.r-project.org/src/contrib/kernlab_0.9-29.tar.gz/src/contrib:
  cannot open URL 'http://cran.us.r-project.org/src/contrib/kernlab_0.9-29.tar.gz/src/contrib/PACKAGES'
Warning message:
package ‘kernlab’ is not available (for R version 3.6.1) 

Attaching package: ‘kernlab’

The following object is masked from ‘package:purrr’:

    cross

The following object is masked from ‘package:ggplot2’:

    alpha

Loading required package: foreach

Attaching package: ‘foreach’

The following objects are masked from ‘package:purrr’:

    accumulate, when

Loading required package: iterators
Loading required package: parallel
Loading required package: rngtools
Loading required package: pkgmaker
Loading required package: registry

Attaching package: ‘pkgmaker’

The following object is masked from ‘package:base’:

    isFALSE

Warning: unable to access index for repository http://cran.us.r-project.org/src/contrib/splitTools_0.3.1.tar.gz/src/contrib:
  cannot open URL 'http://cran.us.r-project.org/src/contrib/splitTools_0.3.1.tar.gz/src/contrib/PACKAGES'
Warning message:
package ‘splitTools’ is not available (for R version 3.6.1) 
Gastric_cancerOvarian_CancerLung_CancerBile_Duct_CancerPancreatic_CancerDuodenal_CancerBreast_CancerColorectal_Cancer
[1] "Sample_type levels"
[1] "Cancer" "Other" 
starting worker pid=5059 on localhost:11461 at 11:09:36.815
starting worker pid=5083 on localhost:11461 at 11:09:37.280
starting worker pid=5105 on localhost:11461 at 11:09:37.575
starting worker pid=5127 on localhost:11461 at 11:09:37.871
starting worker pid=5150 on localhost:11461 at 11:09:38.182
starting worker pid=5172 on localhost:11461 at 11:09:38.475
starting worker pid=5194 on localhost:11461 at 11:09:38.777
starting worker pid=5216 on localhost:11461 at 11:09:39.215
starting worker pid=5238 on localhost:11461 at 11:09:39.548
starting worker pid=5260 on localhost:11461 at 11:09:39.856
Loading required package: lattice
Loading required package: ggplot2
Loading required package: lattice
Loading required package: ggplot2
Loading required package: lattice
Loading required package: ggplot2
Loading required package: lattice
Loading required package: ggplot2
Loading required package: lattice
Loading required package: ggplot2
Loading required package: lattice
Loading required package: ggplot2
Loading required package: lattice
Loading required package: ggplot2
Loading required package: lattice
Registered S3 methods overwritten by 'ggplot2':
  method         from 
  [.quosures     rlang
  c.quosures     rlang
  print.quosures rlang
Loading required package: ggplot2
Loading required package: lattice
Registered S3 methods overwritten by 'ggplot2':
  method         from 
  [.quosures     rlang
  c.quosures     rlang
  print.quosures rlang
Loading required package: lattice
Registered S3 methods overwritten by 'ggplot2':
  method         from 
  [.quosures     rlang
  c.quosures     rlang
  print.quosures rlang
Registered S3 methods overwritten by 'ggplot2':
  method         from 
  [.quosures     rlang
  c.quosures     rlang
  print.quosures rlang
Registered S3 methods overwritten by 'ggplot2':
  method         from 
  [.quosures     rlang
  c.quosures     rlang
  print.quosures rlang
Registered S3 methods overwritten by 'ggplot2':
  method         from 
  [.quosures     rlang
  c.quosures     rlang
  print.quosures rlang
Registered S3 methods overwritten by 'ggplot2':
  method         from 
  [.quosures     rlang
  c.quosures     rlang
  print.quosures rlang
Loading required package: ggplot2
Loading required package: ggplot2
Registered S3 methods overwritten by 'ggplot2':
  method         from 
  [.quosures     rlang
  c.quosures     rlang
  print.quosures rlang
Registered S3 methods overwritten by 'ggplot2':
  method         from 
  [.quosures     rlang
  c.quosures     rlang
  print.quosures rlang
Registered S3 methods overwritten by 'ggplot2':
  method         from 
  [.quosures     rlang
  c.quosures     rlang
  print.quosures rlang
Registered S3 method overwritten by 'rvest':
  method            from
  read_xml.response xml2
── Attaching packages ─────────────────────────────────────── tidyverse 1.2.1 ──
✔ tibble  3.1.6     ✔ purrr   0.3.2
✔ tidyr   1.1.4     ✔ dplyr   1.0.7
✔ readr   1.3.1     ✔ stringr 1.4.0
✔ tibble  3.1.6     ✔ forcats 0.4.0
── Conflicts ────────────────────────────────────────── tidyverse_conflicts() ──
✖ dplyr::filter() masks stats::filter()
✖ dplyr::lag()    masks stats::lag()
✖ purrr::lift()   masks caret::lift()
Registered S3 method overwritten by 'rvest':
  method            from
  read_xml.response xml2

Attaching package: ‘kernlab’

The following object is masked from ‘package:purrr’:

    cross

The following object is masked from ‘package:ggplot2’:

    alpha

Loading required package: foreach

Attaching package: ‘foreach’

The following objects are masked from ‘package:purrr’:

    accumulate, when

Loading required package: rngtools
Loading required package: pkgmaker
── Attaching packages ─────────────────────────────────────── tidyverse 1.2.1 ──
Loading required package: registry
✔ tibble  3.1.6     ✔ purrr   0.3.2
✔ tidyr   1.1.4     ✔ dplyr   1.0.7
✔ readr   1.3.1     ✔ stringr 1.4.0
✔ tibble  3.1.6     ✔ forcats 0.4.0

Attaching package: ‘pkgmaker’

The following object is masked from ‘package:base’:

    isFALSE

── Conflicts ────────────────────────────────────────── tidyverse_conflicts() ──
✖ dplyr::filter() masks stats::filter()
✖ dplyr::lag()    masks stats::lag()
✖ purrr::lift()   masks caret::lift()
Registered S3 method overwritten by 'rvest':
  method            from
  read_xml.response xml2
Registered S3 method overwritten by 'rvest':
  method            from
  read_xml.response xml2
Registered S3 method overwritten by 'rvest':
  method            from
  read_xml.response xml2
── Attaching packages ─────────────────────────────────────── tidyverse 1.2.1 ──
── Attaching packages ─────────────────────────────────────── tidyverse 1.2.1 ──
Registered S3 method overwritten by 'rvest':
  method            from
  read_xml.response xml2
✔ tibble  3.1.6     ✔ purrr   0.3.2
✔ tidyr   1.1.4     ✔ dplyr   1.0.7
✔ readr   1.3.1     ✔ stringr 1.4.0
✔ tibble  3.1.6     ✔ forcats 0.4.0
✔ tibble  3.1.6     ✔ purrr   0.3.2
✔ tidyr   1.1.4     ✔ dplyr   1.0.7
✔ readr   1.3.1     ✔ stringr 1.4.0
✔ tibble  3.1.6     ✔ forcats 0.4.0
Registered S3 method overwritten by 'rvest':
  method            from
  read_xml.response xml2
Registered S3 method overwritten by 'rvest':
  method            from
  read_xml.response xml2
Registered S3 method overwritten by 'rvest':
  method            from
  read_xml.response xml2
Registered S3 method overwritten by 'rvest':
  method            from
  read_xml.response xml2
── Attaching packages ─────────────────────────────────────── tidyverse 1.2.1 ──
✔ tibble  3.1.6     ✔ purrr   0.3.2
✔ tidyr   1.1.4     ✔ dplyr   1.0.7
✔ readr   1.3.1     ✔ stringr 1.4.0
✔ tibble  3.1.6     ✔ forcats 0.4.0
── Attaching packages ─────────────────────────────────────── tidyverse 1.2.1 ──
✔ tibble  3.1.6     ✔ purrr   0.3.2
✔ tidyr   1.1.4     ✔ dplyr   1.0.7
✔ readr   1.3.1     ✔ stringr 1.4.0
✔ tibble  3.1.6     ✔ forcats 0.4.0
── Attaching packages ─────────────────────────────────────── tidyverse 1.2.1 ──
── Attaching packages ─────────────────────────────────────── tidyverse 1.2.1 ──
── Attaching packages ─────────────────────────────────────── tidyverse 1.2.1 ──
── Attaching packages ─────────────────────────────────────── tidyverse 1.2.1 ──
✔ tibble  3.1.6     ✔ purrr   0.3.2
✔ tidyr   1.1.4     ✔ dplyr   1.0.7
✔ readr   1.3.1     ✔ stringr 1.4.0
✔ tibble  3.1.6     ✔ forcats 0.4.0
✔ tibble  3.1.6     ✔ purrr   0.3.2
✔ tidyr   1.1.4     ✔ dplyr   1.0.7
✔ readr   1.3.1     ✔ stringr 1.4.0
✔ tibble  3.1.6     ✔ forcats 0.4.0
✔ tibble  3.1.6     ✔ purrr   0.3.2
✔ tidyr   1.1.4     ✔ dplyr   1.0.7
✔ readr   1.3.1     ✔ stringr 1.4.0
✔ tibble  3.1.6     ✔ forcats 0.4.0
✔ tibble  3.1.6     ✔ purrr   0.3.2
✔ tidyr   1.1.4     ✔ dplyr   1.0.7
✔ readr   1.3.1     ✔ stringr 1.4.0
✔ tibble  3.1.6     ✔ forcats 0.4.0
── Conflicts ────────────────────────────────────────── tidyverse_conflicts() ──
✖ dplyr::filter() masks stats::filter()
✖ dplyr::lag()    masks stats::lag()
✖ purrr::lift()   masks caret::lift()
── Conflicts ────────────────────────────────────────── tidyverse_conflicts() ──
✖ dplyr::filter() masks stats::filter()
✖ dplyr::lag()    masks stats::lag()
✖ purrr::lift()   masks caret::lift()
── Conflicts ────────────────────────────────────────── tidyverse_conflicts() ──
✖ dplyr::filter() masks stats::filter()
✖ dplyr::lag()    masks stats::lag()
✖ purrr::lift()   masks caret::lift()
── Conflicts ────────────────────────────────────────── tidyverse_conflicts() ──
✖ dplyr::filter() masks stats::filter()
✖ dplyr::lag()    masks stats::lag()
✖ purrr::lift()   masks caret::lift()
── Conflicts ────────────────────────────────────────── tidyverse_conflicts() ──
✖ dplyr::filter() masks stats::filter()
✖ dplyr::lag()    masks stats::lag()
✖ purrr::lift()   masks caret::lift()
── Conflicts ────────────────────────────────────────── tidyverse_conflicts() ──
✖ dplyr::filter() masks stats::filter()
✖ dplyr::lag()    masks stats::lag()
✖ purrr::lift()   masks caret::lift()
── Conflicts ────────────────────────────────────────── tidyverse_conflicts() ──
✖ dplyr::filter() masks stats::filter()
✖ dplyr::lag()    masks stats::lag()
✖ purrr::lift()   masks caret::lift()
── Conflicts ────────────────────────────────────────── tidyverse_conflicts() ──
✖ dplyr::filter() masks stats::filter()
✖ dplyr::lag()    masks stats::lag()
✖ purrr::lift()   masks caret::lift()

Attaching package: ‘kernlab’

The following object is masked from ‘package:purrr’:

    cross

The following object is masked from ‘package:ggplot2’:

    alpha


Attaching package: ‘kernlab’

The following object is masked from ‘package:purrr’:

    cross

The following object is masked from ‘package:ggplot2’:

    alpha

Loading required package: foreach

Attaching package: ‘kernlab’

The following object is masked from ‘package:purrr’:

    cross

The following object is masked from ‘package:ggplot2’:

    alpha

Loading required package: foreach

Attaching package: ‘foreach’

The following objects are masked from ‘package:purrr’:

    accumulate, when

Loading required package: foreach
Loading required package: rngtools

Attaching package: ‘foreach’

The following objects are masked from ‘package:purrr’:

    accumulate, when


Attaching package: ‘kernlab’

The following object is masked from ‘package:purrr’:

    cross

Loading required package: rngtools
The following object is masked from ‘package:ggplot2’:

    alpha


Attaching package: ‘foreach’

The following objects are masked from ‘package:purrr’:

    accumulate, when

Loading required package: pkgmaker

Attaching package: ‘kernlab’

Loading required package: rngtools
The following object is masked from ‘package:purrr’:

    cross

The following object is masked from ‘package:ggplot2’:

    alpha

Loading required package: foreach
Loading required package: pkgmaker

Attaching package: ‘kernlab’

The following object is masked from ‘package:purrr’:

    cross

The following object is masked from ‘package:ggplot2’:

    alpha

Loading required package: registry
Loading required package: pkgmaker
Loading required package: foreach

Attaching package: ‘kernlab’

The following object is masked from ‘package:purrr’:

    cross

The following object is masked from ‘package:ggplot2’:

    alpha

Loading required package: registry
Loading required package: foreach

Attaching package: ‘foreach’

The following objects are masked from ‘package:purrr’:

    accumulate, when

Loading required package: rngtools
Loading required package: registry

Attaching package: ‘foreach’

Loading required package: foreach
The following objects are masked from ‘package:purrr’:

    accumulate, when

Loading required package: rngtools

Attaching package: ‘foreach’


Attaching package: ‘kernlab’

The following objects are masked from ‘package:purrr’:

    accumulate, when

The following object is masked from ‘package:purrr’:

    cross

Loading required package: pkgmaker
The following object is masked from ‘package:ggplot2’:

    alpha


Attaching package: ‘kernlab’

Loading required package: rngtools
The following object is masked from ‘package:purrr’:

    cross

The following object is masked from ‘package:ggplot2’:

    alpha


Attaching package: ‘foreach’

The following objects are masked from ‘package:purrr’:

    accumulate, when

Loading required package: pkgmaker
Loading required package: foreach
Loading required package: rngtools
Loading required package: registry
Loading required package: foreach
Loading required package: pkgmaker
Loading required package: registry
Loading required package: pkgmaker

Attaching package: ‘foreach’

The following objects are masked from ‘package:purrr’:

    accumulate, when

Loading required package: registry

Attaching package: ‘foreach’

The following objects are masked from ‘package:purrr’:

    accumulate, when

Loading required package: rngtools
Loading required package: rngtools
Loading required package: registry
Loading required package: pkgmaker
Loading required package: pkgmaker
Loading required package: registry
Loading required package: registry

Attaching package: ‘pkgmaker’

The following object is masked from ‘package:base’:

    isFALSE


Attaching package: ‘pkgmaker’


Attaching package: ‘pkgmaker’


Attaching package: ‘pkgmaker’


Attaching package: ‘pkgmaker’


Attaching package: ‘pkgmaker’

The following object is masked from ‘package:base’:

    isFALSE

The following object is masked from ‘package:base’:

    isFALSE


Attaching package: ‘pkgmaker’


Attaching package: ‘pkgmaker’

The following object is masked from ‘package:base’:

    isFALSE


Attaching package: ‘pkgmaker’

The following object is masked from ‘package:base’:

    isFALSE

The following object is masked from ‘package:base’:

    isFALSE

The following object is masked from ‘package:base’:

    isFALSE

The following object is masked from ‘package:base’:

    isFALSE

The following object is masked from ‘package:base’:

    isFALSE

Gastric_cancer
Gastric_cancer
Gastric_cancer
Gastric_cancer
Gastric_cancer
Gastric_cancer
Gastric_cancer
CV repetition number: 1
Gastric_cancer
CV repetition number: 2
CV repetition number: 3
Gastric_cancer
CV repetition number: 10
CV repetition number: 7
CV repetition number: 4
Gastric_cancer
CV repetition number: 5
CV repetition number: 9
CV repetition number: 6
CV repetition number: 8
CV inner loop, CV rep number: 1
CV inner loop, CV rep number: 3
CV inner loop, CV rep number: 2
CV inner loop, CV rep number: 10
CV inner loop, CV rep number: 7
CV inner loop, CV rep number: 4
CV inner loop, CV rep number: 6
CV inner loop, CV rep number: 5
CV inner loop, CV rep number: 8
CV inner loop, CV rep number: 9
besttune C
0.5
besttune degree
1
besttune scale
0.01
besttune C
0.5
besttune degree
1
besttune scale
10
besttune C
4
besttune degree
3
besttune scale
0.001
besttune C
0.25
besttune degree
1
besttune scale
1
besttune C
1
besttune degree
1
besttune scale
10
besttune C
0.5
besttune degree
2
besttune scale
0.001
CV inner loop, CV rep number: 10
CV inner loop, CV rep number: 10
CV inner loop, CV rep number: 10
CV inner loop, CV rep number: 10
besttune C
4
besttune degree
1
besttune scale
0.001
CV inner loop, CV rep number: 10
besttune C
0.5
besttune degree
2
besttune scale
1
besttune C
0.5
besttune degree
3
besttune scale
0.001
CV inner loop, CV rep number: 10
besttune C
0.5
besttune degree
1
besttune scale
0.01
CV inner loop, CV rep number: 10
CV inner loop, CV rep number: 10
CV inner loop, CV rep number: 10
CV inner loop, CV rep number: 10
besttune C
1
besttune degree
2
besttune scale
0.001
besttune C
0.25
besttune degree
2
besttune scale
0.001
besttune C
0.5
besttune degree
1
besttune scale
1
besttune C
1
besttune degree
2
besttune scale
1
besttune C
0.25
besttune degree
2
besttune scale
10
CV inner loop, CV rep number: 10
CV inner loop, CV rep number: 10
besttune C
4
besttune degree
1
besttune scale
1
CV inner loop, CV rep number: 10
CV inner loop, CV rep number: 10
CV inner loop, CV rep number: 10
besttune C
0.25
besttune degree
2
besttune scale
0.001
CV inner loop, CV rep number: 10
besttune C
0.5
besttune degree
1
besttune scale
0.1
besttune C
0.5
besttune degree
2
besttune scale
0.01
CV inner loop, CV rep number: 10
besttune C
0.5
besttune degree
1
besttune scale
1
CV inner loop, CV rep number: 10
CV inner loop, CV rep number: 10
CV inner loop, CV rep number: 10
besttune C
0.25
besttune degree
1
besttune scale
0.001
besttune C
2
besttune degree
2
besttune scale
0.001
CV inner loop, CV rep number: 10
besttune C
0.25
besttune degree
3
besttune scale
0.1
CV inner loop, CV rep number: 10
besttune C
0.25
besttune degree
3
besttune scale
0.001
besttune C
0.5
besttune degree
1
besttune scale
0.001
CV inner loop, CV rep number: 10
besttune C
0.5
besttune degree
1
besttune scale
0.1
CV inner loop, CV rep number: 10
besttune C
1
besttune degree
1
besttune scale
10
besttune C
4
besttune degree
2
besttune scale
0.01
CV inner loop, CV rep number: 10
CV inner loop, CV rep number: 10
besttune C
2
besttune degree
1
besttune scale
1
CV inner loop, CV rep number: 10
CV inner loop, CV rep number: 10
besttune C
0.5
besttune degree
1
besttune scale
0.01
CV inner loop, CV rep number: 10
CV inner loop, CV rep number: 10
besttune C
0.5
besttune degree
1
besttune scale
0.1
besttune C
0.5
besttune degree
2
besttune scale
0.001
besttune C
1
besttune degree
1
besttune scale
1
CV inner loop, CV rep number: 10
CV inner loop, CV rep number: 10
CV inner loop, CV rep number: 10
besttune C
2
besttune degree
1
besttune scale
10
besttune C
2
besttune degree
2
besttune scale
0.1
besttune C
0.5
besttune degree
2
besttune scale
0.01
besttune C
0.25
besttune degree
2
besttune scale
0.1
besttune C
0.25
besttune degree
2
besttune scale
0.001
CV inner loop, CV rep number: 10
besttune C
0.25
besttune degree
1
besttune scale
0.1
CV inner loop, CV rep number: 10
CV inner loop, CV rep number: 10
besttune C
0.25
besttune degree
2
besttune scale
1
CV inner loop, CV rep number: 10
CV inner loop, CV rep number: 10
CV inner loop, CV rep number: 10
CV inner loop, CV rep number: 10
besttune C
0.5
besttune degree
1
besttune scale
0.001
CV inner loop, CV rep number: 10
besttune C
1
besttune degree
1
besttune scale
0.1
besttune C
2
besttune degree
2
besttune scale
0.001
CV inner loop, CV rep number: 10
besttune C
1
besttune degree
1
besttune scale
0.01
besttune C
0.5
besttune degree
1
besttune scale
10
CV inner loop, CV rep number: 10
besttune C
0.25
besttune degree
1
besttune scale
0.001
besttune C
1
besttune degree
2
besttune scale
0.1
besttune C
0.5
besttune degree
1
besttune scale
0.001
CV inner loop, CV rep number: 10
CV inner loop, CV rep number: 10
besttune C
4
besttune degree
1
besttune scale
0.01
CV inner loop, CV rep number: 10
besttune C
4
besttune degree
2
besttune scale
0.001
CV inner loop, CV rep number: 10
CV inner loop, CV rep number: 10
CV inner loop, CV rep number: 10
CV inner loop, CV rep number: 10
besttune C
1
besttune degree
1
besttune scale
0.01
CV inner loop, CV rep number: 10
besttune C
4
besttune degree
1
besttune scale
0.001
besttune C
0.5
besttune degree
2
besttune scale
0.001
besttune C
1
besttune degree
2
besttune scale
0.01
besttune C
0.25
besttune degree
1
besttune scale
0.001
CV inner loop, CV rep number: 10
CV inner loop, CV rep number: 10
besttune C
0.5
besttune degree
3
besttune scale
0.001
besttune C
2
besttune degree
1
besttune scale
0.001
CV inner loop, CV rep number: 10
besttune C
0.5
besttune degree
1
besttune scale
1
CV inner loop, CV rep number: 10
besttune C
0.25
besttune degree
1
besttune scale
0.1
CV inner loop, CV rep number: 10
CV inner loop, CV rep number: 10
CV inner loop, CV rep number: 10
besttune C
1
besttune degree
2
besttune scale
0.1
CV inner loop, CV rep number: 10
CV inner loop, CV rep number: 10
besttune C
0.5
besttune degree
1
besttune scale
10
CV inner loop, CV rep number: 10
besttune C
1
besttune degree
1
besttune scale
0.001
besttune C
1
besttune degree
2
besttune scale
0.001
besttune C
1
besttune degree
1
besttune scale
0.1
CV inner loop, CV rep number: 10
CV inner loop, CV rep number: 10
besttune C
2
besttune degree
1
besttune scale
10
CV inner loop, CV rep number: 10
besttune C
2
besttune degree
1
besttune scale
0.1
CV inner loop, CV rep number: 10
besttune C
0.25
besttune degree
1
besttune scale
1
besttune C
0.25
besttune degree
1
besttune scale
0.01
CV inner loop, CV rep number: 10
besttune C
1
besttune degree
2
besttune scale
0.1
CV inner loop, CV rep number: 10
CV inner loop, CV rep number: 10
CV inner loop, CV rep number: 10
besttune C
0.5
besttune degree
3
besttune scale
0.001
CV inner loop, CV rep number: 10
besttune C
0.5
besttune degree
2
besttune scale
0.001
besttune C
1
besttune degree
2
besttune scale
0.01
CV inner loop, CV rep number: 10
CV inner loop, CV rep number: 10
besttune C
0.25
besttune degree
1
besttune scale
10
besttune C
1
besttune degree
3
besttune scale
0.001
besttune C
0.5
besttune degree
1
besttune scale
0.1
besttune C
0.25
besttune degree
3
besttune scale
0.1
besttune C
0.25
besttune degree
3
besttune scale
0.001
CV inner loop, CV rep number: 10
besttune C
0.25
besttune degree
2
besttune scale
1
CV inner loop, CV rep number: 10
CV inner loop, CV rep number: 10
CV inner loop, CV rep number: 10
CV inner loop, CV rep number: 10
besttune C
0.25
besttune degree
2
besttune scale
0.01
CV inner loop, CV rep number: 10
CV inner loop, CV rep number: 10
besttune C
0.25
besttune degree
1
besttune scale
1
CV inner loop, CV rep number: 10
besttune C
1
besttune degree
2
besttune scale
0.001
besttune C
2
besttune degree
1
besttune scale
10
CV inner loop, CV rep number: 10
CV inner loop, CV rep number: 10
besttune C
2
besttune degree
1
besttune scale
0.001
besttune C
2
besttune degree
1
besttune scale
0.01
besttune C
0.25
besttune degree
1
besttune scale
0.1
besttune C
0.25
besttune degree
1
besttune scale
10
CV inner loop, CV rep number: 10
besttune C
0.25
besttune degree
2
besttune scale
0.001
CV inner loop, CV rep number: 10
CV inner loop, CV rep number: 10
CV inner loop, CV rep number: 10
besttune C
2
besttune degree
2
besttune scale
10
CV inner loop, CV rep number: 10
besttune C
1
besttune degree
2
besttune scale
0.001
CV inner loop, CV rep number: 10
CV inner loop, CV rep number: 10
besttune C
1
besttune degree
2
besttune scale
0.001
CV inner loop, CV rep number: 10
