Building DAG of jobs...
Using shell: /usr/bin/bash
Provided cores: 10
Rules claiming more threads will be scaled down.
Select jobs to execute...

[Tue Nov 30 10:25:05 2021]
rule methylation_binomial_classification:
    input: data/Methylation_predictions_train_20_predict_80/Full_data_Methylation_pred_lasso_formatted_standardized.rds, data/sample_types.txt
    output: Classification_output/Methylation/Binomial_models_output/LDA_Predictions_Full_data_Breast_Cancer.rds
    jobid: 0
    wildcards: model_binomial=LDA, class_type=Breast_Cancer
    threads: 10
    resources: mem_mb=200000, disk_mb=1000, tmpdir=/scratch/57589800, time=20:00:00

Rscript --vanilla /faststorage/project/DELFI1/Workspaces/CarmenAndAnika/.snakemake/scripts/tmpvtvteh6z.LDA.R
Activating conda environment: /faststorage/project/DELFI1/Workspaces/CarmenAndAnika/.snakemake/conda/411837606499b7823565885a8a388b12
Registered S3 methods overwritten by 'ggplot2':
  method         from 
  [.quosures     rlang
  c.quosures     rlang
  print.quosures rlang
Registered S3 method overwritten by 'rvest':
  method            from
  read_xml.response xml2
── Attaching packages ─────────────────────────────────────── tidyverse 1.2.1 ──
✔ ggplot2 3.1.1     ✔ purrr   0.3.2
✔ tibble  3.1.6     ✔ dplyr   1.0.7
✔ tidyr   1.1.4     ✔ stringr 1.4.0
✔ readr   1.3.1     ✔ forcats 0.4.0
── Conflicts ────────────────────────────────────────── tidyverse_conflicts() ──
✖ dplyr::filter() masks stats::filter()
✖ dplyr::lag()    masks stats::lag()

Attaching package: ‘MASS’

The following object is masked from ‘package:dplyr’:

    select

Type 'citation("pROC")' for a citation.

Attaching package: ‘pROC’

The following objects are masked from ‘package:stats’:

    cov, smooth, var

dummies-1.5.6 provided by Decision Patterns

Warning message:
package ‘dummies’ was built under R version 3.6.3 
Warning: unable to access index for repository http://cran.us.r-project.org/src/contrib/splitTools_0.3.1.tar.gz/src/contrib:
  cannot open URL 'http://cran.us.r-project.org/src/contrib/splitTools_0.3.1.tar.gz/src/contrib/PACKAGES'
Warning message:
package ‘splitTools’ is not available (for R version 3.6.1) 
Warning message:
package ‘multiROC’ was built under R version 3.6.3 
Loading required package: foreach

Attaching package: ‘foreach’

The following objects are masked from ‘package:purrr’:

    accumulate, when

Loading required package: iterators
Loading required package: parallel
Loading required package: rngtools
Loading required package: pkgmaker
Loading required package: registry

Attaching package: ‘pkgmaker’

The following object is masked from ‘package:base’:

    isFALSE

Gastric_cancerOvarian_CancerLung_CancerBile_Duct_CancerPancreatic_CancerDuodenal_CancerBreast_CancerColorectal_Cancer
[1] "Sample_type levels"
[1] "Cancer" "Other" 
starting worker pid=29516 on localhost:11882 at 10:25:24.401
starting worker pid=29539 on localhost:11882 at 10:25:24.718
starting worker pid=29561 on localhost:11882 at 10:25:25.034
starting worker pid=29584 on localhost:11882 at 10:25:25.347
starting worker pid=29606 on localhost:11882 at 10:25:25.664
starting worker pid=29629 on localhost:11882 at 10:25:25.979
starting worker pid=29651 on localhost:11882 at 10:25:26.292
starting worker pid=29674 on localhost:11882 at 10:25:26.606
starting worker pid=29696 on localhost:11882 at 10:25:26.922
starting worker pid=29718 on localhost:11882 at 10:25:27.237
Registered S3 methods overwritten by 'ggplot2':
  method         from 
  [.quosures     rlang
  c.quosures     rlang
  print.quosures rlang
Registered S3 methods overwritten by 'ggplot2':
  method         from 
  [.quosures     rlang
  c.quosures     rlang
  print.quosures rlang
Registered S3 methods overwritten by 'ggplot2':
  method         from 
  [.quosures     rlang
  c.quosures     rlang
  print.quosures rlang
Registered S3 methods overwritten by 'ggplot2':
  method         from 
  [.quosures     rlang
  c.quosures     rlang
  print.quosures rlang
Registered S3 methods overwritten by 'ggplot2':
  method         from 
  [.quosures     rlang
  c.quosures     rlang
  print.quosures rlang
Registered S3 methods overwritten by 'ggplot2':
  method         from 
  [.quosures     rlang
  c.quosures     rlang
  print.quosures rlang
Registered S3 method overwritten by 'rvest':
  method            from
  read_xml.response xml2
Registered S3 method overwritten by 'rvest':
  method            from
  read_xml.response xml2
Registered S3 methods overwritten by 'ggplot2':
  method         from 
  [.quosures     rlang
  c.quosures     rlang
  print.quosures rlang
── Attaching packages ─────────────────────────────────────── tidyverse 1.2.1 ──
✔ ggplot2 3.1.1     ✔ purrr   0.3.2
✔ tibble  3.1.6     ✔ dplyr   1.0.7
✔ tidyr   1.1.4     ✔ stringr 1.4.0
✔ readr   1.3.1     ✔ forcats 0.4.0
── Attaching packages ─────────────────────────────────────── tidyverse 1.2.1 ──
✔ ggplot2 3.1.1     ✔ purrr   0.3.2
✔ tibble  3.1.6     ✔ dplyr   1.0.7
✔ tidyr   1.1.4     ✔ stringr 1.4.0
✔ readr   1.3.1     ✔ forcats 0.4.0
Registered S3 methods overwritten by 'ggplot2':
  method         from 
  [.quosures     rlang
  c.quosures     rlang
  print.quosures rlang
Registered S3 methods overwritten by 'ggplot2':
  method         from 
  [.quosures     rlang
  c.quosures     rlang
  print.quosures rlang
── Conflicts ────────────────────────────────────────── tidyverse_conflicts() ──
✖ dplyr::filter() masks stats::filter()
✖ dplyr::lag()    masks stats::lag()
✖ dplyr::select() masks MASS::select()
Loading required package: foreach

Attaching package: ‘foreach’

The following objects are masked from ‘package:purrr’:

    accumulate, when

Loading required package: rngtools
Registered S3 methods overwritten by 'ggplot2':
  method         from 
  [.quosures     rlang
  c.quosures     rlang
  print.quosures rlang
── Conflicts ────────────────────────────────────────── tidyverse_conflicts() ──
✖ dplyr::filter() masks stats::filter()
✖ dplyr::lag()    masks stats::lag()
✖ dplyr::select() masks MASS::select()
Loading required package: pkgmaker
Loading required package: foreach
Loading required package: registry

Attaching package: ‘foreach’

The following objects are masked from ‘package:purrr’:

    accumulate, when

Loading required package: rngtools
Loading required package: pkgmaker
Registered S3 method overwritten by 'rvest':
  method            from
  read_xml.response xml2
Loading required package: registry
Registered S3 method overwritten by 'rvest':
  method            from
  read_xml.response xml2
Registered S3 method overwritten by 'rvest':
  method            from
  read_xml.response xml2
Registered S3 method overwritten by 'rvest':
  method            from
  read_xml.response xml2

Attaching package: ‘pkgmaker’

The following object is masked from ‘package:base’:

    isFALSE

── Attaching packages ─────────────────────────────────────── tidyverse 1.2.1 ──
── Attaching packages ─────────────────────────────────────── tidyverse 1.2.1 ──

Attaching package: ‘pkgmaker’

The following object is masked from ‘package:base’:

    isFALSE

✔ ggplot2 3.1.1     ✔ purrr   0.3.2
✔ tibble  3.1.6     ✔ dplyr   1.0.7
✔ tidyr   1.1.4     ✔ stringr 1.4.0
✔ readr   1.3.1     ✔ forcats 0.4.0
✔ ggplot2 3.1.1     ✔ purrr   0.3.2
✔ tibble  3.1.6     ✔ dplyr   1.0.7
✔ tidyr   1.1.4     ✔ stringr 1.4.0
✔ readr   1.3.1     ✔ forcats 0.4.0
Registered S3 method overwritten by 'rvest':
  method            from
  read_xml.response xml2
── Attaching packages ─────────────────────────────────────── tidyverse 1.2.1 ──
── Attaching packages ─────────────────────────────────────── tidyverse 1.2.1 ──
✔ ggplot2 3.1.1     ✔ purrr   0.3.2
✔ tibble  3.1.6     ✔ dplyr   1.0.7
✔ tidyr   1.1.4     ✔ stringr 1.4.0
✔ readr   1.3.1     ✔ forcats 0.4.0
✔ ggplot2 3.1.1     ✔ purrr   0.3.2
✔ tibble  3.1.6     ✔ dplyr   1.0.7
✔ tidyr   1.1.4     ✔ stringr 1.4.0
✔ readr   1.3.1     ✔ forcats 0.4.0
Registered S3 method overwritten by 'rvest':
  method            from
  read_xml.response xml2
── Attaching packages ─────────────────────────────────────── tidyverse 1.2.1 ──
Registered S3 method overwritten by 'rvest':
  method            from
  read_xml.response xml2
✔ ggplot2 3.1.1     ✔ purrr   0.3.2
✔ tibble  3.1.6     ✔ dplyr   1.0.7
✔ tidyr   1.1.4     ✔ stringr 1.4.0
✔ readr   1.3.1     ✔ forcats 0.4.0
── Conflicts ────────────────────────────────────────── tidyverse_conflicts() ──
✖ dplyr::filter() masks stats::filter()
✖ dplyr::lag()    masks stats::lag()
✖ dplyr::select() masks MASS::select()
── Conflicts ────────────────────────────────────────── tidyverse_conflicts() ──
✖ dplyr::filter() masks stats::filter()
✖ dplyr::lag()    masks stats::lag()
✖ dplyr::select() masks MASS::select()
Loading required package: foreach
Loading required package: foreach
── Conflicts ────────────────────────────────────────── tidyverse_conflicts() ──
✖ dplyr::filter() masks stats::filter()
✖ dplyr::lag()    masks stats::lag()
✖ dplyr::select() masks MASS::select()

Attaching package: ‘foreach’

The following objects are masked from ‘package:purrr’:

    accumulate, when


Attaching package: ‘foreach’

The following objects are masked from ‘package:purrr’:

    accumulate, when

── Conflicts ────────────────────────────────────────── tidyverse_conflicts() ──
✖ dplyr::filter() masks stats::filter()
✖ dplyr::lag()    masks stats::lag()
✖ dplyr::select() masks MASS::select()
Loading required package: foreach
Loading required package: rngtools
Loading required package: rngtools

Attaching package: ‘foreach’

The following objects are masked from ‘package:purrr’:

    accumulate, when

Loading required package: foreach
Loading required package: rngtools
Loading required package: pkgmaker
── Attaching packages ─────────────────────────────────────── tidyverse 1.2.1 ──
Loading required package: pkgmaker

Attaching package: ‘foreach’

The following objects are masked from ‘package:purrr’:

    accumulate, when

Loading required package: rngtools
Registered S3 method overwritten by 'rvest':
  method            from
  read_xml.response xml2
Loading required package: pkgmaker
── Attaching packages ─────────────────────────────────────── tidyverse 1.2.1 ──
✔ ggplot2 3.1.1     ✔ purrr   0.3.2
✔ tibble  3.1.6     ✔ dplyr   1.0.7
✔ tidyr   1.1.4     ✔ stringr 1.4.0
✔ readr   1.3.1     ✔ forcats 0.4.0
Loading required package: pkgmaker
Loading required package: registry
Loading required package: registry
✔ ggplot2 3.1.1     ✔ purrr   0.3.2
✔ tibble  3.1.6     ✔ dplyr   1.0.7
✔ tidyr   1.1.4     ✔ stringr 1.4.0
✔ readr   1.3.1     ✔ forcats 0.4.0
Loading required package: registry
Loading required package: registry
── Conflicts ────────────────────────────────────────── tidyverse_conflicts() ──
✖ dplyr::filter() masks stats::filter()
✖ dplyr::lag()    masks stats::lag()
✖ dplyr::select() masks MASS::select()
── Attaching packages ─────────────────────────────────────── tidyverse 1.2.1 ──
Loading required package: foreach

Attaching package: ‘foreach’

The following objects are masked from ‘package:purrr’:

    accumulate, when

Loading required package: rngtools
✔ ggplot2 3.1.1     ✔ purrr   0.3.2
✔ tibble  3.1.6     ✔ dplyr   1.0.7
✔ tidyr   1.1.4     ✔ stringr 1.4.0
✔ readr   1.3.1     ✔ forcats 0.4.0
Loading required package: pkgmaker
Loading required package: registry

Attaching package: ‘pkgmaker’

The following object is masked from ‘package:base’:

    isFALSE


Attaching package: ‘pkgmaker’

The following object is masked from ‘package:base’:

    isFALSE

── Conflicts ────────────────────────────────────────── tidyverse_conflicts() ──
✖ dplyr::filter() masks stats::filter()
✖ dplyr::lag()    masks stats::lag()
✖ dplyr::select() masks MASS::select()

Attaching package: ‘pkgmaker’

The following object is masked from ‘package:base’:

    isFALSE

Loading required package: foreach
── Conflicts ────────────────────────────────────────── tidyverse_conflicts() ──
✖ dplyr::filter() masks stats::filter()
✖ dplyr::lag()    masks stats::lag()
✖ dplyr::select() masks MASS::select()

Attaching package: ‘pkgmaker’

The following object is masked from ‘package:base’:

    isFALSE


Attaching package: ‘foreach’

The following objects are masked from ‘package:purrr’:

    accumulate, when

Loading required package: foreach
Loading required package: rngtools

Attaching package: ‘foreach’

The following objects are masked from ‘package:purrr’:

    accumulate, when

Loading required package: rngtools
Loading required package: pkgmaker
Loading required package: pkgmaker
Loading required package: registry
Loading required package: registry
── Conflicts ────────────────────────────────────────── tidyverse_conflicts() ──
✖ dplyr::filter() masks stats::filter()
✖ dplyr::lag()    masks stats::lag()
✖ dplyr::select() masks MASS::select()

Attaching package: ‘pkgmaker’

The following object is masked from ‘package:base’:

    isFALSE

Loading required package: foreach

Attaching package: ‘foreach’

The following objects are masked from ‘package:purrr’:

    accumulate, when

Loading required package: rngtools
Loading required package: pkgmaker
Loading required package: registry

Attaching package: ‘pkgmaker’

The following object is masked from ‘package:base’:

    isFALSE


Attaching package: ‘pkgmaker’

The following object is masked from ‘package:base’:

    isFALSE


Attaching package: ‘pkgmaker’

The following object is masked from ‘package:base’:

    isFALSE

Breast_Cancer
Breast_Cancer
Breast_Cancer
Breast_Cancer
Breast_Cancer
CV repetition number: 1
CV repetition number: 2
Breast_Cancer
Breast_Cancer
Breast_Cancer
Breast_Cancer
Breast_Cancer
CV repetition number: 4
CV repetition number: 3
CV repetition number: 5
CV repetition number: 6
CV repetition number: 7
CV repetition number: 8
CV repetition number: 9
CV repetition number: 10
CV inner loop, CV rep number: 1
CV inner loop, CV rep number: 2
CV inner loop, CV rep number: 4
CV inner loop, CV rep number: 5
CV inner loop, CV rep number: 3
CV inner loop, CV rep number: 6
CV inner loop, CV rep number: 7
CV inner loop, CV rep number: 8
CV inner loop, CV rep number: 9
CV inner loop, CV rep number: 10
CV inner loop, CV rep number: 2
CV inner loop, CV rep number: 5
CV inner loop, CV rep number: 9
CV inner loop, CV rep number: 6
CV inner loop, CV rep number: 4
CV inner loop, CV rep number: 8
CV inner loop, CV rep number: 1
CV inner loop, CV rep number: 7
CV inner loop, CV rep number: 3
CV inner loop, CV rep number: 10
CV inner loop, CV rep number: 3
CV inner loop, CV rep number: 5
CV inner loop, CV rep number: 2
CV inner loop, CV rep number: 8
CV inner loop, CV rep number: 6
CV inner loop, CV rep number: 7
CV inner loop, CV rep number: 9
CV inner loop, CV rep number: 1
CV inner loop, CV rep number: 4
CV inner loop, CV rep number: 10
CV inner loop, CV rep number: 8
CV inner loop, CV rep number: 7
CV inner loop, CV rep number: 3
CV inner loop, CV rep number: 2
CV inner loop, CV rep number: 6
CV inner loop, CV rep number: 5
CV inner loop, CV rep number: 4
CV inner loop, CV rep number: 9
CV inner loop, CV rep number: 10
CV inner loop, CV rep number: 1
CV inner loop, CV rep number: 8
CV inner loop, CV rep number: 7
CV inner loop, CV rep number: 3
CV inner loop, CV rep number: 2
CV inner loop, CV rep number: 9
CV inner loop, CV rep number: 5
CV inner loop, CV rep number: 6
CV inner loop, CV rep number: 10
CV inner loop, CV rep number: 4
CV inner loop, CV rep number: 1
CV inner loop, CV rep number: 8
CV inner loop, CV rep number: 6
CV inner loop, CV rep number: 3
CV inner loop, CV rep number: 2
CV inner loop, CV rep number: 9
CV inner loop, CV rep number: 1
CV inner loop, CV rep number: 5
CV inner loop, CV rep number: 7
CV inner loop, CV rep number: 4
CV inner loop, CV rep number: 10
CV inner loop, CV rep number: 3
CV inner loop, CV rep number: 8
CV inner loop, CV rep number: 6
CV inner loop, CV rep number: 9
CV inner loop, CV rep number: 2
CV inner loop, CV rep number: 1
CV inner loop, CV rep number: 5
CV inner loop, CV rep number: 7
CV inner loop, CV rep number: 10
CV inner loop, CV rep number: 4
CV inner loop, CV rep number: 7
CV inner loop, CV rep number: 3
CV inner loop, CV rep number: 5
CV inner loop, CV rep number: 6
CV inner loop, CV rep number: 8
CV inner loop, CV rep number: 2
CV inner loop, CV rep number: 9
CV inner loop, CV rep number: 10
CV inner loop, CV rep number: 1
CV inner loop, CV rep number: 4
CV inner loop, CV rep number: 8
CV inner loop, CV rep number: 6
CV inner loop, CV rep number: 2
CV inner loop, CV rep number: 3
CV inner loop, CV rep number: 7
CV inner loop, CV rep number: 9
CV inner loop, CV rep number: 5
CV inner loop, CV rep number: 10
CV inner loop, CV rep number: 1
CV inner loop, CV rep number: 4
CV inner loop, CV rep number: 2
CV inner loop, CV rep number: 8
CV inner loop, CV rep number: 9
CV inner loop, CV rep number: 6
CV inner loop, CV rep number: 5
CV inner loop, CV rep number: 3
CV inner loop, CV rep number: 7
CV inner loop, CV rep number: 1
CV inner loop, CV rep number: 10
CV inner loop, CV rep number: 4
[1] "Results: "
Warning messages:
Warning messages:
1: In lda.default(x, grouping, ...) : variables are collinear
2: In lda.default(x, grouping, ...) : variables are collinear
3: In lda.default(x, grouping, ...) : variables are collinear
4: In lda.default(x, grouping, ...) : variables are collinear
5: In lda.default(x, grouping, ...) : variables are collinear
6: 1: In lda.default(x, grouping, ...) : variables are collinear
In lda.default(x, grouping, ...) :Warning messages:
 1: 2: Warning messages:
1: In lda.default(x, grouping, ...) : variables are collinear
2: In lda.default(x, grouping, ...) : variables are collinear
3: In lda.default(x, grouping, ...) : variables are collinear
4: In lda.default(x, grouping, ...) : variables are collinear
5: In lda.default(x, grouping, ...) : variables are collinear
6: In lda.default(x, grouping, ...) : variables are collinear
7: In lda.default(x, grouping, ...) : variables are collinear
8: In lda.default(x, grouping, ...) : variables are collinear
9: In lda.default(x, grouping, ...) : variables are collinear
10: In lda.default(x, grouping, ...) : variables are collinear
 variables are collinear
Warning messages:
Warning messages:
In lda.default(x, grouping, ...) :Warning messages:
Warning messages:
Warning messages:
In lda.default(x, grouping, ...) : variables are collinear
3: In lda.default(x, grouping, ...) : variables are collinear
4: In lda.default(x, grouping, ...) : variables are collinear
5: In lda.default(x, grouping, ...) : variables are collinear
6: In lda.default(x, grouping, ...) : variables are collinear
7: In lda.default(x, grouping, ...) : variables are collinear
8: In lda.default(x, grouping, ...) : variables are collinear
9: In lda.default(x, grouping, ...) : variables are collinear
10: In lda.default(x, grouping, ...) : variables are collinear
 observed CV_rep Breast_Cancer_pred
1    Other      1          0.2998629
2    Other      1          0.1601133
3    Other      1          0.0262699
4    Other      1          0.3291866
5    Other      1          0.1711283
6    Other      1          0.1578990
Warning messages:
7: In lda.default(x, grouping, ...) : variables are collinear
8: In lda.default(x, grouping, ...) : variables are collinear
9: In lda.default(x, grouping, ...) : variables are collinear
10: In lda.default(x, grouping, ...) : variables are collinear
1: In lda.default(x, grouping, ...) : variables are collinear
2: In lda.default(x, grouping, ...) : variables are collinear
3: In lda.default(x, grouping, ...) : variables are collinear
4: In lda.default(x, grouping, ...) : variables are collinear
5: In lda.default(x, grouping, ...) : variables are collinear
6: In lda.default(x, grouping, ...) : variables are collinear
7: In lda.default(x, grouping, ...) : variables are collinear
8: In lda.default(x, grouping, ...) : variables are collinear
9: In lda.default(x, grouping, ...) : variables are collinear
10: In lda.default(x, grouping, ...) : variables are collinear
1:  variables are collinear
2: In lda.default(x, grouping, ...) : variables are collinear
3: In lda.default(x, grouping, ...) : variables are collinear
4: In lda.default(x, grouping, ...) : variables are collinear
5: In lda.default(x, grouping, ...) : variables are collinear
6: In lda.default(x, grouping, ...) : variables are collinear
7: In lda.default(x, grouping, ...) : variables are collinear
8: In lda.default(x, grouping, ...) : variables are collinear
9: In lda.default(x, grouping, ...) : variables are collinear
10: In lda.default(x, grouping, ...) : variables are collinear
1: 1: 1: 1: In lda.default(x, grouping, ...) : variables are collinear
2: In lda.default(x, grouping, ...) : variables are collinear
3: In lda.default(x, grouping, ...) : variables are collinear
4: In lda.default(x, grouping, ...) : variables are collinear
5: In lda.default(x, grouping, ...) : variables are collinear
6: In lda.default(x, grouping, ...) : variables are collinear
7: In lda.default(x, grouping, ...) : variables are collinear
8: In lda.default(x, grouping, ...) : variables are collinear
9: In lda.default(x, grouping, ...) : variables are collinear
10: In lda.default(x, grouping, ...) : variables are collinear
In lda.default(x, grouping, ...) :In lda.default(x, grouping, ...) :In lda.default(x, grouping, ...) :In lda.default(x, grouping, ...) : variables are collinear
 variables are collinear
 variables are collinear
 variables are collinear
2: 2: 2: 2: In lda.default(x, grouping, ...) :In lda.default(x, grouping, ...) :In lda.default(x, grouping, ...) :In lda.default(x, grouping, ...) : variables are collinear
 variables are collinear
3:  variables are collinear
 variables are collinear
3: In lda.default(x, grouping, ...) : variables are collinear
3: 3: In lda.default(x, grouping, ...) :4: In lda.default(x, grouping, ...) :In lda.default(x, grouping, ...) : variables are collinear
In lda.default(x, grouping, ...) : variables are collinear
 variables are collinear
4:  variables are collinear
4: 4: In lda.default(x, grouping, ...) :5: In lda.default(x, grouping, ...) :In lda.default(x, grouping, ...) : variables are collinear
In lda.default(x, grouping, ...) : variables are collinear
 variables are collinear
5:  variables are collinear
5: 5: In lda.default(x, grouping, ...) :6: In lda.default(x, grouping, ...) :In lda.default(x, grouping, ...) : variables are collinear
In lda.default(x, grouping, ...) : variables are collinear
 variables are collinear
6:  variables are collinear
6: 6: In lda.default(x, grouping, ...) :7: In lda.default(x, grouping, ...) :In lda.default(x, grouping, ...) : variables are collinear
In lda.default(x, grouping, ...) : variables are collinear
 variables are collinear
7:  variables are collinear
7: 7: In lda.default(x, grouping, ...) :8: In lda.default(x, grouping, ...) :In lda.default(x, grouping, ...) : variables are collinear
In lda.default(x, grouping, ...) : variables are collinear
 variables are collinear
8:  variables are collinear
8: 8: In lda.default(x, grouping, ...) :9: In lda.default(x, grouping, ...) :In lda.default(x, grouping, ...) : variables are collinear
In lda.default(x, grouping, ...) : variables are collinear
 variables are collinear
9:  variables are collinear
9: 9: In lda.default(x, grouping, ...) :10: In lda.default(x, grouping, ...) :In lda.default(x, grouping, ...) : variables are collinear
In lda.default(x, grouping, ...) : variables are collinear
 variables are collinear
10:  variables are collinear
10: In lda.default(x, grouping, ...) :10: In lda.default(x, grouping, ...) : variables are collinear
In lda.default(x, grouping, ...) : variables are collinear
 variables are collinear
[Tue Nov 30 10:32:20 2021]
Finished job 0.
1 of 1 steps (100%) done
