Building DAG of jobs...
Using shell: /usr/bin/bash
Provided cores: 10
Rules claiming more threads will be scaled down.
Select jobs to execute...

[Tue Nov 30 10:25:05 2021]
rule methylation_binomial_classification:
    input: data/Methylation_predictions_train_20_predict_80/Full_data_Methylation_pred_lasso_formatted_standardized.rds, data/sample_types.txt
    output: Classification_output/Methylation/Binomial_models_output/LDA_Predictions_Full_data_Bile_Duct_Cancer.rds
    jobid: 0
    wildcards: model_binomial=LDA, class_type=Bile_Duct_Cancer
    threads: 10
    resources: mem_mb=200000, disk_mb=1000, tmpdir=/scratch/57589793, time=20:00:00

Rscript --vanilla /faststorage/project/DELFI1/Workspaces/CarmenAndAnika/.snakemake/scripts/tmplw8crp2i.LDA.R
Activating conda environment: /faststorage/project/DELFI1/Workspaces/CarmenAndAnika/.snakemake/conda/411837606499b7823565885a8a388b12
Registered S3 methods overwritten by 'ggplot2':
  method         from 
  [.quosures     rlang
  c.quosures     rlang
  print.quosures rlang
Registered S3 method overwritten by 'rvest':
  method            from
  read_xml.response xml2
── Attaching packages ─────────────────────────────────────── tidyverse 1.2.1 ──
✔ ggplot2 3.1.1     ✔ purrr   0.3.2
✔ tibble  3.1.6     ✔ dplyr   1.0.7
✔ tidyr   1.1.4     ✔ stringr 1.4.0
✔ readr   1.3.1     ✔ forcats 0.4.0
── Conflicts ────────────────────────────────────────── tidyverse_conflicts() ──
✖ dplyr::filter() masks stats::filter()
✖ dplyr::lag()    masks stats::lag()

Attaching package: ‘MASS’

The following object is masked from ‘package:dplyr’:

    select

Type 'citation("pROC")' for a citation.

Attaching package: ‘pROC’

The following objects are masked from ‘package:stats’:

    cov, smooth, var

dummies-1.5.6 provided by Decision Patterns

Warning message:
package ‘dummies’ was built under R version 3.6.3 
Warning: unable to access index for repository http://cran.us.r-project.org/src/contrib/splitTools_0.3.1.tar.gz/src/contrib:
  cannot open URL 'http://cran.us.r-project.org/src/contrib/splitTools_0.3.1.tar.gz/src/contrib/PACKAGES'
Warning message:
package ‘splitTools’ is not available (for R version 3.6.1) 
Warning message:
package ‘multiROC’ was built under R version 3.6.3 
Loading required package: foreach

Attaching package: ‘foreach’

The following objects are masked from ‘package:purrr’:

    accumulate, when

Loading required package: iterators
Loading required package: parallel
Loading required package: rngtools
Loading required package: pkgmaker
Loading required package: registry

Attaching package: ‘pkgmaker’

The following object is masked from ‘package:base’:

    isFALSE

Gastric_cancerOvarian_CancerLung_CancerBile_Duct_CancerPancreatic_CancerDuodenal_CancerBreast_CancerColorectal_Cancer
[1] "Sample_type levels"
[1] "Cancer" "Other" 
starting worker pid=27529 on localhost:11345 at 10:25:24.376
starting worker pid=27551 on localhost:11345 at 10:25:24.688
starting worker pid=27575 on localhost:11345 at 10:25:25.003
starting worker pid=27597 on localhost:11345 at 10:25:25.314
starting worker pid=27619 on localhost:11345 at 10:25:25.629
starting worker pid=27641 on localhost:11345 at 10:25:25.940
starting worker pid=27663 on localhost:11345 at 10:25:26.250
starting worker pid=27686 on localhost:11345 at 10:25:26.561
starting worker pid=27708 on localhost:11345 at 10:25:26.872
starting worker pid=27731 on localhost:11345 at 10:25:27.182
Registered S3 methods overwritten by 'ggplot2':
  method         from 
  [.quosures     rlang
  c.quosures     rlang
  print.quosures rlang
Registered S3 methods overwritten by 'ggplot2':
  method         from 
  [.quosures     rlang
  c.quosures     rlang
  print.quosures rlang
Registered S3 methods overwritten by 'ggplot2':
  method         from 
  [.quosures     rlang
  c.quosures     rlang
  print.quosures rlang
Registered S3 methods overwritten by 'ggplot2':
  method         from 
  [.quosures     rlang
  c.quosures     rlang
  print.quosures rlang
Registered S3 methods overwritten by 'ggplot2':
  method         from 
  [.quosures     rlang
  c.quosures     rlang
  print.quosures rlang
Registered S3 methods overwritten by 'ggplot2':
  method         from 
  [.quosures     rlang
  c.quosures     rlang
  print.quosures rlang
Registered S3 method overwritten by 'rvest':
  method            from
  read_xml.response xml2
Registered S3 method overwritten by 'rvest':
  method            from
  read_xml.response xml2
Registered S3 methods overwritten by 'ggplot2':
  method         from 
  [.quosures     rlang
  c.quosures     rlang
  print.quosures rlang
── Attaching packages ─────────────────────────────────────── tidyverse 1.2.1 ──
✔ ggplot2 3.1.1     ✔ purrr   0.3.2
✔ tibble  3.1.6     ✔ dplyr   1.0.7
✔ tidyr   1.1.4     ✔ stringr 1.4.0
✔ readr   1.3.1     ✔ forcats 0.4.0
── Attaching packages ─────────────────────────────────────── tidyverse 1.2.1 ──
✔ ggplot2 3.1.1     ✔ purrr   0.3.2
✔ tibble  3.1.6     ✔ dplyr   1.0.7
✔ tidyr   1.1.4     ✔ stringr 1.4.0
✔ readr   1.3.1     ✔ forcats 0.4.0
Registered S3 methods overwritten by 'ggplot2':
  method         from 
  [.quosures     rlang
  c.quosures     rlang
  print.quosures rlang
Registered S3 methods overwritten by 'ggplot2':
  method         from 
  [.quosures     rlang
  c.quosures     rlang
  print.quosures rlang
── Conflicts ────────────────────────────────────────── tidyverse_conflicts() ──
✖ dplyr::filter() masks stats::filter()
✖ dplyr::lag()    masks stats::lag()
✖ dplyr::select() masks MASS::select()
Loading required package: foreach

Attaching package: ‘foreach’

The following objects are masked from ‘package:purrr’:

    accumulate, when

Loading required package: rngtools
Loading required package: pkgmaker
── Conflicts ────────────────────────────────────────── tidyverse_conflicts() ──
✖ dplyr::filter() masks stats::filter()
✖ dplyr::lag()    masks stats::lag()
✖ dplyr::select() masks MASS::select()
Loading required package: registry
Loading required package: foreach

Attaching package: ‘foreach’

The following objects are masked from ‘package:purrr’:

    accumulate, when

Loading required package: rngtools
Registered S3 methods overwritten by 'ggplot2':
  method         from 
  [.quosures     rlang
  c.quosures     rlang
  print.quosures rlang
Loading required package: pkgmaker
Loading required package: registry
Registered S3 method overwritten by 'rvest':
  method            from
  read_xml.response xml2

Attaching package: ‘pkgmaker’

The following object is masked from ‘package:base’:

    isFALSE

Registered S3 method overwritten by 'rvest':
  method            from
  read_xml.response xml2
Registered S3 method overwritten by 'rvest':
  method            from
  read_xml.response xml2
Registered S3 method overwritten by 'rvest':
  method            from
  read_xml.response xml2

Attaching package: ‘pkgmaker’

The following object is masked from ‘package:base’:

    isFALSE

Registered S3 method overwritten by 'rvest':
  method            from
  read_xml.response xml2
── Attaching packages ─────────────────────────────────────── tidyverse 1.2.1 ──
✔ ggplot2 3.1.1     ✔ purrr   0.3.2
✔ tibble  3.1.6     ✔ dplyr   1.0.7
✔ tidyr   1.1.4     ✔ stringr 1.4.0
✔ readr   1.3.1     ✔ forcats 0.4.0
── Attaching packages ─────────────────────────────────────── tidyverse 1.2.1 ──
── Attaching packages ─────────────────────────────────────── tidyverse 1.2.1 ──
── Attaching packages ─────────────────────────────────────── tidyverse 1.2.1 ──
✔ ggplot2 3.1.1     ✔ purrr   0.3.2
✔ tibble  3.1.6     ✔ dplyr   1.0.7
✔ tidyr   1.1.4     ✔ stringr 1.4.0
✔ readr   1.3.1     ✔ forcats 0.4.0
Registered S3 method overwritten by 'rvest':
  method            from
  read_xml.response xml2
✔ ggplot2 3.1.1     ✔ purrr   0.3.2
✔ tibble  3.1.6     ✔ dplyr   1.0.7
✔ tidyr   1.1.4     ✔ stringr 1.4.0
✔ readr   1.3.1     ✔ forcats 0.4.0
✔ ggplot2 3.1.1     ✔ purrr   0.3.2
✔ tibble  3.1.6     ✔ dplyr   1.0.7
✔ tidyr   1.1.4     ✔ stringr 1.4.0
✔ readr   1.3.1     ✔ forcats 0.4.0
── Attaching packages ─────────────────────────────────────── tidyverse 1.2.1 ──
✔ ggplot2 3.1.1     ✔ purrr   0.3.2
✔ tibble  3.1.6     ✔ dplyr   1.0.7
✔ tidyr   1.1.4     ✔ stringr 1.4.0
✔ readr   1.3.1     ✔ forcats 0.4.0
Registered S3 method overwritten by 'rvest':
  method            from
  read_xml.response xml2
── Attaching packages ─────────────────────────────────────── tidyverse 1.2.1 ──
── Conflicts ────────────────────────────────────────── tidyverse_conflicts() ──
✖ dplyr::filter() masks stats::filter()
✖ dplyr::lag()    masks stats::lag()
✖ dplyr::select() masks MASS::select()
✔ ggplot2 3.1.1     ✔ purrr   0.3.2
✔ tibble  3.1.6     ✔ dplyr   1.0.7
✔ tidyr   1.1.4     ✔ stringr 1.4.0
✔ readr   1.3.1     ✔ forcats 0.4.0
Loading required package: foreach

Attaching package: ‘foreach’

The following objects are masked from ‘package:purrr’:

    accumulate, when

Loading required package: rngtools
── Conflicts ────────────────────────────────────────── tidyverse_conflicts() ──
✖ dplyr::filter() masks stats::filter()
✖ dplyr::lag()    masks stats::lag()
✖ dplyr::select() masks MASS::select()
Loading required package: pkgmaker
── Attaching packages ─────────────────────────────────────── tidyverse 1.2.1 ──
Loading required package: foreach

Attaching package: ‘foreach’

The following objects are masked from ‘package:purrr’:

    accumulate, when

Loading required package: registry
Loading required package: rngtools
── Conflicts ────────────────────────────────────────── tidyverse_conflicts() ──
✖ dplyr::filter() masks stats::filter()
✖ dplyr::lag()    masks stats::lag()
✖ dplyr::select() masks MASS::select()
✔ ggplot2 3.1.1     ✔ purrr   0.3.2
✔ tibble  3.1.6     ✔ dplyr   1.0.7
✔ tidyr   1.1.4     ✔ stringr 1.4.0
✔ readr   1.3.1     ✔ forcats 0.4.0
── Conflicts ────────────────────────────────────────── tidyverse_conflicts() ──
✖ dplyr::filter() masks stats::filter()
✖ dplyr::lag()    masks stats::lag()
✖ dplyr::select() masks MASS::select()
Loading required package: pkgmaker
Loading required package: foreach
Loading required package: foreach
Loading required package: registry

Attaching package: ‘foreach’

The following objects are masked from ‘package:purrr’:

    accumulate, when


Attaching package: ‘foreach’

The following objects are masked from ‘package:purrr’:

    accumulate, when

Loading required package: rngtools
Loading required package: rngtools
Registered S3 method overwritten by 'rvest':
  method            from
  read_xml.response xml2
── Conflicts ────────────────────────────────────────── tidyverse_conflicts() ──
✖ dplyr::filter() masks stats::filter()
✖ dplyr::lag()    masks stats::lag()
✖ dplyr::select() masks MASS::select()
Loading required package: pkgmaker
Loading required package: pkgmaker
Loading required package: foreach

Attaching package: ‘foreach’

The following objects are masked from ‘package:purrr’:

    accumulate, when

Loading required package: rngtools
Loading required package: registry
Loading required package: registry
Loading required package: pkgmaker
── Conflicts ────────────────────────────────────────── tidyverse_conflicts() ──
✖ dplyr::filter() masks stats::filter()
✖ dplyr::lag()    masks stats::lag()
✖ dplyr::select() masks MASS::select()

Attaching package: ‘pkgmaker’

The following object is masked from ‘package:base’:

    isFALSE

── Attaching packages ─────────────────────────────────────── tidyverse 1.2.1 ──
Loading required package: foreach
Loading required package: registry
✔ ggplot2 3.1.1     ✔ purrr   0.3.2
✔ tibble  3.1.6     ✔ dplyr   1.0.7
✔ tidyr   1.1.4     ✔ stringr 1.4.0
✔ readr   1.3.1     ✔ forcats 0.4.0

Attaching package: ‘foreach’

The following objects are masked from ‘package:purrr’:

    accumulate, when


Attaching package: ‘pkgmaker’

The following object is masked from ‘package:base’:

    isFALSE

Loading required package: rngtools
── Conflicts ────────────────────────────────────────── tidyverse_conflicts() ──
✖ dplyr::filter() masks stats::filter()
✖ dplyr::lag()    masks stats::lag()
✖ dplyr::select() masks MASS::select()
Loading required package: foreach
Loading required package: pkgmaker

Attaching package: ‘foreach’

Loading required package: registry
The following objects are masked from ‘package:purrr’:

    accumulate, when


Attaching package: ‘pkgmaker’

The following object is masked from ‘package:base’:

    isFALSE

Loading required package: rngtools
Loading required package: pkgmaker
Loading required package: registry

Attaching package: ‘pkgmaker’

The following object is masked from ‘package:base’:

    isFALSE


Attaching package: ‘pkgmaker’

The following object is masked from ‘package:base’:

    isFALSE


Attaching package: ‘pkgmaker’

The following object is masked from ‘package:base’:

    isFALSE


Attaching package: ‘pkgmaker’

The following object is masked from ‘package:base’:

    isFALSE

── Conflicts ────────────────────────────────────────── tidyverse_conflicts() ──
✖ dplyr::filter() masks stats::filter()
✖ dplyr::lag()    masks stats::lag()
✖ dplyr::select() masks MASS::select()
Loading required package: foreach

Attaching package: ‘foreach’

The following objects are masked from ‘package:purrr’:

    accumulate, when

Loading required package: rngtools
Loading required package: pkgmaker
Loading required package: registry

Attaching package: ‘pkgmaker’

The following object is masked from ‘package:base’:

    isFALSE

Bile_Duct_Cancer
Bile_Duct_Cancer
Bile_Duct_Cancer
Bile_Duct_Cancer
Bile_Duct_Cancer
Bile_Duct_Cancer
Bile_Duct_Cancer
Bile_Duct_Cancer
Bile_Duct_Cancer
Bile_Duct_Cancer
CV repetition number: 1
CV repetition number: 7
CV repetition number: 2
CV repetition number: 3
CV repetition number: 4
CV repetition number: 5
CV repetition number: 6
CV repetition number: 10
CV repetition number: 8
CV repetition number: 9
CV inner loop, CV rep number: 1
CV inner loop, CV rep number: 7
CV inner loop, CV rep number: 2
CV inner loop, CV rep number: 3
CV inner loop, CV rep number: 4
CV inner loop, CV rep number: 5
CV inner loop, CV rep number: 6
CV inner loop, CV rep number: 10
CV inner loop, CV rep number: 8
CV inner loop, CV rep number: 9
CV inner loop, CV rep number: 1
CV inner loop, CV rep number: 3
CV inner loop, CV rep number: 7
CV inner loop, CV rep number: 5
CV inner loop, CV rep number: 8
CV inner loop, CV rep number: 4
CV inner loop, CV rep number: 9
CV inner loop, CV rep number: 6
CV inner loop, CV rep number: 2
CV inner loop, CV rep number: 10
CV inner loop, CV rep number: 4
CV inner loop, CV rep number: 8
CV inner loop, CV rep number: 1
CV inner loop, CV rep number: 5
CV inner loop, CV rep number: 2
CV inner loop, CV rep number: 3
CV inner loop, CV rep number: 7
CV inner loop, CV rep number: 9
CV inner loop, CV rep number: 6
CV inner loop, CV rep number: 10
CV inner loop, CV rep number: 8
CV inner loop, CV rep number: 4
CV inner loop, CV rep number: 3
CV inner loop, CV rep number: 7
CV inner loop, CV rep number: 1
CV inner loop, CV rep number: 5
CV inner loop, CV rep number: 6
CV inner loop, CV rep number: 9
CV inner loop, CV rep number: 2
CV inner loop, CV rep number: 10
CV inner loop, CV rep number: 4
CV inner loop, CV rep number: 3
CV inner loop, CV rep number: 5
CV inner loop, CV rep number: 6
CV inner loop, CV rep number: 8
CV inner loop, CV rep number: 9
CV inner loop, CV rep number: 7
CV inner loop, CV rep number: 1
CV inner loop, CV rep number: 2
CV inner loop, CV rep number: 10
CV inner loop, CV rep number: 4
CV inner loop, CV rep number: 6
CV inner loop, CV rep number: 3
CV inner loop, CV rep number: 5
CV inner loop, CV rep number: 8
CV inner loop, CV rep number: 7
CV inner loop, CV rep number: 1
CV inner loop, CV rep number: 9
CV inner loop, CV rep number: 2
CV inner loop, CV rep number: 10
CV inner loop, CV rep number: 6
CV inner loop, CV rep number: 4
CV inner loop, CV rep number: 3
CV inner loop, CV rep number: 1
CV inner loop, CV rep number: 7
CV inner loop, CV rep number: 8
CV inner loop, CV rep number: 10
CV inner loop, CV rep number: 5
CV inner loop, CV rep number: 9
CV inner loop, CV rep number: 2
CV inner loop, CV rep number: 6
CV inner loop, CV rep number: 4
CV inner loop, CV rep number: 8
CV inner loop, CV rep number: 3
CV inner loop, CV rep number: 1
CV inner loop, CV rep number: 7
CV inner loop, CV rep number: 10
CV inner loop, CV rep number: 5
CV inner loop, CV rep number: 9
CV inner loop, CV rep number: 2
CV inner loop, CV rep number: 6
CV inner loop, CV rep number: 7
CV inner loop, CV rep number: 4
CV inner loop, CV rep number: 10
CV inner loop, CV rep number: 8
CV inner loop, CV rep number: 3
CV inner loop, CV rep number: 1
CV inner loop, CV rep number: 5
CV inner loop, CV rep number: 9
CV inner loop, CV rep number: 2
CV inner loop, CV rep number: 6
CV inner loop, CV rep number: 7
CV inner loop, CV rep number: 4
CV inner loop, CV rep number: 10
CV inner loop, CV rep number: 8
CV inner loop, CV rep number: 1
CV inner loop, CV rep number: 3
CV inner loop, CV rep number: 5
CV inner loop, CV rep number: 9
CV inner loop, CV rep number: 2
[1]Warning messages:
Warning messages:
 "Results: "Warning messages:

Warning messages:
Warning messages:
Warning messages:
Warning messages:
Warning messages:
Warning messages:
Warning messages:
1: In lda.default(x, grouping, ...) :1: 1: 1: In lda.default(x, grouping, ...) :1: In lda.default(x, grouping, ...) :1: 1: 1: 1:  In lda.default(x, grouping, ...) : observed variables are collinear
 CV_rep1:  Bile_Duct_Cancer_predIn lda.default(x, grouping, ...) :
1 variables are collinear
    Other2:       1In lda.default(x, grouping, ...) :            0.01648859 variables are collinear

23:     OtherIn lda.default(x, grouping, ...) :      1 variables are collinear
            0.045282974: 
3 variables are collinear
    OtherIn lda.default(x, grouping, ...) :      1In lda.default(x, grouping, ...) :            0.56221542 variables are collinear

42:     OtherIn lda.default(x, grouping, ...) :      1 variables are collinear
            0.013943743: 
5In lda.default(x, grouping, ...) :    Other variables are collinear
      14:             0.01477243In lda.default(x, grouping, ...) :
6 variables are collinear
    Other5:       1 variables are collinear
            0.066013452: 
In lda.default(x, grouping, ...) :In lda.default(x, grouping, ...) :In lda.default(x, grouping, ...) :In lda.default(x, grouping, ...) :2: In lda.default(x, grouping, ...) :2:  variables are collinear
 variables are collinear
In lda.default(x, grouping, ...) : variables are collinear
 variables are collinear
3:  variables are collinear
 variables are collinear
 variables are collinear
In lda.default(x, grouping, ...) : variables are collinear
In lda.default(x, grouping, ...) :2: 2: 6: In lda.default(x, grouping, ...) :In lda.default(x, grouping, ...) : variables are collinear
2: 2: 2:  variables are collinear
5:  variables are collinear
In lda.default(x, grouping, ...) :In lda.default(x, grouping, ...) : variables are collinear
7: 4: In lda.default(x, grouping, ...) :In lda.default(x, grouping, ...) :In lda.default(x, grouping, ...) :In lda.default(x, grouping, ...) :3: In lda.default(x, grouping, ...) :3:  variables are collinear
 variables are collinear
In lda.default(x, grouping, ...) : variables are collinear
 variables are collinear
5: In lda.default(x, grouping, ...) : variables are collinear
 variables are collinear
 variables are collinear
In lda.default(x, grouping, ...) : variables are collinear
In lda.default(x, grouping, ...) :3: 3: 8: In lda.default(x, grouping, ...) : variables are collinear
6: 3: 3: 3:  variables are collinear
6:  variables are collinear
In lda.default(x, grouping, ...) :In lda.default(x, grouping, ...) : variables are collinear
9: In lda.default(x, grouping, ...) : variables are collinear
In lda.default(x, grouping, ...) :In lda.default(x, grouping, ...) :In lda.default(x, grouping, ...) :4: In lda.default(x, grouping, ...) :4:  variables are collinear
 variables are collinear
In lda.default(x, grouping, ...) : variables are collinear
7: In lda.default(x, grouping, ...) : variables are collinear
 variables are collinear
 variables are collinear
In lda.default(x, grouping, ...) : variables are collinear
In lda.default(x, grouping, ...) :4: 4: 10: In lda.default(x, grouping, ...) : variables are collinear
8: 4: 4: 4: In lda.default(x, grouping, ...) : variables are collinear
7:  variables are collinear
In lda.default(x, grouping, ...) :In lda.default(x, grouping, ...) : variables are collinear
In lda.default(x, grouping, ...) :In lda.default(x, grouping, ...) : variables are collinear
In lda.default(x, grouping, ...) : variables are collinear
5: In lda.default(x, grouping, ...) :5:  variables are collinear
 variables are collinear
5: In lda.default(x, grouping, ...) : variables are collinear
5:  variables are collinear
5: In lda.default(x, grouping, ...) : variables are collinear
In lda.default(x, grouping, ...) :5:  variables are collinear
9: In lda.default(x, grouping, ...) : variables are collinear
5: In lda.default(x, grouping, ...) : variables are collinear
8:  variables are collinear
In lda.default(x, grouping, ...) :6: In lda.default(x, grouping, ...) :6: In lda.default(x, grouping, ...) : variables are collinear
6: In lda.default(x, grouping, ...) :6:  variables are collinear
In lda.default(x, grouping, ...) : variables are collinear
In lda.default(x, grouping, ...) : variables are collinear
 variables are collinear
6: In lda.default(x, grouping, ...) : variables are collinear
In lda.default(x, grouping, ...) :6:  variables are collinear
10: 7: In lda.default(x, grouping, ...) :6: In lda.default(x, grouping, ...) :In lda.default(x, grouping, ...) : variables are collinear
9:  variables are collinear
In lda.default(x, grouping, ...) :7: In lda.default(x, grouping, ...) : variables are collinear
8:  variables are collinear
 variables are collinear
7: In lda.default(x, grouping, ...) :7:  variables are collinear
In lda.default(x, grouping, ...) : variables are collinear
In lda.default(x, grouping, ...) :7: 7: In lda.default(x, grouping, ...) : variables are collinear
In lda.default(x, grouping, ...) :7:  variables are collinear
 variables are collinear
In lda.default(x, grouping, ...) :In lda.default(x, grouping, ...) : variables are collinear
 variables are collinear
10:  variables are collinear
In lda.default(x, grouping, ...) :8: In lda.default(x, grouping, ...) :9:  variables are collinear
8: In lda.default(x, grouping, ...) :8: In lda.default(x, grouping, ...) :8:  variables are collinear
 variables are collinear
In lda.default(x, grouping, ...) :8:  variables are collinear
In lda.default(x, grouping, ...) : variables are collinear
In lda.default(x, grouping, ...) :8: 9:  variables are collinear
In lda.default(x, grouping, ...) :9:  variables are collinear
 variables are collinear
In lda.default(x, grouping, ...) :In lda.default(x, grouping, ...) :10:  variables are collinear
In lda.default(x, grouping, ...) :9: 9:  variables are collinear
 variables are collinear
In lda.default(x, grouping, ...) :9:  variables are collinear
In lda.default(x, grouping, ...) :In lda.default(x, grouping, ...) :9: 10:  variables are collinear
In lda.default(x, grouping, ...) :10:  variables are collinear
 variables are collinear
In lda.default(x, grouping, ...) :In lda.default(x, grouping, ...) : variables are collinear
In lda.default(x, grouping, ...) :10: 10:  variables are collinear
 variables are collinear
10:  variables are collinear
In lda.default(x, grouping, ...) : variables are collinear
In lda.default(x, grouping, ...) : variables are collinear
10: In lda.default(x, grouping, ...) : variables are collinear
In lda.default(x, grouping, ...) : variables are collinear
[Tue Nov 30 10:35:29 2021]
Finished job 0.
1 of 1 steps (100%) done
