Building DAG of jobs...
Using shell: /usr/bin/bash
Provided cores: 10
Rules claiming more threads will be scaled down.
Select jobs to execute...

[Tue Nov 30 10:25:05 2021]
rule methylation_binomial_classification:
    input: data/Methylation_predictions_train_20_predict_80/Full_data_Methylation_pred_lasso_formatted_standardized.rds, data/sample_types.txt
    output: Classification_output/Methylation/Binomial_models_output/Lasso_Predictions_Full_data_Gastric_cancer.rds
    jobid: 0
    wildcards: model_binomial=Lasso, class_type=Gastric_cancer
    threads: 10
    resources: mem_mb=200000, disk_mb=1000, tmpdir=/scratch/57589807, time=20:00:00

Rscript --vanilla /faststorage/project/DELFI1/Workspaces/CarmenAndAnika/.snakemake/scripts/tmpsf2gb1xj.Lasso.R
Activating conda environment: /faststorage/project/DELFI1/Workspaces/CarmenAndAnika/.snakemake/conda/411837606499b7823565885a8a388b12
Registered S3 methods overwritten by 'ggplot2':
  method         from 
  [.quosures     rlang
  c.quosures     rlang
  print.quosures rlang
Registered S3 method overwritten by 'rvest':
  method            from
  read_xml.response xml2
── Attaching packages ─────────────────────────────────────── tidyverse 1.2.1 ──
✔ ggplot2 3.1.1     ✔ purrr   0.3.2
✔ tibble  3.1.6     ✔ dplyr   1.0.7
✔ tidyr   1.1.4     ✔ stringr 1.4.0
✔ readr   1.3.1     ✔ forcats 0.4.0
── Conflicts ────────────────────────────────────────── tidyverse_conflicts() ──
✖ dplyr::filter() masks stats::filter()
✖ dplyr::lag()    masks stats::lag()
Type 'citation("pROC")' for a citation.

Attaching package: ‘pROC’

The following objects are masked from ‘package:stats’:

    cov, smooth, var

Loading required package: Matrix

Attaching package: ‘Matrix’

The following objects are masked from ‘package:tidyr’:

    expand, pack, unpack

Loading required package: foreach

Attaching package: ‘foreach’

The following objects are masked from ‘package:purrr’:

    accumulate, when

Loaded glmnet 2.0-16


Attaching package: ‘glmnet’

The following object is masked from ‘package:pROC’:

    auc


Attaching package: ‘glmnetUtils’

The following objects are masked from ‘package:glmnet’:

    cv.glmnet, glmnet

Warning: unable to access index for repository http://cran.us.r-project.org/src/contrib/splitTools_0.3.1.tar.gz/src/contrib:
  cannot open URL 'http://cran.us.r-project.org/src/contrib/splitTools_0.3.1.tar.gz/src/contrib/PACKAGES'
Warning message:
package ‘splitTools’ is not available (for R version 3.6.1) 
Warning message:
package ‘multiROC’ was built under R version 3.6.3 
dummies-1.5.6 provided by Decision Patterns

Warning message:
package ‘dummies’ was built under R version 3.6.3 
Loading required package: gplots

Attaching package: ‘gplots’

The following object is masked from ‘package:stats’:

    lowess

Loading required package: iterators
Loading required package: parallel
Loading required package: rngtools
Loading required package: pkgmaker
Loading required package: registry

Attaching package: ‘pkgmaker’

The following object is masked from ‘package:base’:

    isFALSE

Gastric_cancerOvarian_CancerLung_CancerBile_Duct_CancerPancreatic_CancerDuodenal_CancerBreast_CancerColorectal_Cancer
[1] "Sample_type levels"
[1] "Cancer" "Other" 
starting worker pid=36087 on localhost:11024 at 10:25:24.562
starting worker pid=36109 on localhost:11024 at 10:25:24.850
starting worker pid=36131 on localhost:11024 at 10:25:25.139
starting worker pid=36153 on localhost:11024 at 10:25:25.425
starting worker pid=36175 on localhost:11024 at 10:25:25.714
starting worker pid=36197 on localhost:11024 at 10:25:25.998
starting worker pid=36219 on localhost:11024 at 10:25:26.283
starting worker pid=36241 on localhost:11024 at 10:25:26.569
starting worker pid=36263 on localhost:11024 at 10:25:26.854
starting worker pid=36286 on localhost:11024 at 10:25:27.137
Registered S3 methods overwritten by 'ggplot2':
  method         from 
  [.quosures     rlang
  c.quosures     rlang
  print.quosures rlang
Registered S3 methods overwritten by 'ggplot2':
  method         from 
  [.quosures     rlang
  c.quosures     rlang
  print.quosures rlang
Registered S3 methods overwritten by 'ggplot2':
  method         from 
  [.quosures     rlang
  c.quosures     rlang
  print.quosures rlang
Registered S3 methods overwritten by 'ggplot2':
  method         from 
  [.quosures     rlang
  c.quosures     rlang
  print.quosures rlang
Registered S3 method overwritten by 'rvest':
  method            from
  read_xml.response xml2
Registered S3 methods overwritten by 'ggplot2':
  method         from 
  [.quosures     rlang
  c.quosures     rlang
  print.quosures rlang
Registered S3 method overwritten by 'rvest':
  method            from
  read_xml.response xml2
Registered S3 methods overwritten by 'ggplot2':
  method         from 
  [.quosures     rlang
  c.quosures     rlang
  print.quosures rlang
── Attaching packages ─────────────────────────────────────── tidyverse 1.2.1 ──
✔ ggplot2 3.1.1     ✔ purrr   0.3.2
✔ tibble  3.1.6     ✔ dplyr   1.0.7
✔ tidyr   1.1.4     ✔ stringr 1.4.0
✔ readr   1.3.1     ✔ forcats 0.4.0
Registered S3 method overwritten by 'rvest':
  method            from
  read_xml.response xml2
── Attaching packages ─────────────────────────────────────── tidyverse 1.2.1 ──
Registered S3 methods overwritten by 'ggplot2':
  method         from 
  [.quosures     rlang
  c.quosures     rlang
  print.quosures rlang
✔ ggplot2 3.1.1     ✔ purrr   0.3.2
✔ tibble  3.1.6     ✔ dplyr   1.0.7
✔ tidyr   1.1.4     ✔ stringr 1.4.0
✔ readr   1.3.1     ✔ forcats 0.4.0
── Attaching packages ─────────────────────────────────────── tidyverse 1.2.1 ──
✔ ggplot2 3.1.1     ✔ purrr   0.3.2
✔ tibble  3.1.6     ✔ dplyr   1.0.7
✔ tidyr   1.1.4     ✔ stringr 1.4.0
✔ readr   1.3.1     ✔ forcats 0.4.0
── Conflicts ────────────────────────────────────────── tidyverse_conflicts() ──
✖ dplyr::filter() masks stats::filter()
✖ dplyr::lag()    masks stats::lag()
Registered S3 methods overwritten by 'ggplot2':
  method         from 
  [.quosures     rlang
  c.quosures     rlang
  print.quosures rlang
Loading required package: foreach

Attaching package: ‘foreach’

The following objects are masked from ‘package:purrr’:

    accumulate, when

Loading required package: rngtools
Loading required package: pkgmaker
Loading required package: registry
Registered S3 method overwritten by 'rvest':
  method            from
  read_xml.response xml2
── Conflicts ────────────────────────────────────────── tidyverse_conflicts() ──
✖ dplyr::filter() masks stats::filter()
✖ dplyr::lag()    masks stats::lag()
Loading required package: foreach

Attaching package: ‘foreach’

The following objects are masked from ‘package:purrr’:

    accumulate, when

Loading required package: rngtools
Loading required package: pkgmaker
Registered S3 method overwritten by 'rvest':
  method            from
  read_xml.response xml2
Loading required package: registry
── Conflicts ────────────────────────────────────────── tidyverse_conflicts() ──
✖ dplyr::filter() masks stats::filter()
✖ dplyr::lag()    masks stats::lag()
Registered S3 methods overwritten by 'ggplot2':
  method         from 
  [.quosures     rlang
  c.quosures     rlang
  print.quosures rlang
Loading required package: foreach
── Attaching packages ─────────────────────────────────────── tidyverse 1.2.1 ──

Attaching package: ‘foreach’

The following objects are masked from ‘package:purrr’:

    accumulate, when

Loading required package: rngtools
Registered S3 method overwritten by 'rvest':
  method            from
  read_xml.response xml2
✔ ggplot2 3.1.1     ✔ purrr   0.3.2
✔ tibble  3.1.6     ✔ dplyr   1.0.7
✔ tidyr   1.1.4     ✔ stringr 1.4.0
✔ readr   1.3.1     ✔ forcats 0.4.0
Registered S3 methods overwritten by 'ggplot2':
  method         from 
  [.quosures     rlang
  c.quosures     rlang
  print.quosures rlang
Loading required package: pkgmaker

Attaching package: ‘pkgmaker’

The following object is masked from ‘package:base’:

    isFALSE

Loading required package: registry
── Attaching packages ─────────────────────────────────────── tidyverse 1.2.1 ──
── Attaching packages ─────────────────────────────────────── tidyverse 1.2.1 ──
✔ ggplot2 3.1.1     ✔ purrr   0.3.2
✔ tibble  3.1.6     ✔ dplyr   1.0.7
✔ tidyr   1.1.4     ✔ stringr 1.4.0
✔ readr   1.3.1     ✔ forcats 0.4.0

Attaching package: ‘pkgmaker’

The following object is masked from ‘package:base’:

    isFALSE

✔ ggplot2 3.1.1     ✔ purrr   0.3.2
✔ tibble  3.1.6     ✔ dplyr   1.0.7
✔ tidyr   1.1.4     ✔ stringr 1.4.0
✔ readr   1.3.1     ✔ forcats 0.4.0
Registered S3 method overwritten by 'rvest':
  method            from
  read_xml.response xml2
── Attaching packages ─────────────────────────────────────── tidyverse 1.2.1 ──

Attaching package: ‘pkgmaker’

The following object is masked from ‘package:base’:

    isFALSE

✔ ggplot2 3.1.1     ✔ purrr   0.3.2
✔ tibble  3.1.6     ✔ dplyr   1.0.7
✔ tidyr   1.1.4     ✔ stringr 1.4.0
✔ readr   1.3.1     ✔ forcats 0.4.0
Registered S3 method overwritten by 'rvest':
  method            from
  read_xml.response xml2
── Attaching packages ─────────────────────────────────────── tidyverse 1.2.1 ──
── Conflicts ────────────────────────────────────────── tidyverse_conflicts() ──
✖ dplyr::filter() masks stats::filter()
✖ dplyr::lag()    masks stats::lag()
✔ ggplot2 3.1.1     ✔ purrr   0.3.2
✔ tibble  3.1.6     ✔ dplyr   1.0.7
✔ tidyr   1.1.4     ✔ stringr 1.4.0
✔ readr   1.3.1     ✔ forcats 0.4.0
── Conflicts ────────────────────────────────────────── tidyverse_conflicts() ──
✖ dplyr::filter() masks stats::filter()
✖ dplyr::lag()    masks stats::lag()
Loading required package: foreach

Attaching package: ‘foreach’

The following objects are masked from ‘package:purrr’:

    accumulate, when

── Conflicts ────────────────────────────────────────── tidyverse_conflicts() ──
✖ dplyr::filter() masks stats::filter()
✖ dplyr::lag()    masks stats::lag()
Loading required package: rngtools
── Conflicts ────────────────────────────────────────── tidyverse_conflicts() ──
✖ dplyr::filter() masks stats::filter()
✖ dplyr::lag()    masks stats::lag()
Loading required package: foreach
Loading required package: pkgmaker

Attaching package: ‘foreach’

The following objects are masked from ‘package:purrr’:

    accumulate, when

Loading required package: rngtools
Loading required package: foreach
Loading required package: pkgmaker
Loading required package: foreach
Loading required package: registry
Registered S3 method overwritten by 'rvest':
  method            from
  read_xml.response xml2

Attaching package: ‘foreach’

The following objects are masked from ‘package:purrr’:

    accumulate, when


Attaching package: ‘foreach’

The following objects are masked from ‘package:purrr’:

    accumulate, when

Loading required package: rngtools
Loading required package: rngtools
Loading required package: registry
Loading required package: pkgmaker
Loading required package: pkgmaker
Registered S3 method overwritten by 'rvest':
  method            from
  read_xml.response xml2
Loading required package: registry
── Attaching packages ─────────────────────────────────────── tidyverse 1.2.1 ──
Loading required package: registry
✔ ggplot2 3.1.1     ✔ purrr   0.3.2
✔ tibble  3.1.6     ✔ dplyr   1.0.7
✔ tidyr   1.1.4     ✔ stringr 1.4.0
✔ readr   1.3.1     ✔ forcats 0.4.0
── Conflicts ────────────────────────────────────────── tidyverse_conflicts() ──
✖ dplyr::filter() masks stats::filter()
✖ dplyr::lag()    masks stats::lag()
── Attaching packages ─────────────────────────────────────── tidyverse 1.2.1 ──
✔ ggplot2 3.1.1     ✔ purrr   0.3.2
✔ tibble  3.1.6     ✔ dplyr   1.0.7
✔ tidyr   1.1.4     ✔ stringr 1.4.0
✔ readr   1.3.1     ✔ forcats 0.4.0
Loading required package: foreach

Attaching package: ‘foreach’

The following objects are masked from ‘package:purrr’:

    accumulate, when

Loading required package: rngtools

Attaching package: ‘pkgmaker’

The following object is masked from ‘package:base’:

    isFALSE

Loading required package: pkgmaker

Attaching package: ‘pkgmaker’

The following object is masked from ‘package:base’:

    isFALSE

Loading required package: registry

Attaching package: ‘pkgmaker’

The following object is masked from ‘package:base’:

    isFALSE


Attaching package: ‘pkgmaker’

The following object is masked from ‘package:base’:

    isFALSE

── Conflicts ────────────────────────────────────────── tidyverse_conflicts() ──
✖ dplyr::filter() masks stats::filter()
✖ dplyr::lag()    masks stats::lag()
Loading required package: foreach

Attaching package: ‘foreach’

The following objects are masked from ‘package:purrr’:

    accumulate, when

Loading required package: rngtools
── Conflicts ────────────────────────────────────────── tidyverse_conflicts() ──
✖ dplyr::filter() masks stats::filter()
✖ dplyr::lag()    masks stats::lag()
Loading required package: pkgmaker
Loading required package: foreach
Loading required package: registry

Attaching package: ‘foreach’

The following objects are masked from ‘package:purrr’:

    accumulate, when


Attaching package: ‘pkgmaker’

Loading required package: rngtools
The following object is masked from ‘package:base’:

    isFALSE

Loading required package: pkgmaker
Loading required package: registry

Attaching package: ‘pkgmaker’

The following object is masked from ‘package:base’:

    isFALSE


Attaching package: ‘pkgmaker’

The following object is masked from ‘package:base’:

    isFALSE

Gastric_cancer
Gastric_cancer
Gastric_cancer
Gastric_cancer
Gastric_cancer
Gastric_cancer
Gastric_cancer
Gastric_cancer
CV repetition number: 1
Gastric_cancer
Gastric_cancer
CV repetition number: 6
CV repetition number: 2
CV repetition number: 3
CV repetition number: 4
CV repetition number: 5
CV repetition number: 8
CV repetition number: 7
CV repetition number: 10
CV repetition number: 9
CV inner loop, CV rep number: 1
CV inner loop, CV rep number: 6
CV inner loop, CV rep number: 2
CV inner loop, CV rep number: 3
CV inner loop, CV rep number: 4
CV inner loop, CV rep number: 5
CV inner loop, CV rep number: 8
CV inner loop, CV rep number: 7
CV inner loop, CV rep number: 10
CV inner loop, CV rep number: 9
best_alpha
0
best_lambda
7.78399006064994
CV inner loop, CV rep number: 10
best_alpha
0.008
best_lambda
1.67046919540019
CV inner loop, CV rep number: 2
best_alpha
0.512
best_lambda
0.0626591886194147
CV inner loop, CV rep number: 8
best_alpha
0
best_lambda
8.28458176702074
best_alpha
0.001
best_lambda
4.98477840275796
CV inner loop, CV rep number: 3
CV inner loop, CV rep number: 1
best_alpha
1
best_lambda
0.0395994553864007
CV inner loop, CV rep number: 6
best_alpha
1
best_lambda
0.0146160709748745
best_alpha
0.001
best_lambda
5.71364755948954
CV inner loop, CV rep number: 9
best_alpha
0.001
best_lambda
6.30467792302256
CV inner loop, CV rep number: 7
best_alpha
0.125
best_lambda
0.256787918397801
CV inner loop, CV rep number: 5
CV inner loop, CV rep number: 4
best_alpha
0
best_lambda
12.248828291937
CV inner loop, CV rep number: 2
best_alpha
1
best_lambda
0.0427488409938775
CV inner loop, CV rep number: 10
best_alpha
0.008
best_lambda
1.88956609560172
CV inner loop, CV rep number: 1
best_alpha
0.216
best_lambda
0.138014866259308
CV inner loop, CV rep number: 8
best_alpha
0.027
best_lambda
0.840780835531724
CV inner loop, CV rep number: 9
best_alpha
0.125
best_lambda
0.3172307344874
CV inner loop, CV rep number: 3
best_alpha
0.001
best_lambda
6.30335407442078
CV inner loop, CV rep number: 5
best_alpha
0.512
best_lambda
0.0860680933525674
CV inner loop, CV rep number: 6
best_alpha
1
best_lambda
0.040973905260879
CV inner loop, CV rep number: 7
best_alpha
0.001
best_lambda
5.12247961666827
CV inner loop, CV rep number: 4
best_alpha
1
best_lambda
0.039492748637793
CV inner loop, CV rep number: 2
best_alpha
0.027
best_lambda
0.790810631043644
CV inner loop, CV rep number: 1
best_alpha
1
best_lambda
0.0281883724214813
CV inner loop, CV rep number: 10
best_alpha
0.125
best_lambda
0.193880593247198
CV inner loop, CV rep number: 8
best_alpha
0.008
best_lambda
1.90740809211126
CV inner loop, CV rep number: 3
best_alpha
0.008
best_lambda
1.73740594345344
CV inner loop, CV rep number: 9
best_alpha
0.001
best_lambda
4.96000867976125
CV inner loop, CV rep number: 6
best_alpha
0.001
best_lambda
7.0597339189024
CV inner loop, CV rep number: 5
best_alpha
0.008
best_lambda
2.16299953526084
CV inner loop, CV rep number: 7
best_alpha
0.064
best_lambda
0.567994448531856
CV inner loop, CV rep number: 4
best_alpha
0
best_lambda
12.5810044803554
CV inner loop, CV rep number: 2
best_alpha
0.125
best_lambda
0.228789626509784
CV inner loop, CV rep number: 10
best_alpha
0.512
best_lambda
0.0657034687349428
CV inner loop, CV rep number: 8
best_alpha
0
best_lambda
9.50278438203217
CV inner loop, CV rep number: 1
best_alpha
1
best_lambda
0.0300764335264636
CV inner loop, CV rep number: 3
best_alpha
0.008
best_lambda
1.91089143728661
CV inner loop, CV rep number: 9
best_alpha
0
best_lambda
7.87598182522457
CV inner loop, CV rep number: 6
best_alpha
0.008
best_lambda
1.83051410363646
CV inner loop, CV rep number: 5
best_alpha
0.216
best_lambda
0.145871935263886
CV inner loop, CV rep number: 7
best_alpha
0.001
best_lambda
5.47075953143047
CV inner loop, CV rep number: 4
best_alpha
1
best_lambda
0.0385310480785987
CV inner loop, CV rep number: 2
best_alpha
0.216
best_lambda
0.149947828597473
CV inner loop, CV rep number: 10
best_alpha
0
best_lambda
11.9080119202694
CV inner loop, CV rep number: 8
best_alpha
0.729
best_lambda
0.0375246898865391
CV inner loop, CV rep number: 1
best_alpha
0.001
best_lambda
7.60097233151336
CV inner loop, CV rep number: 3
best_alpha
0.008
best_lambda
2.24985758447206
CV inner loop, CV rep number: 9
best_alpha
0.512
best_lambda
0.0385385646393379
CV inner loop, CV rep number: 6
best_alpha
0.512
best_lambda
0.0676459387947215
CV inner loop, CV rep number: 5
best_alpha
0
best_lambda
9.56495960873591
CV inner loop, CV rep number: 4
best_alpha
0.027
best_lambda
0.696932768623286
CV inner loop, CV rep number: 7
best_alpha
0
best_lambda
9.23856594314319
CV inner loop, CV rep number: 2
best_alpha
0.001
best_lambda
5.86465834887717
CV inner loop, CV rep number: 10
best_alpha
0
best_lambda
10.0010047619857
CV inner loop, CV rep number: 8
best_alpha
0.008
best_lambda
2.24037378301635
CV inner loop, CV rep number: 3
best_alpha
0
best_lambda
10.2437795544302
CV inner loop, CV rep number: 1
best_alpha
0.125
best_lambda
0.172914251830242
CV inner loop, CV rep number: 9
best_alpha
0.027
best_lambda
0.734572191164014
CV inner loop, CV rep number: 5
best_alpha
0.216
best_lambda
0.185584438126052
CV inner loop, CV rep number: 6
best_alpha
0.001
best_lambda
5.74485823587106
CV inner loop, CV rep number: 4
best_alpha
1
best_lambda
0.0319061895030096
CV inner loop, CV rep number: 7
best_alpha
0.125
best_lambda
0.17443237840448
CV inner loop, CV rep number: 2
best_alpha
0.008
best_lambda
1.73417388179321
CV inner loop, CV rep number: 10
best_alpha
1
best_lambda
0.0420877663066552
CV inner loop, CV rep number: 8
best_alpha
0.343
best_lambda
0.0868230309857082
CV inner loop, CV rep number: 3
best_alpha
0
best_lambda
6.98163279141243
CV inner loop, CV rep number: 9
best_alpha
best_alpha
0.729
0.001
best_lambda
best_lambda
0.0619197438629728
6.54641082071078
CV inner loop, CV rep number: 5
best_alpha
0
best_lambda
11.5177924277655
CV inner loop, CV rep number: 1
CV inner loop, CV rep number: 6
best_alpha
1
best_lambda
0.0330832554671672
CV inner loop, CV rep number: 7
best_alpha
0.027
best_lambda
0.892343151209636
CV inner loop, CV rep number: 4
best_alpha
0
best_lambda
10.6835372082816
CV inner loop, CV rep number: 8
best_alpha
0
best_lambda
11.8557430078213
CV inner loop, CV rep number: 10
best_alpha
0.216
best_lambda
0.169879636870188
CV inner loop, CV rep number: 2
best_alpha
0
best_lambda
12.7186156241661
CV inner loop, CV rep number: 3
best_alpha
0.729
best_lambda
0.0536743713279513
CV inner loop, CV rep number: 9
best_alpha
0.343
best_lambda
0.131185415751453
CV inner loop, CV rep number: 6
best_alpha
0
best_lambda
8.98652312382374
CV inner loop, CV rep number: 1
best_alpha
0.001
best_lambda
3.80669872407819
best_alpha
0.001
best_lambda
5.01216332365462
CV inner loop, CV rep number: 4
CV inner loop, CV rep number: 5
best_alpha
0.008
best_lambda
1.36176449964739
CV inner loop, CV rep number: 7
best_alpha
1
best_lambda
0.025826396909599
CV inner loop, CV rep number: 8
best_alpha
0.729
best_lambda
0.0334514476790393
CV inner loop, CV rep number: 10
best_alpha
0.125
best_lambda
0.160177937595612
CV inner loop, CV rep number: 2
best_alpha
1
best_lambda
0.0401894714792338
CV inner loop, CV rep number: 3
best_alpha
0
best_lambda
9.80463246195182
best_alpha
0.064
best_lambda
0.295312607980656
CV inner loop, CV rep number: 6
CV inner loop, CV rep number: 9
best_alpha
1
best_lambda
0.0358385060416367
CV inner loop, CV rep number: 4
best_alpha
best_alpha
1
0.729
best_lambda
best_lambda
0.0309807824487113
0.0566285203095264
CV inner loop, CV rep number: 5
CV inner loop, CV rep number: 1
best_alpha
0.216
best_lambda
0.0774469134038685
CV inner loop, CV rep number: 7
best_alpha
0.125
best_lambda
0.216062088164721
best_alpha
1
best_lambda
0.0631366186029863
best_alpha
0.008
best_lambda
2.25065587189808
best_alpha
0.001
best_lambda
4.02695111685886
best_alpha
0.512
best_lambda
0.0686666892534857
best_alpha
0.343
best_lambda
0.0865361388746697
best_alpha
0
best_lambda
10.6512059734035
best_alpha
best_alpha
0.064
1
best_lambda
best_lambda
0.321961848690391
0.0385551949541796
best_alpha
0.001
best_lambda
5.67324561487006
Warning messages:
1: from glmnet Fortran code (error code -1); Convergence for 1th lambda value not reached after maxit=100000 iterations; solutions for larger lambdas returned 
2: In getcoef(fit, nvars, nx, vnames) :
  an empty model has been returned; probably a convergence issue
[1] "Results: "
  observed CV_rep Gastric_cancer_pred
1   Cancer      1           0.8742070
2   Cancer      1           0.9130003
3   Cancer      1           0.9945530
4   Cancer      1           0.8990883
5    Other      1           0.9695675
6    Other      1           0.9313264
[Tue Nov 30 10:51:53 2021]
Finished job 0.
1 of 1 steps (100%) done
