Building DAG of jobs...
Using shell: /usr/bin/bash
Provided cores: 10
Rules claiming more threads will be scaled down.
Select jobs to execute...

[Tue Nov 30 10:25:05 2021]
rule methylation_binomial_classification:
    input: data/Methylation_predictions_train_20_predict_80/Full_data_Methylation_pred_lasso_formatted_standardized.rds, data/sample_types.txt
    output: Classification_output/Methylation/Binomial_models_output/Boosting_Predictions_Full_data_Pancreatic_Cancer.rds
    jobid: 0
    wildcards: model_binomial=Boosting, class_type=Pancreatic_Cancer
    threads: 10
    resources: mem_mb=200000, disk_mb=1000, tmpdir=/scratch/57589795, time=20:00:00

Rscript --vanilla /faststorage/project/DELFI1/Workspaces/CarmenAndAnika/.snakemake/scripts/tmp1ms3wyv8.Boosting.R
Activating conda environment: /faststorage/project/DELFI1/Workspaces/CarmenAndAnika/.snakemake/conda/411837606499b7823565885a8a388b12
Registered S3 methods overwritten by 'ggplot2':
  method         from 
  [.quosures     rlang
  c.quosures     rlang
  print.quosures rlang
Registered S3 method overwritten by 'rvest':
  method            from
  read_xml.response xml2
── Attaching packages ─────────────────────────────────────── tidyverse 1.2.1 ──
✔ ggplot2 3.1.1     ✔ purrr   0.3.2
✔ tibble  3.1.6     ✔ dplyr   1.0.7
✔ tidyr   1.1.4     ✔ stringr 1.4.0
✔ readr   1.3.1     ✔ forcats 0.4.0
── Conflicts ────────────────────────────────────────── tidyverse_conflicts() ──
✖ dplyr::filter() masks stats::filter()
✖ dplyr::lag()    masks stats::lag()
Loading required package: lattice

Attaching package: ‘caret’

The following object is masked from ‘package:purrr’:

    lift

Type 'citation("pROC")' for a citation.

Attaching package: ‘pROC’

The following objects are masked from ‘package:stats’:

    cov, smooth, var


Attaching package: ‘xgboost’

The following object is masked from ‘package:dplyr’:

    slice

Loading required package: foreach

Attaching package: ‘foreach’

The following objects are masked from ‘package:purrr’:

    accumulate, when

Loading required package: iterators
Loading required package: parallel
Loading required package: rngtools
Loading required package: pkgmaker
Loading required package: registry

Attaching package: ‘pkgmaker’

The following object is masked from ‘package:base’:

    isFALSE

Warning: unable to access index for repository http://cran.us.r-project.org/src/contrib/splitTools_0.3.1.tar.gz/src/contrib:
  cannot open URL 'http://cran.us.r-project.org/src/contrib/splitTools_0.3.1.tar.gz/src/contrib/PACKAGES'
Warning message:
package ‘splitTools’ is not available (for R version 3.6.1) 
Gastric_cancerOvarian_CancerLung_CancerBile_Duct_CancerPancreatic_CancerDuodenal_CancerBreast_CancerColorectal_Cancer
[1] "Sample_type levels"
[1] "Cancer" "Other" 
starting worker pid=22091 on localhost:11709 at 10:25:27.051
starting worker pid=22114 on localhost:11709 at 10:25:27.374
starting worker pid=22136 on localhost:11709 at 10:25:27.706
starting worker pid=22158 on localhost:11709 at 10:25:28.046
starting worker pid=22180 on localhost:11709 at 10:25:28.387
starting worker pid=22202 on localhost:11709 at 10:25:28.743
starting worker pid=22224 on localhost:11709 at 10:25:29.111
starting worker pid=22246 on localhost:11709 at 10:25:29.502
starting worker pid=22268 on localhost:11709 at 10:25:29.972
starting worker pid=22292 on localhost:11709 at 10:25:30.527
Loaded gbm 2.1.8
Loading required package: lattice
Loading required package: ggplot2
Loaded gbm 2.1.8
Loading required package: lattice
Loading required package: ggplot2
Loaded gbm 2.1.8
Loading required package: lattice
Loading required package: ggplot2
Loaded gbm 2.1.8
Loading required package: lattice
Loading required package: ggplot2
Loaded gbm 2.1.8
Loading required package: lattice
Loading required package: ggplot2
Loaded gbm 2.1.8
Loading required package: lattice
Loading required package: ggplot2
Loaded gbm 2.1.8
Loading required package: lattice
Loading required package: ggplot2
Loaded gbm 2.1.8
Loading required package: lattice
Loading required package: ggplot2
Loaded gbm 2.1.8
Loading required package: lattice
Registered S3 methods overwritten by 'ggplot2':
  method         from 
  [.quosures     rlang
  c.quosures     rlang
  print.quosures rlang
Loading required package: ggplot2
Loaded gbm 2.1.8
Loading required package: lattice
Registered S3 methods overwritten by 'ggplot2':
  method         from 
  [.quosures     rlang
  c.quosures     rlang
  print.quosures rlang
Loading required package: ggplot2
Registered S3 methods overwritten by 'ggplot2':
  method         from 
  [.quosures     rlang
  c.quosures     rlang
  print.quosures rlang
Registered S3 methods overwritten by 'ggplot2':
  method         from 
  [.quosures     rlang
  c.quosures     rlang
  print.quosures rlang
Registered S3 methods overwritten by 'ggplot2':
  method         from 
  [.quosures     rlang
  c.quosures     rlang
  print.quosures rlang
Registered S3 methods overwritten by 'ggplot2':
  method         from 
  [.quosures     rlang
  c.quosures     rlang
  print.quosures rlang
Registered S3 methods overwritten by 'ggplot2':
  method         from 
  [.quosures     rlang
  c.quosures     rlang
  print.quosures rlang
Registered S3 methods overwritten by 'ggplot2':
  method         from 
  [.quosures     rlang
  c.quosures     rlang
  print.quosures rlang
Registered S3 methods overwritten by 'ggplot2':
  method         from 
  [.quosures     rlang
  c.quosures     rlang
  print.quosures rlang
Registered S3 methods overwritten by 'ggplot2':
  method         from 
  [.quosures     rlang
  c.quosures     rlang
  print.quosures rlang
Registered S3 method overwritten by 'rvest':
  method            from
  read_xml.response xml2
Registered S3 method overwritten by 'rvest':
  method            from
  read_xml.response xml2
Registered S3 method overwritten by 'rvest':
  method            from
  read_xml.response xml2
Registered S3 method overwritten by 'rvest':
  method            from
  read_xml.response xml2
── Attaching packages ─────────────────────────────────────── tidyverse 1.2.1 ──
── Attaching packages ─────────────────────────────────────── tidyverse 1.2.1 ──
── Attaching packages ─────────────────────────────────────── tidyverse 1.2.1 ──
✔ tibble  3.1.6     ✔ purrr   0.3.2
✔ tidyr   1.1.4     ✔ dplyr   1.0.7
✔ readr   1.3.1     ✔ stringr 1.4.0
✔ tibble  3.1.6     ✔ forcats 0.4.0
Registered S3 method overwritten by 'rvest':
  method            from
  read_xml.response xml2
✔ tibble  3.1.6     ✔ purrr   0.3.2
✔ tidyr   1.1.4     ✔ dplyr   1.0.7
✔ readr   1.3.1     ✔ stringr 1.4.0
✔ tibble  3.1.6     ✔ forcats 0.4.0
✔ tibble  3.1.6     ✔ purrr   0.3.2
✔ tidyr   1.1.4     ✔ dplyr   1.0.7
✔ readr   1.3.1     ✔ stringr 1.4.0
✔ tibble  3.1.6     ✔ forcats 0.4.0
── Attaching packages ─────────────────────────────────────── tidyverse 1.2.1 ──
✔ tibble  3.1.6     ✔ purrr   0.3.2
✔ tidyr   1.1.4     ✔ dplyr   1.0.7
✔ readr   1.3.1     ✔ stringr 1.4.0
✔ tibble  3.1.6     ✔ forcats 0.4.0
Registered S3 method overwritten by 'rvest':
  method            from
  read_xml.response xml2
Registered S3 method overwritten by 'rvest':
  method            from
  read_xml.response xml2
── Attaching packages ─────────────────────────────────────── tidyverse 1.2.1 ──
✔ tibble  3.1.6     ✔ purrr   0.3.2
✔ tidyr   1.1.4     ✔ dplyr   1.0.7
✔ readr   1.3.1     ✔ stringr 1.4.0
✔ tibble  3.1.6     ✔ forcats 0.4.0
Registered S3 method overwritten by 'rvest':
  method            from
  read_xml.response xml2
Registered S3 method overwritten by 'rvest':
  method            from
  read_xml.response xml2
── Attaching packages ─────────────────────────────────────── tidyverse 1.2.1 ──
── Attaching packages ─────────────────────────────────────── tidyverse 1.2.1 ──
✔ tibble  3.1.6     ✔ purrr   0.3.2
✔ tidyr   1.1.4     ✔ dplyr   1.0.7
✔ readr   1.3.1     ✔ stringr 1.4.0
✔ tibble  3.1.6     ✔ forcats 0.4.0
✔ tibble  3.1.6     ✔ purrr   0.3.2
✔ tidyr   1.1.4     ✔ dplyr   1.0.7
✔ readr   1.3.1     ✔ stringr 1.4.0
✔ tibble  3.1.6     ✔ forcats 0.4.0
── Conflicts ────────────────────────────────────────── tidyverse_conflicts() ──
✖ dplyr::filter() masks stats::filter()
✖ dplyr::lag()    masks stats::lag()
✖ purrr::lift()   masks caret::lift()
── Conflicts ────────────────────────────────────────── tidyverse_conflicts() ──
✖ dplyr::filter() masks stats::filter()
✖ dplyr::lag()    masks stats::lag()
✖ purrr::lift()   masks caret::lift()
── Conflicts ────────────────────────────────────────── tidyverse_conflicts() ──
✖ dplyr::filter() masks stats::filter()
✖ dplyr::lag()    masks stats::lag()
✖ purrr::lift()   masks caret::lift()
Loading required package: foreach
── Attaching packages ─────────────────────────────────────── tidyverse 1.2.1 ──

Attaching package: ‘foreach’

The following objects are masked from ‘package:purrr’:

    accumulate, when

Loading required package: foreach
✔ tibble  3.1.6     ✔ purrr   0.3.2
✔ tidyr   1.1.4     ✔ dplyr   1.0.7
✔ readr   1.3.1     ✔ stringr 1.4.0
✔ tibble  3.1.6     ✔ forcats 0.4.0
Loading required package: rngtools
Loading required package: foreach

Attaching package: ‘foreach’

The following objects are masked from ‘package:purrr’:

    accumulate, when

Loading required package: pkgmaker
Loading required package: rngtools

Attaching package: ‘foreach’

The following objects are masked from ‘package:purrr’:

    accumulate, when

── Attaching packages ─────────────────────────────────────── tidyverse 1.2.1 ──
Loading required package: rngtools
Loading required package: registry
Loading required package: pkgmaker
Loading required package: pkgmaker
✔ tibble  3.1.6     ✔ purrr   0.3.2
✔ tidyr   1.1.4     ✔ dplyr   1.0.7
✔ readr   1.3.1     ✔ stringr 1.4.0
✔ tibble  3.1.6     ✔ forcats 0.4.0
Loading required package: registry
── Conflicts ────────────────────────────────────────── tidyverse_conflicts() ──
✖ dplyr::filter() masks stats::filter()
✖ dplyr::lag()    masks stats::lag()
✖ purrr::lift()   masks caret::lift()
Loading required package: registry
Registered S3 method overwritten by 'rvest':
  method            from
  read_xml.response xml2
Loading required package: foreach

Attaching package: ‘foreach’

The following objects are masked from ‘package:purrr’:

    accumulate, when

Loading required package: rngtools
Loading required package: pkgmaker
Loading required package: registry

Attaching package: ‘pkgmaker’

The following object is masked from ‘package:base’:

    isFALSE


Attaching package: ‘pkgmaker’

The following object is masked from ‘package:base’:

    isFALSE


Attaching package: ‘pkgmaker’

The following object is masked from ‘package:base’:

    isFALSE

── Conflicts ────────────────────────────────────────── tidyverse_conflicts() ──
✖ dplyr::filter() masks stats::filter()
✖ dplyr::lag()    masks stats::lag()
✖ purrr::lift()   masks caret::lift()
Loading required package: foreach

Attaching package: ‘foreach’

The following objects are masked from ‘package:purrr’:

    accumulate, when

Loading required package: rngtools

Attaching package: ‘pkgmaker’

The following object is masked from ‘package:base’:

    isFALSE

Loading required package: pkgmaker
── Attaching packages ─────────────────────────────────────── tidyverse 1.2.1 ──
── Conflicts ────────────────────────────────────────── tidyverse_conflicts() ──
✖ dplyr::filter() masks stats::filter()
✖ dplyr::lag()    masks stats::lag()
✖ purrr::lift()   masks caret::lift()
Loading required package: registry
✔ tibble  3.1.6     ✔ purrr   0.3.2
✔ tidyr   1.1.4     ✔ dplyr   1.0.7
✔ readr   1.3.1     ✔ stringr 1.4.0
✔ tibble  3.1.6     ✔ forcats 0.4.0
── Conflicts ────────────────────────────────────────── tidyverse_conflicts() ──
✖ dplyr::filter() masks stats::filter()
✖ dplyr::lag()    masks stats::lag()
✖ purrr::lift()   masks caret::lift()
Loading required package: foreach
Loading required package: foreach

Attaching package: ‘foreach’

The following objects are masked from ‘package:purrr’:

    accumulate, when

Loading required package: rngtools

Attaching package: ‘foreach’

The following objects are masked from ‘package:purrr’:

    accumulate, when

Loading required package: pkgmaker
Loading required package: rngtools
Loading required package: registry
Loading required package: pkgmaker
Loading required package: registry

Attaching package: ‘pkgmaker’

The following object is masked from ‘package:base’:

    isFALSE

── Conflicts ────────────────────────────────────────── tidyverse_conflicts() ──
✖ dplyr::filter() masks stats::filter()
✖ dplyr::lag()    masks stats::lag()
✖ purrr::lift()   masks caret::lift()
Loading required package: foreach

Attaching package: ‘foreach’

The following objects are masked from ‘package:purrr’:

    accumulate, when


Attaching package: ‘pkgmaker’

The following object is masked from ‘package:base’:

    isFALSE

Loading required package: rngtools
── Conflicts ────────────────────────────────────────── tidyverse_conflicts() ──
✖ dplyr::filter() masks stats::filter()
✖ dplyr::lag()    masks stats::lag()
✖ purrr::lift()   masks caret::lift()
Loading required package: pkgmaker

Attaching package: ‘pkgmaker’

The following object is masked from ‘package:base’:

    isFALSE

Loading required package: registry
Loading required package: foreach

Attaching package: ‘foreach’

The following objects are masked from ‘package:purrr’:

    accumulate, when

Loading required package: rngtools
Loading required package: pkgmaker
Loading required package: registry

Attaching package: ‘pkgmaker’

The following object is masked from ‘package:base’:

    isFALSE


Attaching package: ‘pkgmaker’

The following object is masked from ‘package:base’:

    isFALSE

── Conflicts ────────────────────────────────────────── tidyverse_conflicts() ──
✖ dplyr::filter() masks stats::filter()
✖ dplyr::lag()    masks stats::lag()
✖ purrr::lift()   masks caret::lift()
Loading required package: foreach

Attaching package: ‘foreach’

The following objects are masked from ‘package:purrr’:

    accumulate, when

Loading required package: rngtools
Loading required package: pkgmaker
Loading required package: registry

Attaching package: ‘pkgmaker’

The following object is masked from ‘package:base’:

    isFALSE

Pancreatic_Cancer
Pancreatic_Cancer
Pancreatic_Cancer
Pancreatic_Cancer
Pancreatic_Cancer
CV repetition number: 4
CV repetition number: 1
Pancreatic_Cancer
CV repetition number: 3
Pancreatic_Cancer
Pancreatic_Cancer
Pancreatic_Cancer
CV repetition number: 8
CV repetition number: 2
Pancreatic_Cancer
CV repetition number: 5
CV repetition number: 9
CV repetition number: 6
CV repetition number: 7
CV repetition number: 10
CV inner loop, CV rep number: 1
CV inner loop, CV rep number: 4
CV inner loop, CV rep number: 3
CV inner loop, CV rep number: 8
CV inner loop, CV rep number: 2
CV inner loop, CV rep number: 5
CV inner loop, CV rep number: 9
CV inner loop, CV rep number: 6
CV inner loop, CV rep number: 7
CV inner loop, CV rep number: 10
besttune n.trees
50
besttune interaction.depth
1
besttune shrinkage
0.1
besttune n.minobsinnode
10
besttune n.trees
50
besttune interaction.depth
1
besttune shrinkage
0.1
besttune n.minobsinnode
10
besttune n.trees
besttune n.trees
besttune n.trees
100
100
50
besttune interaction.depth
besttune interaction.depth
besttune interaction.depth
3
1
3
besttune shrinkage
besttune shrinkage
besttune shrinkage
0.1
0.1
0.1
besttune n.minobsinnode
besttune n.minobsinnode
besttune n.minobsinnode
10
10
10
besttune n.trees
100
besttune interaction.depth
2
besttune shrinkage
0.1
besttune n.minobsinnode
10
besttune n.trees
50
besttune interaction.depth
3
besttune shrinkage
0.1
besttune n.minobsinnode
10
besttune n.trees
100
besttune interaction.depth
5
besttune shrinkage
0.1
besttune n.minobsinnode
10
besttune n.trees
100
besttune interaction.depth
4
besttune shrinkage
0.1
besttune n.minobsinnode
10
besttune n.trees
150
besttune interaction.depth
5
besttune shrinkage
0.1
besttune n.minobsinnode
10
CV inner loop, CV rep number: 10
CV inner loop, CV rep number: 10
CV inner loop, CV rep number: 10
CV inner loop, CV rep number: 10
CV inner loop, CV rep number: 10
CV inner loop, CV rep number: 10
CV inner loop, CV rep number: 10
CV inner loop, CV rep number: 10
CV inner loop, CV rep number: 10
CV inner loop, CV rep number: 10
besttune n.trees
150
besttune interaction.depth
5
besttune shrinkage
0.1
besttune n.minobsinnode
10
besttune n.trees
200
besttune interaction.depth
1
besttune shrinkage
0.1
besttune n.minobsinnode
10
besttune n.trees
100
besttune interaction.depth
3
besttune shrinkage
0.1
besttune n.minobsinnode
10
besttune n.trees
50
besttune interaction.depth
1
besttune shrinkage
0.1
besttune n.minobsinnode
10
besttune n.trees
50
besttune interaction.depth
5
besttune shrinkage
0.1
besttune n.minobsinnode
10
besttune n.trees
50
besttune interaction.depth
1
besttune shrinkage
0.1
besttune n.minobsinnode
10
besttune n.trees
50
besttune interaction.depth
1
besttune shrinkage
0.1
besttune n.minobsinnode
10
CV inner loop, CV rep number: 10
CV inner loop, CV rep number: 10
CV inner loop, CV rep number: 10
besttune n.trees
50
besttune interaction.depth
2
besttune shrinkage
0.1
besttune n.minobsinnode
10
CV inner loop, CV rep number: 10
besttune n.trees
200
besttune interaction.depth
1
besttune shrinkage
0.1
besttune n.minobsinnode
10
CV inner loop, CV rep number: 10
CV inner loop, CV rep number: 10
CV inner loop, CV rep number: 10
besttune n.trees
150
besttune interaction.depth
1
besttune shrinkage
0.1
besttune n.minobsinnode
10
CV inner loop, CV rep number: 10
CV inner loop, CV rep number: 10
CV inner loop, CV rep number: 10
besttune n.trees
200
besttune interaction.depth
1
besttune shrinkage
0.1
besttune n.minobsinnode
10
besttune n.trees
50
besttune interaction.depth
2
besttune shrinkage
0.1
besttune n.minobsinnode
10
besttune n.trees
50
besttune interaction.depth
4
besttune shrinkage
0.1
besttune n.minobsinnode
10
besttune n.trees
100
besttune interaction.depth
2
besttune shrinkage
0.1
besttune n.minobsinnode
10
besttune n.trees
200
besttune interaction.depth
3
besttune shrinkage
0.1
besttune n.minobsinnode
10
besttune n.trees
100
besttune interaction.depth
5
besttune shrinkage
0.1
besttune n.minobsinnode
10
CV inner loop, CV rep number: 10
besttune n.trees
50
besttune interaction.depth
2
besttune shrinkage
0.1
besttune n.minobsinnode
10
CV inner loop, CV rep number: 10
CV inner loop, CV rep number: 10
CV inner loop, CV rep number: 10
besttune n.trees
250
besttune interaction.depth
3
besttune shrinkage
0.1
besttune n.minobsinnode
10
CV inner loop, CV rep number: 10
besttune n.trees
100
besttune interaction.depth
5
besttune shrinkage
0.1
besttune n.minobsinnode
10
besttune n.trees
50
besttune interaction.depth
1
besttune shrinkage
0.1
besttune n.minobsinnode
10
CV inner loop, CV rep number: 10
CV inner loop, CV rep number: 10
CV inner loop, CV rep number: 10
CV inner loop, CV rep number: 10
CV inner loop, CV rep number: 10
besttune n.trees
250
besttune interaction.depth
3
besttune shrinkage
0.1
besttune n.minobsinnode
10
besttune n.trees
200
besttune interaction.depth
2
besttune shrinkage
0.1
besttune n.minobsinnode
10
besttune n.trees
100
besttune interaction.depth
2
besttune shrinkage
0.1
besttune n.minobsinnode
10
besttune n.trees
150
besttune interaction.depth
3
besttune shrinkage
0.1
besttune n.minobsinnode
10
besttune n.trees
50
besttune interaction.depth
5
besttune shrinkage
0.1
besttune n.minobsinnode
10
CV inner loop, CV rep number: 10
besttune n.trees
50
besttune interaction.depth
3
besttune shrinkage
0.1
besttune n.minobsinnode
10
besttune n.trees
100
besttune interaction.depth
2
besttune shrinkage
0.1
besttune n.minobsinnode
10
CV inner loop, CV rep number: 10
CV inner loop, CV rep number: 10
besttune n.trees
50
besttune interaction.depth
3
besttune shrinkage
0.1
besttune n.minobsinnode
10
CV inner loop, CV rep number: 10
CV inner loop, CV rep number: 10
besttune n.trees
100
besttune interaction.depth
4
besttune shrinkage
0.1
besttune n.minobsinnode
10
CV inner loop, CV rep number: 10
CV inner loop, CV rep number: 10
CV inner loop, CV rep number: 10
besttune n.trees
250
besttune interaction.depth
4
besttune shrinkage
0.1
besttune n.minobsinnode
10
CV inner loop, CV rep number: 10
besttune n.trees
150
besttune interaction.depth
1
besttune shrinkage
0.1
besttune n.minobsinnode
10
besttune n.trees
50
besttune interaction.depth
1
besttune shrinkage
0.1
besttune n.minobsinnode
10
besttune n.trees
200
besttune interaction.depth
2
besttune shrinkage
0.1
besttune n.minobsinnode
10
CV inner loop, CV rep number: 10
CV inner loop, CV rep number: 10
besttune n.trees
100
besttune interaction.depth
3
besttune shrinkage
0.1
besttune n.minobsinnode
10
CV inner loop, CV rep number: 10
besttune n.trees
50
besttune interaction.depth
4
besttune shrinkage
0.1
besttune n.minobsinnode
10
besttune n.trees
50
besttune interaction.depth
1
besttune shrinkage
0.1
besttune n.minobsinnode
10
besttune n.trees
50
besttune interaction.depth
4
besttune shrinkage
0.1
besttune n.minobsinnode
10
besttune n.trees
50
besttune interaction.depth
4
besttune shrinkage
0.1
besttune n.minobsinnode
10
CV inner loop, CV rep number: 10
CV inner loop, CV rep number: 10
CV inner loop, CV rep number: 10
CV inner loop, CV rep number: 10
CV inner loop, CV rep number: 10
CV inner loop, CV rep number: 10
besttune n.trees
50
besttune interaction.depth
4
besttune shrinkage
0.1
besttune n.minobsinnode
10
CV inner loop, CV rep number: 10
besttune n.trees
50
besttune interaction.depth
3
besttune shrinkage
0.1
besttune n.minobsinnode
10
besttune n.trees
50
besttune interaction.depth
3
besttune shrinkage
0.1
besttune n.minobsinnode
10
besttune n.trees
50
besttune interaction.depth
5
besttune shrinkage
0.1
besttune n.minobsinnode
10
CV inner loop, CV rep number: 10
CV inner loop, CV rep number: 10
besttune n.trees
50
besttune interaction.depth
2
besttune shrinkage
0.1
besttune n.minobsinnode
10
besttune n.trees
50
besttune interaction.depth
2
besttune shrinkage
0.1
besttune n.minobsinnode
10
besttune n.trees
100
besttune interaction.depth
1
besttune shrinkage
0.1
besttune n.minobsinnode
10
CV inner loop, CV rep number: 10
besttune n.trees
50
besttune interaction.depth
1
besttune shrinkage
0.1
besttune n.minobsinnode
10
besttune n.trees
100
besttune interaction.depth
5
besttune shrinkage
0.1
besttune n.minobsinnode
10
besttune n.trees
100
besttune interaction.depth
4
besttune shrinkage
0.1
besttune n.minobsinnode
10
CV inner loop, CV rep number: 10
CV inner loop, CV rep number: 10
CV inner loop, CV rep number: 10
CV inner loop, CV rep number: 10
besttune n.trees
50
besttune interaction.depth
1
besttune shrinkage
0.1
besttune n.minobsinnode
10
CV inner loop, CV rep number: 10
CV inner loop, CV rep number: 10
CV inner loop, CV rep number: 10
besttune n.trees
50
besttune interaction.depth
3
besttune shrinkage
0.1
besttune n.minobsinnode
10
besttune n.trees
50
besttune interaction.depth
1
besttune shrinkage
0.1
besttune n.minobsinnode
10
besttune n.trees
100
besttune interaction.depth
1
besttune shrinkage
0.1
besttune n.minobsinnode
10
CV inner loop, CV rep number: 10
CV inner loop, CV rep number: 10
besttune n.trees
100
besttune interaction.depth
2
besttune shrinkage
0.1
besttune n.minobsinnode
10
besttune n.trees
100
besttune interaction.depth
4
besttune shrinkage
0.1
besttune n.minobsinnode
10
besttune n.trees
150
besttune interaction.depth
1
besttune shrinkage
0.1
besttune n.minobsinnode
10
CV inner loop, CV rep number: 10
besttune n.trees
250
besttune interaction.depth
5
besttune shrinkage
0.1
besttune n.minobsinnode
10
CV inner loop, CV rep number: 10
CV inner loop, CV rep number: 10
besttune n.trees
100
besttune interaction.depth
2
besttune shrinkage
0.1
besttune n.minobsinnode
10
besttune n.trees
50
besttune interaction.depth
4
besttune shrinkage
0.1
besttune n.minobsinnode
10
besttune n.trees
50
besttune interaction.depth
3
besttune shrinkage
0.1
besttune n.minobsinnode
10
CV inner loop, CV rep number: 10
CV inner loop, CV rep number: 10
CV inner loop, CV rep number: 10
CV inner loop, CV rep number: 10
besttune n.trees
50
besttune interaction.depth
3
besttune shrinkage
0.1
besttune n.minobsinnode
10
besttune n.trees
100
besttune interaction.depth
5
besttune shrinkage
0.1
besttune n.minobsinnode
10
CV inner loop, CV rep number: 10
besttune n.trees
100
besttune interaction.depth
4
besttune shrinkage
0.1
besttune n.minobsinnode
10
CV inner loop, CV rep number: 10
besttune n.trees
150
besttune interaction.depth
2
besttune shrinkage
0.1
besttune n.minobsinnode
10
besttune n.trees
50
besttune interaction.depth
1
besttune shrinkage
0.1
besttune n.minobsinnode
10
CV inner loop, CV rep number: 10
CV inner loop, CV rep number: 10
besttune n.trees
100
besttune interaction.depth
1
besttune shrinkage
0.1
besttune n.minobsinnode
10
CV inner loop, CV rep number: 10
CV inner loop, CV rep number: 10
besttune n.trees
50
besttune interaction.depth
1
besttune shrinkage
0.1
besttune n.minobsinnode
10
CV inner loop, CV rep number: 10
besttune n.trees
50
besttune interaction.depth
5
besttune shrinkage
0.1
besttune n.minobsinnode
10
besttune n.trees
50
besttune interaction.depth
2
besttune shrinkage
0.1
besttune n.minobsinnode
10
CV inner loop, CV rep number: 10
CV inner loop, CV rep number: 10
CV inner loop, CV rep number: 10
besttune n.trees
50
besttune interaction.depth
3
besttune shrinkage
0.1
besttune n.minobsinnode
10
besttune n.trees
100
besttune interaction.depth
2
besttune shrinkage
0.1
besttune n.minobsinnode
10
CV inner loop, CV rep number: 10
CV inner loop, CV rep number: 10
besttune n.trees
50
besttune interaction.depth
4
besttune shrinkage
0.1
besttune n.minobsinnode
10
besttune n.trees
150
besttune interaction.depth
3
besttune shrinkage
0.1
besttune n.minobsinnode
10
besttune n.trees
100
besttune interaction.depth
2
besttune shrinkage
0.1
besttune n.minobsinnode
10
besttune n.trees
250
besttune interaction.depth
5
besttune shrinkage
0.1
besttune n.minobsinnode
10
CV inner loop, CV rep number: 10
besttune n.trees
150
besttune interaction.depth
5
besttune shrinkage
0.1
besttune n.minobsinnode
10
CV inner loop, CV rep number: 10
besttune n.trees
50
besttune interaction.depth
4
besttune shrinkage
0.1
besttune n.minobsinnode
10
besttune n.trees
50
besttune interaction.depth
4
besttune shrinkage
0.1
besttune n.minobsinnode
10
CV inner loop, CV rep number: 10
besttune n.trees
50
besttune interaction.depth
3
besttune shrinkage
0.1
besttune n.minobsinnode
10
CV inner loop, CV rep number: 10
CV inner loop, CV rep number: 10
CV inner loop, CV rep number: 10
CV inner loop, CV rep number: 10
besttune n.trees
150
besttune interaction.depth
3
besttune shrinkage
0.1
besttune n.minobsinnode
10
besttune n.trees
50
besttune interaction.depth
4
besttune shrinkage
0.1
besttune n.minobsinnode
10
CV inner loop, CV rep number: 10
CV inner loop, CV rep number: 10
besttune n.trees
100
besttune interaction.depth
5
besttune shrinkage
0.1
besttune n.minobsinnode
10
besttune n.trees
250
besttune interaction.depth
3
besttune shrinkage
0.1
besttune n.minobsinnode
10
besttune n.trees
100
besttune interaction.depth
1
besttune shrinkage
0.1
besttune n.minobsinnode
10
besttune n.trees
100
besttune interaction.depth
3
besttune shrinkage
0.1
besttune n.minobsinnode
10
CV inner loop, CV rep number: 10
besttune n.trees
50
besttune interaction.depth
4
besttune shrinkage
0.1
besttune n.minobsinnode
10
besttune n.trees
50
besttune interaction.depth
1
besttune shrinkage
0.1
besttune n.minobsinnode
10
besttune n.trees
50
besttune interaction.depth
3
besttune shrinkage
0.1
besttune n.minobsinnode
10
besttune n.trees
50
besttune interaction.depth
2
besttune shrinkage
0.1
besttune n.minobsinnode
10
besttune n.trees
50
besttune interaction.depth
1
besttune shrinkage
0.1
besttune n.minobsinnode
10
besttune n.trees
200
besttune interaction.depth
2
besttune shrinkage
0.1
besttune n.minobsinnode
10
Warning message:
Warning message:
Warning message:
Warning message:
Warning message:
Warning message:
package ‘gbm’ was built under R version 3.6.3 
Warning message:
package ‘gbm’ was built under R version 3.6.3 
Warning message:
[1]package ‘gbm’ was built under R version 3.6.3 
 "Results: "
package ‘gbm’ was built under R version 3.6.3 
package ‘gbm’ was built under R version 3.6.3 
package ‘gbm’ was built under R version 3.6.3 
package ‘gbm’ was built under R version 3.6.3 
Warning message:
package ‘gbm’ was built under R version 3.6.3 
package ‘gbm’ was built under R version 3.6.3 
Warning message:
package ‘gbm’ was built under R version 3.6.3 
  observed CV_rep Pancreatic_Cancer_pred
1    Other      1           0.0549759804
2    Other      1           0.0144534561
3    Other      1           0.8281572165
4    Other      1           0.0044958977
5    Other      1           0.0003241465
6    Other      1           0.0015351001
[Tue Nov 30 15:15:12 2021]
Finished job 0.
1 of 1 steps (100%) done
