Building DAG of jobs...
Using shell: /usr/bin/bash
Provided cores: 10
Rules claiming more threads will be scaled down.
Select jobs to execute...

[Tue Nov 30 10:25:05 2021]
rule methylation_binomial_classification:
    input: data/Methylation_predictions_train_20_predict_80/Full_data_Methylation_pred_lasso_formatted_standardized.rds, data/sample_types.txt
    output: Classification_output/Methylation/Binomial_models_output/Lasso_Predictions_Full_data_Breast_Cancer.rds
    jobid: 0
    wildcards: model_binomial=Lasso, class_type=Breast_Cancer
    threads: 10
    resources: mem_mb=200000, disk_mb=1000, tmpdir=/scratch/57589792, time=20:00:00

Rscript --vanilla /faststorage/project/DELFI1/Workspaces/CarmenAndAnika/.snakemake/scripts/tmpvpq8lcqa.Lasso.R
Activating conda environment: /faststorage/project/DELFI1/Workspaces/CarmenAndAnika/.snakemake/conda/411837606499b7823565885a8a388b12
Registered S3 methods overwritten by 'ggplot2':
  method         from 
  [.quosures     rlang
  c.quosures     rlang
  print.quosures rlang
Registered S3 method overwritten by 'rvest':
  method            from
  read_xml.response xml2
── Attaching packages ─────────────────────────────────────── tidyverse 1.2.1 ──
✔ ggplot2 3.1.1     ✔ purrr   0.3.2
✔ tibble  3.1.6     ✔ dplyr   1.0.7
✔ tidyr   1.1.4     ✔ stringr 1.4.0
✔ readr   1.3.1     ✔ forcats 0.4.0
── Conflicts ────────────────────────────────────────── tidyverse_conflicts() ──
✖ dplyr::filter() masks stats::filter()
✖ dplyr::lag()    masks stats::lag()
Type 'citation("pROC")' for a citation.

Attaching package: ‘pROC’

The following objects are masked from ‘package:stats’:

    cov, smooth, var

Loading required package: Matrix

Attaching package: ‘Matrix’

The following objects are masked from ‘package:tidyr’:

    expand, pack, unpack

Loading required package: foreach

Attaching package: ‘foreach’

The following objects are masked from ‘package:purrr’:

    accumulate, when

Loaded glmnet 2.0-16


Attaching package: ‘glmnet’

The following object is masked from ‘package:pROC’:

    auc


Attaching package: ‘glmnetUtils’

The following objects are masked from ‘package:glmnet’:

    cv.glmnet, glmnet

Warning: unable to access index for repository http://cran.us.r-project.org/src/contrib/splitTools_0.3.1.tar.gz/src/contrib:
  cannot open URL 'http://cran.us.r-project.org/src/contrib/splitTools_0.3.1.tar.gz/src/contrib/PACKAGES'
Warning message:
package ‘splitTools’ is not available (for R version 3.6.1) 
Warning message:
package ‘multiROC’ was built under R version 3.6.3 
dummies-1.5.6 provided by Decision Patterns

Warning message:
package ‘dummies’ was built under R version 3.6.3 
Loading required package: gplots

Attaching package: ‘gplots’

The following object is masked from ‘package:stats’:

    lowess

Loading required package: iterators
Loading required package: parallel
Loading required package: rngtools
Loading required package: pkgmaker
Loading required package: registry

Attaching package: ‘pkgmaker’

The following object is masked from ‘package:base’:

    isFALSE

Gastric_cancerOvarian_CancerLung_CancerBile_Duct_CancerPancreatic_CancerDuodenal_CancerBreast_CancerColorectal_Cancer
[1] "Sample_type levels"
[1] "Cancer" "Other" 
starting worker pid=23238 on localhost:11008 at 10:25:24.751
starting worker pid=23263 on localhost:11008 at 10:25:25.073
starting worker pid=23285 on localhost:11008 at 10:25:25.392
starting worker pid=23307 on localhost:11008 at 10:25:25.707
starting worker pid=23329 on localhost:11008 at 10:25:26.216
starting worker pid=23352 on localhost:11008 at 10:25:26.534
starting worker pid=23374 on localhost:11008 at 10:25:26.851
starting worker pid=23396 on localhost:11008 at 10:25:27.167
starting worker pid=23418 on localhost:11008 at 10:25:27.484
starting worker pid=23440 on localhost:11008 at 10:25:27.810
Registered S3 methods overwritten by 'ggplot2':
  method         from 
  [.quosures     rlang
  c.quosures     rlang
  print.quosures rlang
Registered S3 methods overwritten by 'ggplot2':
  method         from 
  [.quosures     rlang
  c.quosures     rlang
  print.quosures rlang
Registered S3 methods overwritten by 'ggplot2':
  method         from 
  [.quosures     rlang
  c.quosures     rlang
  print.quosures rlang
Registered S3 methods overwritten by 'ggplot2':
  method         from 
  [.quosures     rlang
  c.quosures     rlang
  print.quosures rlang
Registered S3 method overwritten by 'rvest':
  method            from
  read_xml.response xml2
Registered S3 methods overwritten by 'ggplot2':
  method         from 
  [.quosures     rlang
  c.quosures     rlang
  print.quosures rlang
Registered S3 method overwritten by 'rvest':
  method            from
  read_xml.response xml2
── Attaching packages ─────────────────────────────────────── tidyverse 1.2.1 ──
✔ ggplot2 3.1.1     ✔ purrr   0.3.2
✔ tibble  3.1.6     ✔ dplyr   1.0.7
✔ tidyr   1.1.4     ✔ stringr 1.4.0
✔ readr   1.3.1     ✔ forcats 0.4.0
── Attaching packages ─────────────────────────────────────── tidyverse 1.2.1 ──
✔ ggplot2 3.1.1     ✔ purrr   0.3.2
✔ tibble  3.1.6     ✔ dplyr   1.0.7
✔ tidyr   1.1.4     ✔ stringr 1.4.0
✔ readr   1.3.1     ✔ forcats 0.4.0
Registered S3 methods overwritten by 'ggplot2':
  method         from 
  [.quosures     rlang
  c.quosures     rlang
  print.quosures rlang
── Conflicts ────────────────────────────────────────── tidyverse_conflicts() ──
✖ dplyr::filter() masks stats::filter()
✖ dplyr::lag()    masks stats::lag()
Registered S3 method overwritten by 'rvest':
  method            from
  read_xml.response xml2
Loading required package: foreach

Attaching package: ‘foreach’

The following objects are masked from ‘package:purrr’:

    accumulate, when

Loading required package: rngtools
Registered S3 methods overwritten by 'ggplot2':
  method         from 
  [.quosures     rlang
  c.quosures     rlang
  print.quosures rlang
Loading required package: pkgmaker
── Conflicts ────────────────────────────────────────── tidyverse_conflicts() ──
✖ dplyr::filter() masks stats::filter()
✖ dplyr::lag()    masks stats::lag()
── Attaching packages ─────────────────────────────────────── tidyverse 1.2.1 ──
Loading required package: registry
Loading required package: foreach

Attaching package: ‘foreach’

The following objects are masked from ‘package:purrr’:

    accumulate, when

Loading required package: rngtools
Loading required package: pkgmaker
✔ ggplot2 3.1.1     ✔ purrr   0.3.2
✔ tibble  3.1.6     ✔ dplyr   1.0.7
✔ tidyr   1.1.4     ✔ stringr 1.4.0
✔ readr   1.3.1     ✔ forcats 0.4.0
Loading required package: registry
Registered S3 methods overwritten by 'ggplot2':
  method         from 
  [.quosures     rlang
  c.quosures     rlang
  print.quosures rlang
Registered S3 method overwritten by 'rvest':
  method            from
  read_xml.response xml2
── Attaching packages ─────────────────────────────────────── tidyverse 1.2.1 ──

Attaching package: ‘pkgmaker’

The following object is masked from ‘package:base’:

    isFALSE

✔ ggplot2 3.1.1     ✔ purrr   0.3.2
✔ tibble  3.1.6     ✔ dplyr   1.0.7
✔ tidyr   1.1.4     ✔ stringr 1.4.0
✔ readr   1.3.1     ✔ forcats 0.4.0
Registered S3 method overwritten by 'rvest':
  method            from
  read_xml.response xml2
Registered S3 methods overwritten by 'ggplot2':
  method         from 
  [.quosures     rlang
  c.quosures     rlang
  print.quosures rlang
── Conflicts ────────────────────────────────────────── tidyverse_conflicts() ──
✖ dplyr::filter() masks stats::filter()
✖ dplyr::lag()    masks stats::lag()

Attaching package: ‘pkgmaker’

The following object is masked from ‘package:base’:

    isFALSE

Loading required package: foreach

Attaching package: ‘foreach’

The following objects are masked from ‘package:purrr’:

    accumulate, when

Loading required package: rngtools
Loading required package: pkgmaker
Registered S3 methods overwritten by 'ggplot2':
  method         from 
  [.quosures     rlang
  c.quosures     rlang
  print.quosures rlang
── Attaching packages ─────────────────────────────────────── tidyverse 1.2.1 ──
Loading required package: registry
✔ ggplot2 3.1.1     ✔ purrr   0.3.2
✔ tibble  3.1.6     ✔ dplyr   1.0.7
✔ tidyr   1.1.4     ✔ stringr 1.4.0
✔ readr   1.3.1     ✔ forcats 0.4.0
Registered S3 method overwritten by 'rvest':
  method            from
  read_xml.response xml2
── Conflicts ────────────────────────────────────────── tidyverse_conflicts() ──
✖ dplyr::filter() masks stats::filter()
✖ dplyr::lag()    masks stats::lag()
Loading required package: foreach

Attaching package: ‘foreach’

The following objects are masked from ‘package:purrr’:

    accumulate, when

Loading required package: rngtools
Loading required package: pkgmaker
── Attaching packages ─────────────────────────────────────── tidyverse 1.2.1 ──
Loading required package: registry
✔ ggplot2 3.1.1     ✔ purrr   0.3.2
✔ tibble  3.1.6     ✔ dplyr   1.0.7
✔ tidyr   1.1.4     ✔ stringr 1.4.0
✔ readr   1.3.1     ✔ forcats 0.4.0

Attaching package: ‘pkgmaker’

The following object is masked from ‘package:base’:

    isFALSE

── Conflicts ────────────────────────────────────────── tidyverse_conflicts() ──
✖ dplyr::filter() masks stats::filter()
✖ dplyr::lag()    masks stats::lag()
Registered S3 method overwritten by 'rvest':
  method            from
  read_xml.response xml2
Loading required package: foreach

Attaching package: ‘foreach’

The following objects are masked from ‘package:purrr’:

    accumulate, when

Loading required package: rngtools
Loading required package: pkgmaker
Loading required package: registry
── Attaching packages ─────────────────────────────────────── tidyverse 1.2.1 ──

Attaching package: ‘pkgmaker’

The following object is masked from ‘package:base’:

    isFALSE

✔ ggplot2 3.1.1     ✔ purrr   0.3.2
✔ tibble  3.1.6     ✔ dplyr   1.0.7
✔ tidyr   1.1.4     ✔ stringr 1.4.0
✔ readr   1.3.1     ✔ forcats 0.4.0
Registered S3 method overwritten by 'rvest':
  method            from
  read_xml.response xml2
── Conflicts ────────────────────────────────────────── tidyverse_conflicts() ──
✖ dplyr::filter() masks stats::filter()
✖ dplyr::lag()    masks stats::lag()
Loading required package: foreach

Attaching package: ‘foreach’

The following objects are masked from ‘package:purrr’:

    accumulate, when

Loading required package: rngtools
Loading required package: pkgmaker
Loading required package: registry
── Attaching packages ─────────────────────────────────────── tidyverse 1.2.1 ──

Attaching package: ‘pkgmaker’

The following object is masked from ‘package:base’:

    isFALSE

Registered S3 method overwritten by 'rvest':
  method            from
  read_xml.response xml2
✔ ggplot2 3.1.1     ✔ purrr   0.3.2
✔ tibble  3.1.6     ✔ dplyr   1.0.7
✔ tidyr   1.1.4     ✔ stringr 1.4.0
✔ readr   1.3.1     ✔ forcats 0.4.0
── Conflicts ────────────────────────────────────────── tidyverse_conflicts() ──
✖ dplyr::filter() masks stats::filter()
✖ dplyr::lag()    masks stats::lag()
Loading required package: foreach
Registered S3 method overwritten by 'rvest':
  method            from
  read_xml.response xml2

Attaching package: ‘foreach’

The following objects are masked from ‘package:purrr’:

    accumulate, when

Loading required package: rngtools
Loading required package: pkgmaker
── Attaching packages ─────────────────────────────────────── tidyverse 1.2.1 ──
Loading required package: registry

Attaching package: ‘pkgmaker’

The following object is masked from ‘package:base’:

    isFALSE

✔ ggplot2 3.1.1     ✔ purrr   0.3.2
✔ tibble  3.1.6     ✔ dplyr   1.0.7
✔ tidyr   1.1.4     ✔ stringr 1.4.0
✔ readr   1.3.1     ✔ forcats 0.4.0
── Conflicts ────────────────────────────────────────── tidyverse_conflicts() ──
✖ dplyr::filter() masks stats::filter()
✖ dplyr::lag()    masks stats::lag()
── Attaching packages ─────────────────────────────────────── tidyverse 1.2.1 ──
Loading required package: foreach

Attaching package: ‘foreach’

The following objects are masked from ‘package:purrr’:

    accumulate, when

✔ ggplot2 3.1.1     ✔ purrr   0.3.2
✔ tibble  3.1.6     ✔ dplyr   1.0.7
✔ tidyr   1.1.4     ✔ stringr 1.4.0
✔ readr   1.3.1     ✔ forcats 0.4.0
Loading required package: rngtools
Loading required package: pkgmaker
Loading required package: registry

Attaching package: ‘pkgmaker’

The following object is masked from ‘package:base’:

    isFALSE

── Conflicts ────────────────────────────────────────── tidyverse_conflicts() ──
✖ dplyr::filter() masks stats::filter()
✖ dplyr::lag()    masks stats::lag()
Loading required package: foreach

Attaching package: ‘foreach’

The following objects are masked from ‘package:purrr’:

    accumulate, when

Loading required package: rngtools
Loading required package: pkgmaker
Loading required package: registry
── Conflicts ────────────────────────────────────────── tidyverse_conflicts() ──
✖ dplyr::filter() masks stats::filter()
✖ dplyr::lag()    masks stats::lag()

Attaching package: ‘pkgmaker’

The following object is masked from ‘package:base’:

    isFALSE

Loading required package: foreach

Attaching package: ‘foreach’

The following objects are masked from ‘package:purrr’:

    accumulate, when

Loading required package: rngtools
Loading required package: pkgmaker
Loading required package: registry

Attaching package: ‘pkgmaker’

The following object is masked from ‘package:base’:

    isFALSE


Attaching package: ‘pkgmaker’

The following object is masked from ‘package:base’:

    isFALSE

Breast_Cancer
Breast_Cancer
Breast_Cancer
Breast_Cancer
CV repetition number: 1
Breast_Cancer
Breast_Cancer
Breast_Cancer
Breast_Cancer
Breast_Cancer
Breast_Cancer
CV repetition number: 3
CV repetition number: 2
CV repetition number: 4
CV repetition number: 5
CV repetition number: 6
CV repetition number: 7
CV repetition number: 8
CV repetition number: 9
CV repetition number: 10
CV inner loop, CV rep number: 1
CV inner loop, CV rep number: 3
CV inner loop, CV rep number: 5
CV inner loop, CV rep number: 4
CV inner loop, CV rep number: 2
CV inner loop, CV rep number: 6
CV inner loop, CV rep number: 7
CV inner loop, CV rep number: 8
CV inner loop, CV rep number: 9
CV inner loop, CV rep number: 10
best_alpha
0
best_lambda
4.62015482532765
CV inner loop, CV rep number: 3
best_alpha
0
best_lambda
3.0749222202506
CV inner loop, CV rep number: 9
best_alpha
0
best_lambda
5.06663206921917
CV inner loop, CV rep number: 1
best_alpha
0
best_lambda
3.00700601784301
CV inner loop, CV rep number: 7
best_alpha
0
best_lambda
3.97033836508952
CV inner loop, CV rep number: 2
best_alpha
0
best_lambda
3.48323086480151
CV inner loop, CV rep number: 8
best_alpha
0
best_lambda
4.58113697383604
CV inner loop, CV rep number: 4
best_alpha
0
best_lambda
3.67488984686725
best_alpha
0
best_lambda
3.50109708435794
CV inner loop, CV rep number: 6
CV inner loop, CV rep number: 5
best_alpha
0
best_lambda
4.70926819664296
CV inner loop, CV rep number: 10
best_alpha
0.001
best_lambda
2.36240320018852
CV inner loop, CV rep number: 3
best_alpha
0
best_lambda
3.85352348306796
CV inner loop, CV rep number: 8
best_alpha
0
best_lambda
4.68330051395701
CV inner loop, CV rep number: 9
best_alpha
0
best_lambda
3.70520432549558
CV inner loop, CV rep number: 5
best_alpha
0
best_lambda
4.12910821535487
CV inner loop, CV rep number: 4
best_alpha
0
best_lambda
3.53259891217857
CV inner loop, CV rep number: 1
best_alpha
0
best_lambda
3.98179192850317
CV inner loop, CV rep number: 2
best_alpha
0
best_lambda
3.84629885933523
CV inner loop, CV rep number: 7
best_alpha
0
best_lambda
4.46570765285641
CV inner loop, CV rep number: 6
best_alpha
0
best_lambda
3.18421819238077
CV inner loop, CV rep number: 10
best_alpha
0
best_lambda
4.67121470322844
CV inner loop, CV rep number: 3
best_alpha
0
best_lambda
3.59086324907034
CV inner loop, CV rep number: 4
best_alpha
0
best_lambda
4.1776565290643
CV inner loop, CV rep number: 5
best_alpha
0
best_lambda
4.28923056920276
best_alpha
0
best_lambda
3.92280244539894
best_alpha
0
best_lambda
5.33967188472971
CV inner loop, CV rep number: 8
CV inner loop, CV rep number: 9
CV inner loop, CV rep number: 1
best_alpha
0
best_lambda
3.30069204729843
CV inner loop, CV rep number: 7
best_alpha
0
best_lambda
3.64809900260281
CV inner loop, CV rep number: 6
best_alpha
0.001
best_lambda
3.29319482972356
CV inner loop, CV rep number: 2
best_alpha
0
best_lambda
2.73278609330762
CV inner loop, CV rep number: 10
best_alpha
0
best_lambda
2.75298208276572
CV inner loop, CV rep number: 3
best_alpha
0.001
best_lambda
2.78408392169372
CV inner loop, CV rep number: 9
best_alpha
0
best_lambda
3.83068180342657
best_alpha
0
best_lambda
3.32310173521512
CV inner loop, CV rep number: 1
CV inner loop, CV rep number: 4
best_alpha
0
best_lambda
3.46325413893052
CV inner loop, CV rep number: 5
best_alpha
0
best_lambda
4.22089547831339
CV inner loop, CV rep number: 8
best_alpha
0
best_lambda
4.44117116806766
CV inner loop, CV rep number: 6
best_alpha
0.001
best_lambda
2.35412985793163
CV inner loop, CV rep number: 7
best_alpha
0
best_lambda
3.57910817091905
CV inner loop, CV rep number: 2
best_alpha
0
best_lambda
3.34941554700002
CV inner loop, CV rep number: 10
best_alpha
0
best_lambda
3.78898601156232
CV inner loop, CV rep number: 3
best_alpha
0
best_lambda
3.63304640419096
CV inner loop, CV rep number: 5
best_alpha
0
best_lambda
4.38359180311836
CV inner loop, CV rep number: 4
best_alpha
0
best_lambda
3.39590915036803
CV inner loop, CV rep number: 9
best_alpha
0
best_lambda
4.98883039722943
CV inner loop, CV rep number: 1
best_alpha
0.001
best_lambda
2.31771099449362
CV inner loop, CV rep number: 8
best_alpha
0
best_lambda
5.20001862178515
CV inner loop, CV rep number: 6
best_alpha
0.001
best_lambda
2.3131095713171
CV inner loop, CV rep number: 7
best_alpha
0
best_lambda
4.1321191222161
CV inner loop, CV rep number: 2
best_alpha
0
best_lambda
4.95982572243106
CV inner loop, CV rep number: 10
best_alpha
0.001
best_lambda
2.83315021060117
CV inner loop, CV rep number: 3
best_alpha
0
best_lambda
3.63248258344106
CV inner loop, CV rep number: 5
best_alpha
best_alpha
best_alpha
0
0
0
best_lambda
best_lambda
best_lambda
3.4450429062992
4.48942964599707
4.06891617227606
CV inner loop, CV rep number: 1
CV inner loop, CV rep number: 4
CV inner loop, CV rep number: 9
best_alpha
0
best_lambda
3.77507620831791
CV inner loop, CV rep number: 8
best_alpha
0.001
best_lambda
2.78655703730956
CV inner loop, CV rep number: 6
best_alpha
1
best_lambda
0.0326178925311663
CV inner loop, CV rep number: 2
best_alpha
0
best_lambda
3.9849235901186
CV inner loop, CV rep number: 7
best_alpha
0.001
best_lambda
2.55748919196701
CV inner loop, CV rep number: 10
best_alpha
0
best_lambda
4.68534620337904
CV inner loop, CV rep number: 3
best_alpha
0
best_lambda
3.78551769294956
CV inner loop, CV rep number: 4
best_alpha
0
best_lambda
4.00239698607081
CV inner loop, CV rep number: 5
best_alpha
0
best_lambda
2.69804985220038
CV inner loop, CV rep number: 1
best_alpha
0
best_lambda
3.86515577448557
CV inner loop, CV rep number: 9
best_alpha
0.001
best_lambda
2.71638479202999
CV inner loop, CV rep number: 8
best_alpha
0
best_lambda
4.22469700462267
CV inner loop, CV rep number: 10
best_alpha
0
best_lambda
3.56094992584225
CV inner loop, CV rep number: 6
best_alpha
0.001
best_lambda
2.14207239214187
CV inner loop, CV rep number: 2
best_alpha
0
best_lambda
4.43704330146779
CV inner loop, CV rep number: 7
best_alpha
0
best_lambda
3.72462099827603
CV inner loop, CV rep number: 3
best_alpha
best_alpha
0
0
best_lambda
best_lambda
3.8310814726218
4.00992379378447
CV inner loop, CV rep number: 4
CV inner loop, CV rep number: 5
best_alpha
0.001
best_lambda
2.36146522890882
CV inner loop, CV rep number: 1
best_alpha
0
best_lambda
4.50302581809036
CV inner loop, CV rep number: 9
best_alpha
0
best_lambda
4.62137529210039
CV inner loop, CV rep number: 8
best_alpha
0
best_lambda
3.41829778026959
CV inner loop, CV rep number: 10
best_alpha
0.001
best_lambda
2.34132109339624
CV inner loop, CV rep number: 6
best_alpha
0
best_lambda
3.37741046257727
CV inner loop, CV rep number: 2
best_alpha
0
best_lambda
3.73148972373049
CV inner loop, CV rep number: 7
best_alpha
0.001
best_lambda
2.31889632252713
CV inner loop, CV rep number: 3
best_alpha
best_alpha
0
0
best_lambda
best_lambda
3.80208526422188
3.64877465000476
CV inner loop, CV rep number: 4
CV inner loop, CV rep number: 5
best_alpha
0
best_lambda
3.26760486033435
CV inner loop, CV rep number: 9
best_alpha
0
best_lambda
3.56783146171369
CV inner loop, CV rep number: 1
best_alpha
0
best_lambda
4.21770422186891
CV inner loop, CV rep number: 8
best_alpha
best_alpha
0
1
best_lambda
best_lambda
3.97135000682012
0.0496829938535062
CV inner loop, CV rep number: 6
CV inner loop, CV rep number: 10
best_alpha
best_alpha
0
0
best_lambda
best_lambda
3.93845487000076
4.49549369422772
CV inner loop, CV rep number: 2
CV inner loop, CV rep number: 7
best_alpha
0
best_lambda
3.60629661375238
best_alpha
0
best_lambda
3.95650478199303
best_alpha
0
best_lambda
2.92959973265072
best_alpha
0
best_lambda
4.2582071551485
best_alpha
0
best_lambda
3.73893453282331
best_alpha
0
best_lambda
3.72963462895349
best_alpha
0
best_lambda
3.67084717293166
best_alpha
0
best_lambda
3.50657181511743
best_alpha
0
best_lambda
4.18319749098761
best_alpha
0
best_lambda
5.51716092222402
[1] "Results: "
  observed CV_rep Breast_Cancer_pred
1    Other      1          0.7298913
2    Other      1          0.8214178
3    Other      1          0.9857416
4    Other      1          0.6143352
5    Other      1          0.7809164
6    Other      1          0.8769483
[Tue Nov 30 10:56:39 2021]
Finished job 0.
1 of 1 steps (100%) done
