Building DAG of jobs...
Using shell: /usr/bin/bash
Provided cores: 8
Rules claiming more threads will be scaled down.
Select jobs to execute...

[Sun Nov 21 22:30:31 2021]
rule Lasso_classification_cancer_type_binomial:
    input: data/ATAC_predictions_train_20_predict_80/ATAC_pred_lasso_normalized_trimmed_formatted_standardized.rds, data/sample_types.txt
    output: Classification_output/Cancer_type_classification/Lasso_binomial.rds, Classification_output/ROC_plots/Cancer_type/ROC_lasso_binomial.png
    jobid: 0
    threads: 8
    resources: mem_mb=300000, disk_mb=1000, tmpdir=/scratch/57139203, time=11:30:00

Rscript --vanilla /faststorage/project/DELFI1/Workspaces/CarmenAndAnika/.snakemake/scripts/tmps9o4jmp5.Lasso_binomial.R
Registered S3 methods overwritten by 'ggplot2':
  method         from 
  [.quosures     rlang
  c.quosures     rlang
  print.quosures rlang
Registered S3 method overwritten by 'rvest':
  method            from
  read_xml.response xml2
── Attaching packages ─────────────────────────────────────── tidyverse 1.2.1 ──
✔ ggplot2 3.1.1     ✔ purrr   0.3.4
✔ tibble  3.1.4     ✔ dplyr   1.0.7
✔ tidyr   1.1.3     ✔ stringr 1.4.0
✔ readr   1.3.1     ✔ forcats 0.4.0
── Conflicts ────────────────────────────────────────── tidyverse_conflicts() ──
✖ dplyr::filter() masks stats::filter()
✖ dplyr::lag()    masks stats::lag()
Type 'citation("pROC")' for a citation.

Attaching package: ‘pROC’

The following objects are masked from ‘package:stats’:

    cov, smooth, var

Loading required package: Matrix

Attaching package: ‘Matrix’

The following objects are masked from ‘package:tidyr’:

    expand, pack, unpack

Loading required package: foreach

Attaching package: ‘foreach’

The following objects are masked from ‘package:purrr’:

    accumulate, when

Loaded glmnet 2.0-16


Attaching package: ‘glmnet’

The following object is masked from ‘package:pROC’:

    auc


Attaching package: ‘glmnetUtils’

The following objects are masked from ‘package:glmnet’:

    cv.glmnet, glmnet

Warning message:
package ‘multiROC’ was built under R version 3.6.3 
dummies-1.5.6 provided by Decision Patterns

Warning message:
package ‘dummies’ was built under R version 3.6.3 
Loading required package: gplots

Attaching package: ‘gplots’

The following object is masked from ‘package:stats’:

    lowess

Loading required package: iterators
Loading required package: parallel
Loading required package: rngtools
Loading required package: pkgmaker
Loading required package: registry

Attaching package: ‘pkgmaker’

The following object is masked from ‘package:base’:

    isFALSE

# A tibble: 9 × 2
  sample_type           n
  <fct>             <int>
1 Bile_Duct_Cancer     25
2 Breast_Cancer        54
3 Colorectal_Cancer    26
4 Duodenal_Cancer       1
5 Gastric_cancer       27
6 Healthy             194
7 Lung_Cancer          35
8 Ovarian_Cancer       28
9 Pancreatic_Cancer    34
# A tibble: 8 × 2
  sample_type           n
  <fct>             <int>
1 Bile_Duct_Cancer     25
2 Breast_Cancer        54
3 Colorectal_Cancer    26
4 Gastric_cancer       27
5 Healthy             194
6 Lung_Cancer          35
7 Ovarian_Cancer       28
8 Pancreatic_Cancer    34
starting worker pid=21452 on localhost:11816 at 22:30:37.089
starting worker pid=21475 on localhost:11816 at 22:30:37.279
starting worker pid=21497 on localhost:11816 at 22:30:37.515
starting worker pid=21519 on localhost:11816 at 22:30:37.750
starting worker pid=21541 on localhost:11816 at 22:30:37.985
starting worker pid=21563 on localhost:11816 at 22:30:38.223
starting worker pid=21585 on localhost:11816 at 22:30:38.415
starting worker pid=21607 on localhost:11816 at 22:30:38.603
Registered S3 methods overwritten by 'ggplot2':
  method         from 
  [.quosures     rlang
  c.quosures     rlang
  print.quosures rlang
Registered S3 methods overwritten by 'ggplot2':
  method         from 
  [.quosures     rlang
  c.quosures     rlang
  print.quosures rlang
Registered S3 method overwritten by 'rvest':
  method            from
  read_xml.response xml2
── Attaching packages ─────────────────────────────────────── tidyverse 1.2.1 ──
✔ ggplot2 3.1.1     ✔ purrr   0.3.4
✔ tibble  3.1.4     ✔ dplyr   1.0.7
✔ tidyr   1.1.3     ✔ stringr 1.4.0
✔ readr   1.3.1     ✔ forcats 0.4.0
Registered S3 methods overwritten by 'ggplot2':
  method         from 
  [.quosures     rlang
  c.quosures     rlang
  print.quosures rlang
── Conflicts ────────────────────────────────────────── tidyverse_conflicts() ──
✖ dplyr::filter() masks stats::filter()
✖ dplyr::lag()    masks stats::lag()
Registered S3 method overwritten by 'rvest':
  method            from
  read_xml.response xml2
Registered S3 methods overwritten by 'ggplot2':
  method         from 
  [.quosures     rlang
  c.quosures     rlang
  print.quosures rlang
── Attaching packages ─────────────────────────────────────── tidyverse 1.2.1 ──
✔ ggplot2 3.1.1     ✔ purrr   0.3.4
✔ tibble  3.1.4     ✔ dplyr   1.0.7
✔ tidyr   1.1.3     ✔ stringr 1.4.0
✔ readr   1.3.1     ✔ forcats 0.4.0
── Conflicts ────────────────────────────────────────── tidyverse_conflicts() ──
✖ dplyr::filter() masks stats::filter()
✖ dplyr::lag()    masks stats::lag()
Registered S3 method overwritten by 'rvest':
  method            from
  read_xml.response xml2
── Attaching packages ─────────────────────────────────────── tidyverse 1.2.1 ──
✔ ggplot2 3.1.1     ✔ purrr   0.3.4
✔ tibble  3.1.4     ✔ dplyr   1.0.7
✔ tidyr   1.1.3     ✔ stringr 1.4.0
✔ readr   1.3.1     ✔ forcats 0.4.0
Registered S3 method overwritten by 'rvest':
  method            from
  read_xml.response xml2
Registered S3 methods overwritten by 'ggplot2':
  method         from 
  [.quosures     rlang
  c.quosures     rlang
  print.quosures rlang
── Attaching packages ─────────────────────────────────────── tidyverse 1.2.1 ──
✔ ggplot2 3.1.1     ✔ purrr   0.3.4
✔ tibble  3.1.4     ✔ dplyr   1.0.7
✔ tidyr   1.1.3     ✔ stringr 1.4.0
✔ readr   1.3.1     ✔ forcats 0.4.0
── Conflicts ────────────────────────────────────────── tidyverse_conflicts() ──
✖ dplyr::filter() masks stats::filter()
✖ dplyr::lag()    masks stats::lag()
── Conflicts ────────────────────────────────────────── tidyverse_conflicts() ──
✖ dplyr::filter() masks stats::filter()
✖ dplyr::lag()    masks stats::lag()
Registered S3 methods overwritten by 'ggplot2':
  method         from 
  [.quosures     rlang
  c.quosures     rlang
  print.quosures rlang
Registered S3 method overwritten by 'rvest':
  method            from
  read_xml.response xml2
Registered S3 methods overwritten by 'ggplot2':
  method         from 
  [.quosures     rlang
  c.quosures     rlang
  print.quosures rlang
── Attaching packages ─────────────────────────────────────── tidyverse 1.2.1 ──
✔ ggplot2 3.1.1     ✔ purrr   0.3.4
✔ tibble  3.1.4     ✔ dplyr   1.0.7
✔ tidyr   1.1.3     ✔ stringr 1.4.0
✔ readr   1.3.1     ✔ forcats 0.4.0
── Conflicts ────────────────────────────────────────── tidyverse_conflicts() ──
✖ dplyr::filter() masks stats::filter()
✖ dplyr::lag()    masks stats::lag()
Registered S3 method overwritten by 'rvest':
  method            from
  read_xml.response xml2
Registered S3 methods overwritten by 'ggplot2':
  method         from 
  [.quosures     rlang
  c.quosures     rlang
  print.quosures rlang
── Attaching packages ─────────────────────────────────────── tidyverse 1.2.1 ──
✔ ggplot2 3.1.1     ✔ purrr   0.3.4
✔ tibble  3.1.4     ✔ dplyr   1.0.7
✔ tidyr   1.1.3     ✔ stringr 1.4.0
✔ readr   1.3.1     ✔ forcats 0.4.0
Registered S3 method overwritten by 'rvest':
  method            from
  read_xml.response xml2
── Attaching packages ─────────────────────────────────────── tidyverse 1.2.1 ──
✔ ggplot2 3.1.1     ✔ purrr   0.3.4
✔ tibble  3.1.4     ✔ dplyr   1.0.7
✔ tidyr   1.1.3     ✔ stringr 1.4.0
✔ readr   1.3.1     ✔ forcats 0.4.0
── Conflicts ────────────────────────────────────────── tidyverse_conflicts() ──
✖ dplyr::filter() masks stats::filter()
✖ dplyr::lag()    masks stats::lag()
── Conflicts ────────────────────────────────────────── tidyverse_conflicts() ──
✖ dplyr::filter() masks stats::filter()
✖ dplyr::lag()    masks stats::lag()
Registered S3 method overwritten by 'rvest':
  method            from
  read_xml.response xml2
── Attaching packages ─────────────────────────────────────── tidyverse 1.2.1 ──
✔ ggplot2 3.1.1     ✔ purrr   0.3.4
✔ tibble  3.1.4     ✔ dplyr   1.0.7
✔ tidyr   1.1.3     ✔ stringr 1.4.0
✔ readr   1.3.1     ✔ forcats 0.4.0
── Conflicts ────────────────────────────────────────── tidyverse_conflicts() ──
✖ dplyr::filter() masks stats::filter()
✖ dplyr::lag()    masks stats::lag()
Class: Gastric_cancer
CV repetition number: 7
CV inner loop, CV rep: 7
Class: Gastric_cancer
Class: Gastric_cancer
Class: Gastric_cancer
CV repetition number: 5
CV repetition number: 3
CV repetition number: 8
Class: Gastric_cancer
CV inner loop, CV rep: 5
CV inner loop, CV rep: 3
CV inner loop, CV rep: 8
Class: Gastric_cancer
CV repetition number: 4
CV inner loop, CV rep: 4
Class: Gastric_cancer
CV repetition number: 6
CV inner loop, CV rep: 6
CV repetition number: 2
CV inner loop, CV rep: 2
Class: Gastric_cancer
CV repetition number: 1
CV inner loop, CV rep: 1
best_alpha
0.343
best_lambda
0.0539114505137786
CV inner loop, CV rep: 7
best_alpha
0.125
best_lambda
0.139908333853042
CV inner loop, CV rep: 4
best_alpha
0.064
best_lambda
0.238340872263056
CV inner loop, CV rep: 8
best_alpha
1
best_lambda
0.0362476450960777
CV inner loop, CV rep: 5
best_alpha
0.512
best_lambda
0.0342418836843248
CV inner loop, CV rep: 2
best_alpha
0.064
best_lambda
0.182754426036603
CV inner loop, CV rep: 6
best_alpha
0.027
best_lambda
0.395283144733647
CV inner loop, CV rep: 3
best_alpha
0.027
best_lambda
0.438995855333357
CV inner loop, CV rep: 1
best_alpha
0.027
best_lambda
0.394577442304963
CV inner loop, CV rep: 7
best_alpha
0.064
best_lambda
0.22860664417879
CV inner loop, CV rep: 8
best_alpha
0.729
best_lambda
0.0315935655425174
CV inner loop, CV rep: 6
best_alpha
0.027
best_lambda
0.509052192347438
CV inner loop, CV rep: 3
best_alpha
0.027
best_lambda
0.436034637741619
CV inner loop, CV rep: 5
best_alpha
0.343
best_lambda
0.0495380967750602
CV inner loop, CV rep: 2
best_alpha
0.512
best_lambda
0.0321552001459787
CV inner loop, CV rep: 4
best_alpha
0.125
best_lambda
0.138185402318182
CV inner loop, CV rep: 1
best_alpha
0.027
best_lambda
0.489357292791238
CV inner loop, CV rep: 2
best_alpha
0.027
best_lambda
0.417436166286199
CV inner loop, CV rep: 8
best_alpha
0.064
best_lambda
0.208758688214797
CV inner loop, CV rep: 3
best_alpha
0.216
best_lambda
0.115504383036717
CV inner loop, CV rep: 4
best_alpha
0.064
best_lambda
0.237355837161616
CV inner loop, CV rep: 1
best_alpha
0
best_lambda
5.23567494485542
best_alpha
0
best_lambda
6.50289949177944
CV inner loop, CV rep: 6
best_alpha
0
best_lambda
4.58855782605008
best_alpha
0.064
best_lambda
0.210709246828534
CV inner loop, CV rep: 2
best_alpha
0.125
best_lambda
0.140918990336647
CV inner loop, CV rep: 8
best_alpha
1
best_lambda
0.0347308772091116
CV inner loop, CV rep: 4
best_alpha
0.125
best_lambda
0.0996170312622266
best_alpha
0.027
best_lambda
0.459088529886118
CV inner loop, CV rep: 3
CV inner loop, CV rep: 1
best_alpha
0.343
best_lambda
0.0399796387628987
CV inner loop, CV rep: 6
best_alpha
0.216
best_lambda
0.0813355700793509
CV inner loop, CV rep: 8
best_alpha
0.008
best_lambda
1.10160217480598
CV inner loop, CV rep: 2
best_alpha
0.343
best_lambda
0.0536312622873292
CV inner loop, CV rep: 3
best_alpha
0.027
best_lambda
0.474260707113083
CV inner loop, CV rep: 4
best_alpha
0.064
best_lambda
0.197135441247297
CV inner loop, CV rep: 1
best_alpha
0.064
best_lambda
0.209116539773557
CV inner loop, CV rep: 6
best_alpha
0.125
best_lambda
0.0988093867463941
best_alpha
1
best_lambda
0.0305964931903683
CV inner loop, CV rep: 2
best_alpha
1
best_lambda
0.0290799834854479
CV inner loop, CV rep: 3
best_alpha
1
best_lambda
0.020996366523047
CV inner loop, CV rep: 4
CV inner loop, CV rep: 8
best_alpha
1
best_lambda
0.0346060627445912
CV inner loop, CV rep: 1
best_alpha
1
best_lambda
0.0254989493109654
CV inner loop, CV rep: 6
CV inner loop, CV rep: 7
best_alpha
0.064
best_lambda
0.213320951217749
CV inner loop, CV rep: 2
best_alpha
0.216
best_lambda
0.0762835104818208
CV inner loop, CV rep: 3
CV inner loop, CV rep: 5
best_alpha
0.125
best_lambda
0.13859147578326
CV inner loop, CV rep: 4
best_alpha
0.729
best_lambda
0.0252306698133011
CV inner loop, CV rep: 1
best_alpha
0.008
best_lambda
1.02641730512335
CV inner loop, CV rep: 8
best_alpha
0.125
best_lambda
0.133504008917414
CV inner loop, CV rep: 6
best_alpha
0.125
best_lambda
0.146922928047196
CV inner loop, CV rep: 7
best_alpha
1
best_lambda
0.0331082409911615
CV inner loop, CV rep: 5
best_alpha
0.512
best_lambda
0.0281562362141018
best_alpha
0.216
best_lambda
0.0743268923730018
CV inner loop, CV rep: 2
best_alpha
0.125
best_lambda
0.119137673622134
CV inner loop, CV rep: 1
CV inner loop, CV rep: 3
best_alpha
0.729
best_lambda
0.030040999434347
CV inner loop, CV rep: 8
best_alpha
0
best_lambda
5.1698495839737
best_alpha
0.064
best_lambda
0.19996708787029
CV inner loop, CV rep: 6
best_alpha
0.512
best_lambda
0.0382362510302938
CV inner loop, CV rep: 7
best_alpha
0.729
best_lambda
0.0223215451023927
CV inner loop, CV rep: 1
best_alpha
0.064
best_lambda
0.253849690728614
CV inner loop, CV rep: 5
best_alpha
0.027
best_lambda
0.445761811790323
CV inner loop, CV rep: 2
best_alpha
0.125
best_lambda
0.176300490024859
CV inner loop, CV rep: 3
best_alpha
0.729
best_lambda
0.0266548404604898
CV inner loop, CV rep: 8
best_alpha
0.729
best_lambda
0.0457514868648498
CV inner loop, CV rep: 6
best_alpha
0.125
best_lambda
0.137999653363474
CV inner loop, CV rep: 7
best_alpha
0.125
best_lambda
0.0899065489375229
best_alpha
1
best_lambda
0.029416347728432
Class: Gastric_cancer
CV repetition number: 9
CV inner loop, CV rep: 9
best_alpha
0.729
best_lambda
0.0272205304230235
Class: Gastric_cancer
CV repetition number: 10
CV inner loop, CV rep: 10
best_alpha
0.008
best_lambda
1.11341892289307
Class: Ovarian_Cancer
CV repetition number: 1
CV inner loop, CV rep: 1
CV inner loop, CV rep: 5
best_alpha
0
best_lambda
4.56902005809405
best_alpha
0.343
best_lambda
0.0515363055650938
Class: Ovarian_Cancer
CV repetition number: 2
CV inner loop, CV rep: 2
best_alpha
0.064
best_lambda
0.269605496343829
CV inner loop, CV rep: 7
best_alpha
0.064
best_lambda
0.18927631342059
CV inner loop, CV rep: 9
best_alpha
0.064
best_lambda
0.194102382339155
CV inner loop, CV rep: 5
best_alpha
0
best_lambda
4.36562791180461
best_alpha
0.001
best_lambda
2.9461770957171
CV inner loop, CV rep: 1
best_alpha
0.001
best_lambda
3.27636315866192
CV inner loop, CV rep: 2
best_alpha
0.125
best_lambda
0.127165909858155
CV inner loop, CV rep: 7
best_alpha
0.512
best_lambda
0.0252766552125305
CV inner loop, CV rep: 9
best_alpha
0.064
best_lambda
0.201238212901225
best_alpha
0
best_lambda
5.90468946006813
best_alpha
1
best_lambda
0.0219589193793983
CV inner loop, CV rep: 7
best_alpha
0.027
best_lambda
0.463453527977612
CV inner loop, CV rep: 2
CV inner loop, CV rep: 1
CV inner loop, CV rep: 4
best_alpha
0
best_lambda
5.75751940339134
best_alpha
0.512
best_lambda
0.0274080575346679
Class: Ovarian_Cancer
CV repetition number: 3
CV inner loop, CV rep: 3
best_alpha
0.027
best_lambda
0.461226508151711
CV inner loop, CV rep: 2
best_alpha
0.008
best_lambda
0.953331850127615
CV inner loop, CV rep: 1
best_alpha
0.008
best_lambda
1.18289168607
CV inner loop, CV rep: 4
Class: Ovarian_Cancer
CV repetition number: 4
CV inner loop, CV rep: 4
best_alpha
0.008
best_lambda
1.01664576668197
CV inner loop, CV rep: 3
best_alpha
0.001
best_lambda
3.17541813396622
CV inner loop, CV rep: 1
CV inner loop, CV rep: 10
best_alpha
0.343
best_lambda
0.0569648712108596
best_alpha
0
best_lambda
4.55242830539774
Class: Ovarian_Cancer
CV repetition number: 5
CV inner loop, CV rep: 5
CV inner loop, CV rep: 2
best_alpha
0.008
best_lambda
1.07626366947612
CV inner loop, CV rep: 4
best_alpha
0.008
best_lambda
1.01483123678075
CV inner loop, CV rep: 3
best_alpha
0.027
best_lambda
0.465578962090958
CV inner loop, CV rep: 1
best_alpha
1
best_lambda
0.0361066575200397
CV inner loop, CV rep: 10
best_alpha
0.008
best_lambda
1.03958271197906
CV inner loop, CV rep: 2
best_alpha
0
best_lambda
4.75601805150256
CV inner loop, CV rep: 5
CV inner loop, CV rep: 5
best_alpha
0.027
best_lambda
0.467577367118681
CV inner loop, CV rep: 3
best_alpha
0
best_lambda
5.73694984307487
CV inner loop, CV rep: 4
best_alpha
0.216
best_lambda
0.0920090399324668
CV inner loop, CV rep: 10
best_alpha
0.008
best_lambda
1.14967261306356
CV inner loop, CV rep: 1
best_alpha
0.008
best_lambda
0.957219403366257
CV inner loop, CV rep: 2
CV inner loop, CV rep: 9
best_alpha
0.001
best_lambda
3.80912443496813
CV inner loop, CV rep: 5
best_alpha
1
best_lambda
0.0176738585901155
CV inner loop, CV rep: 5
best_alpha
0.027
best_lambda
0.435020323910693
CV inner loop, CV rep: 4
best_alpha
0.064
best_lambda
0.243592603708313
CV inner loop, CV rep: 10
best_alpha
1
best_lambda
0.0284858809674211
CV inner loop, CV rep: 1
best_alpha
0.729
best_lambda
0.0325134286519408
CV inner loop, CV rep: 2
best_alpha
0
best_lambda
4.46405351804309
CV inner loop, CV rep: 3
best_alpha
0.125
best_lambda
0.124248343263695
CV inner loop, CV rep: 9
best_alpha
0.125
best_lambda
0.104310999000984
Class: Ovarian_Cancer
CV repetition number: 6
CV inner loop, CV rep: 6
best_alpha
0.027
best_lambda
0.487985050738082
CV inner loop, CV rep: 5
best_alpha
0.027
best_lambda
0.411060253152035
CV inner loop, CV rep: 4
best_alpha
0.027
best_lambda
0.44419193407833
CV inner loop, CV rep: 10
best_alpha
0.343
best_lambda
0.0495683721112754
CV inner loop, CV rep: 1
best_alpha
0.027
best_lambda
0.436074677393353
CV inner loop, CV rep: 3
best_alpha
0.027
best_lambda
0.445004841157391
CV inner loop, CV rep: 2
best_alpha
0.027
best_lambda
0.393589226263769
CV inner loop, CV rep: 9
best_alpha
0.027
best_lambda
0.438940099001868
CV inner loop, CV rep: 5
best_alpha
0.027
best_lambda
0.449202562958418
CV inner loop, CV rep: 6
best_alpha
0.064
best_lambda
0.1724713482301
CV inner loop, CV rep: 4
best_alpha
0.001
best_lambda
2.9691336629093
CV inner loop, CV rep: 1
best_alpha
0.001
best_lambda
2.73657747021055
CV inner loop, CV rep: 3
best_alpha
0.729
best_lambda
0.0407771854009122
CV inner loop, CV rep: 9
best_alpha
0
best_lambda
5.05459204433544
best_alpha
0.001
best_lambda
2.8076016260388
CV inner loop, CV rep: 2
best_alpha
0.125
best_lambda
0.128891759734734
CV inner loop, CV rep: 6
best_alpha
0.027
best_lambda
0.405084280889696
CV inner loop, CV rep: 5
best_alpha
0.008
best_lambda
1.03074128819154
CV inner loop, CV rep: 4
best_alpha
0.064
best_lambda
0.25252836612167
CV inner loop, CV rep: 9
best_alpha
0.027
best_lambda
0.384449588365513
best_alpha
0.001
best_lambda
2.78540761232122
best_alpha
0.001
best_lambda
2.96076938101942
Class: Ovarian_Cancer
CV repetition number: 7
CV inner loop, CV rep: 7
CV inner loop, CV rep: 3
Class: Ovarian_Cancer
CV repetition number: 8
CV inner loop, CV rep: 8
best_alpha
0.027
best_lambda
0.382802999249621
best_alpha
0
best_lambda
4.2366148740485
CV inner loop, CV rep: 5
best_alpha
0.064
best_lambda
0.212617182456941
CV inner loop, CV rep: 9
best_alpha
0.064
best_lambda
0.222090727742631
CV inner loop, CV rep: 4
CV inner loop, CV rep: 6
best_alpha
0.008
best_lambda
1.06920891439123
CV inner loop, CV rep: 7
best_alpha
0.008
best_lambda
1.18283439752062
CV inner loop, CV rep: 3
best_alpha
0
best_lambda
4.5418545434264
CV inner loop, CV rep: 8
best_alpha
0.125
best_lambda
0.123158495403255
CV inner loop, CV rep: 9
best_alpha
0.027
best_lambda
0.407641585407243
CV inner loop, CV rep: 4
best_alpha
0
best_lambda
4.78226762697668
CV inner loop, CV rep: 5
best_alpha
0.001
best_lambda
2.74075634725812
CV inner loop, CV rep: 3
best_alpha
0
best_lambda
4.54890745236019
CV inner loop, CV rep: 6
best_alpha
0
best_lambda
5.43565436922975
CV inner loop, CV rep: 7
best_alpha
0.008
best_lambda
0.977522037841607
CV inner loop, CV rep: 8
best_alpha
1
best_lambda
0.0306684914270655
Class: Ovarian_Cancer
CV repetition number: 9
CV inner loop, CV rep: 9
best_alpha
0.001
best_lambda
3.04442515492835
CV inner loop, CV rep: 4
CV inner loop, CV rep: 10
best_alpha
0.027
best_lambda
0.439219009303275
CV inner loop, CV rep: 5
best_alpha
0.001
best_lambda
3.10912065008308
Class: Ovarian_Cancer
CV repetition number: 10
CV inner loop, CV rep: 10
best_alpha
0.027
best_lambda
0.484617830415977
CV inner loop, CV rep: 6
best_alpha
0.008
best_lambda
0.965507169725729
CV inner loop, CV rep: 7
best_alpha
0.008
best_lambda
1.05430045650083
CV inner loop, CV rep: 9
best_alpha
0.008
best_lambda
1.2090197894599
CV inner loop, CV rep: 8
best_alpha
0.008
best_lambda
1.12351555754837
Class: Lung_Cancer
CV repetition number: 1
CV inner loop, CV rep: 1
best_alpha
0.125
best_lambda
0.117226865638442
CV inner loop, CV rep: 10
best_alpha
0.027
best_lambda
0.463064310006866
CV inner loop, CV rep: 5
best_alpha
0.001
best_lambda
3.53052114879823
best_alpha
0.001
best_lambda
3.07736774604639
CV inner loop, CV rep: 10
CV inner loop, CV rep: 6
best_alpha
0.064
best_lambda
0.198699712223156
CV inner loop, CV rep: 7
best_alpha
0.027
best_lambda
0.380804550177763
best_alpha
0.027
best_lambda
0.434154473408999
CV inner loop, CV rep: 8
best_alpha
0.064
best_lambda
0.231224092224452
CV inner loop, CV rep: 10
CV inner loop, CV rep: 9
best_alpha
0.008
best_lambda
0.948424316507401
Class: Lung_Cancer
CV repetition number: 2
CV inner loop, CV rep: 2
best_alpha
0
best_lambda
5.55986845105391
CV inner loop, CV rep: 1
best_alpha
0.027
best_lambda
0.351976687702293
best_alpha
0
best_lambda
4.76052357113243
CV inner loop, CV rep: 10
best_alpha
0
best_lambda
4.77515009698478
CV inner loop, CV rep: 7
best_alpha
0.216
best_lambda
0.0809017345761572
CV inner loop, CV rep: 10
best_alpha
0.001
best_lambda
2.58400813743959
CV inner loop, CV rep: 8
best_alpha
0.001
best_lambda
3.55544508701784
CV inner loop, CV rep: 9
CV inner loop, CV rep: 6
best_alpha
0
best_lambda
5.03846572059425
CV inner loop, CV rep: 2
best_alpha
0
best_lambda
6.36351672963705
CV inner loop, CV rep: 1
best_alpha
0.008
best_lambda
1.16977313129699
CV inner loop, CV rep: 10
best_alpha
0.008
best_lambda
0.884720819533833
CV inner loop, CV rep: 7
best_alpha
0.343
best_lambda
0.0399791319079297
best_alpha
0.064
best_lambda
0.203905633267383
best_alpha
0.008
best_lambda
0.975612024825459
CV inner loop, CV rep: 9
Class: Lung_Cancer
CV repetition number: 3
CV inner loop, CV rep: 3
CV inner loop, CV rep: 8
best_alpha
1
best_lambda
0.0266389527404688
CV inner loop, CV rep: 6
best_alpha
0.001
best_lambda
3.10436504435406
CV inner loop, CV rep: 1
best_alpha
0
best_lambda
4.90352055639045
CV inner loop, CV rep: 2
best_alpha
0.064
best_lambda
0.160815319770061
best_alpha
0.008
best_lambda
0.967209627407691
CV inner loop, CV rep: 10
best_alpha
0.027
best_lambda
0.409274809296153
CV inner loop, CV rep: 8
best_alpha
0.027
best_lambda
0.36206923893987
best_alpha
0.001
best_lambda
3.35902378800464
CV inner loop, CV rep: 6
CV inner loop, CV rep: 7
best_alpha
0.027
best_lambda
0.395114614577588
best_alpha
0
best_lambda
6.34427422389738
CV inner loop, CV rep: 3
CV inner loop, CV rep: 9
best_alpha
0.001
best_lambda
3.5452892322566
CV inner loop, CV rep: 2
best_alpha
0.008
best_lambda
1.03248206753532
CV inner loop, CV rep: 10
best_alpha
0.008
best_lambda
1.0256930333353
CV inner loop, CV rep: 8
CV inner loop, CV rep: 1
best_alpha
0.027
best_lambda
0.424966706373812
Class: Lung_Cancer
CV repetition number: 4
CV inner loop, CV rep: 4
best_alpha
0.008
best_lambda
1.09161672363708
CV inner loop, CV rep: 3
best_alpha
0
best_lambda
5.03164042314984
CV inner loop, CV rep: 7
best_alpha
0.064
best_lambda
0.207785720972994
CV inner loop, CV rep: 10
best_alpha
0
best_lambda
4.69764754063675
CV inner loop, CV rep: 9
best_alpha
0
best_lambda
5.59434564283175
CV inner loop, CV rep: 2
best_alpha
0.027
best_lambda
0.481452328775143
CV inner loop, CV rep: 8
best_alpha
0.008
best_lambda
1.14448008866973
CV inner loop, CV rep: 4
best_alpha
0.008
best_lambda
1.2366991354238
CV inner loop, CV rep: 1
best_alpha
0.008
best_lambda
0.984580154279788
CV inner loop, CV rep: 3
best_alpha
0.001
best_lambda
3.75264738904909
CV inner loop, CV rep: 7
best_alpha
0.125
best_lambda
0.104249532500579
best_alpha
1
best_lambda
0.0162974641770996
CV inner loop, CV rep: 10
best_alpha
0.125
best_lambda
0.116805479061349
CV inner loop, CV rep: 9
CV inner loop, CV rep: 2
best_alpha
0.027
best_lambda
0.418147266941366
CV inner loop, CV rep: 4
best_alpha
0.027
best_lambda
0.481185755432181
best_alpha
0.001
best_lambda
2.96989694079545
CV inner loop, CV rep: 3
Class: Lung_Cancer
CV repetition number: 5
CV inner loop, CV rep: 5
best_alpha
0.001
best_lambda
3.16274306185269
CV inner loop, CV rep: 1
best_alpha
0.001
best_lambda
2.72244125125268
Class: Lung_Cancer
CV repetition number: 6
CV inner loop, CV rep: 6
best_alpha
0.008
best_lambda
0.869025968760428
best_alpha
1
best_lambda
0.0330623025673226
CV inner loop, CV rep: 2
best_alpha
0.125
best_lambda
0.124733402409114
best_alpha
0.027
best_lambda
0.440444183839734
CV inner loop, CV rep: 4
best_alpha
0.064
best_lambda
0.231956551765257
CV inner loop, CV rep: 1
best_alpha
0
best_lambda
4.99350551545867
CV inner loop, CV rep: 9
best_alpha
0
best_lambda
5.80460598699448
CV inner loop, CV rep: 3
CV inner loop, CV rep: 5
best_alpha
0.027
best_lambda
0.467070397889031
CV inner loop, CV rep: 6
CV inner loop, CV rep: 10
best_alpha
0.027
best_lambda
0.433624546065523
CV inner loop, CV rep: 2
best_alpha
0.064
best_lambda
0.204240968870863
best_alpha
0.008
best_lambda
1.09580090979887
CV inner loop, CV rep: 1
best_alpha
0.027
best_lambda
0.382440799251081
best_alpha
0.008
best_lambda
1.09764880458072
CV inner loop, CV rep: 5
best_alpha
0.001
best_lambda
3.09238306761961
CV inner loop, CV rep: 9
CV inner loop, CV rep: 4
best_alpha
0
best_lambda
4.56672611975655
CV inner loop, CV rep: 6
best_alpha
0.064
best_lambda
0.174905390693435
best_alpha
0.064
best_lambda
0.209496344259447
best_alpha
0.027
best_lambda
0.444330750507866
CV inner loop, CV rep: 2
CV inner loop, CV rep: 3
CV inner loop, CV rep: 10
best_alpha
0.064
best_lambda
0.212032437640346
CV inner loop, CV rep: 5
CV inner loop, CV rep: 1
best_alpha
0.001
best_lambda
3.2769250184699
Class: Lung_Cancer
CV repetition number: 7
CV inner loop, CV rep: 7
best_alpha
0.027
best_lambda
0.529218335676737
CV inner loop, CV rep: 4
best_alpha
0.008
best_lambda
1.05282225134681
CV inner loop, CV rep: 6
best_alpha
0.125
best_lambda
0.104048280286834
best_alpha
1
best_lambda
0.0252283391834185
CV inner loop, CV rep: 3
best_alpha
0.027
best_lambda
0.469886079315511
CV inner loop, CV rep: 5
best_alpha
0.001
best_lambda
3.30500828613309
Class: Lung_Cancer
CV repetition number: 8
CV inner loop, CV rep: 8
best_alpha
0.125
best_lambda
0.122101950534271
CV inner loop, CV rep: 2
best_alpha
0.008
best_lambda
1.19342349129921
CV inner loop, CV rep: 7
Class: Lung_Cancer
CV repetition number: 9
CV inner loop, CV rep: 9
best_alpha
0.064
best_lambda
0.164937364421572
best_alpha
0.064
best_lambda
0.254394578922402
CV inner loop, CV rep: 6
best_alpha
0.008
best_lambda
1.24318245540028
CV inner loop, CV rep: 3
CV inner loop, CV rep: 4
best_alpha
0.008
best_lambda
0.953748181903589
CV inner loop, CV rep: 5
best_alpha
0.027
best_lambda
0.449074014008673
Class: Lung_Cancer
CV repetition number: 10
CV inner loop, CV rep: 10
best_alpha
best_alpha
best_alpha
0.064
0.064
0.001
best_lambda
best_lambda
best_lambda
0.227071149621422
0.200559097366778
3.42869643210621
CV inner loop, CV rep: 7
CV inner loop, CV rep: 8
best_alpha
0.125
best_lambda
0.113613467085134
CV inner loop, CV rep: 9
CV inner loop, CV rep: 6
best_alpha
0.064
best_lambda
0.24368666930034
CV inner loop, CV rep: 3
best_alpha
0.027
best_lambda
0.416538158765529
best_alpha
0.001
best_lambda
3.03517267039935
CV inner loop, CV rep: 4
best_alpha
0.027
best_lambda
0.423510410853737
CV inner loop, CV rep: 7
best_alpha
0.125
best_lambda
0.106747908306226
best_alpha
0
best_lambda
4.97187076297863
CV inner loop, CV rep: 10
best_alpha
0.001
best_lambda
3.82839672483829
CV inner loop, CV rep: 9
CV inner loop, CV rep: 5
best_alpha
0.216
best_lambda
0.0844018297675749
CV inner loop, CV rep: 6
CV inner loop, CV rep: 8
best_alpha
0.064
best_lambda
0.223888929123536
CV inner loop, CV rep: 4
best_alpha
0.064
best_lambda
0.246549194297667
Class: Healthy
CV repetition number: 1
CV inner loop, CV rep: 1
best_alpha
0
best_lambda
6.17370432542243
CV inner loop, CV rep: 7
best_alpha
0.064
best_lambda
0.204294378294669
best_alpha
0.064
best_lambda
0.189624380182112
best_alpha
0.027
best_lambda
0.479297220454717
CV inner loop, CV rep: 6
best_alpha
0.008
best_lambda
1.11488856911775
CV inner loop, CV rep: 8
best_alpha
0
best_lambda
5.71620227290061
CV inner loop, CV rep: 10
best_alpha
0.064
best_lambda
0.207193462895168
CV inner loop, CV rep: 5
best_alpha
0.008
best_lambda
0.227788712448099
CV inner loop, CV rep: 1
CV inner loop, CV rep: 4
CV inner loop, CV rep: 9
best_alpha
1
best_lambda
0.0415248946927628
CV inner loop, CV rep: 6
best_alpha
0.125
best_lambda
0.13960904469959
CV inner loop, CV rep: 10
best_alpha
1
best_lambda
0.0329576790963639
CV inner loop, CV rep: 8
best_alpha
0
best_lambda
5.17909202505086
CV inner loop, CV rep: 7
best_alpha
0.008
best_lambda
1.20340093618414
CV inner loop, CV rep: 5
best_alpha
0.008
best_lambda
0.236796204641252
CV inner loop, CV rep: 1
best_alpha
1
best_lambda
0.0333099327198272
Class: Healthy
CV repetition number: 2
CV inner loop, CV rep: 2
best_alpha
1
best_lambda
0.0423954590701874
CV inner loop, CV rep: 6
best_alpha
0.216
best_lambda
0.0689562248721183
best_alpha
0
best_lambda
5.71762149744224
CV inner loop, CV rep: 9
best_alpha
0.008
best_lambda
1.36809152357146
CV inner loop, CV rep: 8
CV inner loop, CV rep: 10
best_alpha
0.027
best_lambda
0.411622384873955
CV inner loop, CV rep: 7
best_alpha
0.064
best_lambda
0.230002662706866
CV inner loop, CV rep: 5
best_alpha
0.008
best_lambda
0.235501024368134
CV inner loop, CV rep: 1
best_alpha
0.027
best_lambda
0.0702262239928474
CV inner loop, CV rep: 2
best_alpha
0.027
best_lambda
0.432175314992141
CV inner loop, CV rep: 9
best_alpha
0.008
best_lambda
1.13008677970331
CV inner loop, CV rep: 10
best_alpha
0.008
best_lambda
1.22883058679628
CV inner loop, CV rep: 8
best_alpha
0
best_lambda
7.68734545970025
Class: Healthy
CV repetition number: 3
CV inner loop, CV rep: 3
best_alpha
0.008
best_lambda
1.19091233521031
CV inner loop, CV rep: 7
best_alpha
0.027
best_lambda
0.067019153852418
CV inner loop, CV rep: 2
best_alpha
0
best_lambda
5.07469921373126
Class: Healthy
CV repetition number: 4
CV inner loop, CV rep: 4
best_alpha
0.064
best_lambda
0.198796146935808
best_alpha
0.027
best_lambda
0.396728636202474
best_alpha
0.064
best_lambda
0.193691218413168
best_alpha
0.008
best_lambda
0.223228970053799
CV inner loop, CV rep: 3
best_alpha
0.064
best_lambda
0.0308730908835749
CV inner loop, CV rep: 2
best_alpha
0.027
best_lambda
0.0673966002710255
best_alpha
0.064
best_lambda
0.0283139551666518
CV inner loop, CV rep: 1
CV inner loop, CV rep: 4
CV inner loop, CV rep: 8
best_alpha
0.064
best_lambda
0.233648640792887
CV inner loop, CV rep: 7
CV inner loop, CV rep: 10
CV inner loop, CV rep: 9
best_alpha
0.008
best_lambda
0.218763650196813
CV inner loop, CV rep: 3
best_alpha
0.125
best_lambda
0.0198041857635986
CV inner loop, CV rep: 2
best_alpha
0.027
best_lambda
0.0719138191990514
CV inner loop, CV rep: 4
best_alpha
0.027
best_lambda
0.0713634748835971
CV inner loop, CV rep: 1
best_alpha
0.008
best_lambda
1.08947591885319
CV inner loop, CV rep: 8
best_alpha
0.064
best_lambda
0.185138296767385
best_alpha
0.064
best_lambda
0.233298321022511
CV inner loop, CV rep: 7
best_alpha
0.064
best_lambda
0.0328392171843146
CV inner loop, CV rep: 3
best_alpha
0.027
best_lambda
0.069003953967821
CV inner loop, CV rep: 2
best_alpha
0.064
best_lambda
0.0298453348885413
CV inner loop, CV rep: 4
best_alpha
0.027
best_lambda
0.463548892113793
CV inner loop, CV rep: 9
CV inner loop, CV rep: 10
best_alpha
0.027
best_lambda
0.0707974692916936
CV inner loop, CV rep: 1
best_alpha
0.027
best_lambda
0.0706963941065887
CV inner loop, CV rep: 3
best_alpha
0.027
best_lambda
0.443185528795031
Class: Healthy
CV repetition number: 5
CV inner loop, CV rep: 5
best_alpha
0.027
best_lambda
0.0703653143839754
CV inner loop, CV rep: 4
best_alpha
0.027
best_lambda
0.0726485460766775
CV inner loop, CV rep: 2
best_alpha
0.125
best_lambda
0.107101615535739
best_alpha
0.008
best_lambda
1.23578655738908
CV inner loop, CV rep: 9
best_alpha
0
best_lambda
5.10963440102411
CV inner loop, CV rep: 8
best_alpha
0.027
best_lambda
0.0660064472839697
CV inner loop, CV rep: 1
CV inner loop, CV rep: 10
best_alpha
0.027
best_lambda
0.0671378756459295
CV inner loop, CV rep: 3
best_alpha
0.027
best_lambda
0.0705447918802099
CV inner loop, CV rep: 4
best_alpha
0.027
best_lambda
0.0693504748534191
CV inner loop, CV rep: 5
best_alpha
0.008
best_lambda
0.24786719938899
CV inner loop, CV rep: 2
best_alpha
0.064
best_lambda
0.199485212023716
best_alpha
0.027
best_lambda
0.0696447444102295
CV inner loop, CV rep: 1
best_alpha
0.008
best_lambda
1.18656301157872
CV inner loop, CV rep: 10
best_alpha
0
best_lambda
5.93973425972785
Class: Healthy
CV repetition number: 6
CV inner loop, CV rep: 6
CV inner loop, CV rep: 9
best_alpha
0.027
best_lambda
0.0692717335050606
CV inner loop, CV rep: 3
best_alpha
0.027
best_lambda
0.067853558644
CV inner loop, CV rep: 4
best_alpha
0.027
best_lambda
0.0661981669886083
CV inner loop, CV rep: 5
best_alpha
0.027
best_lambda
0.0707719258992165
CV inner loop, CV rep: 2
best_alpha
0.027
best_lambda
0.0736861220710403
CV inner loop, CV rep: 1
best_alpha
0.027
best_lambda
0.0701181136622532
CV inner loop, CV rep: 3
best_alpha
0.008
best_lambda
0.225382334602077
CV inner loop, CV rep: 6
best_alpha
0.001
best_lambda
4.16437104247885
Class: Healthy
CV repetition number: 7
CV inner loop, CV rep: 7
best_alpha
0.027
best_lambda
0.0707486202954406
CV inner loop, CV rep: 4
best_alpha
0.027
best_lambda
0.0665439974463142
CV inner loop, CV rep: 5
best_alpha
0
best_lambda
7.03488372264812
Class: Healthy
CV repetition number: 8
CV inner loop, CV rep: 8
best_alpha
0.027
best_lambda
0.0756833570505481
CV inner loop, CV rep: 2
best_alpha
0.027
best_lambda
0.069697401002652
Class: Healthy
CV repetition number: 9
CV inner loop, CV rep: 9
best_alpha
0.064
best_lambda
0.030311546292971
CV inner loop, CV rep: 3
best_alpha
0.064
best_lambda
0.0310825916475505
CV inner loop, CV rep: 6
best_alpha
0.064
best_lambda
0.0307577543222321
CV inner loop, CV rep: 5
best_alpha
0.008
best_lambda
0.237963314648564
CV inner loop, CV rep: 7
best_alpha
0.027
best_lambda
0.0696849994843067
CV inner loop, CV rep: 8
best_alpha
0.008
best_lambda
0.237670625691725
CV inner loop, CV rep: 4
best_alpha
0.027
best_lambda
0.0675226775580991
Class: Healthy
CV repetition number: 10
CV inner loop, CV rep: 10
best_alpha
0.008
best_lambda
0.240297180360292
CV inner loop, CV rep: 9
best_alpha
0.064
best_lambda
0.0310159788201647
CV inner loop, CV rep: 3
best_alpha
0.027
best_lambda
0.0773809155431327
CV inner loop, CV rep: 6
best_alpha
0.027
best_lambda
0.0721858908567161
CV inner loop, CV rep: 5
best_alpha
0.027
best_lambda
0.0706302088685121
CV inner loop, CV rep: 7
best_alpha
0.027
best_lambda
0.0684281126216373
CV inner loop, CV rep: 8
best_alpha
0.027
best_lambda
0.0707065221474979
CV inner loop, CV rep: 4
best_alpha
0.027
best_lambda
0.0681653201948067
CV inner loop, CV rep: 10
best_alpha
0.027
best_lambda
0.0702226211226545
CV inner loop, CV rep: 9
best_alpha
0.027
best_lambda
0.0727966824507568
Class: Bile_Duct_Cancer
CV repetition number: 1
CV inner loop, CV rep: 1
best_alpha
0.064
best_lambda
0.0298167439329583
CV inner loop, CV rep: 6
best_alpha
0.008
best_lambda
0.231388932290149
CV inner loop, CV rep: 7
best_alpha
0.027
best_lambda
0.0755765016514129
CV inner loop, CV rep: 8
best_alpha
0.008
best_lambda
0.226205260916385
CV inner loop, CV rep: 5
best_alpha
0.064
best_lambda
0.0464978890786413
Class: Bile_Duct_Cancer
CV repetition number: 2
CV inner loop, CV rep: 2
best_alpha
0.064
best_lambda
0.0317864829874797
CV inner loop, CV rep: 10
best_alpha
0.027
best_lambda
0.0656457954028651
CV inner loop, CV rep: 9
best_alpha
0.027
best_lambda
0.0671724954886296
CV inner loop, CV rep: 6
best_alpha
0.008
best_lambda
1.05128057624553
CV inner loop, CV rep: 1
best_alpha
0.027
best_lambda
0.0693867378689049
CV inner loop, CV rep: 7
best_alpha
0.027
best_lambda
0.0713024930266494
CV inner loop, CV rep: 5
best_alpha
0.027
best_lambda
0.0697324255649328
CV inner loop, CV rep: 8
best_alpha
0.027
best_lambda
0.425065354109085
CV inner loop, CV rep: 2
best_alpha
0.027
best_lambda
0.0723867801392338
CV inner loop, CV rep: 10
best_alpha
0.064
best_lambda
0.0303855867375596
CV inner loop, CV rep: 9
best_alpha
0.027
best_lambda
0.0674288691647067
CV inner loop, CV rep: 6
best_alpha
0.027
best_lambda
0.0749259962774484
CV inner loop, CV rep: 5
best_alpha
0.008
best_lambda
0.22877513257957
CV inner loop, CV rep: 7
best_alpha
0.027
best_lambda
0.0680035370497463
CV inner loop, CV rep: 10
best_alpha
0.027
best_lambda
0.0783339056118067
best_alpha
0.001
best_lambda
3.86320940955658
CV inner loop, CV rep: 1
CV inner loop, CV rep: 8
best_alpha
0.125
best_lambda
0.0266183078629935
CV inner loop, CV rep: 9
best_alpha
0.001
best_lambda
3.35936133218463
CV inner loop, CV rep: 2
best_alpha
0.064
best_lambda
0.0309211607810174
CV inner loop, CV rep: 6
best_alpha
0.027
best_lambda
0.072082481561199
CV inner loop, CV rep: 5
best_alpha
0.027
best_lambda
0.0678224393066631
CV inner loop, CV rep: 7
best_alpha
0.008
best_lambda
0.247483127210697
CV inner loop, CV rep: 10
best_alpha
0.027
best_lambda
0.066402419941785
CV inner loop, CV rep: 8
best_alpha
0.008
best_lambda
0.985272396867721
CV inner loop, CV rep: 1
best_alpha
0.064
best_lambda
0.0306734583123612
CV inner loop, CV rep: 9
best_alpha
0.008
best_lambda
1.06007445262211
CV inner loop, CV rep: 2
best_alpha
0.027
best_lambda
0.07027652471837
CV inner loop, CV rep: 6
best_alpha
0.008
best_lambda
0.217844687578542
Class: Bile_Duct_Cancer
CV repetition number: 3
CV inner loop, CV rep: 3
best_alpha
0.027
best_lambda
0.0729505721288078
CV inner loop, CV rep: 7
best_alpha
0.027
best_lambda
0.0703831685852411
CV inner loop, CV rep: 10
best_alpha
0.008
best_lambda
0.230743582422572
CV inner loop, CV rep: 8
best_alpha
0.027
best_lambda
0.069985672140776
CV inner loop, CV rep: 9
best_alpha
0.008
best_lambda
1.20254931717971
CV inner loop, CV rep: 1
best_alpha
0.008
best_lambda
0.241159725067412
CV inner loop, CV rep: 6
best_alpha
0.008
best_lambda
1.13738868054216
CV inner loop, CV rep: 2
best_alpha
0.027
best_lambda
0.0687191555471684
CV inner loop, CV rep: 7
best_alpha
0.008
best_lambda
1.15996308434437
CV inner loop, CV rep: 3
best_alpha
0.027
best_lambda
0.0681624093236846
CV inner loop, CV rep: 10
best_alpha
0.027
best_lambda
0.0694393423773621
CV inner loop, CV rep: 8
best_alpha
0.027
best_lambda
0.0672720738692818
CV inner loop, CV rep: 9
best_alpha
0.027
best_lambda
0.0662297787177037
Class: Bile_Duct_Cancer
CV repetition number: 4
CV inner loop, CV rep: 4
best_alpha
0.008
best_lambda
1.11555595471323
CV inner loop, CV rep: 1
best_alpha
0.008
best_lambda
1.06018429806139
CV inner loop, CV rep: 2
best_alpha
0.027
best_lambda
0.0669296661048747
CV inner loop, CV rep: 7
best_alpha
0.008
best_lambda
1.06516825957023
CV inner loop, CV rep: 3
best_alpha
0.027
best_lambda
0.0673254053468736
CV inner loop, CV rep: 10
best_alpha
0.027
best_lambda
0.0660320637426808
CV inner loop, CV rep: 8
best_alpha
0.064
best_lambda
0.0300928123742871
CV inner loop, CV rep: 9
best_alpha
0.008
best_lambda
0.905293743356624
CV inner loop, CV rep: 1
best_alpha
0.027
best_lambda
0.06743953038205
Class: Bile_Duct_Cancer
CV repetition number: 5
CV inner loop, CV rep: 5
best_alpha
0.008
best_lambda
1.09824233281808
CV inner loop, CV rep: 2
best_alpha
0.008
best_lambda
0.225476026619859
CV inner loop, CV rep: 10
best_alpha
0.027
best_lambda
0.0743318324769616
Class: Bile_Duct_Cancer
CV repetition number: 6
CV inner loop, CV rep: 6
best_alpha
0.008
best_lambda
1.06416684837091
CV inner loop, CV rep: 4
best_alpha
0.008
best_lambda
1.11061504739537
CV inner loop, CV rep: 3
best_alpha
0.027
best_lambda
0.0683250098550661
Class: Bile_Duct_Cancer
CV repetition number: 7
CV inner loop, CV rep: 7
best_alpha
0.064
best_lambda
0.0293293924043992
Class: Bile_Duct_Cancer
CV repetition number: 8
CV inner loop, CV rep: 8
best_alpha
0.027
best_lambda
0.471370496334958
CV inner loop, CV rep: 5
best_alpha
0.001
best_lambda
3.42387128597189
CV inner loop, CV rep: 1
best_alpha
0.027
best_lambda
0.354400375180666
CV inner loop, CV rep: 2
best_alpha
0.001
best_lambda
3.42578419646531
CV inner loop, CV rep: 6
best_alpha
0.008
best_lambda
1.01807582195582
CV inner loop, CV rep: 3
best_alpha
0.001
best_lambda
2.80983533205306
CV inner loop, CV rep: 4
best_alpha
0.027
best_lambda
0.398136819958343
CV inner loop, CV rep: 7
best_alpha
0.064
best_lambda
0.204456621579826
CV inner loop, CV rep: 5
best_alpha
0.008
best_lambda
1.02982821905233
CV inner loop, CV rep: 8
best_alpha
0.008
best_lambda
1.03869038279872
CV inner loop, CV rep: 2
best_alpha
0.008
best_lambda
1.01455343538845
CV inner loop, CV rep: 1
best_alpha
0.008
best_lambda
0.988417019107705
CV inner loop, CV rep: 3
best_alpha
0.027
best_lambda
0.411458315570262
CV inner loop, CV rep: 6
best_alpha
0.008
best_lambda
1.14150421432163
CV inner loop, CV rep: 4
best_alpha
0.001
best_lambda
3.22806541346392
CV inner loop, CV rep: 7
best_alpha
0.008
best_lambda
1.00543404087209
CV inner loop, CV rep: 5
best_alpha
0.008
best_lambda
1.03545452859453
CV inner loop, CV rep: 8
best_alpha
0.008
best_lambda
0.944178052337187
CV inner loop, CV rep: 1
best_alpha
0.008
best_lambda
1.18254235297727
CV inner loop, CV rep: 2
best_alpha
0.008
best_lambda
0.9915650922972
CV inner loop, CV rep: 3
best_alpha
0.008
best_lambda
0.983870107129477
CV inner loop, CV rep: 6
best_alpha
0.001
best_lambda
3.22791453084563
CV inner loop, CV rep: 4
best_alpha
0.001
best_lambda
2.78873780552249
CV inner loop, CV rep: 7
best_alpha
0.008
best_lambda
1.04950923767592
CV inner loop, CV rep: 5
best_alpha
0.008
best_lambda
0.9554214541061
CV inner loop, CV rep: 8
best_alpha
0.008
best_lambda
0.982531480394061
CV inner loop, CV rep: 3
best_alpha
0.008
best_lambda
1.03243302468708
Class: Bile_Duct_Cancer
CV repetition number: 9
CV inner loop, CV rep: 9
best_alpha
0.008
best_lambda
1.02046427628075
Class: Bile_Duct_Cancer
CV repetition number: 10
CV inner loop, CV rep: 10
best_alpha
0.027
best_lambda
0.389381380048252
CV inner loop, CV rep: 6
best_alpha
0.027
best_lambda
0.370503354455403
CV inner loop, CV rep: 4
best_alpha
0.027
best_lambda
0.429923591330285
CV inner loop, CV rep: 7
best_alpha
0.008
best_lambda
1.09610511209503
CV inner loop, CV rep: 5
best_alpha
0.008
best_lambda
1.1653744633686
CV inner loop, CV rep: 8
best_alpha
0.064
best_lambda
0.198673487497837
CV inner loop, CV rep: 3
best_alpha
0.008
best_lambda
1.10609983788984
CV inner loop, CV rep: 10
best_alpha
0.001
best_lambda
3.03555967087669
CV inner loop, CV rep: 9
best_alpha
0.008
best_lambda
1.00242837254294
CV inner loop, CV rep: 6
best_alpha
0.008
best_lambda
1.05498171827489
CV inner loop, CV rep: 4
best_alpha
0.027
best_lambda
0.400233640094014
CV inner loop, CV rep: 7
best_alpha
0.001
best_lambda
3.67782882565614
CV inner loop, CV rep: 5
best_alpha
0.008
best_lambda
1.01272693111134
CV inner loop, CV rep: 8
best_alpha
0.008
best_lambda
0.973831889314274
CV inner loop, CV rep: 10
best_alpha
0.008
best_lambda
1.29977463758679
CV inner loop, CV rep: 9
best_alpha
0.001
best_lambda
2.99752231309085
CV inner loop, CV rep: 3
best_alpha
0.027
best_lambda
0.396528530595136
CV inner loop, CV rep: 6
best_alpha
0.008
best_lambda
1.15065152771471
CV inner loop, CV rep: 4
best_alpha
0.008
best_lambda
0.999189998679221
CV inner loop, CV rep: 7
best_alpha
0.008
best_lambda
1.1952734230434
CV inner loop, CV rep: 8
best_alpha
0.027
best_lambda
0.387186555902873
CV inner loop, CV rep: 10
best_alpha
0.008
best_lambda
1.05740480617639
CV inner loop, CV rep: 9
best_alpha
0.008
best_lambda
1.17298646685828
CV inner loop, CV rep: 4
best_alpha
0.008
best_lambda
1.01918750922876
CV inner loop, CV rep: 6
best_alpha
0.008
best_lambda
0.97327334565221
CV inner loop, CV rep: 7
best_alpha
0.008
best_lambda
0.975525047837232
CV inner loop, CV rep: 5
best_alpha
0.008
best_lambda
0.986479201364891
Class: Pancreatic_Cancer
CV repetition number: 1
CV inner loop, CV rep: 1
best_alpha
0.008
best_lambda
0.968675414375783
CV inner loop, CV rep: 8
best_alpha
0.008
best_lambda
1.0224856134917
CV inner loop, CV rep: 10
best_alpha
0.001
best_lambda
3.39720077249499
CV inner loop, CV rep: 9
best_alpha
0.001
best_lambda
3.42703092598458
CV inner loop, CV rep: 6
best_alpha
0.001
best_lambda
3.16259405339833
CV inner loop, CV rep: 4
best_alpha
0.001
best_lambda
3.43124392761513
CV inner loop, CV rep: 7
best_alpha
0.008
best_lambda
1.0853222836144
CV inner loop, CV rep: 5
best_alpha
0.027
best_lambda
0.456155683370652
CV inner loop, CV rep: 8
best_alpha
0.001
best_lambda
4.50828048969785
CV inner loop, CV rep: 1
best_alpha
0.008
best_lambda
1.05681059341128
CV inner loop, CV rep: 10
best_alpha
0.027
best_lambda
0.445859628005567
CV inner loop, CV rep: 9
best_alpha
0.512
best_lambda
0.0296572370945788
Class: Pancreatic_Cancer
CV repetition number: 2
CV inner loop, CV rep: 2
best_alpha
0.001
best_lambda
3.05271943423639
CV inner loop, CV rep: 6
best_alpha
0.008
best_lambda
1.04605760525111
CV inner loop, CV rep: 7
best_alpha
0.008
best_lambda
1.03088167940439
CV inner loop, CV rep: 5
best_alpha
0.008
best_lambda
1.08605382989333
CV inner loop, CV rep: 8
best_alpha
0.001
best_lambda
3.84949699951948
CV inner loop, CV rep: 1
best_alpha
0.008
best_lambda
1.02029161011171
CV inner loop, CV rep: 9
best_alpha
0.008
best_lambda
1.09935493354054
CV inner loop, CV rep: 10
best_alpha
0.001
best_lambda
4.49490658976107
CV inner loop, CV rep: 2
best_alpha
0.001
best_lambda
3.25143530666924
Class: Pancreatic_Cancer
CV repetition number: 3
CV inner loop, CV rep: 3
best_alpha
0.008
best_lambda
1.14002452126751
Class: Pancreatic_Cancer
CV repetition number: 4
CV inner loop, CV rep: 4
best_alpha
0.125
best_lambda
0.127106104793883
Class: Pancreatic_Cancer
CV repetition number: 5
CV inner loop, CV rep: 5
best_alpha
0.008
best_lambda
0.91915082813554
Class: Pancreatic_Cancer
CV repetition number: 6
CV inner loop, CV rep: 6
best_alpha
0.216
best_lambda
0.0692654931851772
CV inner loop, CV rep: 1
best_alpha
0.027
best_lambda
0.409341420216635
CV inner loop, CV rep: 10
best_alpha
0.125
best_lambda
0.131600700424301
CV inner loop, CV rep: 2
best_alpha
0.008
best_lambda
1.10012255407178
CV inner loop, CV rep: 9
best_alpha
0.001
best_lambda
3.32821712467269
CV inner loop, CV rep: 4
best_alpha
0.001
best_lambda
4.05317292552044
CV inner loop, CV rep: 3
best_alpha
0
best_lambda
7.59484963423582
CV inner loop, CV rep: 5
best_alpha
0
best_lambda
8.39387551158512
CV inner loop, CV rep: 6
best_alpha
0.008
best_lambda
1.10289712139215
CV inner loop, CV rep: 10
best_alpha
0
best_lambda
6.39180272537785
CV inner loop, CV rep: 1
best_alpha
0.008
best_lambda
0.954918629424726
CV inner loop, CV rep: 9
best_alpha
0
best_lambda
5.88737459422866
CV inner loop, CV rep: 2
best_alpha
0.001
best_lambda
5.08561942694894
CV inner loop, CV rep: 5
best_alpha
0
best_lambda
6.58745012286414
CV inner loop, CV rep: 4
best_alpha
0
best_lambda
6.31924423939014
CV inner loop, CV rep: 3
best_alpha
0.001
best_lambda
4.238111489088
CV inner loop, CV rep: 6
best_alpha
0.001
best_lambda
3.38205987967996
CV inner loop, CV rep: 10
best_alpha
0.008
best_lambda
1.03529889434989
CV inner loop, CV rep: 9
best_alpha
0
best_lambda
6.4485046766104
CV inner loop, CV rep: 1
best_alpha
0
best_lambda
8.28205889455753
CV inner loop, CV rep: 2
best_alpha
0.001
best_lambda
3.84733739972143
CV inner loop, CV rep: 5
best_alpha
0
best_lambda
6.01350282672093
CV inner loop, CV rep: 4
best_alpha
0.008
best_lambda
1.12338832815894
Class: Pancreatic_Cancer
CV repetition number: 7
CV inner loop, CV rep: 7
best_alpha
0
best_lambda
8.25040498796338
CV inner loop, CV rep: 3
best_alpha
0.027
best_lambda
0.387986926365119
Class: Pancreatic_Cancer
CV repetition number: 8
CV inner loop, CV rep: 8
best_alpha
0
best_lambda
6.06992465830264
CV inner loop, CV rep: 6
best_alpha
0.001
best_lambda
3.87919732811164
CV inner loop, CV rep: 1
best_alpha
0
best_lambda
6.49724915773434
CV inner loop, CV rep: 2
best_alpha
0
best_lambda
6.06525650457943
CV inner loop, CV rep: 5
best_alpha
0.001
best_lambda
3.50627878611779
CV inner loop, CV rep: 4
best_alpha
0.001
best_lambda
3.80659449770268
CV inner loop, CV rep: 8
best_alpha
0.001
best_lambda
3.26227746670507
CV inner loop, CV rep: 3
best_alpha
0
best_lambda
5.77266752714129
CV inner loop, CV rep: 7
best_alpha
0.064
best_lambda
0.208422824651979
CV inner loop, CV rep: 6
best_alpha
0
best_lambda
6.32528868024917
CV inner loop, CV rep: 1
best_alpha
0.001
best_lambda
3.80078301491848
CV inner loop, CV rep: 2
best_alpha
0.001
best_lambda
3.46499645734198
CV inner loop, CV rep: 5
best_alpha
0.027
best_lambda
0.451110116436119
CV inner loop, CV rep: 4
best_alpha
0.125
best_lambda
0.112482275466576
CV inner loop, CV rep: 7
best_alpha
0
best_lambda
5.59151425975647
CV inner loop, CV rep: 8
best_alpha
0
best_lambda
5.42481539818216
CV inner loop, CV rep: 6
best_alpha
0
best_lambda
5.75624140199064
CV inner loop, CV rep: 3
best_alpha
0.001
best_lambda
4.08740340205436
CV inner loop, CV rep: 1
best_alpha
0.008
best_lambda
1.20318313206695
CV inner loop, CV rep: 4
best_alpha
0
best_lambda
6.40713033740965
CV inner loop, CV rep: 2
best_alpha
0
best_lambda
6.96915810265997
CV inner loop, CV rep: 5
best_alpha
0
best_lambda
6.27733276804807
CV inner loop, CV rep: 7
best_alpha
0.001
best_lambda
3.90868402183348
CV inner loop, CV rep: 6
best_alpha
0
best_lambda
7.40158395812394
CV inner loop, CV rep: 8
best_alpha
0
best_lambda
7.06486511143719
CV inner loop, CV rep: 3
best_alpha
0
best_lambda
6.05063085906847
CV inner loop, CV rep: 1
best_alpha
0.001
best_lambda
3.76129733722146
CV inner loop, CV rep: 2
best_alpha
0.001
best_lambda
3.57550154321155
CV inner loop, CV rep: 5
best_alpha
0
best_lambda
6.59722898535839
CV inner loop, CV rep: 4
best_alpha
0.001
best_lambda
3.64552325164847
CV inner loop, CV rep: 7
best_alpha
0.001
best_lambda
3.40805442795077
CV inner loop, CV rep: 6
best_alpha
0.001
best_lambda
3.35650666035539
CV inner loop, CV rep: 8
best_alpha
0.001
best_lambda
3.07994907862292
Class: Pancreatic_Cancer
CV repetition number: 9
CV inner loop, CV rep: 9
best_alpha
0.001
best_lambda
3.76253576121289
CV inner loop, CV rep: 3
best_alpha
0.001
best_lambda
4.31824762139416
CV inner loop, CV rep: 2
best_alpha
0
best_lambda
6.29261450981579
CV inner loop, CV rep: 5
best_alpha
0.001
best_lambda
3.60571906870211
CV inner loop, CV rep: 7
best_alpha
0
best_lambda
6.64512972429357
CV inner loop, CV rep: 4
best_alpha
0
best_lambda
9.12351143439652
CV inner loop, CV rep: 6
best_alpha
0
best_lambda
7.71228202718813
CV inner loop, CV rep: 8
best_alpha
0
best_lambda
6.27524142227674
CV inner loop, CV rep: 9
best_alpha
0.001
best_lambda
3.59319971822408
Class: Pancreatic_Cancer
CV repetition number: 10
CV inner loop, CV rep: 10
best_alpha
0
best_lambda
6.58145479146316
CV inner loop, CV rep: 3
best_alpha
0.001
best_lambda
4.24338654499003
CV inner loop, CV rep: 4
best_alpha
0.001
best_lambda
3.71158935013887
CV inner loop, CV rep: 5
best_alpha
0
best_lambda
7.64544048563451
CV inner loop, CV rep: 7
best_alpha
0
best_lambda
5.62693518574098
CV inner loop, CV rep: 6
best_alpha
0.125
best_lambda
0.128313495938454
CV inner loop, CV rep: 9
best_alpha
0
best_lambda
6.13792999576291
CV inner loop, CV rep: 8
best_alpha
0.001
best_lambda
3.78985949084351
CV inner loop, CV rep: 10
best_alpha
0.064
best_lambda
0.213184505784585
Class: Breast_Cancer
CV repetition number: 1
CV inner loop, CV rep: 1
best_alpha
0.001
best_lambda
3.49433286850861
CV inner loop, CV rep: 3
best_alpha
0
best_lambda
6.70155794086121
Class: Breast_Cancer
CV repetition number: 2
CV inner loop, CV rep: 2
best_alpha
0.001
best_lambda
3.62790277959487
CV inner loop, CV rep: 7
best_alpha
0
best_lambda
5.75718747121499
CV inner loop, CV rep: 9
best_alpha
0
best_lambda
6.48753062184129
Class: Breast_Cancer
CV repetition number: 3
CV inner loop, CV rep: 3
best_alpha
0.001
best_lambda
3.7436306599791
CV inner loop, CV rep: 10
best_alpha
0.125
best_lambda
0.13648881737529
Class: Breast_Cancer
CV repetition number: 4
CV inner loop, CV rep: 4
best_alpha
0
best_lambda
5.96304156286297
CV inner loop, CV rep: 8
best_alpha
0.001
best_lambda
2.7615358630509
CV inner loop, CV rep: 1
best_alpha
0.001
best_lambda
1.62278149236876
CV inner loop, CV rep: 2
best_alpha
0.001
best_lambda
4.46793201848815
CV inner loop, CV rep: 7
best_alpha
0.001
best_lambda
3.77647775258303
CV inner loop, CV rep: 9
best_alpha
0.008
best_lambda
1.05997589622915
CV inner loop, CV rep: 10
best_alpha
0
best_lambda
2.98465590507814
CV inner loop, CV rep: 3
best_alpha
0.001
best_lambda
3.64765387216203
CV inner loop, CV rep: 8
best_alpha
0
best_lambda
3.38503255294267
CV inner loop, CV rep: 4
best_alpha
0
best_lambda
3.48145714794148
CV inner loop, CV rep: 1
best_alpha
0
best_lambda
2.67845243261683
CV inner loop, CV rep: 2
best_alpha
0
best_lambda
6.1955191072925
CV inner loop, CV rep: 7
best_alpha
0.001
best_lambda
3.79553118809757
CV inner loop, CV rep: 10
best_alpha
0
best_lambda
6.80649287955904
CV inner loop, CV rep: 9
best_alpha
0
best_lambda
3.17068265855968
CV inner loop, CV rep: 3
best_alpha
0
best_lambda
6.68625055767217
CV inner loop, CV rep: 8
best_alpha
0.001
best_lambda
2.18999978720086
CV inner loop, CV rep: 1
best_alpha
0
best_lambda
2.6023189122627
CV inner loop, CV rep: 4
best_alpha
0
best_lambda
3.22509083931821
CV inner loop, CV rep: 2
best_alpha
0
best_lambda
5.76590751134665
CV inner loop, CV rep: 10
best_alpha
0.001
best_lambda
3.29816754531817
CV inner loop, CV rep: 9
best_alpha
0
best_lambda
5.76727627405308
Class: Breast_Cancer
CV repetition number: 5
CV inner loop, CV rep: 5
best_alpha
0.001
best_lambda
3.88843202608852
Class: Breast_Cancer
CV repetition number: 6
CV inner loop, CV rep: 6
best_alpha
0.001
best_lambda
2.16438044296751
CV inner loop, CV rep: 1
best_alpha
0
best_lambda
2.61363489377264
CV inner loop, CV rep: 3
best_alpha
0
best_lambda
2.78641694137053
CV inner loop, CV rep: 4
best_alpha
0.001
best_lambda
3.55188136262047
CV inner loop, CV rep: 10
best_alpha
0
best_lambda
3.14499217575913
CV inner loop, CV rep: 2
best_alpha
0.001
best_lambda
3.7600094487293
CV inner loop, CV rep: 9
best_alpha
0.001
best_lambda
2.1263869023827
CV inner loop, CV rep: 6
best_alpha
0
best_lambda
3.09461912597784
CV inner loop, CV rep: 5
best_alpha
0.001
best_lambda
1.78261256442245
CV inner loop, CV rep: 3
best_alpha
0
best_lambda
3.18400224129162
CV inner loop, CV rep: 1
best_alpha
0
best_lambda
2.76978453686163
CV inner loop, CV rep: 4
best_alpha
0.001
best_lambda
4.23774541648227
CV inner loop, CV rep: 10
best_alpha
0.001
best_lambda
3.4603860627322
CV inner loop, CV rep: 9
best_alpha
0
best_lambda
3.20612224864535
CV inner loop, CV rep: 2
best_alpha
0
best_lambda
2.70272250167706
CV inner loop, CV rep: 6
best_alpha
0
best_lambda
3.1738782674037
CV inner loop, CV rep: 5
best_alpha
0
best_lambda
3.05021582545112
CV inner loop, CV rep: 3
best_alpha
0
best_lambda
2.90082461866102
CV inner loop, CV rep: 1
best_alpha
0.001
best_lambda
2.45318382976402
CV inner loop, CV rep: 4
best_alpha
0
best_lambda
7.65987479401316
CV inner loop, CV rep: 10
best_alpha
0.001
best_lambda
4.65010325345958
CV inner loop, CV rep: 9
best_alpha
0.001
best_lambda
1.86396166836158
CV inner loop, CV rep: 2
best_alpha
0
best_lambda
2.89757990424708
CV inner loop, CV rep: 5
best_alpha
0
best_lambda
3.46355572559189
CV inner loop, CV rep: 6
best_alpha
0
best_lambda
3.55759217600818
CV inner loop, CV rep: 3
best_alpha
0
best_lambda
2.62615619171478
CV inner loop, CV rep: 1
best_alpha
0.343
best_lambda
0.051228967816481
CV inner loop, CV rep: 10
best_alpha
0
best_lambda
3.26523844509749
CV inner loop, CV rep: 4
best_alpha
0
best_lambda
7.15189327714359
Class: Breast_Cancer
CV repetition number: 7
CV inner loop, CV rep: 7
best_alpha
0
best_lambda
2.88599074573269
CV inner loop, CV rep: 2
best_alpha
0.001
best_lambda
2.0600276588089
CV inner loop, CV rep: 5
best_alpha
0.008
best_lambda
0.628501088707929
CV inner loop, CV rep: 1
best_alpha
0
best_lambda
2.65919230331054
CV inner loop, CV rep: 3
best_alpha
0
best_lambda
3.12908452659588
CV inner loop, CV rep: 6
best_alpha
0
best_lambda
6.84638160156718
Class: Breast_Cancer
CV repetition number: 8
CV inner loop, CV rep: 8
best_alpha
0
best_lambda
3.3231235992758
CV inner loop, CV rep: 4
best_alpha
0
best_lambda
3.30157338683714
CV inner loop, CV rep: 7
best_alpha
0
best_lambda
2.65507423656478
CV inner loop, CV rep: 2
best_alpha
0.001
best_lambda
1.97999668681109
CV inner loop, CV rep: 6
best_alpha
0
best_lambda
3.27179691672839
CV inner loop, CV rep: 5
best_alpha
0
best_lambda
2.6913353541455
CV inner loop, CV rep: 1
best_alpha
0
best_lambda
2.69678474375441
CV inner loop, CV rep: 3
best_alpha
0
best_lambda
3.41596499939064
CV inner loop, CV rep: 8
best_alpha
0
best_lambda
3.38019409471523
CV inner loop, CV rep: 4
best_alpha
0
best_lambda
2.76255497453685
CV inner loop, CV rep: 7
best_alpha
0
best_lambda
2.97929419404127
CV inner loop, CV rep: 2
best_alpha
0
best_lambda
3.11188728046236
CV inner loop, CV rep: 6
best_alpha
0
best_lambda
2.52883766001445
CV inner loop, CV rep: 5
best_alpha
0
best_lambda
2.47466879578451
CV inner loop, CV rep: 3
best_alpha
0.008
best_lambda
0.822718841043007
CV inner loop, CV rep: 8
best_alpha
0
best_lambda
2.82997909531806
Class: Breast_Cancer
CV repetition number: 9
CV inner loop, CV rep: 9
best_alpha
0.001
best_lambda
2.15381892730794
Class: Breast_Cancer
CV repetition number: 10
CV inner loop, CV rep: 10
best_alpha
0
best_lambda
3.10951302149427
CV inner loop, CV rep: 7
best_alpha
0
best_lambda
3.00591307935047
CV inner loop, CV rep: 4
best_alpha
0
best_lambda
3.26440553388712
CV inner loop, CV rep: 6
best_alpha
0
best_lambda
2.73386163786984
CV inner loop, CV rep: 5
best_alpha
0
best_lambda
3.16106036719314
Class: Colorectal_Cancer
CV repetition number: 1
CV inner loop, CV rep: 1
best_alpha
0.001
best_lambda
2.06755552051437
CV inner loop, CV rep: 9
best_alpha
0
best_lambda
2.78057642779395
CV inner loop, CV rep: 8
best_alpha
0.001
best_lambda
2.12717347288168
CV inner loop, CV rep: 10
best_alpha
0.001
best_lambda
1.77821307134668
CV inner loop, CV rep: 7
best_alpha
0
best_lambda
2.32234784251602
Class: Colorectal_Cancer
CV repetition number: 2
CV inner loop, CV rep: 2
best_alpha
0.001
best_lambda
1.73487011384583
CV inner loop, CV rep: 5
best_alpha
0.027
best_lambda
0.363805647067862
CV inner loop, CV rep: 1
best_alpha
0
best_lambda
2.90011311742047
CV inner loop, CV rep: 6
best_alpha
0
best_lambda
2.93322562701709
CV inner loop, CV rep: 9
best_alpha
0
best_lambda
2.26026893363093
CV inner loop, CV rep: 8
best_alpha
1
best_lambda
0.0248742660420322
CV inner loop, CV rep: 2
best_alpha
0.001
best_lambda
2.19027084205047
CV inner loop, CV rep: 7
best_alpha
0
best_lambda
2.98235108687612
CV inner loop, CV rep: 10
best_alpha
0.001
best_lambda
2.17324392908517
CV inner loop, CV rep: 5
best_alpha
0.064
best_lambda
0.218893770662057
CV inner loop, CV rep: 1
best_alpha
0
best_lambda
2.41948096732261
CV inner loop, CV rep: 6
best_alpha
0
best_lambda
2.84817583142227
CV inner loop, CV rep: 9
best_alpha
0
best_lambda
2.87248069640169
CV inner loop, CV rep: 8
best_alpha
0.008
best_lambda
0.999090098174255
CV inner loop, CV rep: 2
best_alpha
0
best_lambda
2.59814046344814
CV inner loop, CV rep: 7
best_alpha
0.027
best_lambda
0.437123651698161
CV inner loop, CV rep: 1
best_alpha
0.001
best_lambda
1.92193686848937
Class: Colorectal_Cancer
CV repetition number: 3
CV inner loop, CV rep: 3
best_alpha
0
best_lambda
2.37226725606027
CV inner loop, CV rep: 10
best_alpha
0
best_lambda
2.98686040734281
Class: Colorectal_Cancer
CV repetition number: 4
CV inner loop, CV rep: 4
best_alpha
0.008
best_lambda
0.928796457144605
CV inner loop, CV rep: 2
best_alpha
0.125
best_lambda
0.122338000057328
best_alpha
0
best_lambda
2.85642498559153
CV inner loop, CV rep: 9
best_alpha
0
best_lambda
2.98262707138673
CV inner loop, CV rep: 8
CV inner loop, CV rep: 1
best_alpha
0.001
best_lambda
2.58542875095209
CV inner loop, CV rep: 3
best_alpha
0
best_lambda
3.14794181478148
CV inner loop, CV rep: 7
best_alpha
0.001
best_lambda
2.4864795213011
CV inner loop, CV rep: 10
best_alpha
0.512
best_lambda
0.0391658336146726
CV inner loop, CV rep: 4
best_alpha
0.001
best_lambda
3.15620024690338
CV inner loop, CV rep: 2
best_alpha
0.001
best_lambda
2.01141162615142
CV inner loop, CV rep: 8
best_alpha
0.216
best_lambda
0.0845806884215223
CV inner loop, CV rep: 3
best_alpha
0.343
best_lambda
0.0581472288142135
CV inner loop, CV rep: 1
best_alpha
0
best_lambda
3.15927567661664
CV inner loop, CV rep: 9
best_alpha
0
best_lambda
3.08085901334015
CV inner loop, CV rep: 7
best_alpha
0.027
best_lambda
0.407106780651071
best_alpha
0
best_lambda
2.49376163974486
CV inner loop, CV rep: 10
best_alpha
0.729
best_lambda
0.0245730144380472
CV inner loop, CV rep: 2
best_alpha
0.343
best_lambda
0.0668244982603108
CV inner loop, CV rep: 3
best_alpha
0.343
best_lambda
0.0585666376462144
CV inner loop, CV rep: 1
CV inner loop, CV rep: 4
best_alpha
0
best_lambda
3.35995693010302
CV inner loop, CV rep: 8
best_alpha
0
best_lambda
2.62270123124153
CV inner loop, CV rep: 9
best_alpha
0
best_lambda
2.85383498169936
CV inner loop, CV rep: 7
best_alpha
0.008
best_lambda
1.06629983778638
CV inner loop, CV rep: 3
best_alpha
0
best_lambda
3.13316008065488
CV inner loop, CV rep: 10
best_alpha
0.008
best_lambda
1.02177662190634
CV inner loop, CV rep: 1
best_alpha
0
best_lambda
4.8788130370359
CV inner loop, CV rep: 2
best_alpha
0
best_lambda
4.18678387427779
CV inner loop, CV rep: 4
best_alpha
0
best_lambda
2.96742422325324
CV inner loop, CV rep: 8
best_alpha
0
best_lambda
3.04701981693727
CV inner loop, CV rep: 9
best_alpha
0.008
best_lambda
0.927959409450696
CV inner loop, CV rep: 3
best_alpha
0.008
best_lambda
0.972763091469295
CV inner loop, CV rep: 1
best_alpha
0
best_lambda
2.39005822643269
Class: Colorectal_Cancer
CV repetition number: 5
CV inner loop, CV rep: 5
best_alpha
0
best_lambda
2.92589578897844
CV inner loop, CV rep: 10
best_alpha
0.001
best_lambda
3.0794561517034
CV inner loop, CV rep: 2
best_alpha
0.216
best_lambda
0.0741011443842505
best_alpha
0.001
best_lambda
1.94955123480892
Class: Colorectal_Cancer
CV repetition number: 6
CV inner loop, CV rep: 6
CV inner loop, CV rep: 4
best_alpha
0.008
best_lambda
0.995800027040949
CV inner loop, CV rep: 3
best_alpha
0
best_lambda
2.63360029714567
CV inner loop, CV rep: 9
best_alpha
0.027
best_lambda
0.451013102810123
CV inner loop, CV rep: 1
best_alpha
0.125
best_lambda
0.104405529048614
CV inner loop, CV rep: 5
best_alpha
0.027
best_lambda
0.389385307714031
best_alpha
0
best_lambda
2.54268030561535
CV inner loop, CV rep: 10
best_alpha
0.008
best_lambda
1.1654844404496
CV inner loop, CV rep: 6
best_alpha
0.027
best_lambda
0.442869087985278
CV inner loop, CV rep: 3
best_alpha
0.008
best_lambda
0.906746390538934
CV inner loop, CV rep: 4
CV inner loop, CV rep: 2
best_alpha
0.001
best_lambda
2.96000804462603
CV inner loop, CV rep: 5
best_alpha
0
best_lambda
2.23894073398523
CV inner loop, CV rep: 9
best_alpha
0
best_lambda
4.28140802544055
Class: Colorectal_Cancer
CV repetition number: 7
CV inner loop, CV rep: 7
best_alpha
0.125
best_lambda
0.109890174619249
best_alpha
0.008
best_lambda
0.96898949151546
CV inner loop, CV rep: 6
best_alpha
0
best_lambda
2.79386499044075
CV inner loop, CV rep: 10
best_alpha
0.027
best_lambda
0.443322629444233
CV inner loop, CV rep: 3
CV inner loop, CV rep: 4
best_alpha
0.027
best_lambda
0.476075629235194
CV inner loop, CV rep: 2
best_alpha
0.343
best_lambda
0.0617682342493874
CV inner loop, CV rep: 5
best_alpha
0.216
best_lambda
0.0817944969597065
CV inner loop, CV rep: 7
best_alpha
0
best_lambda
2.67576191491314
Class: Colorectal_Cancer
CV repetition number: 8
CV inner loop, CV rep: 8
best_alpha
0.125
best_lambda
0.130851926822601
CV inner loop, CV rep: 3
best_alpha
0.008
best_lambda
0.979451483793233
CV inner loop, CV rep: 6
best_alpha
0.001
best_lambda
1.78572975917706
Class: Colorectal_Cancer
CV repetition number: 9
CV inner loop, CV rep: 9
best_alpha
0.125
best_lambda
0.105278457379504
best_alpha
1
best_lambda
0.0253108140637297
CV inner loop, CV rep: 7
best_alpha
0
best_lambda
5.2080484758273
CV inner loop, CV rep: 4
Class: Colorectal_Cancer
CV repetition number: 10
CV inner loop, CV rep: 10
best_alpha
0
best_lambda
3.99502322315373
CV inner loop, CV rep: 5
best_alpha
0.125
best_lambda
0.112289280866611
best_alpha
0.064
best_lambda
0.225097196685006
best_alpha
0
best_lambda
4.33624995996559
CV inner loop, CV rep: 8
best_alpha
0.001
best_lambda
2.71537946951094
CV inner loop, CV rep: 9
CV inner loop, CV rep: 6
best_alpha
0.008
best_lambda
1.00484758957984
CV inner loop, CV rep: 7
best_alpha
0.008
best_lambda
0.969363728626279
CV inner loop, CV rep: 4
best_alpha
0.008
best_lambda
0.991295349567007
CV inner loop, CV rep: 10
best_alpha
0.064
best_lambda
0.221865716280345
CV inner loop, CV rep: 5
best_alpha
0.729
best_lambda
0.0194389191031621
CV inner loop, CV rep: 8
best_alpha
0.216
best_lambda
0.0720133962159524
CV inner loop, CV rep: 9
best_alpha
0.008
best_lambda
0.981260199734548
CV inner loop, CV rep: 7
best_alpha
0
best_lambda
4.82219171537893
CV inner loop, CV rep: 6
best_alpha
0.008
best_lambda
1.13638560983285
CV inner loop, CV rep: 4
best_alpha
0.001
best_lambda
3.07690189261642
CV inner loop, CV rep: 10
best_alpha
0.216
best_lambda
0.0778427327393232
CV inner loop, CV rep: 5
best_alpha
0.125
best_lambda
0.104151152770518
CV inner loop, CV rep: 9
best_alpha
0.008
best_lambda
1.10724636208386
CV inner loop, CV rep: 8
best_alpha
0.001
best_lambda
3.40754095896903
CV inner loop, CV rep: 7
best_alpha
0.064
best_lambda
0.189105866183453
CV inner loop, CV rep: 6
best_alpha
0.064
best_lambda
0.190580194047647
best_alpha
0.008
best_lambda
1.15967894093728
CV inner loop, CV rep: 10
best_alpha
0.008
best_lambda
0.860465168109147
CV inner loop, CV rep: 9
best_alpha
0.343
best_lambda
0.0643085240265499
CV inner loop, CV rep: 8
best_alpha
0
best_lambda
5.17228262006531
CV inner loop, CV rep: 5
best_alpha
0.008
best_lambda
1.02095415915141
CV inner loop, CV rep: 10
best_alpha
0
best_lambda
4.765372290151
CV inner loop, CV rep: 7
best_alpha
0
best_lambda
4.61938239935053
CV inner loop, CV rep: 6
best_alpha
0.729
best_lambda
0.0207062768068556
best_alpha
0.027
best_lambda
0.332193085706833
CV inner loop, CV rep: 9
CV inner loop, CV rep: 8
best_alpha
0
best_lambda
4.20992980614653
CV inner loop, CV rep: 5
best_alpha
0.001
best_lambda
3.54570031946248
CV inner loop, CV rep: 10
best_alpha
0.027
best_lambda
0.360507989764249
CV inner loop, CV rep: 6
best_alpha
0.001
best_lambda
3.06996256371534
CV inner loop, CV rep: 7
best_alpha
0.001
best_lambda
3.11579375363818
CV inner loop, CV rep: 8
best_alpha
0
best_lambda
5.34935085670806
CV inner loop, CV rep: 9
best_alpha
0.027
best_lambda
0.401604847102029
CV inner loop, CV rep: 5
best_alpha
0.216
best_lambda
0.0613989088238844
best_alpha
0.008
best_lambda
1.06730541419938
CV inner loop, CV rep: 6
best_alpha
1
best_lambda
0.0126765705921287
CV inner loop, CV rep: 10
CV inner loop, CV rep: 7
best_alpha
1
best_lambda
0.0295880211518448
CV inner loop, CV rep: 8
best_alpha
0.008
best_lambda
1.02269107972211
CV inner loop, CV rep: 9
best_alpha
0
best_lambda
4.61876370738652
best_alpha
0.216
best_lambda
0.0879325552438116
best_alpha
0.064
best_lambda
0.224538149376784
CV inner loop, CV rep: 10
best_alpha
0.512
best_lambda
0.0418976524802865
CV inner loop, CV rep: 9
best_alpha
0
best_lambda
4.46544703659738
best_alpha
0
best_lambda
4.28345599904147
CV inner loop, CV rep: 8
best_alpha
0.008
best_lambda
0.763284486601478
best_alpha
0.008
best_lambda
1.08999613690998
CV inner loop, CV rep: 9
best_alpha
0.001
best_lambda
3.10888495412521
CV inner loop, CV rep: 8
CV inner loop, CV rep: 10
best_alpha
0.001
best_lambda
3.09610857732396
best_alpha
0
best_lambda
4.55649789018247
best_alpha
0.027
best_lambda
0.396217735604569
CV inner loop, CV rep: 10
best_alpha
0.216
best_lambda
0.0650702813292776
CV inner loop, CV rep: 7
best_alpha
0.216
best_lambda
0.076145795785261
There were 24 warnings (use warnings() to see them)
There were 28 warnings (use warnings() to see them)
Warning messages:
 There were 16 warnings (use warnings() to see them)       observed
 CV_rep Gastric_cancer_predThere were 24 warnings (use warnings() to see them) Ovarian_Cancer_pred

1There were 20 warnings (use warnings() to see them) Gastric_cancerThere were 14 warnings (use warnings() to see them)      1
          0.05104886          0.50000000
2 Gastric_cancer      1          0.50000000There were 16 warnings (use warnings() to see them)          0.040917281: from glmnet Fortran code (error code -1); Convergence for 1th lambda value not reached after maxit=100000 iterations; solutions for larger lambdas returned 

3
 Gastric_cancer      1
          0.500000002:           0.03468989In getcoef(fit, nvars, nx, vnames) :
4
  Gastric_cancer an empty model has been returned; probably a convergence issue
      13: from glmnet Fortran code (error code -1); Convergence for 1th lambda value not reached after maxit=100000 iterations; solutions for larger lambdas returned 
          0.500000004:           0.03426308In getcoef(fit, nvars, nx, vnames) :
5
  an empty model has been returned; probably a convergence issue
5: from glmnet Fortran code (error code -1); Convergence for 1th lambda value not reached after maxit=100000 iterations; solutions for larger lambdas returned 
6: In getcoef(fit, nvars, nx, vnames) :
  an empty model has been returned; probably a convergence issue
 Ovarian_Cancer      1          0.50000000          0.05423901
6 Ovarian_Cancer      1          0.50000000          0.50000000
  Lung_Cancer_pred Healthy_pred Bile_Duct_Cancer_pred Pancreatic_Cancer_pred
1      0.500000000  0.465768879            0.03832717             0.02881190
2      0.500000000  0.277367696            0.03336596             0.03015311
3      0.009923882  0.004867606            0.26037097             0.68548044
4      0.077783289  0.865065242            0.01425422             0.02293602
5      0.075128446  0.464240264            0.02571145             0.03676751
6      0.500000000  0.054523557            0.05721168             0.08349495
  Breast_Cancer_pred Colorectal_Cancer_pred
1         0.08872340             0.02862039
2         0.05106866             0.03441618
3         0.02446800             0.05002693
4         0.09245425             0.04396923
5         0.08938984             0.04020519
6         0.07992692             0.04217027
        observed CV_rep Gastric_cancer Ovarian_Cancer Lung_Cancer     Healthy
1 Gastric_cancer      1     0.05104886     0.50000000 0.500000000 0.465768879
2 Gastric_cancer      1     0.50000000     0.04091728 0.500000000 0.277367696
3 Gastric_cancer      1     0.50000000     0.03468989 0.009923882 0.004867606
4 Gastric_cancer      1     0.50000000     0.03426308 0.077783289 0.865065242
5 Ovarian_Cancer      1     0.50000000     0.05423901 0.075128446 0.464240264
6 Ovarian_Cancer      1     0.50000000     0.50000000 0.500000000 0.054523557
  Bile_Duct_Cancer Pancreatic_Cancer Breast_Cancer Colorectal_Cancer
1       0.03832717        0.02881190    0.08872340        0.02862039
2       0.03336596        0.03015311    0.05106866        0.03441618
3       0.26037097        0.68548044    0.02446800        0.05002693
4       0.01425422        0.02293602    0.09245425        0.04396923
5       0.02571145        0.03676751    0.08938984        0.04020519
6       0.05721168        0.08349495    0.07992692        0.04217027
[1] "AUC calculation with pROC package == One vs. one"
[1] "The AUC of the first CV repetition: 0.726263222749149"
[1] "The mean AUC of all the CV repetitions: 0.738335660454585"
[1] "Run the multiROC and plotting for all the CV repetitions"
There were 50 or more warnings (use warnings() to see the first 50)
New names:
* Specificity -> Specificity...1
* Specificity -> Specificity...2
* Specificity -> Specificity...3
* Specificity -> Specificity...4
* Specificity -> Specificity...5
* ...
New names:
* Sensitivity -> Sensitivity...1
* Sensitivity -> Sensitivity...2
* Sensitivity -> Sensitivity...3
* Sensitivity -> Sensitivity...4
* Sensitivity -> Sensitivity...5
* ...
# A tibble: 10 × 10
   lasso.Bile_Duct_Cancer lasso.Breast_Cancer lasso.Colorectal… lasso.Gastric_c…
                    <dbl>               <dbl>             <dbl>            <dbl>
 1                  0.857               0.807             0.688            0.697
 2                  0.847               0.817             0.633            0.738
 3                  0.842               0.818             0.791            0.696
 4                  0.822               0.815             0.564            0.619
 5                  0.844               0.808             0.696            0.652
 6                  0.841               0.810             0.673            0.695
 7                  0.846               0.814             0.588            0.642
 8                  0.843               0.814             0.652            0.664
 9                  0.845               0.818             0.646            0.690
10                  0.859               0.808             0.700            0.727
# … with 6 more variables: lasso.Healthy <dbl>, lasso.Lung_Cancer <dbl>,
#   lasso.Ovarian_Cancer <dbl>, lasso.Pancreatic_Cancer <dbl>,
#   lasso.macro <dbl>, lasso.micro <dbl>
# A tibble: 6 × 3
  Specificity Sensitivity Group           
        <dbl>       <dbl> <fct>           
1       1           0     Bile_Duct_Cancer
2       0.997       0     Bile_Duct_Cancer
3       0.996       0.02  Bile_Duct_Cancer
4       0.994       0.028 Bile_Duct_Cancer
5       0.993       0.044 Bile_Duct_Cancer
6       0.991       0.056 Bile_Duct_Cancer
null device 
          1 
[1] "Mean AUC over 10 repetitions of 10-fold CV: "
 lasso.Bile_Duct_Cancer     lasso.Breast_Cancer lasso.Colorectal_Cancer 
              0.8443719               0.8128475               0.6629723 
   lasso.Gastric_cancer           lasso.Healthy       lasso.Lung_Cancer 
              0.6819398               0.8946833               0.6843888 
   lasso.Ovarian_Cancer lasso.Pancreatic_Cancer             lasso.macro 
              0.7138879               0.7437018               0.7548163 
            lasso.micro 
              0.8290515 
  Gastric_cancer Ovarian_Cancer Lung_Cancer     Healthy Bile_Duct_Cancer
1     0.05104886     0.50000000 0.500000000 0.465768879       0.03832717
2     0.50000000     0.04091728 0.500000000 0.277367696       0.03336596
3     0.50000000     0.03468989 0.009923882 0.004867606       0.26037097
4     0.50000000     0.03426308 0.077783289 0.865065242       0.01425422
5     0.50000000     0.05423901 0.075128446 0.464240264       0.02571145
6     0.50000000     0.50000000 0.500000000 0.054523557       0.05721168
  Pancreatic_Cancer Breast_Cancer Colorectal_Cancer            pred01 CV_rep
1        0.02881190    0.08872340        0.02862039    Ovarian_Cancer      1
2        0.03015311    0.05106866        0.03441618    Gastric_cancer      1
3        0.68548044    0.02446800        0.05002693 Pancreatic_Cancer      1
4        0.02293602    0.09245425        0.04396923           Healthy      1
5        0.03676751    0.08938984        0.04020519    Gastric_cancer      1
6        0.08349495    0.07992692        0.04217027    Gastric_cancer      1
        observed
1 Gastric_cancer
2 Gastric_cancer
3 Gastric_cancer
4 Gastric_cancer
5 Ovarian_Cancer
6 Ovarian_Cancer
 [1] 0.5082742 0.4846336 0.4444444 0.5248227 0.5130024 0.5319149 0.5484634
 [8] 0.4846336 0.5508274 0.5130024
 [1] 0.4917258 0.5153664 0.5555556 0.4751773 0.4869976 0.4680851 0.4515366
 [8] 0.5153664 0.4491726 0.4869976
[1] "Mean error rate over 10 repetitions of 10-fold CV: 0.510401891252955"
[1] "Mean accuracy over 10 repetitions of 10-fold CV: 0.489598108747045"
[1] "### for one vs rest classifier: https://stats.stackexchange.com/questions/71700/how-to-draw-roc-curve-with-three-response-variable/110550#110550"
[1] 0.7520831
[1] 0.6791994 0.6521700 0.6571429 0.9021519 0.8585930 0.7343112 0.8081401
[8] 0.7249564
[Mon Nov 22 08:05:04 2021]
Finished job 0.
1 of 1 steps (100%) done
