Building DAG of jobs...
Using shell: /usr/bin/bash
Provided cores: 10
Rules claiming more threads will be scaled down.
Select jobs to execute...

[Sun Nov 28 18:42:54 2021]
rule binomial_classification:
    input: data/ATAC_predictions_train_20_predict_80/Full_data_ATAC_pred_lasso_formatted_standardized.rds, data/sample_types.txt
    output: Classification_output/Binomial_models_output/LDA_Predictions_Full_data_Breast_Cancer.rds
    jobid: 0
    wildcards: model_binomial=LDA, class_type=Breast_Cancer
    threads: 10
    resources: mem_mb=200000, disk_mb=1000, tmpdir=/scratch/57523759, time=20:00:00

Rscript --vanilla /faststorage/project/DELFI1/Workspaces/CarmenAndAnika/.snakemake/scripts/tmpeo9vhtpc.LDA.R
Activating conda environment: /faststorage/project/DELFI1/Workspaces/CarmenAndAnika/.snakemake/conda/411837606499b7823565885a8a388b12
Registered S3 methods overwritten by 'ggplot2':
  method         from 
  [.quosures     rlang
  c.quosures     rlang
  print.quosures rlang
Registered S3 method overwritten by 'rvest':
  method            from
  read_xml.response xml2
── Attaching packages ─────────────────────────────────────── tidyverse 1.2.1 ──
✔ ggplot2 3.1.1       ✔ purrr   0.3.2  
✔ tibble  2.1.1       ✔ dplyr   0.8.0.1
✔ tidyr   0.8.3       ✔ stringr 1.4.0  
✔ readr   1.3.1       ✔ forcats 0.4.0  
── Conflicts ────────────────────────────────────────── tidyverse_conflicts() ──
✖ dplyr::filter() masks stats::filter()
✖ dplyr::lag()    masks stats::lag()

Attaching package: ‘MASS’

The following object is masked from ‘package:dplyr’:

    select

Type 'citation("pROC")' for a citation.

Attaching package: ‘pROC’

The following objects are masked from ‘package:stats’:

    cov, smooth, var

dummies-1.5.6 provided by Decision Patterns

Warning message:
package ‘dummies’ was built under R version 3.6.3 
Warning: unable to access index for repository http://cran.us.r-project.org/src/contrib/splitTools_0.3.1.tar.gz/src/contrib:
  cannot open URL 'http://cran.us.r-project.org/src/contrib/splitTools_0.3.1.tar.gz/src/contrib/PACKAGES'
Warning message:
package ‘splitTools’ is not available (for R version 3.6.1) 
Warning message:
package ‘multiROC’ was built under R version 3.6.3 
Loading required package: foreach

Attaching package: ‘foreach’

The following objects are masked from ‘package:purrr’:

    accumulate, when

Loading required package: iterators
Loading required package: parallel
Loading required package: rngtools
Loading required package: pkgmaker
Loading required package: registry

Attaching package: ‘pkgmaker’

The following object is masked from ‘package:base’:

    isFALSE

Gastric_cancerOvarian_CancerLung_CancerBile_Duct_CancerPancreatic_CancerDuodenal_CancerBreast_CancerColorectal_Cancer
[1] "Sample_type levels"
[1] "Cancer" "Other" 
starting worker pid=25172 on localhost:11414 at 18:43:22.348
starting worker pid=25196 on localhost:11414 at 18:43:22.653
starting worker pid=25220 on localhost:11414 at 18:43:22.952
starting worker pid=25244 on localhost:11414 at 18:43:23.254
starting worker pid=25268 on localhost:11414 at 18:43:23.572
starting worker pid=25292 on localhost:11414 at 18:43:23.863
starting worker pid=25316 on localhost:11414 at 18:43:24.439
starting worker pid=25341 on localhost:11414 at 18:43:24.736
starting worker pid=25365 on localhost:11414 at 18:43:25.219
starting worker pid=25389 on localhost:11414 at 18:43:25.550
Registered S3 methods overwritten by 'ggplot2':
  method         from 
  [.quosures     rlang
  c.quosures     rlang
  print.quosures rlang
Registered S3 methods overwritten by 'ggplot2':
  method         from 
  [.quosures     rlang
  c.quosures     rlang
  print.quosures rlang
Registered S3 methods overwritten by 'ggplot2':
  method         from 
  [.quosures     rlang
  c.quosures     rlang
  print.quosures rlang
Registered S3 methods overwritten by 'ggplot2':
  method         from 
  [.quosures     rlang
  c.quosures     rlang
  print.quosures rlang
Registered S3 methods overwritten by 'ggplot2':
  method         from 
  [.quosures     rlang
  c.quosures     rlang
  print.quosures rlang
Registered S3 method overwritten by 'rvest':
  method            from
  read_xml.response xml2
Registered S3 methods overwritten by 'ggplot2':
  method         from 
  [.quosures     rlang
  c.quosures     rlang
  print.quosures rlang
Registered S3 method overwritten by 'rvest':
  method            from
  read_xml.response xml2
Registered S3 methods overwritten by 'ggplot2':
  method         from 
  [.quosures     rlang
  c.quosures     rlang
  print.quosures rlang
── Attaching packages ─────────────────────────────────────── tidyverse 1.2.1 ──
✔ ggplot2 3.1.1       ✔ purrr   0.3.2  
✔ tibble  2.1.1       ✔ dplyr   0.8.0.1
✔ tidyr   0.8.3       ✔ stringr 1.4.0  
✔ readr   1.3.1       ✔ forcats 0.4.0  
── Attaching packages ─────────────────────────────────────── tidyverse 1.2.1 ──
✔ ggplot2 3.1.1       ✔ purrr   0.3.2  
✔ tibble  2.1.1       ✔ dplyr   0.8.0.1
✔ tidyr   0.8.3       ✔ stringr 1.4.0  
✔ readr   1.3.1       ✔ forcats 0.4.0  
Registered S3 method overwritten by 'rvest':
  method            from
  read_xml.response xml2
Registered S3 methods overwritten by 'ggplot2':
  method         from 
  [.quosures     rlang
  c.quosures     rlang
  print.quosures rlang
── Attaching packages ─────────────────────────────────────── tidyverse 1.2.1 ──
Registered S3 method overwritten by 'rvest':
  method            from
  read_xml.response xml2
✔ ggplot2 3.1.1       ✔ purrr   0.3.2  
✔ tibble  2.1.1       ✔ dplyr   0.8.0.1
✔ tidyr   0.8.3       ✔ stringr 1.4.0  
✔ readr   1.3.1       ✔ forcats 0.4.0  
── Conflicts ────────────────────────────────────────── tidyverse_conflicts() ──
✖ dplyr::filter() masks stats::filter()
✖ dplyr::lag()    masks stats::lag()
✖ dplyr::select() masks MASS::select()
Loading required package: foreach
Registered S3 methods overwritten by 'ggplot2':
  method         from 
  [.quosures     rlang
  c.quosures     rlang
  print.quosures rlang
── Conflicts ────────────────────────────────────────── tidyverse_conflicts() ──
✖ dplyr::filter() masks stats::filter()
✖ dplyr::lag()    masks stats::lag()
✖ dplyr::select() masks MASS::select()

Attaching package: ‘foreach’

The following objects are masked from ‘package:purrr’:

    accumulate, when

Loading required package: rngtools
Loading required package: foreach
Registered S3 method overwritten by 'rvest':
  method            from
  read_xml.response xml2

Attaching package: ‘foreach’

── Attaching packages ─────────────────────────────────────── tidyverse 1.2.1 ──
The following objects are masked from ‘package:purrr’:

    accumulate, when

Loading required package: pkgmaker
Loading required package: rngtools
Loading required package: registry
✔ ggplot2 3.1.1       ✔ purrr   0.3.2  
✔ tibble  2.1.1       ✔ dplyr   0.8.0.1
✔ tidyr   0.8.3       ✔ stringr 1.4.0  
✔ readr   1.3.1       ✔ forcats 0.4.0  
Loading required package: pkgmaker
Loading required package: registry
Registered S3 methods overwritten by 'ggplot2':
  method         from 
  [.quosures     rlang
  c.quosures     rlang
  print.quosures rlang
── Attaching packages ─────────────────────────────────────── tidyverse 1.2.1 ──
── Conflicts ────────────────────────────────────────── tidyverse_conflicts() ──
✖ dplyr::filter() masks stats::filter()
✖ dplyr::lag()    masks stats::lag()
✖ dplyr::select() masks MASS::select()
Loading required package: foreach
✔ ggplot2 3.1.1       ✔ purrr   0.3.2  
✔ tibble  2.1.1       ✔ dplyr   0.8.0.1
✔ tidyr   0.8.3       ✔ stringr 1.4.0  
✔ readr   1.3.1       ✔ forcats 0.4.0  

Attaching package: ‘foreach’

The following objects are masked from ‘package:purrr’:

    accumulate, when

Loading required package: rngtools
Loading required package: pkgmaker
Loading required package: registry
── Conflicts ────────────────────────────────────────── tidyverse_conflicts() ──
✖ dplyr::filter() masks stats::filter()
✖ dplyr::lag()    masks stats::lag()
✖ dplyr::select() masks MASS::select()
Loading required package: foreach

Attaching package: ‘pkgmaker’

The following object is masked from ‘package:base’:

    isFALSE


Attaching package: ‘pkgmaker’


Attaching package: ‘foreach’

The following object is masked from ‘package:base’:

    isFALSE

The following objects are masked from ‘package:purrr’:

    accumulate, when

Registered S3 method overwritten by 'rvest':
  method            from
  read_xml.response xml2
Loading required package: rngtools
Registered S3 method overwritten by 'rvest':
  method            from
  read_xml.response xml2
Loading required package: pkgmaker
Loading required package: registry

Attaching package: ‘pkgmaker’

The following object is masked from ‘package:base’:

    isFALSE

── Conflicts ────────────────────────────────────────── tidyverse_conflicts() ──
✖ dplyr::filter() masks stats::filter()
✖ dplyr::lag()    masks stats::lag()
✖ dplyr::select() masks MASS::select()
── Attaching packages ─────────────────────────────────────── tidyverse 1.2.1 ──
Loading required package: foreach
── Attaching packages ─────────────────────────────────────── tidyverse 1.2.1 ──
✔ ggplot2 3.1.1       ✔ purrr   0.3.2  
✔ tibble  2.1.1       ✔ dplyr   0.8.0.1
✔ tidyr   0.8.3       ✔ stringr 1.4.0  
✔ readr   1.3.1       ✔ forcats 0.4.0  

Attaching package: ‘foreach’

The following objects are masked from ‘package:purrr’:

    accumulate, when

Loading required package: rngtools
✔ ggplot2 3.1.1       ✔ purrr   0.3.2  
✔ tibble  2.1.1       ✔ dplyr   0.8.0.1
✔ tidyr   0.8.3       ✔ stringr 1.4.0  
✔ readr   1.3.1       ✔ forcats 0.4.0  
Loading required package: pkgmaker
Loading required package: registry
Registered S3 method overwritten by 'rvest':
  method            from
  read_xml.response xml2

Attaching package: ‘pkgmaker’

The following object is masked from ‘package:base’:

    isFALSE

── Attaching packages ─────────────────────────────────────── tidyverse 1.2.1 ──
✔ ggplot2 3.1.1       ✔ purrr   0.3.2  
✔ tibble  2.1.1       ✔ dplyr   0.8.0.1
✔ tidyr   0.8.3       ✔ stringr 1.4.0  
✔ readr   1.3.1       ✔ forcats 0.4.0  
Registered S3 method overwritten by 'rvest':
  method            from
  read_xml.response xml2
── Conflicts ────────────────────────────────────────── tidyverse_conflicts() ──
✖ dplyr::filter() masks stats::filter()
✖ dplyr::lag()    masks stats::lag()
✖ dplyr::select() masks MASS::select()

Attaching package: ‘pkgmaker’

The following object is masked from ‘package:base’:

    isFALSE

Loading required package: foreach
── Conflicts ────────────────────────────────────────── tidyverse_conflicts() ──
✖ dplyr::filter() masks stats::filter()
✖ dplyr::lag()    masks stats::lag()
✖ dplyr::select() masks MASS::select()

Attaching package: ‘foreach’

The following objects are masked from ‘package:purrr’:

    accumulate, when

Loading required package: foreach
Loading required package: rngtools

Attaching package: ‘foreach’

The following objects are masked from ‘package:purrr’:

    accumulate, when

Loading required package: pkgmaker
Loading required package: rngtools
── Attaching packages ─────────────────────────────────────── tidyverse 1.2.1 ──
Loading required package: registry
Loading required package: pkgmaker
Loading required package: registry
Registered S3 method overwritten by 'rvest':
  method            from
  read_xml.response xml2
✔ ggplot2 3.1.1       ✔ purrr   0.3.2  
✔ tibble  2.1.1       ✔ dplyr   0.8.0.1
✔ tidyr   0.8.3       ✔ stringr 1.4.0  
✔ readr   1.3.1       ✔ forcats 0.4.0  
── Conflicts ────────────────────────────────────────── tidyverse_conflicts() ──
✖ dplyr::filter() masks stats::filter()
✖ dplyr::lag()    masks stats::lag()
✖ dplyr::select() masks MASS::select()
Loading required package: foreach

Attaching package: ‘foreach’

The following objects are masked from ‘package:purrr’:

    accumulate, when

Loading required package: rngtools
── Attaching packages ─────────────────────────────────────── tidyverse 1.2.1 ──
Loading required package: pkgmaker
✔ ggplot2 3.1.1       ✔ purrr   0.3.2  
✔ tibble  2.1.1       ✔ dplyr   0.8.0.1
✔ tidyr   0.8.3       ✔ stringr 1.4.0  
✔ readr   1.3.1       ✔ forcats 0.4.0  
Loading required package: registry

Attaching package: ‘pkgmaker’

The following object is masked from ‘package:base’:

    isFALSE


Attaching package: ‘pkgmaker’

The following object is masked from ‘package:base’:

    isFALSE

── Conflicts ────────────────────────────────────────── tidyverse_conflicts() ──
✖ dplyr::filter() masks stats::filter()
✖ dplyr::lag()    masks stats::lag()
✖ dplyr::select() masks MASS::select()
Loading required package: foreach

Attaching package: ‘foreach’

The following objects are masked from ‘package:purrr’:

    accumulate, when

Loading required package: rngtools

Attaching package: ‘pkgmaker’

The following object is masked from ‘package:base’:

    isFALSE

Loading required package: pkgmaker
Loading required package: registry
── Conflicts ────────────────────────────────────────── tidyverse_conflicts() ──
✖ dplyr::filter() masks stats::filter()
✖ dplyr::lag()    masks stats::lag()
✖ dplyr::select() masks MASS::select()
Loading required package: foreach

Attaching package: ‘foreach’

The following objects are masked from ‘package:purrr’:

    accumulate, when

Loading required package: rngtools
Loading required package: pkgmaker
Loading required package: registry

Attaching package: ‘pkgmaker’

The following object is masked from ‘package:base’:

    isFALSE


Attaching package: ‘pkgmaker’

The following object is masked from ‘package:base’:

    isFALSE

Breast_Cancer
Breast_Cancer
Breast_Cancer
Breast_Cancer
Breast_Cancer
CV repetition number: 1
Breast_Cancer
CV repetition number: 2
Breast_Cancer
Breast_Cancer
Breast_Cancer
CV repetition number: 3
Breast_Cancer
CV repetition number: 4
CV repetition number: 5
CV repetition number: 9
CV repetition number: 7
CV repetition number: 10
CV inner loop, CV rep number: 2
CV repetition number: 6
CV inner loop, CV rep number: 1
CV repetition number: 8
CV inner loop, CV rep number: 4
CV inner loop, CV rep number: 5
CV inner loop, CV rep number: 10
CV inner loop, CV rep number: 9
CV inner loop, CV rep number: 3
CV inner loop, CV rep number: 6
CV inner loop, CV rep number: 8
CV inner loop, CV rep number: 7
CV inner loop, CV rep number: 6
CV inner loop, CV rep number: 5
CV inner loop, CV rep number: 7
CV inner loop, CV rep number: 4
CV inner loop, CV rep number: 1
CV inner loop, CV rep number: 10
CV inner loop, CV rep number: 8
CV inner loop, CV rep number: 2
CV inner loop, CV rep number: 9
CV inner loop, CV rep number: 3
CV inner loop, CV rep number: 5
CV inner loop, CV rep number: 6
CV inner loop, CV rep number: 3
CV inner loop, CV rep number: 1
CV inner loop, CV rep number: 4
CV inner loop, CV rep number: 10
CV inner loop, CV rep number: 8
CV inner loop, CV rep number: 7
CV inner loop, CV rep number: 2
CV inner loop, CV rep number: 9
CV inner loop, CV rep number: 5
CV inner loop, CV rep number: 1
CV inner loop, CV rep number: 6
CV inner loop, CV rep number: 10
CV inner loop, CV rep number: 7
CV inner loop, CV rep number: 4
CV inner loop, CV rep number: 9
CV inner loop, CV rep number: 8
CV inner loop, CV rep number: 3
CV inner loop, CV rep number: 2
CV inner loop, CV rep number: 6
CV inner loop, CV rep number: 5
CV inner loop, CV rep number: 1
CV inner loop, CV rep number: 9
CV inner loop, CV rep number: 4
CV inner loop, CV rep number: 10
CV inner loop, CV rep number: 3
CV inner loop, CV rep number: 2
CV inner loop, CV rep number: 7
CV inner loop, CV rep number: 8
CV inner loop, CV rep number: 6
CV inner loop, CV rep number: 4
CV inner loop, CV rep number: 10
CV inner loop, CV rep number: 1
CV inner loop, CV rep number: 5
CV inner loop, CV rep number: 7
CV inner loop, CV rep number: 9
CV inner loop, CV rep number: 2
CV inner loop, CV rep number: 8
CV inner loop, CV rep number: 3
CV inner loop, CV rep number: 6
CV inner loop, CV rep number: 10
CV inner loop, CV rep number: 5
CV inner loop, CV rep number: 1
CV inner loop, CV rep number: 4
CV inner loop, CV rep number: 9
CV inner loop, CV rep number: 2
CV inner loop, CV rep number: 7
CV inner loop, CV rep number: 8
CV inner loop, CV rep number: 3
CV inner loop, CV rep number: 1
CV inner loop, CV rep number: 10
CV inner loop, CV rep number: 5
CV inner loop, CV rep number: 6
CV inner loop, CV rep number: 4
CV inner loop, CV rep number: 9
CV inner loop, CV rep number: 7
CV inner loop, CV rep number: 2
CV inner loop, CV rep number: 8
CV inner loop, CV rep number: 3
CV inner loop, CV rep number: 5
CV inner loop, CV rep number: 10
CV inner loop, CV rep number: 6
CV inner loop, CV rep number: 1
CV inner loop, CV rep number: 9
CV inner loop, CV rep number: 7
CV inner loop, CV rep number: 4
CV inner loop, CV rep number: 2
CV inner loop, CV rep number: 8
CV inner loop, CV rep number: 3
CV inner loop, CV rep number: 10
CV inner loop, CV rep number: 1
CV inner loop, CV rep number: 6
CV inner loop, CV rep number: 5
CV inner loop, CV rep number: 7
CV inner loop, CV rep number: 9
CV inner loop, CV rep number: 4
CV inner loop, CV rep number: 8
CV inner loop, CV rep number: 2
CV inner loop, CV rep number: 3
[1] "Results: "
  observed CV_rep {class_type}_pred
1    Other      1        0.32888105
2    Other      1        0.19739636Warning messages:
Warning messages:

31:     Other      1In lda.default(x, grouping, ...) :        0.03623584 variables are collinear

4    Other2:       1        0.31871775In lda.default(x, grouping, ...) :
5    Other variables are collinear
      1        0.187149243: 
6    OtherIn lda.default(x, grouping, ...) :      1        0.14549119
 variables are collinear
4: In lda.default(x, grouping, ...) : variables are collinear
5: In lda.default(x, grouping, ...) : variables are collinear
6: In lda.default(x, grouping, ...) : variables are collinear
7: In lda.default(x, grouping, ...) : variables are collinear
8: In lda.default(x, grouping, ...) : variables are collinear
9: In lda.default(x, grouping, ...) : variables are collinear
10: In lda.default(x, grouping, ...) : variables are collinear
Warning messages:
1: Warning messages:
1: In lda.default(x, grouping, ...) : variables are collinear
2: In lda.default(x, grouping, ...) : variables are collinear
3: In lda.default(x, grouping, ...) : variables are collinear
4: In lda.default(x, grouping, ...) : variables are collinear
5: In lda.default(x, grouping, ...) : variables are collinear
6: In lda.default(x, grouping, ...) : variables are collinear
7: In lda.default(x, grouping, ...) : variables are collinear
8: In lda.default(x, grouping, ...) : variables are collinear
9: In lda.default(x, grouping, ...) : variables are collinear
10: In lda.default(x, grouping, ...) : variables are collinear
Warning messages:
1: In lda.default(x, grouping, ...) : variables are collinear
2: In lda.default(x, grouping, ...) : variables are collinear
3: In lda.default(x, grouping, ...) : variables are collinear
4: In lda.default(x, grouping, ...) : variables are collinear
5: In lda.default(x, grouping, ...) : variables are collinear
6: In lda.default(x, grouping, ...) : variables are collinear
7: In lda.default(x, grouping, ...) : variables are collinear
8: In lda.default(x, grouping, ...) : variables are collinear
9: In lda.default(x, grouping, ...) : variables are collinear
10: In lda.default(x, grouping, ...) : variables are collinear
Warning messages:
Warning messages:
1: In lda.default(x, grouping, ...) : variables are collinear
2: In lda.default(x, grouping, ...) : variables are collinear
3: In lda.default(x, grouping, ...) : variables are collinear
4: In lda.default(x, grouping, ...) : variables are collinear
5: In lda.default(x, grouping, ...) : variables are collinear
6: In lda.default(x, grouping, ...) : variables are collinear
7: In lda.default(x, grouping, ...) : variables are collinear
8: In lda.default(x, grouping, ...) : variables are collinear
9: In lda.default(x, grouping, ...) : variables are collinear
10: In lda.default(x, grouping, ...) : variables are collinear
Warning messages:
1: In lda.default(x, grouping, ...) : variables are collinear
2: In lda.default(x, grouping, ...) : variables are collinear
3: In lda.default(x, grouping, ...) : variables are collinear
4: In lda.default(x, grouping, ...) : variables are collinear
5: In lda.default(x, grouping, ...) : variables are collinear
6: In lda.default(x, grouping, ...) : variables are collinear
Warning messages:
1: In lda.default(x, grouping, ...) :Warning messages:
1: In lda.default(x, grouping, ...) :1: 7:  variables are collinear
1: In lda.default(x, grouping, ...) : variables are collinear
2: In lda.default(x, grouping, ...) :In lda.default(x, grouping, ...) :In lda.default(x, grouping, ...) :2: In lda.default(x, grouping, ...) : variables are collinear
 variables are collinear
3: In lda.default(x, grouping, ...) : variables are collinear
4:  variables are collinear
 variables are collinear
In lda.default(x, grouping, ...) : variables are collinear
2: In lda.default(x, grouping, ...) :2: 8:  variables are collinear
2: In lda.default(x, grouping, ...) : variables are collinear
In lda.default(x, grouping, ...) :In lda.default(x, grouping, ...) :3: In lda.default(x, grouping, ...) : variables are collinear
5:  variables are collinear
 variables are collinear
In lda.default(x, grouping, ...) : variables are collinear
3: In lda.default(x, grouping, ...) :3: In lda.default(x, grouping, ...) :9:  variables are collinear
3: In lda.default(x, grouping, ...) : variables are collinear
 variables are collinear
In lda.default(x, grouping, ...) :4: In lda.default(x, grouping, ...) : variables are collinear
6: 4:  variables are collinear
In lda.default(x, grouping, ...) : variables are collinear
4: In lda.default(x, grouping, ...) :In lda.default(x, grouping, ...) :10:  variables are collinear
4: In lda.default(x, grouping, ...) : variables are collinear
 variables are collinear
In lda.default(x, grouping, ...) :5: In lda.default(x, grouping, ...) : variables are collinear
7: 5: In lda.default(x, grouping, ...) : variables are collinear
In lda.default(x, grouping, ...) : variables are collinear
5: In lda.default(x, grouping, ...) : variables are collinear
 variables are collinear
5: In lda.default(x, grouping, ...) : variables are collinear
6: In lda.default(x, grouping, ...) :6: In lda.default(x, grouping, ...) : variables are collinear
8:  variables are collinear
In lda.default(x, grouping, ...) : variables are collinear
6: In lda.default(x, grouping, ...) :7:  variables are collinear
6: In lda.default(x, grouping, ...) :In lda.default(x, grouping, ...) : variables are collinear
In lda.default(x, grouping, ...) :7:  variables are collinear
 variables are collinear
9:  variables are collinear
In lda.default(x, grouping, ...) :7: 7: In lda.default(x, grouping, ...) :8: In lda.default(x, grouping, ...) : variables are collinear
In lda.default(x, grouping, ...) :In lda.default(x, grouping, ...) : variables are collinear
 variables are collinear
8:  variables are collinear
 variables are collinear
10: 9: In lda.default(x, grouping, ...) :In lda.default(x, grouping, ...) :8: In lda.default(x, grouping, ...) :8: In lda.default(x, grouping, ...) : variables are collinear
 variables are collinear
 variables are collinear
In lda.default(x, grouping, ...) : variables are collinear
10: In lda.default(x, grouping, ...) :9: 9: In lda.default(x, grouping, ...) : variables are collinear
 variables are collinear
In lda.default(x, grouping, ...) : variables are collinear
9:  variables are collinear
10: In lda.default(x, grouping, ...) :10: In lda.default(x, grouping, ...) : variables are collinear
In lda.default(x, grouping, ...) : variables are collinear
10:  variables are collinear
In lda.default(x, grouping, ...) : variables are collinear
[Sun Nov 28 18:50:24 2021]
Finished job 0.
1 of 1 steps (100%) done
