Building DAG of jobs...
Using shell: /usr/bin/bash
Provided cores: 10
Rules claiming more threads will be scaled down.
Select jobs to execute...

[Mon Nov 29 01:13:29 2021]
rule binomial_classification:
    input: data/ATAC_predictions_train_20_predict_80/Full_data_ATAC_pred_lasso_formatted_standardized.rds, data/sample_types.txt
    output: Classification_output/Binomial_models_output/Lasso_Predictions_Full_data_Lung_Cancer.rds
    jobid: 0
    wildcards: model_binomial=Lasso, class_type=Lung_Cancer
    threads: 10
    resources: mem_mb=200000, disk_mb=1000, tmpdir=/scratch/57524592, time=20:00:00

Rscript --vanilla /faststorage/project/DELFI1/Workspaces/CarmenAndAnika/.snakemake/scripts/tmpo7139e4z.Lasso.R
Activating conda environment: /faststorage/project/DELFI1/Workspaces/CarmenAndAnika/.snakemake/conda/411837606499b7823565885a8a388b12
Registered S3 methods overwritten by 'ggplot2':
  method         from 
  [.quosures     rlang
  c.quosures     rlang
  print.quosures rlang
Registered S3 method overwritten by 'rvest':
  method            from
  read_xml.response xml2
── Attaching packages ─────────────────────────────────────── tidyverse 1.2.1 ──
✔ ggplot2 3.1.1       ✔ purrr   0.3.2  
✔ tibble  2.1.1       ✔ dplyr   0.8.0.1
✔ tidyr   0.8.3       ✔ stringr 1.4.0  
✔ readr   1.3.1       ✔ forcats 0.4.0  
── Conflicts ────────────────────────────────────────── tidyverse_conflicts() ──
✖ dplyr::filter() masks stats::filter()
✖ dplyr::lag()    masks stats::lag()
Type 'citation("pROC")' for a citation.

Attaching package: ‘pROC’

The following objects are masked from ‘package:stats’:

    cov, smooth, var

Loading required package: Matrix

Attaching package: ‘Matrix’

The following object is masked from ‘package:tidyr’:

    expand

Loading required package: foreach

Attaching package: ‘foreach’

The following objects are masked from ‘package:purrr’:

    accumulate, when

Loaded glmnet 2.0-16


Attaching package: ‘glmnet’

The following object is masked from ‘package:pROC’:

    auc


Attaching package: ‘glmnetUtils’

The following objects are masked from ‘package:glmnet’:

    cv.glmnet, glmnet

Warning message:
package ‘glmnetUtils’ was built under R version 3.6.3 
Warning: unable to access index for repository http://cran.us.r-project.org/src/contrib/splitTools_0.3.1.tar.gz/src/contrib:
  cannot open URL 'http://cran.us.r-project.org/src/contrib/splitTools_0.3.1.tar.gz/src/contrib/PACKAGES'
Warning message:
package ‘splitTools’ is not available (for R version 3.6.1) 
Warning message:
package ‘multiROC’ was built under R version 3.6.3 
dummies-1.5.6 provided by Decision Patterns

Warning message:
package ‘dummies’ was built under R version 3.6.3 
Loading required package: gplots

Attaching package: ‘gplots’

The following object is masked from ‘package:stats’:

    lowess

Loading required package: iterators
Loading required package: parallel
Loading required package: rngtools
Loading required package: pkgmaker
Loading required package: registry

Attaching package: ‘pkgmaker’

The following object is masked from ‘package:base’:

    isFALSE

Gastric_cancerOvarian_CancerLung_CancerBile_Duct_CancerPancreatic_CancerDuodenal_CancerBreast_CancerColorectal_Cancer
[1] "Sample_type levels"
[1] "Cancer" "Other" 
starting worker pid=63064 on localhost:11890 at 01:13:42.124
starting worker pid=63088 on localhost:11890 at 01:13:42.440
starting worker pid=63112 on localhost:11890 at 01:13:42.754
starting worker pid=63136 on localhost:11890 at 01:13:43.388
starting worker pid=63160 on localhost:11890 at 01:13:43.700
starting worker pid=63184 on localhost:11890 at 01:13:44.018
starting worker pid=63221 on localhost:11890 at 01:13:44.342
starting worker pid=63246 on localhost:11890 at 01:13:44.660
starting worker pid=63270 on localhost:11890 at 01:13:44.989
starting worker pid=63318 on localhost:11890 at 01:13:45.305
Registered S3 methods overwritten by 'ggplot2':
  method         from 
  [.quosures     rlang
  c.quosures     rlang
  print.quosures rlang
Registered S3 methods overwritten by 'ggplot2':
  method         from 
  [.quosures     rlang
  c.quosures     rlang
  print.quosures rlang
Registered S3 methods overwritten by 'ggplot2':
  method         from 
  [.quosures     rlang
  c.quosures     rlang
  print.quosures rlang
Registered S3 method overwritten by 'rvest':
  method            from
  read_xml.response xml2
Registered S3 methods overwritten by 'ggplot2':
  method         from 
  [.quosures     rlang
  c.quosures     rlang
  print.quosures rlang
── Attaching packages ─────────────────────────────────────── tidyverse 1.2.1 ──
✔ ggplot2 3.1.1       ✔ purrr   0.3.2  
✔ tibble  2.1.1       ✔ dplyr   0.8.0.1
✔ tidyr   0.8.3       ✔ stringr 1.4.0  
✔ readr   1.3.1       ✔ forcats 0.4.0  
Registered S3 methods overwritten by 'ggplot2':
  method         from 
  [.quosures     rlang
  c.quosures     rlang
  print.quosures rlang
── Conflicts ────────────────────────────────────────── tidyverse_conflicts() ──
✖ dplyr::filter() masks stats::filter()
✖ dplyr::lag()    masks stats::lag()
Loading required package: foreach

Attaching package: ‘foreach’

The following objects are masked from ‘package:purrr’:

    accumulate, when

Loading required package: rngtools
Loading required package: pkgmaker
Loading required package: registry
Registered S3 method overwritten by 'rvest':
  method            from
  read_xml.response xml2
Registered S3 method overwritten by 'rvest':
  method            from
  read_xml.response xml2
── Attaching packages ─────────────────────────────────────── tidyverse 1.2.1 ──
✔ ggplot2 3.1.1       ✔ purrr   0.3.2  
✔ tibble  2.1.1       ✔ dplyr   0.8.0.1
✔ tidyr   0.8.3       ✔ stringr 1.4.0  
✔ readr   1.3.1       ✔ forcats 0.4.0  

Attaching package: ‘pkgmaker’

The following object is masked from ‘package:base’:

    isFALSE

── Attaching packages ─────────────────────────────────────── tidyverse 1.2.1 ──
Registered S3 method overwritten by 'rvest':
  method            from
  read_xml.response xml2
✔ ggplot2 3.1.1       ✔ purrr   0.3.2  
✔ tibble  2.1.1       ✔ dplyr   0.8.0.1
✔ tidyr   0.8.3       ✔ stringr 1.4.0  
✔ readr   1.3.1       ✔ forcats 0.4.0  
Registered S3 methods overwritten by 'ggplot2':
  method         from 
  [.quosures     rlang
  c.quosures     rlang
  print.quosures rlang
── Attaching packages ─────────────────────────────────────── tidyverse 1.2.1 ──
── Conflicts ────────────────────────────────────────── tidyverse_conflicts() ──
✖ dplyr::filter() masks stats::filter()
✖ dplyr::lag()    masks stats::lag()
✔ ggplot2 3.1.1       ✔ purrr   0.3.2  
✔ tibble  2.1.1       ✔ dplyr   0.8.0.1
✔ tidyr   0.8.3       ✔ stringr 1.4.0  
✔ readr   1.3.1       ✔ forcats 0.4.0  
Loading required package: foreach

Attaching package: ‘foreach’

The following objects are masked from ‘package:purrr’:

    accumulate, when

Loading required package: rngtools
Loading required package: pkgmaker
Registered S3 method overwritten by 'rvest':
  method            from
  read_xml.response xml2
Loading required package: registry
── Conflicts ────────────────────────────────────────── tidyverse_conflicts() ──
✖ dplyr::filter() masks stats::filter()
✖ dplyr::lag()    masks stats::lag()
Loading required package: foreach

Attaching package: ‘foreach’

The following objects are masked from ‘package:purrr’:

    accumulate, when

Loading required package: rngtools
Loading required package: pkgmaker
── Attaching packages ─────────────────────────────────────── tidyverse 1.2.1 ──
Loading required package: registry
✔ ggplot2 3.1.1       ✔ purrr   0.3.2  
✔ tibble  2.1.1       ✔ dplyr   0.8.0.1
✔ tidyr   0.8.3       ✔ stringr 1.4.0  
✔ readr   1.3.1       ✔ forcats 0.4.0  
Registered S3 methods overwritten by 'ggplot2':
  method         from 
  [.quosures     rlang
  c.quosures     rlang
  print.quosures rlang
Registered S3 methods overwritten by 'ggplot2':
  method         from 
  [.quosures     rlang
  c.quosures     rlang
  print.quosures rlang
── Conflicts ────────────────────────────────────────── tidyverse_conflicts() ──
✖ dplyr::filter() masks stats::filter()
✖ dplyr::lag()    masks stats::lag()
Registered S3 methods overwritten by 'ggplot2':
  method         from 
  [.quosures     rlang
  c.quosures     rlang
  print.quosures rlang
Registered S3 methods overwritten by 'ggplot2':
  method         from 
  [.quosures     rlang
  c.quosures     rlang
  print.quosures rlang

Attaching package: ‘pkgmaker’

The following object is masked from ‘package:base’:

    isFALSE

Loading required package: foreach

Attaching package: ‘foreach’

The following objects are masked from ‘package:purrr’:

    accumulate, when

Loading required package: rngtools
Loading required package: pkgmaker
Loading required package: registry

Attaching package: ‘pkgmaker’

The following object is masked from ‘package:base’:

    isFALSE

── Conflicts ────────────────────────────────────────── tidyverse_conflicts() ──
✖ dplyr::filter() masks stats::filter()
✖ dplyr::lag()    masks stats::lag()
Loading required package: foreach

Attaching package: ‘foreach’

The following objects are masked from ‘package:purrr’:

    accumulate, when

Loading required package: rngtools

Attaching package: ‘pkgmaker’

The following object is masked from ‘package:base’:

    isFALSE

Loading required package: pkgmaker
Loading required package: registry
Registered S3 method overwritten by 'rvest':
  method            from
  read_xml.response xml2
── Attaching packages ─────────────────────────────────────── tidyverse 1.2.1 ──

Attaching package: ‘pkgmaker’

The following object is masked from ‘package:base’:

    isFALSE

✔ ggplot2 3.1.1       ✔ purrr   0.3.2  
✔ tibble  2.1.1       ✔ dplyr   0.8.0.1
✔ tidyr   0.8.3       ✔ stringr 1.4.0  
✔ readr   1.3.1       ✔ forcats 0.4.0  
Registered S3 method overwritten by 'rvest':
  method            from
  read_xml.response xml2
── Conflicts ────────────────────────────────────────── tidyverse_conflicts() ──
✖ dplyr::filter() masks stats::filter()
✖ dplyr::lag()    masks stats::lag()
Loading required package: foreach

Attaching package: ‘foreach’

The following objects are masked from ‘package:purrr’:

    accumulate, when

Loading required package: rngtools
Loading required package: pkgmaker
── Attaching packages ─────────────────────────────────────── tidyverse 1.2.1 ──
Loading required package: registry
✔ ggplot2 3.1.1       ✔ purrr   0.3.2  
✔ tibble  2.1.1       ✔ dplyr   0.8.0.1
✔ tidyr   0.8.3       ✔ stringr 1.4.0  
✔ readr   1.3.1       ✔ forcats 0.4.0  
Registered S3 method overwritten by 'rvest':
  method            from
  read_xml.response xml2
Registered S3 method overwritten by 'rvest':
  method            from
  read_xml.response xml2
Registered S3 method overwritten by 'rvest':
  method            from
  read_xml.response xml2
── Attaching packages ─────────────────────────────────────── tidyverse 1.2.1 ──
── Attaching packages ─────────────────────────────────────── tidyverse 1.2.1 ──
── Attaching packages ─────────────────────────────────────── tidyverse 1.2.1 ──
✔ ggplot2 3.1.1       ✔ purrr   0.3.2  
✔ tibble  2.1.1       ✔ dplyr   0.8.0.1
✔ tidyr   0.8.3       ✔ stringr 1.4.0  
✔ readr   1.3.1       ✔ forcats 0.4.0  
✔ ggplot2 3.1.1       ✔ purrr   0.3.2  
✔ tibble  2.1.1       ✔ dplyr   0.8.0.1
✔ tidyr   0.8.3       ✔ stringr 1.4.0  
✔ readr   1.3.1       ✔ forcats 0.4.0  
✔ ggplot2 3.1.1       ✔ purrr   0.3.2  
✔ tibble  2.1.1       ✔ dplyr   0.8.0.1
✔ tidyr   0.8.3       ✔ stringr 1.4.0  
✔ readr   1.3.1       ✔ forcats 0.4.0  
── Conflicts ────────────────────────────────────────── tidyverse_conflicts() ──
✖ dplyr::filter() masks stats::filter()
✖ dplyr::lag()    masks stats::lag()
Loading required package: foreach

Attaching package: ‘foreach’

The following objects are masked from ‘package:purrr’:

    accumulate, when

Loading required package: rngtools

Attaching package: ‘pkgmaker’

The following object is masked from ‘package:base’:

    isFALSE

Loading required package: pkgmaker
Loading required package: registry
── Conflicts ────────────────────────────────────────── tidyverse_conflicts() ──
✖ dplyr::filter() masks stats::filter()
✖ dplyr::lag()    masks stats::lag()
Loading required package: foreach
── Conflicts ────────────────────────────────────────── tidyverse_conflicts() ──
✖ dplyr::filter() masks stats::filter()
✖ dplyr::lag()    masks stats::lag()
── Conflicts ────────────────────────────────────────── tidyverse_conflicts() ──
✖ dplyr::filter() masks stats::filter()
✖ dplyr::lag()    masks stats::lag()

Attaching package: ‘foreach’

The following objects are masked from ‘package:purrr’:

    accumulate, when

Loading required package: rngtools
Loading required package: foreach
Loading required package: foreach
Loading required package: pkgmaker

Attaching package: ‘foreach’

The following objects are masked from ‘package:purrr’:

    accumulate, when


Attaching package: ‘foreach’

The following objects are masked from ‘package:purrr’:

    accumulate, when

Loading required package: rngtools
Loading required package: registry
Loading required package: rngtools

Attaching package: ‘pkgmaker’

The following object is masked from ‘package:base’:

    isFALSE

Loading required package: pkgmaker
Loading required package: pkgmaker
Loading required package: registry
Loading required package: registry

Attaching package: ‘pkgmaker’

The following object is masked from ‘package:base’:

    isFALSE


Attaching package: ‘pkgmaker’

The following object is masked from ‘package:base’:

    isFALSE


Attaching package: ‘pkgmaker’

The following object is masked from ‘package:base’:

    isFALSE

Lung_Cancer
Lung_Cancer
Lung_Cancer
Lung_Cancer
Lung_Cancer
Lung_Cancer
Lung_Cancer
Lung_Cancer
Lung_Cancer
Lung_Cancer
CV repetition number: 1
CV repetition number: 2
CV repetition number: 3
CV repetition number: 4
CV repetition number: 7
CV repetition number: 5
CV repetition number: 8
CV repetition number: 9
CV repetition number: 6
CV repetition number: 10
CV inner loop, CV rep number: 2
CV inner loop, CV rep number: 1
CV inner loop, CV rep number: 3
CV inner loop, CV rep number: 4
CV inner loop, CV rep number: 7
CV inner loop, CV rep number: 10
CV inner loop, CV rep number: 5
CV inner loop, CV rep number: 9
CV inner loop, CV rep number: 8
CV inner loop, CV rep number: 6
best_alpha
0.027
best_lambda
0.743529931884544
CV inner loop, CV rep number: 9
best_alpha
1
best_lambda
0.0432541225886286
CV inner loop, CV rep number: 7
best_alpha
0.008
best_lambda
1.99244359613381
CV inner loop, CV rep number: 10
best_alpha
0.125
best_lambda
0.233352563617193
CV inner loop, CV rep number: 6
best_alpha
1
best_lambda
0.028461462590477
CV inner loop, CV rep number: 3
best_alpha
0.027
best_lambda
0.6784390064942
CV inner loop, CV rep number: 5
best_alpha
0.001
best_lambda
5.07198085566108
CV inner loop, CV rep number: 4
best_alpha
0.343
best_lambda
0.109735424407796
CV inner loop, CV rep number: 1
best_alpha
0.008
best_lambda
1.61871459252193
CV inner loop, CV rep number: 8
best_alpha
0.216
best_lambda
0.0893134980923325
CV inner loop, CV rep number: 2
best_alpha
0.064
best_lambda
0.237473861273966
CV inner loop, CV rep number: 9
best_alpha
0.027
best_lambda
0.771989209737914
CV inner loop, CV rep number: 10
best_alpha
1
best_lambda
0.0805849135412012
CV inner loop, CV rep number: 7
best_alpha
1
best_lambda
0.0427747359905917
CV inner loop, CV rep number: 6
best_alpha
0.512
best_lambda
0.0579101730133131
CV inner loop, CV rep number: 5
best_alpha
0.008
best_lambda
2.24993803265616
CV inner loop, CV rep number: 3
best_alpha
0.512
best_lambda
0.0727930354094102
CV inner loop, CV rep number: 4
best_alpha
0.216
best_lambda
0.10050303121214
CV inner loop, CV rep number: 1
best_alpha
0.125
best_lambda
0.181306943978575
CV inner loop, CV rep number: 10
best_alpha
0.343
best_lambda
0.0676862587820533
CV inner loop, CV rep number: 9
best_alpha
1
best_lambda
0.0251538870093574
CV inner loop, CV rep number: 7
best_alpha
1
best_lambda
0.0331963590033154
CV inner loop, CV rep number: 2
best_alpha
0.001
best_lambda
6.74961638135185
CV inner loop, CV rep number: 4
best_alpha
0.125
best_lambda
0.215943346676531
CV inner loop, CV rep number: 6
best_alpha
0.216
best_lambda
0.136502513986938
best_alpha
0.027
best_lambda
0.775079073379613
CV inner loop, CV rep number: 8
CV inner loop, CV rep number: 5
best_alpha
1
best_lambda
0.0388114082912638
CV inner loop, CV rep number: 3
best_alpha
0.343
best_lambda
0.128563921862246
CV inner loop, CV rep number: 1
best_alpha
0.064
best_lambda
0.343687055418453
CV inner loop, CV rep number: 10
best_alpha
0.216
best_lambda
0.0937606749431828
CV inner loop, CV rep number: 7
best_alpha
1
best_lambda
0.0328453215562675
CV inner loop, CV rep number: 9
best_alpha
0.729
best_lambda
0.0523279356606321
CV inner loop, CV rep number: 2
best_alpha
0.008
best_lambda
1.68772056940982
CV inner loop, CV rep number: 8
best_alpha
0.008
best_lambda
1.95692348470014
CV inner loop, CV rep number: 6
best_alpha
1
best_lambda
0.0535327788967901
CV inner loop, CV rep number: 4
best_alpha
0.064
best_lambda
0.324715330859517
CV inner loop, CV rep number: 5
best_alpha
0.125
best_lambda
0.149465582069017
CV inner loop, CV rep number: 3
best_alpha
1
best_lambda
0.0490657009977439
CV inner loop, CV rep number: 10
best_alpha
0.343
best_lambda
0.140586623470773
CV inner loop, CV rep number: 1
best_alpha
0.027
best_lambda
0.652319453126179
CV inner loop, CV rep number: 7
best_alpha
0
best_lambda
10.0596928894413
CV inner loop, CV rep number: 9
best_alpha
0.001
best_lambda
5.25286949794548
CV inner loop, CV rep number: 6
best_alpha
0.125
best_lambda
0.225637800113702
CV inner loop, CV rep number: 8
best_alpha
0.512
best_lambda
0.0345464523904032
CV inner loop, CV rep number: 2
best_alpha
0.216
best_lambda
0.158535331952579
CV inner loop, CV rep number: 4
best_alpha
0
best_lambda
9.59788782655699
CV inner loop, CV rep number: 5
best_alpha
0.343
best_lambda
0.074103967160679
CV inner loop, CV rep number: 3
best_alpha
0
best_lambda
10.9872899056009
CV inner loop, CV rep number: 7
best_alpha
0.512
best_lambda
0.061836773689285
CV inner loop, CV rep number: 1
best_alpha
1
best_lambda
0.0550940798282314
CV inner loop, CV rep number: 9
best_alpha
0.064
best_lambda
0.370450026911158
CV inner loop, CV rep number: 6
best_alpha
0.027
best_lambda
0.679038576635036
CV inner loop, CV rep number: 10
best_alpha
1
best_lambda
0.0497886174952889
CV inner loop, CV rep number: 4
best_alpha
0
best_lambda
10.0988461894521
CV inner loop, CV rep number: 2
best_alpha
0.216
best_lambda
0.111319014462881
CV inner loop, CV rep number: 8
best_alpha
0.343
best_lambda
0.117927754631636
CV inner loop, CV rep number: 5
best_alpha
0.125
best_lambda
0.13423645275578
CV inner loop, CV rep number: 3
best_alpha
0.008
best_lambda
1.92394288844968
CV inner loop, CV rep number: 7
best_alpha
0.512
best_lambda
0.0831849795731797
CV inner loop, CV rep number: 9
best_alpha
0.729
best_lambda
0.0568473237475096
CV inner loop, CV rep number: 6
best_alpha
0.343
best_lambda
0.0926270851524723
CV inner loop, CV rep number: 1
best_alpha
0.729
best_lambda
0.0596263162476615
CV inner loop, CV rep number: 10
best_alpha
1
best_lambda
0.02650131494148
CV inner loop, CV rep number: 4
best_alpha
0.027
best_lambda
0.8672597227439
CV inner loop, CV rep number: 2
best_alpha
1
best_lambda
0.0191275449451608
CV inner loop, CV rep number: 8
best_alpha
1
best_lambda
0.0744623135084669
CV inner loop, CV rep number: 5
best_alpha
0.064
best_lambda
0.341280364920915
CV inner loop, CV rep number: 3
best_alpha
1
best_lambda
0.0360090985410163
CV inner loop, CV rep number: 7
best_alpha
0.064
best_lambda
0.359315158154412
CV inner loop, CV rep number: 9
best_alpha
0.027
best_lambda
0.690452117912705
CV inner loop, CV rep number: 6
best_alpha
1
best_lambda
0.0278255609917533
CV inner loop, CV rep number: 1
best_alpha
0.027
best_lambda
0.62376348288091
CV inner loop, CV rep number: 10
best_alpha
0.729
best_lambda
0.0623745521310103
CV inner loop, CV rep number: 4
best_alpha
0.729
best_lambda
0.0278468930792398
CV inner loop, CV rep number: 8
best_alpha
0.729
best_lambda
0.0528171527945982
CV inner loop, CV rep number: 2
best_alpha
0.001
best_lambda
6.42564311232691
CV inner loop, CV rep number: 5
best_alpha
0.729
best_lambda
0.0409266973857571
CV inner loop, CV rep number: 3
best_alpha
0.064
best_lambda
0.342269807708438
CV inner loop, CV rep number: 9
best_alpha
0.729
best_lambda
0.0490768552853472
CV inner loop, CV rep number: 6
best_alpha
1
best_lambda
0.0285336319248088
CV inner loop, CV rep number: 7
best_alpha
0.027
best_lambda
0.725813065809051
CV inner loop, CV rep number: 1
best_alpha
0.125
best_lambda
0.171587137130819
CV inner loop, CV rep number: 10
best_alpha
0.008
best_lambda
1.5649274001916
CV inner loop, CV rep number: 4
best_alpha
0.343
best_lambda
0.0834760838855286
CV inner loop, CV rep number: 8
best_alpha
0.512
best_lambda
0.0574507645771549
CV inner loop, CV rep number: 2
best_alpha
0.027
best_lambda
0.558159319857206
CV inner loop, CV rep number: 5
best_alpha
1
best_lambda
0.0396918395404673
CV inner loop, CV rep number: 3
best_alpha
1
best_lambda
0.0283983966281058
best_alpha
0.125
best_lambda
0.197515496853858
best_alpha
1
best_lambda
0.0364159437437014
best_alpha
0
best_lambda
11.1389809843949
best_alpha
0.216
best_lambda
0.149851254199297
CV inner loop, CV rep number: 1
best_alpha
1
best_lambda
0.0343968726750166
best_alpha
0.001
best_lambda
5.73617612429562
CV inner loop, CV rep number: 8
best_alpha
0.343
best_lambda
0.106692552837755
CV inner loop, CV rep number: 2
best_alpha
0.216
best_lambda
0.156874114672311
best_alpha
0.027
best_lambda
0.625713552225542
best_alpha
1
best_lambda
0.077909076723087
best_alpha
0
best_lambda
12.0267638961312
best_alpha
0.512
best_lambda
0.0648279547270219
[1] "Results: "
  observed CV_rep {class_type}_pred
1    Other      1         0.9357268
2    Other      1         0.9451796
3    Other      1         0.9883764
4    Other      1         0.9105712
5    Other      1         0.6211117
6    Other      1         0.9401878
Warning message:
Warning message:
package ‘glmnetUtils’ was built under R version 3.6.3 
Warning message:
Warning message:
package ‘glmnetUtils’ was built under R version 3.6.3 
Warning message:
package ‘glmnetUtils’ was built under R version 3.6.3 
Warning message:
package ‘glmnetUtils’ was built under R version 3.6.3 
Warning message:
package ‘glmnetUtils’ was built under R version 3.6.3 
Warning message:
package ‘glmnetUtils’ was built under R version 3.6.3 
Warning message:
Warning message:
package ‘glmnetUtils’ was built under R version 3.6.3 
package ‘glmnetUtils’ was built under R version 3.6.3 
package ‘glmnetUtils’ was built under R version 3.6.3 
package ‘glmnetUtils’ was built under R version 3.6.3 
[Mon Nov 29 01:35:27 2021]
Finished job 0.
1 of 1 steps (100%) done
