Building DAG of jobs...
Using shell: /usr/bin/bash
Provided cores: 10
Rules claiming more threads will be scaled down.
Select jobs to execute...

[Sun Nov 28 20:51:15 2021]
rule binomial_classification:
    input: data/ATAC_predictions_train_20_predict_80/Full_data_ATAC_pred_lasso_formatted_standardized.rds, data/sample_types.txt
    output: Classification_output/Binomial_models_output/Lasso_Predictions_Full_data_Colorectal_Cancer.rds
    jobid: 0
    wildcards: model_binomial=Lasso, class_type=Colorectal_Cancer
    threads: 10
    resources: mem_mb=200000, disk_mb=1000, tmpdir=/scratch/57523829, time=20:00:00

Rscript --vanilla /faststorage/project/DELFI1/Workspaces/CarmenAndAnika/.snakemake/scripts/tmpk0bce2yu.Lasso.R
Activating conda environment: /faststorage/project/DELFI1/Workspaces/CarmenAndAnika/.snakemake/conda/411837606499b7823565885a8a388b12
Registered S3 methods overwritten by 'ggplot2':
  method         from 
  [.quosures     rlang
  c.quosures     rlang
  print.quosures rlang
Registered S3 method overwritten by 'rvest':
  method            from
  read_xml.response xml2
── Attaching packages ─────────────────────────────────────── tidyverse 1.2.1 ──
✔ ggplot2 3.1.1       ✔ purrr   0.3.2  
✔ tibble  2.1.1       ✔ dplyr   0.8.0.1
✔ tidyr   0.8.3       ✔ stringr 1.4.0  
✔ readr   1.3.1       ✔ forcats 0.4.0  
── Conflicts ────────────────────────────────────────── tidyverse_conflicts() ──
✖ dplyr::filter() masks stats::filter()
✖ dplyr::lag()    masks stats::lag()
Type 'citation("pROC")' for a citation.

Attaching package: ‘pROC’

The following objects are masked from ‘package:stats’:

    cov, smooth, var

Loading required package: Matrix

Attaching package: ‘Matrix’

The following object is masked from ‘package:tidyr’:

    expand

Loading required package: foreach

Attaching package: ‘foreach’

The following objects are masked from ‘package:purrr’:

    accumulate, when

Loaded glmnet 2.0-16


Attaching package: ‘glmnet’

The following object is masked from ‘package:pROC’:

    auc


Attaching package: ‘glmnetUtils’

The following objects are masked from ‘package:glmnet’:

    cv.glmnet, glmnet

Warning message:
package ‘glmnetUtils’ was built under R version 3.6.3 
Warning: unable to access index for repository http://cran.us.r-project.org/src/contrib/splitTools_0.3.1.tar.gz/src/contrib:
  cannot open URL 'http://cran.us.r-project.org/src/contrib/splitTools_0.3.1.tar.gz/src/contrib/PACKAGES'
Warning message:
package ‘splitTools’ is not available (for R version 3.6.1) 
Warning message:
package ‘multiROC’ was built under R version 3.6.3 
dummies-1.5.6 provided by Decision Patterns

Warning message:
package ‘dummies’ was built under R version 3.6.3 
Loading required package: gplots

Attaching package: ‘gplots’

The following object is masked from ‘package:stats’:

    lowess

Loading required package: iterators
Loading required package: parallel
Loading required package: rngtools
Loading required package: pkgmaker
Loading required package: registry

Attaching package: ‘pkgmaker’

The following object is masked from ‘package:base’:

    isFALSE

Gastric_cancerOvarian_CancerLung_CancerBile_Duct_CancerPancreatic_CancerDuodenal_CancerBreast_CancerColorectal_Cancer
[1] "Sample_type levels"
[1] "Cancer" "Other" 
starting worker pid=33924 on localhost:11979 at 20:51:31.242
starting worker pid=33948 on localhost:11979 at 20:51:31.526
starting worker pid=33972 on localhost:11979 at 20:51:31.814
starting worker pid=34053 on localhost:11979 at 20:51:32.103
starting worker pid=34077 on localhost:11979 at 20:51:32.446
starting worker pid=34101 on localhost:11979 at 20:51:32.731
starting worker pid=34125 on localhost:11979 at 20:51:33.018
starting worker pid=34149 on localhost:11979 at 20:51:33.303
starting worker pid=34173 on localhost:11979 at 20:51:33.586
starting worker pid=34197 on localhost:11979 at 20:51:33.869
Registered S3 methods overwritten by 'ggplot2':
  method         from 
  [.quosures     rlang
  c.quosures     rlang
  print.quosures rlang
Registered S3 methods overwritten by 'ggplot2':
  method         from 
  [.quosures     rlang
  c.quosures     rlang
  print.quosures rlang
Registered S3 methods overwritten by 'ggplot2':
  method         from 
  [.quosures     rlang
  c.quosures     rlang
  print.quosures rlang
Registered S3 methods overwritten by 'ggplot2':
  method         from 
  [.quosures     rlang
  c.quosures     rlang
  print.quosures rlang
Registered S3 method overwritten by 'rvest':
  method            from
  read_xml.response xml2
── Attaching packages ─────────────────────────────────────── tidyverse 1.2.1 ──
✔ ggplot2 3.1.1       ✔ purrr   0.3.2  
✔ tibble  2.1.1       ✔ dplyr   0.8.0.1
✔ tidyr   0.8.3       ✔ stringr 1.4.0  
✔ readr   1.3.1       ✔ forcats 0.4.0  
Registered S3 methods overwritten by 'ggplot2':
  method         from 
  [.quosures     rlang
  c.quosures     rlang
  print.quosures rlang
Registered S3 method overwritten by 'rvest':
  method            from
  read_xml.response xml2
── Attaching packages ─────────────────────────────────────── tidyverse 1.2.1 ──
✔ ggplot2 3.1.1       ✔ purrr   0.3.2  
✔ tibble  2.1.1       ✔ dplyr   0.8.0.1
✔ tidyr   0.8.3       ✔ stringr 1.4.0  
✔ readr   1.3.1       ✔ forcats 0.4.0  
Registered S3 methods overwritten by 'ggplot2':
  method         from 
  [.quosures     rlang
  c.quosures     rlang
  print.quosures rlang
── Conflicts ────────────────────────────────────────── tidyverse_conflicts() ──
✖ dplyr::filter() masks stats::filter()
✖ dplyr::lag()    masks stats::lag()
Loading required package: foreach

Attaching package: ‘foreach’

The following objects are masked from ‘package:purrr’:

    accumulate, when

Registered S3 method overwritten by 'rvest':
  method            from
  read_xml.response xml2
Loading required package: rngtools
Loading required package: pkgmaker
Loading required package: registry
Registered S3 method overwritten by 'rvest':
  method            from
  read_xml.response xml2
── Attaching packages ─────────────────────────────────────── tidyverse 1.2.1 ──
✔ ggplot2 3.1.1       ✔ purrr   0.3.2  
✔ tibble  2.1.1       ✔ dplyr   0.8.0.1
✔ tidyr   0.8.3       ✔ stringr 1.4.0  
✔ readr   1.3.1       ✔ forcats 0.4.0  
── Conflicts ────────────────────────────────────────── tidyverse_conflicts() ──
✖ dplyr::filter() masks stats::filter()
✖ dplyr::lag()    masks stats::lag()
Registered S3 methods overwritten by 'ggplot2':
  method         from 
  [.quosures     rlang
  c.quosures     rlang
  print.quosures rlang
Loading required package: foreach

Attaching package: ‘foreach’

The following objects are masked from ‘package:purrr’:

    accumulate, when

── Attaching packages ─────────────────────────────────────── tidyverse 1.2.1 ──
Loading required package: rngtools

Attaching package: ‘pkgmaker’

The following object is masked from ‘package:base’:

    isFALSE

Loading required package: pkgmaker
✔ ggplot2 3.1.1       ✔ purrr   0.3.2  
✔ tibble  2.1.1       ✔ dplyr   0.8.0.1
✔ tidyr   0.8.3       ✔ stringr 1.4.0  
✔ readr   1.3.1       ✔ forcats 0.4.0  
Loading required package: registry
Registered S3 method overwritten by 'rvest':
  method            from
  read_xml.response xml2
── Conflicts ────────────────────────────────────────── tidyverse_conflicts() ──
✖ dplyr::filter() masks stats::filter()
✖ dplyr::lag()    masks stats::lag()
Registered S3 methods overwritten by 'ggplot2':
  method         from 
  [.quosures     rlang
  c.quosures     rlang
  print.quosures rlang
Loading required package: foreach

Attaching package: ‘pkgmaker’

The following object is masked from ‘package:base’:

    isFALSE


Attaching package: ‘foreach’

The following objects are masked from ‘package:purrr’:

    accumulate, when

── Conflicts ────────────────────────────────────────── tidyverse_conflicts() ──
✖ dplyr::filter() masks stats::filter()
✖ dplyr::lag()    masks stats::lag()
Loading required package: rngtools
Loading required package: foreach
Loading required package: pkgmaker
── Attaching packages ─────────────────────────────────────── tidyverse 1.2.1 ──

Attaching package: ‘foreach’

The following objects are masked from ‘package:purrr’:

    accumulate, when

Loading required package: rngtools
Loading required package: registry
Loading required package: pkgmaker
✔ ggplot2 3.1.1       ✔ purrr   0.3.2  
✔ tibble  2.1.1       ✔ dplyr   0.8.0.1
✔ tidyr   0.8.3       ✔ stringr 1.4.0  
✔ readr   1.3.1       ✔ forcats 0.4.0  
Loading required package: registry
Registered S3 method overwritten by 'rvest':
  method            from
  read_xml.response xml2
── Attaching packages ─────────────────────────────────────── tidyverse 1.2.1 ──
Registered S3 methods overwritten by 'ggplot2':
  method         from 
  [.quosures     rlang
  c.quosures     rlang
  print.quosures rlang
✔ ggplot2 3.1.1       ✔ purrr   0.3.2  
✔ tibble  2.1.1       ✔ dplyr   0.8.0.1
✔ tidyr   0.8.3       ✔ stringr 1.4.0  
✔ readr   1.3.1       ✔ forcats 0.4.0  

Attaching package: ‘pkgmaker’

The following object is masked from ‘package:base’:

    isFALSE

Registered S3 method overwritten by 'rvest':
  method            from
  read_xml.response xml2

Attaching package: ‘pkgmaker’

The following object is masked from ‘package:base’:

    isFALSE

── Conflicts ────────────────────────────────────────── tidyverse_conflicts() ──
✖ dplyr::filter() masks stats::filter()
✖ dplyr::lag()    masks stats::lag()
Loading required package: foreach

Attaching package: ‘foreach’

The following objects are masked from ‘package:purrr’:

    accumulate, when

Loading required package: rngtools
Loading required package: pkgmaker
Loading required package: registry
── Attaching packages ─────────────────────────────────────── tidyverse 1.2.1 ──
✔ ggplot2 3.1.1       ✔ purrr   0.3.2  
✔ tibble  2.1.1       ✔ dplyr   0.8.0.1
✔ tidyr   0.8.3       ✔ stringr 1.4.0  
✔ readr   1.3.1       ✔ forcats 0.4.0  
Registered S3 methods overwritten by 'ggplot2':
  method         from 
  [.quosures     rlang
  c.quosures     rlang
  print.quosures rlang
── Conflicts ────────────────────────────────────────── tidyverse_conflicts() ──
✖ dplyr::filter() masks stats::filter()
✖ dplyr::lag()    masks stats::lag()
Loading required package: foreach

Attaching package: ‘foreach’

The following objects are masked from ‘package:purrr’:

    accumulate, when

Loading required package: rngtools
Loading required package: pkgmaker
Loading required package: registry

Attaching package: ‘pkgmaker’

The following object is masked from ‘package:base’:

    isFALSE

Registered S3 method overwritten by 'rvest':
  method            from
  read_xml.response xml2
── Conflicts ────────────────────────────────────────── tidyverse_conflicts() ──
✖ dplyr::filter() masks stats::filter()
✖ dplyr::lag()    masks stats::lag()
Loading required package: foreach

Attaching package: ‘foreach’

The following objects are masked from ‘package:purrr’:

    accumulate, when

Loading required package: rngtools
Loading required package: pkgmaker
Loading required package: registry

Attaching package: ‘pkgmaker’

The following object is masked from ‘package:base’:

    isFALSE

── Attaching packages ─────────────────────────────────────── tidyverse 1.2.1 ──
✔ ggplot2 3.1.1       ✔ purrr   0.3.2  
✔ tibble  2.1.1       ✔ dplyr   0.8.0.1
✔ tidyr   0.8.3       ✔ stringr 1.4.0  
✔ readr   1.3.1       ✔ forcats 0.4.0  
Registered S3 method overwritten by 'rvest':
  method            from
  read_xml.response xml2

Attaching package: ‘pkgmaker’

The following object is masked from ‘package:base’:

    isFALSE

── Attaching packages ─────────────────────────────────────── tidyverse 1.2.1 ──
✔ ggplot2 3.1.1       ✔ purrr   0.3.2  
✔ tibble  2.1.1       ✔ dplyr   0.8.0.1
✔ tidyr   0.8.3       ✔ stringr 1.4.0  
✔ readr   1.3.1       ✔ forcats 0.4.0  
── Conflicts ────────────────────────────────────────── tidyverse_conflicts() ──
✖ dplyr::filter() masks stats::filter()
✖ dplyr::lag()    masks stats::lag()
Loading required package: foreach

Attaching package: ‘foreach’

Registered S3 method overwritten by 'rvest':
  method            from
  read_xml.response xml2
The following objects are masked from ‘package:purrr’:

    accumulate, when

Loading required package: rngtools
Loading required package: pkgmaker
Loading required package: registry
── Attaching packages ─────────────────────────────────────── tidyverse 1.2.1 ──
✔ ggplot2 3.1.1       ✔ purrr   0.3.2  
✔ tibble  2.1.1       ✔ dplyr   0.8.0.1
✔ tidyr   0.8.3       ✔ stringr 1.4.0  
✔ readr   1.3.1       ✔ forcats 0.4.0  
── Conflicts ────────────────────────────────────────── tidyverse_conflicts() ──
✖ dplyr::filter() masks stats::filter()
✖ dplyr::lag()    masks stats::lag()
Loading required package: foreach

Attaching package: ‘foreach’

The following objects are masked from ‘package:purrr’:

    accumulate, when

Loading required package: rngtools
Loading required package: pkgmaker
Loading required package: registry

Attaching package: ‘pkgmaker’

The following object is masked from ‘package:base’:

    isFALSE

── Conflicts ────────────────────────────────────────── tidyverse_conflicts() ──
✖ dplyr::filter() masks stats::filter()
✖ dplyr::lag()    masks stats::lag()
Loading required package: foreach

Attaching package: ‘foreach’

The following objects are masked from ‘package:purrr’:

    accumulate, when

Loading required package: rngtools
Loading required package: pkgmaker

Attaching package: ‘pkgmaker’

The following object is masked from ‘package:base’:

    isFALSE

Loading required package: registry

Attaching package: ‘pkgmaker’

The following object is masked from ‘package:base’:

    isFALSE

Colorectal_Cancer
Colorectal_Cancer
Colorectal_Cancer
CV repetition number: 2
Colorectal_Cancer
Colorectal_Cancer
Colorectal_Cancer
Colorectal_Cancer
Colorectal_Cancer
Colorectal_Cancer
CV repetition number: 10
Colorectal_Cancer
CV repetition number: 1
CV repetition number: 3
CV repetition number: 4
CV repetition number: 6
CV repetition number: 5
CV repetition number: 9
CV repetition number: 7
CV repetition number: 8
CV inner loop, CV rep number: 2
CV inner loop, CV rep number: 10
CV inner loop, CV rep number: 1
CV inner loop, CV rep number: 3
CV inner loop, CV rep number: 9
CV inner loop, CV rep number: 5
CV inner loop, CV rep number: 4
CV inner loop, CV rep number: 6
CV inner loop, CV rep number: 7
CV inner loop, CV rep number: 8
best_alpha
0
best_lambda
6.16963607853443
CV inner loop, CV rep number: 5
best_alpha
1
best_lambda
0.0375941743195478
CV inner loop, CV rep number: 6
best_alpha
0.512
best_lambda
0.0676572873066573
CV inner loop, CV rep number: 10
best_alpha
0.512
best_lambda
0.0733459730283597
CV inner loop, CV rep number: 2
best_alpha
0.008
best_lambda
1.24779234214869
CV inner loop, CV rep number: 1
best_alpha
0.027
best_lambda
0.378471854078273
best_alpha
0.216
best_lambda
0.0807516423701278
best_alpha
0.008
best_lambda
1.32610792019432
CV inner loop, CV rep number: 3
best_alpha
0.008
best_lambda
1.48357584432103
CV inner loop, CV rep number: 8
best_alpha
0.008
best_lambda
1.43566899308495
CV inner loop, CV rep number: 4
CV inner loop, CV rep number: 7
best_alpha
0.027
best_lambda
0.608485954091613
CV inner loop, CV rep number: 5
best_alpha
0
best_lambda
7.45061908407918
CV inner loop, CV rep number: 6
best_alpha
0.008
best_lambda
1.56148286452968
CV inner loop, CV rep number: 1
best_alpha
0.027
best_lambda
0.539417127057122
CV inner loop, CV rep number: 10
best_alpha
0
best_lambda
6.41348655556329
CV inner loop, CV rep number: 2
best_alpha
0.027
best_lambda
0.639843242635137
CV inner loop, CV rep number: 4
best_alpha
0.027
best_lambda
0.537751047706852
CV inner loop, CV rep number: 8
best_alpha
0
best_lambda
6.92147014419794
CV inner loop, CV rep number: 3
best_alpha
0.008
best_lambda
1.64739429218452
CV inner loop, CV rep number: 7
CV inner loop, CV rep number: 9
best_alpha
0
best_lambda
6.4438269462975
CV inner loop, CV rep number: 5
best_alpha
0.729
best_lambda
0.0384220706683336
CV inner loop, CV rep number: 1
best_alpha
0.027
best_lambda
0.600978033206953
CV inner loop, CV rep number: 6
best_alpha
0
best_lambda
5.78402712520205
best_alpha
1
best_lambda
0.0284465099089163
CV inner loop, CV rep number: 10
CV inner loop, CV rep number: 8
best_alpha
0
best_lambda
7.20726759491958
CV inner loop, CV rep number: 3
best_alpha
0.008
best_lambda
1.52182953997197
CV inner loop, CV rep number: 2
best_alpha
0
best_lambda
6.12306189140827
CV inner loop, CV rep number: 4
best_alpha
0
best_lambda
7.35576472716699
CV inner loop, CV rep number: 7
best_alpha
0.001
best_lambda
4.71722796815353
CV inner loop, CV rep number: 9
best_alpha
0.027
best_lambda
0.531924188949523
CV inner loop, CV rep number: 1
best_alpha
best_alpha
best_alpha
best_alpha
0.001
best_alpha
0
0.216
0.008
best_lambda
best_lambda
0.064
best_lambda
best_lambda
0.115990687378018
1.20995980851891
4.36352758176128
best_lambda
6.89746588305164
0.267773813341587
CV inner loop, CV rep number: 8
CV inner loop, CV rep number: 5
CV inner loop, CV rep number: 3
CV inner loop, CV rep number: 10
CV inner loop, CV rep number: 6
best_alpha
0.729
best_lambda
0.0473273638727951
CV inner loop, CV rep number: 2
best_alpha
0
best_lambda
7.34809538678789
CV inner loop, CV rep number: 4
best_alpha
0.008
best_lambda
1.28082530978345
CV inner loop, CV rep number: 7
best_alpha
0.008
best_lambda
1.5793442284807
CV inner loop, CV rep number: 9
best_alpha
0
best_lambda
7.39231764421886
CV inner loop, CV rep number: 1
best_alpha
0.027
best_lambda
0.481778563903582
CV inner loop, CV rep number: 10
best_alpha
0.008
best_lambda
1.36224684106055
best_alpha
0.008
best_lambda
1.48484697547845
CV inner loop, CV rep number: 2
CV inner loop, CV rep number: 5
best_alpha
0.512
best_lambda
0.063962996390136
CV inner loop, CV rep number: 6
best_alpha
0.027
best_lambda
0.569558201271783
CV inner loop, CV rep number: 8
best_alpha
0.008
best_lambda
1.35159903837711
CV inner loop, CV rep number: 3
best_alpha
0.729
best_lambda
0.0589617792797971
CV inner loop, CV rep number: 4
best_alpha
0.027
best_lambda
0.546199925425231
CV inner loop, CV rep number: 7
best_alpha
0.001
best_lambda
3.98123895868112
CV inner loop, CV rep number: 9
best_alpha
0.064
best_lambda
0.266059291158732
CV inner loop, CV rep number: 1
best_alpha
0.343
best_lambda
0.090753247728752
CV inner loop, CV rep number: 4
best_alpha
0.008
best_lambda
1.35393232694405
CV inner loop, CV rep number: 2
best_alpha
0.729
best_lambda
0.0553632193987179
CV inner loop, CV rep number: 8
best_alpha
0.008
best_lambda
1.12644795845518
best_alpha
0.064
best_lambda
0.237637746937903
CV inner loop, CV rep number: 6
CV inner loop, CV rep number: 10
best_alpha
0.008
best_lambda
1.42451512544139
CV inner loop, CV rep number: 5
best_alpha
0.008
best_lambda
1.34102570451421
CV inner loop, CV rep number: 3
best_alpha
0
best_lambda
5.87088592975026
CV inner loop, CV rep number: 7
best_alpha
0.008
best_lambda
1.52575059732904
CV inner loop, CV rep number: 9
best_alpha
0
best_lambda
7.01122763294905
CV inner loop, CV rep number: 1
best_alpha
0.027
best_lambda
0.621066541000453
CV inner loop, CV rep number: 8
best_alpha
0.064
best_lambda
0.241431209291326
CV inner loop, CV rep number: 3
best_alpha
0.001
best_lambda
4.14095771386705
CV inner loop, CV rep number: 2
best_alpha
0.001
best_lambda
5.322718743082
CV inner loop, CV rep number: 4
best_alpha
0.064
best_lambda
0.247799583472257
CV inner loop, CV rep number: 6
best_alpha
0.064
best_lambda
0.292832859978989
CV inner loop, CV rep number: 7
best_alpha
1
best_lambda
0.0435642561920242
CV inner loop, CV rep number: 5
best_alpha
0.008
best_lambda
1.63685513063128
CV inner loop, CV rep number: 10
best_alpha
0.027
best_lambda
0.568205321973732
CV inner loop, CV rep number: 9
best_alpha
0.729
best_lambda
0.0384660188630412
CV inner loop, CV rep number: 1
best_alpha
0.512
best_lambda
0.0617354633341891
CV inner loop, CV rep number: 4
best_alpha
0.008
best_lambda
1.42368584587271
CV inner loop, CV rep number: 8
best_alpha
0.008
best_lambda
1.50035902540161
CV inner loop, CV rep number: 6
best_alpha
0.216
best_lambda
0.11283070693467
CV inner loop, CV rep number: 5
best_alpha
0.512
best_lambda
0.0770343644386419
CV inner loop, CV rep number: 7
best_alpha
0
best_lambda
6.16300111376142
best_alpha
1
best_lambda
0.0406356786052069
CV inner loop, CV rep number: 2
CV inner loop, CV rep number: 3
best_alpha
0.001
best_lambda
4.10277721956492
CV inner loop, CV rep number: 10
best_alpha
0.729
best_lambda
0.0418341388505934
CV inner loop, CV rep number: 9
best_alpha
0.512
best_lambda
0.0619789933140511
CV inner loop, CV rep number: 1
best_alpha
0.001
best_lambda
3.95137471255354
CV inner loop, CV rep number: 4
best_alpha
0
best_lambda
7.42467679058965
CV inner loop, CV rep number: 6
best_alpha
0.008
best_lambda
1.44765912125818
CV inner loop, CV rep number: 8
best_alpha
0.512
best_lambda
0.0702943173489879
CV inner loop, CV rep number: 10
best_alpha
0
best_lambda
6.37080962837468
CV inner loop, CV rep number: 2
best_alpha
0.001
best_lambda
3.58897769040613
CV inner loop, CV rep number: 5
best_alpha
0.216
best_lambda
0.121496677944024
CV inner loop, CV rep number: 7
best_alpha
0.008
best_lambda
1.5901550459294
CV inner loop, CV rep number: 3
best_alpha
0.008
best_lambda
1.49753579075743
CV inner loop, CV rep number: 9
best_alpha
0.001
best_lambda
4.63616688698452
best_alpha
0.001
best_lambda
5.3444064153534
best_alpha
0.027
best_lambda
0.520586063603081
best_alpha
0.216
best_lambda
0.147694376514838
best_alpha
1
best_lambda
0.0455918760103803
best_alpha
0.008
best_lambda
1.37342624112376
best_alpha
0.008
best_lambda
1.2500585098976
best_alpha
0.512
best_lambda
0.0720692200521521
best_alpha
1
best_lambda
0.04939936241754
best_alpha
0.027
best_lambda
0.515139920814301
CV inner loop, CV rep number: 9
best_alpha
0.008
best_lambda
1.32664594799079
Warning message:
package ‘glmnetUtils’ was built under R version 3.6.3 
Warning message:
Warning message:
Warning message:
package ‘glmnetUtils’ was built under R version 3.6.3 
Warning message:
package ‘glmnetUtils’ was built under R version 3.6.3 
Warning message:
package ‘glmnetUtils’ was built under R version 3.6.3 
Warning message:
Warning message:
Warning message:
Warning messages:
package ‘glmnetUtils’ was built under R version 3.6.3 
package ‘glmnetUtils’ was built under R version 3.6.3 
package ‘glmnetUtils’ was built under R version 3.6.3 
package ‘glmnetUtils’ was built under R version 3.6.3 
package ‘glmnetUtils’ was built under R version 3.6.3 
[1] "Results: "
1: package ‘glmnetUtils’ was built under R version 3.6.3 
2: from glmnet Fortran code (error code -1); Convergence for 1th lambda value not reached after maxit=100000 iterations; solutions for larger lambdas returned 
 3: In getcoef(fit, nvars, nx, vnames) :
  an empty model has been returned; probably a convergence issue
 observed CV_rep {class_type}_pred
1    Other      1         0.9464405
2    Other      1         0.9327080
3    Other      1         0.9696439
4    Other      1         0.9329376
5    Other      1         0.9028522
6    Other      1         0.8521155
[Sun Nov 28 21:19:56 2021]
Finished job 0.
1 of 1 steps (100%) done
