Building DAG of jobs...
Using shell: /usr/bin/bash
Provided cores: 10
Rules claiming more threads will be scaled down.
Select jobs to execute...

[Mon Nov 29 22:49:36 2021]
rule binomial_classification:
    input: data/ATAC_predictions_train_20_predict_80/Full_data_ATAC_pred_lasso_formatted_standardized.rds, data/sample_types.txt
    output: Classification_output/Binomial_models_output/SVM_radial_Predictions_Full_data_Gastric_cancer.rds
    jobid: 0
    wildcards: model_binomial=SVM_radial, class_type=Gastric_cancer
    threads: 10
    resources: mem_mb=200000, disk_mb=1000, tmpdir=/scratch/57574934, time=20:00:00

Rscript --vanilla /faststorage/project/DELFI1/Workspaces/CarmenAndAnika/.snakemake/scripts/tmp5vnd2jn2.SVM_radial.R
Activating conda environment: /faststorage/project/DELFI1/Workspaces/CarmenAndAnika/.snakemake/conda/411837606499b7823565885a8a388b12
Registered S3 methods overwritten by 'ggplot2':
  method         from 
  [.quosures     rlang
  c.quosures     rlang
  print.quosures rlang
Registered S3 method overwritten by 'rvest':
  method            from
  read_xml.response xml2
── Attaching packages ─────────────────────────────────────── tidyverse 1.2.1 ──
✔ ggplot2 3.1.1       ✔ purrr   0.3.2  
✔ tibble  2.1.1       ✔ dplyr   0.8.0.1
✔ tidyr   0.8.3       ✔ stringr 1.4.0  
✔ readr   1.3.1       ✔ forcats 0.4.0  
── Conflicts ────────────────────────────────────────── tidyverse_conflicts() ──
✖ dplyr::filter() masks stats::filter()
✖ dplyr::lag()    masks stats::lag()
Loading required package: lattice

Attaching package: ‘caret’

The following object is masked from ‘package:purrr’:

    lift

Type 'citation("pROC")' for a citation.

Attaching package: ‘pROC’

The following objects are masked from ‘package:stats’:

    cov, smooth, var

Warning: unable to access index for repository http://cran.us.r-project.org/src/contrib/kernlab_0.9-29.tar.gz/src/contrib:
  cannot open URL 'http://cran.us.r-project.org/src/contrib/kernlab_0.9-29.tar.gz/src/contrib/PACKAGES'
Warning message:
package ‘kernlab’ is not available (for R version 3.6.1) 

Attaching package: ‘kernlab’

The following object is masked from ‘package:purrr’:

    cross

The following object is masked from ‘package:ggplot2’:

    alpha

Loading required package: foreach

Attaching package: ‘foreach’

The following objects are masked from ‘package:purrr’:

    accumulate, when

Loading required package: iterators
Loading required package: parallel
Loading required package: rngtools
Loading required package: pkgmaker
Loading required package: registry

Attaching package: ‘pkgmaker’

The following object is masked from ‘package:base’:

    isFALSE

Warning: unable to access index for repository http://cran.us.r-project.org/src/contrib/splitTools_0.3.1.tar.gz/src/contrib:
  cannot open URL 'http://cran.us.r-project.org/src/contrib/splitTools_0.3.1.tar.gz/src/contrib/PACKAGES'
Warning message:
package ‘splitTools’ is not available (for R version 3.6.1) 
Gastric_cancerOvarian_CancerLung_CancerBile_Duct_CancerPancreatic_CancerDuodenal_CancerBreast_CancerColorectal_Cancer
[1] "Sample_type levels"
[1] "Cancer" "Other" 
starting worker pid=4110 on localhost:11333 at 22:49:50.983
starting worker pid=4134 on localhost:11333 at 22:49:51.694
starting worker pid=4158 on localhost:11333 at 22:49:52.028
starting worker pid=4182 on localhost:11333 at 22:49:52.584
starting worker pid=4206 on localhost:11333 at 22:49:53.035
starting worker pid=4230 on localhost:11333 at 22:49:53.645
starting worker pid=4254 on localhost:11333 at 22:49:54.031
starting worker pid=4278 on localhost:11333 at 22:49:54.385
starting worker pid=4302 on localhost:11333 at 22:49:55.030
starting worker pid=4326 on localhost:11333 at 22:49:55.782
Loading required package: lattice
Loading required package: ggplot2
Loading required package: lattice
Loading required package: ggplot2
Loading required package: lattice
Loading required package: ggplot2
Loading required package: lattice
Registered S3 methods overwritten by 'ggplot2':
  method         from 
  [.quosures     rlang
  c.quosures     rlang
  print.quosures rlang
Loading required package: ggplot2
Loading required package: lattice
Loading required package: ggplot2
Loading required package: lattice
Loading required package: ggplot2
Loading required package: lattice
Registered S3 methods overwritten by 'ggplot2':
  method         from 
  [.quosures     rlang
  c.quosures     rlang
  print.quosures rlang
Registered S3 methods overwritten by 'ggplot2':
  method         from 
  [.quosures     rlang
  c.quosures     rlang
  print.quosures rlang
Loading required package: ggplot2
Loading required package: lattice
Registered S3 methods overwritten by 'ggplot2':
  method         from 
  [.quosures     rlang
  c.quosures     rlang
  print.quosures rlang
Loading required package: ggplot2
Loading required package: lattice
Loading required package: lattice
Loading required package: ggplot2
Registered S3 methods overwritten by 'ggplot2':
  method         from 
  [.quosures     rlang
  c.quosures     rlang
  print.quosures rlang
Loading required package: ggplot2
Registered S3 methods overwritten by 'ggplot2':
  method         from 
  [.quosures     rlang
  c.quosures     rlang
  print.quosures rlang
Registered S3 methods overwritten by 'ggplot2':
  method         from 
  [.quosures     rlang
  c.quosures     rlang
  print.quosures rlang
Registered S3 methods overwritten by 'ggplot2':
  method         from 
  [.quosures     rlang
  c.quosures     rlang
  print.quosures rlang
Registered S3 methods overwritten by 'ggplot2':
  method         from 
  [.quosures     rlang
  c.quosures     rlang
  print.quosures rlang
Registered S3 methods overwritten by 'ggplot2':
  method         from 
  [.quosures     rlang
  c.quosures     rlang
  print.quosures rlang
Registered S3 method overwritten by 'rvest':
  method            from
  read_xml.response xml2
Registered S3 method overwritten by 'rvest':
  method            from
  read_xml.response xml2
── Attaching packages ─────────────────────────────────────── tidyverse 1.2.1 ──
✔ tibble  2.1.1       ✔ purrr   0.3.2  
✔ tidyr   0.8.3       ✔ dplyr   0.8.0.1
✔ readr   1.3.1       ✔ stringr 1.4.0  
✔ tibble  2.1.1       ✔ forcats 0.4.0  
── Attaching packages ─────────────────────────────────────── tidyverse 1.2.1 ──
✔ tibble  2.1.1       ✔ purrr   0.3.2  
✔ tidyr   0.8.3       ✔ dplyr   0.8.0.1
✔ readr   1.3.1       ✔ stringr 1.4.0  
✔ tibble  2.1.1       ✔ forcats 0.4.0  
Registered S3 method overwritten by 'rvest':
  method            from
  read_xml.response xml2
── Conflicts ────────────────────────────────────────── tidyverse_conflicts() ──
✖ dplyr::filter() masks stats::filter()
✖ dplyr::lag()    masks stats::lag()
✖ purrr::lift()   masks caret::lift()
── Conflicts ────────────────────────────────────────── tidyverse_conflicts() ──
✖ dplyr::filter() masks stats::filter()
✖ dplyr::lag()    masks stats::lag()
✖ purrr::lift()   masks caret::lift()
── Attaching packages ─────────────────────────────────────── tidyverse 1.2.1 ──
✔ tibble  2.1.1       ✔ purrr   0.3.2  
✔ tidyr   0.8.3       ✔ dplyr   0.8.0.1
✔ readr   1.3.1       ✔ stringr 1.4.0  
✔ tibble  2.1.1       ✔ forcats 0.4.0  
Registered S3 method overwritten by 'rvest':
  method            from
  read_xml.response xml2
Registered S3 method overwritten by 'rvest':
  method            from
  read_xml.response xml2
── Attaching packages ─────────────────────────────────────── tidyverse 1.2.1 ──
✔ tibble  2.1.1       ✔ purrr   0.3.2  
✔ tidyr   0.8.3       ✔ dplyr   0.8.0.1
✔ readr   1.3.1       ✔ stringr 1.4.0  
✔ tibble  2.1.1       ✔ forcats 0.4.0  
── Conflicts ────────────────────────────────────────── tidyverse_conflicts() ──
✖ dplyr::filter() masks stats::filter()
✖ dplyr::lag()    masks stats::lag()
✖ purrr::lift()   masks caret::lift()
Registered S3 method overwritten by 'rvest':
  method            from
  read_xml.response xml2
── Attaching packages ─────────────────────────────────────── tidyverse 1.2.1 ──
✔ tibble  2.1.1       ✔ purrr   0.3.2  
✔ tidyr   0.8.3       ✔ dplyr   0.8.0.1
✔ readr   1.3.1       ✔ stringr 1.4.0  
✔ tibble  2.1.1       ✔ forcats 0.4.0  
── Attaching packages ─────────────────────────────────────── tidyverse 1.2.1 ──
── Conflicts ────────────────────────────────────────── tidyverse_conflicts() ──
✖ dplyr::filter() masks stats::filter()
✖ dplyr::lag()    masks stats::lag()
✖ purrr::lift()   masks caret::lift()
✔ tibble  2.1.1       ✔ purrr   0.3.2  
✔ tidyr   0.8.3       ✔ dplyr   0.8.0.1
✔ readr   1.3.1       ✔ stringr 1.4.0  
✔ tibble  2.1.1       ✔ forcats 0.4.0  

Attaching package: ‘kernlab’

The following object is masked from ‘package:purrr’:

    cross

The following object is masked from ‘package:ggplot2’:

    alpha

Registered S3 method overwritten by 'rvest':
  method            from
  read_xml.response xml2
Loading required package: foreach

Attaching package: ‘foreach’

The following objects are masked from ‘package:purrr’:

    accumulate, when

Loading required package: rngtools
Loading required package: pkgmaker

Attaching package: ‘kernlab’

The following object is masked from ‘package:purrr’:

    cross

── Conflicts ────────────────────────────────────────── tidyverse_conflicts() ──
✖ dplyr::filter() masks stats::filter()
✖ dplyr::lag()    masks stats::lag()
✖ purrr::lift()   masks caret::lift()
The following object is masked from ‘package:ggplot2’:

    alpha

Loading required package: foreach
Loading required package: registry

Attaching package: ‘foreach’

The following objects are masked from ‘package:purrr’:

    accumulate, when

Loading required package: rngtools
── Attaching packages ─────────────────────────────────────── tidyverse 1.2.1 ──
Loading required package: pkgmaker
✔ tibble  2.1.1       ✔ purrr   0.3.2  
✔ tidyr   0.8.3       ✔ dplyr   0.8.0.1
✔ readr   1.3.1       ✔ stringr 1.4.0  
✔ tibble  2.1.1       ✔ forcats 0.4.0  
Loading required package: registry
── Conflicts ────────────────────────────────────────── tidyverse_conflicts() ──
✖ dplyr::filter() masks stats::filter()
✖ dplyr::lag()    masks stats::lag()
✖ purrr::lift()   masks caret::lift()

Attaching package: ‘pkgmaker’

The following object is masked from ‘package:base’:

    isFALSE


Attaching package: ‘pkgmaker’

The following object is masked from ‘package:base’:

    isFALSE


Attaching package: ‘kernlab’

The following object is masked from ‘package:purrr’:

    cross

The following object is masked from ‘package:ggplot2’:

    alpha

── Conflicts ────────────────────────────────────────── tidyverse_conflicts() ──
✖ dplyr::filter() masks stats::filter()
✖ dplyr::lag()    masks stats::lag()
✖ purrr::lift()   masks caret::lift()
Loading required package: foreach

Attaching package: ‘foreach’

The following objects are masked from ‘package:purrr’:

    accumulate, when

Loading required package: rngtools
Loading required package: pkgmaker
Loading required package: registry
Registered S3 method overwritten by 'rvest':
  method            from
  read_xml.response xml2
Registered S3 method overwritten by 'rvest':
  method            from
  read_xml.response xml2
Registered S3 method overwritten by 'rvest':
  method            from
  read_xml.response xml2

Attaching package: ‘kernlab’

The following object is masked from ‘package:purrr’:

    cross

The following object is masked from ‘package:ggplot2’:

    alpha

Loading required package: foreach

Attaching package: ‘foreach’

The following objects are masked from ‘package:purrr’:

    accumulate, when

Loading required package: rngtools

Attaching package: ‘pkgmaker’

The following object is masked from ‘package:base’:

    isFALSE

── Attaching packages ─────────────────────────────────────── tidyverse 1.2.1 ──
── Attaching packages ─────────────────────────────────────── tidyverse 1.2.1 ──
Loading required package: pkgmaker
✔ tibble  2.1.1       ✔ purrr   0.3.2  
✔ tidyr   0.8.3       ✔ dplyr   0.8.0.1
✔ readr   1.3.1       ✔ stringr 1.4.0  
✔ tibble  2.1.1       ✔ forcats 0.4.0  
✔ tibble  2.1.1       ✔ purrr   0.3.2  
✔ tidyr   0.8.3       ✔ dplyr   0.8.0.1
✔ readr   1.3.1       ✔ stringr 1.4.0  
✔ tibble  2.1.1       ✔ forcats 0.4.0  
Loading required package: registry
── Attaching packages ─────────────────────────────────────── tidyverse 1.2.1 ──

Attaching package: ‘kernlab’

The following object is masked from ‘package:purrr’:

    cross

✔ tibble  2.1.1       ✔ purrr   0.3.2  
✔ tidyr   0.8.3       ✔ dplyr   0.8.0.1
✔ readr   1.3.1       ✔ stringr 1.4.0  
✔ tibble  2.1.1       ✔ forcats 0.4.0  
The following object is masked from ‘package:ggplot2’:

    alpha

Loading required package: foreach

Attaching package: ‘foreach’

The following objects are masked from ‘package:purrr’:

    accumulate, when

Loading required package: rngtools
Loading required package: pkgmaker
Loading required package: registry

Attaching package: ‘kernlab’

The following object is masked from ‘package:purrr’:

    cross

The following object is masked from ‘package:ggplot2’:

    alpha

Loading required package: foreach

Attaching package: ‘foreach’

The following objects are masked from ‘package:purrr’:

    accumulate, when


Attaching package: ‘pkgmaker’

The following object is masked from ‘package:base’:

    isFALSE

Loading required package: rngtools
Loading required package: pkgmaker
── Conflicts ────────────────────────────────────────── tidyverse_conflicts() ──
✖ dplyr::filter() masks stats::filter()
✖ dplyr::lag()    masks stats::lag()
✖ purrr::lift()   masks caret::lift()
── Conflicts ────────────────────────────────────────── tidyverse_conflicts() ──
✖ dplyr::filter() masks stats::filter()
✖ dplyr::lag()    masks stats::lag()
✖ purrr::lift()   masks caret::lift()
Loading required package: registry
── Conflicts ────────────────────────────────────────── tidyverse_conflicts() ──
✖ dplyr::filter() masks stats::filter()
✖ dplyr::lag()    masks stats::lag()
✖ purrr::lift()   masks caret::lift()

Attaching package: ‘pkgmaker’

The following object is masked from ‘package:base’:

    isFALSE


Attaching package: ‘kernlab’

The following object is masked from ‘package:purrr’:

    cross

The following object is masked from ‘package:ggplot2’:

    alpha

Loading required package: foreach

Attaching package: ‘foreach’

The following objects are masked from ‘package:purrr’:

    accumulate, when

Loading required package: rngtools
Loading required package: pkgmaker

Attaching package: ‘pkgmaker’

The following object is masked from ‘package:base’:

    isFALSE

Loading required package: registry

Attaching package: ‘pkgmaker’

The following object is masked from ‘package:base’:

    isFALSE


Attaching package: ‘kernlab’

The following object is masked from ‘package:purrr’:

    cross

The following object is masked from ‘package:ggplot2’:

    alpha


Attaching package: ‘kernlab’

The following object is masked from ‘package:purrr’:

    cross

The following object is masked from ‘package:ggplot2’:

    alpha

Loading required package: foreach
Loading required package: foreach

Attaching package: ‘kernlab’

The following object is masked from ‘package:purrr’:

    cross

The following object is masked from ‘package:ggplot2’:

    alpha


Attaching package: ‘foreach’

The following objects are masked from ‘package:purrr’:

    accumulate, when


Attaching package: ‘foreach’

The following objects are masked from ‘package:purrr’:

    accumulate, when

Loading required package: rngtools
Loading required package: foreach
Loading required package: rngtools

Attaching package: ‘foreach’

Loading required package: pkgmaker
The following objects are masked from ‘package:purrr’:

    accumulate, when

Loading required package: pkgmaker
Loading required package: rngtools
Loading required package: registry
Loading required package: registry
Loading required package: pkgmaker
Loading required package: registry

Attaching package: ‘pkgmaker’

The following object is masked from ‘package:base’:

    isFALSE


Attaching package: ‘pkgmaker’

The following object is masked from ‘package:base’:

    isFALSE


Attaching package: ‘pkgmaker’

The following object is masked from ‘package:base’:

    isFALSE

Gastric_cancer
Gastric_cancer
Gastric_cancer
Gastric_cancer
Gastric_cancer
Gastric_cancer
Gastric_cancer
Gastric_cancer
Gastric_cancer
Gastric_cancer
CV repetition number: 1
CV repetition number: 2
CV repetition number: 4
CV repetition number: 7
CV repetition number: 6
CV repetition number: 8
CV repetition number: 3
CV repetition number: 5
CV repetition number: 10
CV repetition number: 9
CV inner loop, CV rep number: 1
CV inner loop, CV rep number: 2
CV inner loop, CV rep number: 7
CV inner loop, CV rep number: 6
CV inner loop, CV rep number: 4
CV inner loop, CV rep number: 8
CV inner loop, CV rep number: 5
CV inner loop, CV rep number: 10
CV inner loop, CV rep number: 3
CV inner loop, CV rep number: 9
besttune C
4
besttune sigma
5.51640962921942e-05
besttune C
4
besttune sigma
5.7594155621456e-05
besttune C
4
besttune sigma
5.66274552698013e-05
besttune C
2
besttune sigma
5.39440545058351e-05
besttune C
4
besttune sigma
5.51269825878493e-05
besttune C
1
besttune sigma
5.61392274548388e-05
besttune C
0.5
besttune sigma
5.72935329605552e-05
besttune C
1
besttune sigma
5.37843909691908e-05
besttune C
2
besttune sigma
5.40635558600414e-05
besttune C
4
besttune sigma
5.41954281463025e-05
CV inner loop, CV rep number: 10
CV inner loop, CV rep number: 10
CV inner loop, CV rep number: 10
CV inner loop, CV rep number: 10
CV inner loop, CV rep number: 10
CV inner loop, CV rep number: 10
CV inner loop, CV rep number: 10
CV inner loop, CV rep number: 10
CV inner loop, CV rep number: 10
CV inner loop, CV rep number: 10
besttune C
0.25
besttune sigma
5.46343945913737e-05
besttune C
0.25
besttune sigma
5.50623776363716e-05
besttune C
1
besttune sigma
5.21308849311262e-05
besttune C
4
besttune sigma
5.25079992009414e-05
besttune C
0.25
besttune sigma
5.71550949093158e-05
besttune C
4
besttune sigma
5.43450678263161e-05
besttune C
1
besttune sigma
5.38575446684709e-05
besttune C
4
besttune sigma
5.57309589075012e-05
besttune C
4
besttune sigma
5.2776306535795e-05
besttune C
0.25
besttune sigma
5.46260129210408e-05
CV inner loop, CV rep number: 10
CV inner loop, CV rep number: 10
CV inner loop, CV rep number: 10
CV inner loop, CV rep number: 10
CV inner loop, CV rep number: 10
CV inner loop, CV rep number: 10
CV inner loop, CV rep number: 10
CV inner loop, CV rep number: 10
CV inner loop, CV rep number: 10
CV inner loop, CV rep number: 10
besttune C
0.5
besttune sigma
5.36374892296788e-05
besttune C
0.25
besttune sigma
5.39224981727335e-05
besttune C
4
besttune sigma
5.42055836632984e-05
besttune C
0.25
besttune sigma
5.39681622130371e-05
besttune C
0.25
besttune sigma
5.60013908694269e-05
besttune C
2
besttune sigma
5.43450709315773e-05
besttune C
0.5
besttune sigma
5.78552795663578e-05
besttune C
2
besttune sigma
5.62630123411809e-05
besttune C
1
besttune sigma
5.10831348690363e-05
besttune C
4
besttune sigma
5.70650206080664e-05
CV inner loop, CV rep number: 10
CV inner loop, CV rep number: 10
CV inner loop, CV rep number: 10
CV inner loop, CV rep number: 10
CV inner loop, CV rep number: 10
CV inner loop, CV rep number: 10
CV inner loop, CV rep number: 10
CV inner loop, CV rep number: 10
CV inner loop, CV rep number: 10
CV inner loop, CV rep number: 10
besttune C
0.25
besttune sigma
5.20346953739736e-05
besttune C
0.5
besttune sigma
5.47969039188954e-05
besttune C
4
besttune sigma
5.54583728300382e-05
besttune C
2
besttune sigma
5.73051442152616e-05
besttune C
4
besttune sigma
5.50712402034375e-05
besttune C
1
besttune sigma
5.36731293594309e-05
besttune C
0.5
besttune sigma
5.42995205046982e-05
besttune C
4
besttune sigma
5.36286898954627e-05
besttune C
4
besttune sigma
5.70492197957753e-05
besttune C
2
besttune sigma
5.70928589205987e-05
CV inner loop, CV rep number: 10
CV inner loop, CV rep number: 10
CV inner loop, CV rep number: 10
CV inner loop, CV rep number: 10
CV inner loop, CV rep number: 10
CV inner loop, CV rep number: 10
CV inner loop, CV rep number: 10
CV inner loop, CV rep number: 10
CV inner loop, CV rep number: 10
CV inner loop, CV rep number: 10
besttune C
4
besttune sigma
5.15363913340299e-05
besttune C
4
besttune sigma
5.28501402275915e-05
besttune C
4
besttune sigma
5.60616363079932e-05
besttune C
4
besttune sigma
5.57965471515034e-05
besttune C
2
besttune sigma
5.31641800919573e-05
besttune C
4
besttune sigma
5.26137266543314e-05
besttune C
2
besttune sigma
5.55226467653677e-05
besttune C
1
besttune sigma
5.6956310403823e-05
CV inner loop, CV rep number: 10
besttune C
0.5
besttune sigma
5.26377437266901e-05
besttune C
0.25
besttune sigma
5.60228800563756e-05
CV inner loop, CV rep number: 10
CV inner loop, CV rep number: 10
CV inner loop, CV rep number: 10
CV inner loop, CV rep number: 10
CV inner loop, CV rep number: 10
CV inner loop, CV rep number: 10
CV inner loop, CV rep number: 10
CV inner loop, CV rep number: 10
CV inner loop, CV rep number: 10
besttune C
0.5
besttune sigma
5.36165130552996e-05
besttune C
2
besttune sigma
5.35754181946019e-05
besttune C
0.25
besttune sigma
5.21337012118082e-05
besttune C
0.5
besttune sigma
5.55779533062612e-05
besttune C
2
besttune sigma
5.4282954032002e-05
besttune C
0.25
besttune sigma
5.58067210735769e-05
besttune C
4
besttune sigma
5.65464475839607e-05
CV inner loop, CV rep number: 10
besttune C
0.5
besttune sigma
5.23567680980721e-05
CV inner loop, CV rep number: 10
CV inner loop, CV rep number: 10
CV inner loop, CV rep number: 10
CV inner loop, CV rep number: 10
besttune C
2
besttune sigma
5.53854043286081e-05
CV inner loop, CV rep number: 10
besttune C
0.25
besttune sigma
5.39403776094203e-05
CV inner loop, CV rep number: 10
CV inner loop, CV rep number: 10
CV inner loop, CV rep number: 10
CV inner loop, CV rep number: 10
besttune C
1
besttune sigma
5.67771287629722e-05
besttune C
2
besttune sigma
5.40779333040542e-05
besttune C
1
besttune sigma
5.13949755854139e-05
besttune C
0.25
besttune sigma
5.48277206416693e-05
besttune C
2
besttune sigma
5.25487700188024e-05
besttune C
4
besttune sigma
5.32067723237672e-05
CV inner loop, CV rep number: 10
CV inner loop, CV rep number: 10
besttune C
4
besttune sigma
5.51951473652618e-05
CV inner loop, CV rep number: 10
CV inner loop, CV rep number: 10
CV inner loop, CV rep number: 10
besttune C
1
besttune sigma
5.50774745370624e-05
CV inner loop, CV rep number: 10
besttune C
1
besttune sigma
5.65170657372645e-05
besttune C
4
besttune sigma
5.22180703850507e-05
CV inner loop, CV rep number: 10
CV inner loop, CV rep number: 10
CV inner loop, CV rep number: 10
CV inner loop, CV rep number: 10
besttune C
2
besttune sigma
5.68798197895381e-05
besttune C
4
besttune sigma
5.56104197284535e-05
besttune C
0.25
besttune sigma
5.62858515121589e-05
besttune C
1
besttune sigma
5.40526536380428e-05
besttune C
4
besttune sigma
5.37546799979983e-05
besttune C
2
besttune sigma
5.29177168350267e-05
CV inner loop, CV rep number: 10
CV inner loop, CV rep number: 10
CV inner loop, CV rep number: 10
besttune C
1
besttune sigma
5.43567465603728e-05
CV inner loop, CV rep number: 10
CV inner loop, CV rep number: 10
CV inner loop, CV rep number: 10
besttune C
1
besttune sigma
5.78140786455563e-05
besttune C
2
besttune sigma
5.54289632116348e-05
besttune C
1
besttune sigma
5.35901433067991e-05
CV inner loop, CV rep number: 10
CV inner loop, CV rep number: 10
CV inner loop, CV rep number: 10
CV inner loop, CV rep number: 10
besttune C
0.25
besttune sigma
5.50688912280592e-05
besttune C
4
besttune sigma
5.92339300185286e-05
besttune C
2
besttune sigma
5.20166957686419e-05
besttune C
4
besttune sigma
5.8399082630073e-05
besttune C
4
besttune sigma
5.14469694964521e-05
besttune C
0.5
besttune sigma
5.45963783982514e-05
CV inner loop, CV rep number: 10
CV inner loop, CV rep number: 10
CV inner loop, CV rep number: 10
CV inner loop, CV rep number: 10
CV inner loop, CV rep number: 10
besttune C
2
besttune sigma
5.15722510681929e-05
CV inner loop, CV rep number: 10
besttune C
0.25
besttune sigma
5.57578323421636e-05
besttune C
4
besttune sigma
5.56312360825128e-05
besttune C
0.5
besttune sigma
5.33060229508464e-05
CV inner loop, CV rep number: 10
CV inner loop, CV rep number: 10
CV inner loop, CV rep number: 10
CV inner loop, CV rep number: 10
besttune C
1
besttune sigma
5.80146172909073e-05
besttune C
4
besttune sigma
5.68573158916934e-05
besttune C
4
besttune sigma
5.29930338342709e-05
besttune C
2
besttune sigma
5.48556365669415e-05
besttune C
2
besttune sigma
5.50238103060341e-05
besttune C
0.25
besttune sigma
5.64378121615149e-05
besttune C
4
besttune sigma
5.20656260254562e-05
besttune C
4
besttune sigma
5.32165489217877e-05
besttune C
4
besttune sigma
5.74713717501024e-05
besttune C
2
besttune sigma
5.60750916108846e-05
[1] "Results: "
  observed CV_rep {class_type}_pred
1   Cancer      1        0.12719291
2   Cancer      1        0.11024986
3   Cancer      1        0.01123565
4   Cancer      1        0.12429080
5    Other      1        0.06557947
6    Other      1        0.02527088
[Tue Nov 30 00:12:03 2021]
Finished job 0.
1 of 1 steps (100%) done
