Building DAG of jobs...
Using shell: /usr/bin/bash
Provided cores: 1 (use --cores to define parallelism)
Rules claiming more threads will be scaled down.
Select jobs to execute...

[Tue Nov  2 19:59:47 2021]
rule splitting_final:
    input: data/ATACseq_250kb_bins.txt, data/cases_controls/cases_controls_rds_format/all_samples_normalized_trimmed_CONTROLS.rds
    output: data/ATAC_predictions_new_split/train_trimmed_CONTROLS_split.rds, data/ATAC_predictions_new_split/test_trimmed_CONTROLS_split.rds
    log: logs/processed_notebooks/experiments/splitting_80_to_smaller_trimmed_CONTROLS.r.ipynb
    jobid: 0
    wildcards: suffix=trimmed_CONTROLS
    resources: mem_mb=200000, disk_mb=5953, tmpdir=/scratch/56738042, time=48:00:00

jupyter-nbconvert --log-level ERROR --execute --output /faststorage/project/DELFI1/Workspaces/CarmenAndAnika/logs/processed_notebooks/experiments/splitting_80_to_smaller_trimmed_CONTROLS.r.ipynb --to notebook --ExecutePreprocessor.timeout=-1 /faststorage/project/DELFI1/Workspaces/CarmenAndAnika/.snakemake/scripts/tmpzz0iki4m.Splitting.r.ipynb
Activating conda environment: /faststorage/project/DELFI1/Workspaces/CarmenAndAnika/.snakemake/conda/1cc9c1aecfca2e5f4a23e8b12a534187
[Tue Nov  2 20:05:13 2021]
Finished job 0.
1 of 1 steps (100%) done
touch: cannot touch ‘/faststorage/project/DELFI1/Workspaces/CarmenAndAnika/.snakemake/tmp.u0vu89xf/20.jobfinished’: No such file or directory
touch: cannot touch ‘/faststorage/project/DELFI1/Workspaces/CarmenAndAnika/.snakemake/tmp.u0vu89xf/20.jobfailed’: No such file or directory
