Building DAG of jobs...
Using shell: /usr/bin/bash
Provided cores: 1 (use --cores to define parallelism)
Rules claiming more threads will be scaled down.
Select jobs to execute...

[Mon Nov  1 14:24:09 2021]
rule splitting_final:
    input: data/ATACseq_250kb_bins.txt, data/cases_controls/cases_controls_rds_format/all_samples_normalized_CONTROLS.rds
    output: data/ATAC_predictions_new_split/train_CONTROLS_split_0.05.rds, data/ATAC_predictions_new_split/test_CONTROLS_split_0.05.rds
    log: logs/processed_notebooks/experiments/splitting_80_to_smaller_CONTROLS_0.05.r.ipynb
    jobid: 0
    wildcards: suffix=CONTROLS, percentage=0.05
    resources: mem_mb=100000, disk_mb=6326, tmpdir=/scratch/56706396, time=12:00:00

jupyter-nbconvert --log-level ERROR --execute --output /faststorage/project/DELFI1/Workspaces/CarmenAndAnika/logs/processed_notebooks/experiments/splitting_80_to_smaller_CONTROLS_0.05.r.ipynb --to notebook --ExecutePreprocessor.timeout=-1 /faststorage/project/DELFI1/Workspaces/CarmenAndAnika/.snakemake/scripts/tmppvjj81fy.Splitting.r.ipynb
Activating conda environment: /faststorage/project/DELFI1/Workspaces/CarmenAndAnika/.snakemake/conda/1cc9c1aecfca2e5f4a23e8b12a534187
Traceback (most recent call last):
  File "/faststorage/project/DELFI1/Workspaces/CarmenAndAnika/.snakemake/conda/1cc9c1aecfca2e5f4a23e8b12a534187/bin/jupyter-nbconvert", line 7, in <module>
    from nbconvert.nbconvertapp import main
  File "/faststorage/project/DELFI1/Workspaces/CarmenAndAnika/.snakemake/conda/1cc9c1aecfca2e5f4a23e8b12a534187/lib/python3.9/site-packages/nbconvert/nbconvertapp.py", line 141, in <module>
    class NbConvertApp(JupyterApp):
  File "/faststorage/project/DELFI1/Workspaces/CarmenAndAnika/.snakemake/conda/1cc9c1aecfca2e5f4a23e8b12a534187/lib/python3.9/site-packages/nbconvert/nbconvertapp.py", line 226, in NbConvertApp
    """.format(formats=get_export_names()))
  File "/faststorage/project/DELFI1/Workspaces/CarmenAndAnika/.snakemake/conda/1cc9c1aecfca2e5f4a23e8b12a534187/lib/python3.9/site-packages/nbconvert/exporters/base.py", line 146, in get_export_names
    e = get_exporter(exporter_name)(config=config)
  File "/faststorage/project/DELFI1/Workspaces/CarmenAndAnika/.snakemake/conda/1cc9c1aecfca2e5f4a23e8b12a534187/lib/python3.9/site-packages/nbconvert/exporters/base.py", line 103, in get_exporter
    if getattr(exporter(config=config), 'enabled', True):
  File "/faststorage/project/DELFI1/Workspaces/CarmenAndAnika/.snakemake/conda/1cc9c1aecfca2e5f4a23e8b12a534187/lib/python3.9/site-packages/nbconvert/exporters/templateexporter.py", line 330, in __init__
    super().__init__(config=config, **kw)
  File "/faststorage/project/DELFI1/Workspaces/CarmenAndAnika/.snakemake/conda/1cc9c1aecfca2e5f4a23e8b12a534187/lib/python3.9/site-packages/nbconvert/exporters/exporter.py", line 114, in __init__
    self._init_preprocessors()
  File "/faststorage/project/DELFI1/Workspaces/CarmenAndAnika/.snakemake/conda/1cc9c1aecfca2e5f4a23e8b12a534187/lib/python3.9/site-packages/nbconvert/exporters/templateexporter.py", line 497, in _init_preprocessors
    conf = self._get_conf()
  File "/faststorage/project/DELFI1/Workspaces/CarmenAndAnika/.snakemake/conda/1cc9c1aecfca2e5f4a23e8b12a534187/lib/python3.9/site-packages/nbconvert/exporters/templateexporter.py", line 517, in _get_conf
    if conf_path.exists():
  File "/faststorage/project/DELFI1/Workspaces/CarmenAndAnika/.snakemake/conda/1cc9c1aecfca2e5f4a23e8b12a534187/lib/python3.9/pathlib.py", line 1414, in exists
    self.stat()
  File "/faststorage/project/DELFI1/Workspaces/CarmenAndAnika/.snakemake/conda/1cc9c1aecfca2e5f4a23e8b12a534187/lib/python3.9/pathlib.py", line 1222, in stat
    return self._accessor.stat(self)
PermissionError: [Errno 13] Permission denied: '/faststorage/project/DELFI1/Workspaces/CarmenAndAnika/.snakemake/conda/1cc9c1aecfca2e5f4a23e8b12a534187/share/jupyter/nbconvert/templates/html/conf.json'
[Mon Nov  1 14:24:11 2021]
Error in rule splitting_final:
    jobid: 0
    output: data/ATAC_predictions_new_split/train_CONTROLS_split_0.05.rds, data/ATAC_predictions_new_split/test_CONTROLS_split_0.05.rds
    log: logs/processed_notebooks/experiments/splitting_80_to_smaller_CONTROLS_0.05.r.ipynb (check log file(s) for error message)
    conda-env: /faststorage/project/DELFI1/Workspaces/CarmenAndAnika/.snakemake/conda/1cc9c1aecfca2e5f4a23e8b12a534187

Traceback (most recent call last):
  File "/home/anikago/miniconda3/envs/ctDNA/lib/python3.7/site-packages/snakemake/executors/__init__.py", line 593, in _callback
    raise ex
  File "/home/anikago/miniconda3/envs/ctDNA/lib/python3.7/concurrent/futures/thread.py", line 57, in run
    result = self.fn(*self.args, **self.kwargs)
  File "/home/anikago/miniconda3/envs/ctDNA/lib/python3.7/site-packages/snakemake/executors/__init__.py", line 579, in cached_or_run
    run_func(*args)
  File "/home/anikago/miniconda3/envs/ctDNA/lib/python3.7/site-packages/snakemake/executors/__init__.py", line 2460, in run_wrapper
    raise ex
  File "/home/anikago/miniconda3/envs/ctDNA/lib/python3.7/site-packages/snakemake/executors/__init__.py", line 2441, in run_wrapper
    runtime_sourcecache_path,
  File "/faststorage/project/DELFI1/Workspaces/CarmenAndAnika/snakefile_predict_and_classify", line 78, in __rule_splitting_final
    rule ATAC_pred_FALSE:
  File "/home/anikago/miniconda3/envs/ctDNA/lib/python3.7/site-packages/snakemake/notebook.py", line 295, in notebook
    executor.evaluate(edit=edit)
  File "/home/anikago/miniconda3/envs/ctDNA/lib/python3.7/site-packages/snakemake/script.py", line 381, in evaluate
    self.execute_script(fd.name, edit=edit)
  File "/home/anikago/miniconda3/envs/ctDNA/lib/python3.7/site-packages/snakemake/notebook.py", line 92, in execute_script
    self._execute_cmd(cmd, fname_out=fname_out, fname=fname)
  File "/home/anikago/miniconda3/envs/ctDNA/lib/python3.7/site-packages/snakemake/script.py", line 425, in _execute_cmd
    **kwargs
  File "/home/anikago/miniconda3/envs/ctDNA/lib/python3.7/site-packages/snakemake/shell.py", line 265, in __new__
    raise sp.CalledProcessError(retcode, cmd)
subprocess.CalledProcessError: Command 'source /home/anikago/miniconda3/bin/activate '/faststorage/project/DELFI1/Workspaces/CarmenAndAnika/.snakemake/conda/1cc9c1aecfca2e5f4a23e8b12a534187'; set -euo pipefail;  jupyter-nbconvert --log-level ERROR --execute --output /faststorage/project/DELFI1/Workspaces/CarmenAndAnika/logs/processed_notebooks/experiments/splitting_80_to_smaller_CONTROLS_0.05.r.ipynb --to notebook --ExecutePreprocessor.timeout=-1 /faststorage/project/DELFI1/Workspaces/CarmenAndAnika/.snakemake/scripts/tmppvjj81fy.Splitting.r.ipynb' returned non-zero exit status 1.
Shutting down, this might take some time.
Exiting because a job execution failed. Look above for error message
