Building DAG of jobs...
Using shell: /usr/bin/bash
Provided cores: 20
Rules claiming more threads will be scaled down.
Select jobs to execute...

[Tue Nov 23 06:27:10 2021]
rule PCA_boosting_classification_cancer_type_multinomial:
    input: data/ATAC_predictions_train_20_predict_80/PCA_ATAC_pred_lasso_formatted_standardized.rds, data/sample_types.txt
    output: Classification_output/Cancer_type_classification/PCA_Boosting_multinomial.rds, Classification_output/ROC_plots/Cancer_type/PCA_ROC_Boosting_multinomial.png
    jobid: 0
    threads: 20
    resources: mem_mb=300000, disk_mb=1000, tmpdir=/scratch/57156883, time=11:30:00

Rscript --vanilla /faststorage/project/DELFI1/Workspaces/CarmenAndAnika/.snakemake/scripts/tmpru54xq_v.Boosting_multinomial.R
Registered S3 methods overwritten by 'ggplot2':
  method         from 
  [.quosures     rlang
  c.quosures     rlang
  print.quosures rlang
Registered S3 method overwritten by 'rvest':
  method            from
  read_xml.response xml2
── Attaching packages ─────────────────────────────────────── tidyverse 1.2.1 ──
✔ ggplot2 3.1.1     ✔ purrr   0.3.4
✔ tibble  3.1.4     ✔ dplyr   1.0.7
✔ tidyr   1.1.3     ✔ stringr 1.4.0
✔ readr   1.3.1     ✔ forcats 0.4.0
── Conflicts ────────────────────────────────────────── tidyverse_conflicts() ──
✖ dplyr::filter() masks stats::filter()
✖ dplyr::lag()    masks stats::lag()
Loading required package: lattice

Attaching package: ‘caret’

The following object is masked from ‘package:purrr’:

    lift

Type 'citation("pROC")' for a citation.

Attaching package: ‘pROC’

The following objects are masked from ‘package:stats’:

    cov, smooth, var


Attaching package: ‘xgboost’

The following object is masked from ‘package:dplyr’:

    slice

Loading required package: foreach

Attaching package: ‘foreach’

The following objects are masked from ‘package:purrr’:

    accumulate, when

Loading required package: iterators
Loading required package: parallel
Loading required package: rngtools
Loading required package: pkgmaker
Loading required package: registry

Attaching package: ‘pkgmaker’

The following object is masked from ‘package:base’:

    isFALSE

Warning message:
package ‘multiROC’ was built under R version 3.6.3 
dummies-1.5.6 provided by Decision Patterns

Warning message:
package ‘dummies’ was built under R version 3.6.3 
# A tibble: 9 × 2
  sample_type           n
  <fct>             <int>
1 Bile_Duct_Cancer     25
2 Breast_Cancer        54
3 Colorectal_Cancer    26
4 Duodenal_Cancer       1
5 Gastric_cancer       27
6 Healthy             194
7 Lung_Cancer          35
8 Ovarian_Cancer       28
9 Pancreatic_Cancer    34
[1] "Bile_Duct_Cancer"  "Breast_Cancer"     "Colorectal_Cancer"
[4] "Gastric_cancer"    "Healthy"           "Lung_Cancer"      
[7] "Ovarian_Cancer"    "Pancreatic_Cancer"
starting worker pid=31084 on localhost:11305 at 06:27:13.368
starting worker pid=31118 on localhost:11305 at 06:27:13.653
starting worker pid=31152 on localhost:11305 at 06:27:13.952
starting worker pid=31187 on localhost:11305 at 06:27:14.177
starting worker pid=31221 on localhost:11305 at 06:27:14.437
starting worker pid=31256 on localhost:11305 at 06:27:14.674
starting worker pid=31290 on localhost:11305 at 06:27:14.883
starting worker pid=31324 on localhost:11305 at 06:27:15.119
starting worker pid=31358 on localhost:11305 at 06:27:15.402
starting worker pid=31392 on localhost:11305 at 06:27:15.644
Loaded gbm 2.1.8
Loading required package: ggplot2
Loaded gbm 2.1.8
Loaded gbm 2.1.8
Loaded gbm 2.1.8
Loaded gbm 2.1.8
Loading required package: ggplot2
Loaded gbm 2.1.8
Loading required package: ggplot2
Loading required package: ggplot2
Loading required package: ggplot2
Loading required package: ggplot2
Loaded gbm 2.1.8
Loading required package: ggplot2
Registered S3 methods overwritten by 'ggplot2':
  method         from 
  [.quosures     rlang
  c.quosures     rlang
  print.quosures rlang
Registered S3 methods overwritten by 'ggplot2':
  method         from 
  [.quosures     rlang
  c.quosures     rlang
  print.quosures rlang
Registered S3 methods overwritten by 'ggplot2':
  method         from 
  [.quosures     rlang
  c.quosures     rlang
  print.quosures rlang
Registered S3 methods overwritten by 'ggplot2':
  method         from 
  [.quosures     rlang
  c.quosures     rlang
  print.quosures rlang
Registered S3 methods overwritten by 'ggplot2':
  method         from 
  [.quosures     rlang
  c.quosures     rlang
  print.quosures rlang
Registered S3 methods overwritten by 'ggplot2':
  method         from 
  [.quosures     rlang
  c.quosures     rlang
  print.quosures rlang
Registered S3 methods overwritten by 'ggplot2':
  method         from 
  [.quosures     rlang
  c.quosures     rlang
  print.quosures rlang
Loading required package: lattice
Loading required package: lattice
Loading required package: lattice
Loading required package: lattice
Loading required package: lattice
Loading required package: lattice
Loaded gbm 2.1.8
Loaded gbm 2.1.8
Loading required package: ggplot2
Loading required package: ggplot2
Loading required package: lattice
Loaded gbm 2.1.8
Loading required package: ggplot2
Registered S3 methods overwritten by 'ggplot2':
  method         from 
  [.quosures     rlang
  c.quosures     rlang
  print.quosures rlang
Registered S3 methods overwritten by 'ggplot2':
  method         from 
  [.quosures     rlang
  c.quosures     rlang
  print.quosures rlang
Registered S3 methods overwritten by 'ggplot2':
  method         from 
  [.quosures     rlang
  c.quosures     rlang
  print.quosures rlang
Loading required package: lattice
Loading required package: lattice
Loading required package: lattice
Registered S3 method overwritten by 'rvest':
  method            from
  read_xml.response xml2
Registered S3 method overwritten by 'rvest':
  method            from
  read_xml.response xml2
Registered S3 method overwritten by 'rvest':
  method            from
  read_xml.response xml2
Registered S3 method overwritten by 'rvest':
  method            from
  read_xml.response xml2
Registered S3 method overwritten by 'rvest':
  method            from
  read_xml.response xml2
── Attaching packages ─────────────────────────────────────── tidyverse 1.2.1 ──
Registered S3 method overwritten by 'rvest':
  method            from
  read_xml.response xml2
✔ tibble  3.1.4     ✔ purrr   0.3.4
✔ tidyr   1.1.3     ✔ dplyr   1.0.7
✔ readr   1.3.1     ✔ stringr 1.4.0
✔ tibble  3.1.4     ✔ forcats 0.4.0
Registered S3 method overwritten by 'rvest':
  method            from
  read_xml.response xml2
── Attaching packages ─────────────────────────────────────── tidyverse 1.2.1 ──
✔ tibble  3.1.4     ✔ purrr   0.3.4
✔ tidyr   1.1.3     ✔ dplyr   1.0.7
✔ readr   1.3.1     ✔ stringr 1.4.0
✔ tibble  3.1.4     ✔ forcats 0.4.0
── Attaching packages ─────────────────────────────────────── tidyverse 1.2.1 ──
✔ tibble  3.1.4     ✔ purrr   0.3.4
✔ tidyr   1.1.3     ✔ dplyr   1.0.7
✔ readr   1.3.1     ✔ stringr 1.4.0
✔ tibble  3.1.4     ✔ forcats 0.4.0
── Attaching packages ─────────────────────────────────────── tidyverse 1.2.1 ──
✔ tibble  3.1.4     ✔ purrr   0.3.4
✔ tidyr   1.1.3     ✔ dplyr   1.0.7
✔ readr   1.3.1     ✔ stringr 1.4.0
✔ tibble  3.1.4     ✔ forcats 0.4.0
── Conflicts ────────────────────────────────────────── tidyverse_conflicts() ──
✖ dplyr::filter() masks stats::filter()
✖ dplyr::lag()    masks stats::lag()
✖ purrr::lift()   masks caret::lift()
Loading required package: foreach

Attaching package: ‘foreach’

The following objects are masked from ‘package:purrr’:

    accumulate, when

Loading required package: rngtools
── Attaching packages ─────────────────────────────────────── tidyverse 1.2.1 ──
Loading required package: pkgmaker
✔ tibble  3.1.4     ✔ purrr   0.3.4
✔ tidyr   1.1.3     ✔ dplyr   1.0.7
✔ readr   1.3.1     ✔ stringr 1.4.0
✔ tibble  3.1.4     ✔ forcats 0.4.0
Loading required package: registry
── Conflicts ────────────────────────────────────────── tidyverse_conflicts() ──
✖ dplyr::filter() masks stats::filter()
✖ dplyr::lag()    masks stats::lag()
✖ purrr::lift()   masks caret::lift()
Loading required package: foreach
── Conflicts ────────────────────────────────────────── tidyverse_conflicts() ──
✖ dplyr::filter() masks stats::filter()
✖ dplyr::lag()    masks stats::lag()
✖ purrr::lift()   masks caret::lift()
Loading required package: foreach

Attaching package: ‘foreach’

The following objects are masked from ‘package:purrr’:

    accumulate, when

Loading required package: rngtools
Loading required package: pkgmaker

Attaching package: ‘foreach’

The following objects are masked from ‘package:purrr’:

    accumulate, when

── Conflicts ────────────────────────────────────────── tidyverse_conflicts() ──
✖ dplyr::filter() masks stats::filter()
✖ dplyr::lag()    masks stats::lag()
✖ purrr::lift()   masks caret::lift()
Loading required package: rngtools
Loading required package: foreach
Loading required package: registry
Loading required package: pkgmaker
── Attaching packages ─────────────────────────────────────── tidyverse 1.2.1 ──

Attaching package: ‘foreach’

The following objects are masked from ‘package:purrr’:

    accumulate, when

Loading required package: rngtools

Attaching package: ‘pkgmaker’

The following object is masked from ‘package:base’:

    isFALSE

── Conflicts ────────────────────────────────────────── tidyverse_conflicts() ──
✖ dplyr::filter() masks stats::filter()
✖ dplyr::lag()    masks stats::lag()
✖ purrr::lift()   masks caret::lift()
Loading required package: registry
✔ tibble  3.1.4     ✔ purrr   0.3.4
✔ tidyr   1.1.3     ✔ dplyr   1.0.7
✔ readr   1.3.1     ✔ stringr 1.4.0
✔ tibble  3.1.4     ✔ forcats 0.4.0
Loading required package: foreach
Loading required package: pkgmaker

Attaching package: ‘foreach’

The following objects are masked from ‘package:purrr’:

    accumulate, when

Loading required package: rngtools
── Attaching packages ─────────────────────────────────────── tidyverse 1.2.1 ──
Loading required package: registry
Loading required package: pkgmaker
✔ tibble  3.1.4     ✔ purrr   0.3.4
✔ tidyr   1.1.3     ✔ dplyr   1.0.7
✔ readr   1.3.1     ✔ stringr 1.4.0
✔ tibble  3.1.4     ✔ forcats 0.4.0
Loading required package: registry

Attaching package: ‘pkgmaker’

The following object is masked from ‘package:base’:

    isFALSE


Attaching package: ‘pkgmaker’

The following object is masked from ‘package:base’:

    isFALSE

── Conflicts ────────────────────────────────────────── tidyverse_conflicts() ──
✖ dplyr::filter() masks stats::filter()
✖ dplyr::lag()    masks stats::lag()
✖ purrr::lift()   masks caret::lift()

Attaching package: ‘pkgmaker’

The following object is masked from ‘package:base’:

    isFALSE

Loading required package: foreach

Attaching package: ‘pkgmaker’

The following object is masked from ‘package:base’:

    isFALSE


Attaching package: ‘foreach’

The following objects are masked from ‘package:purrr’:

    accumulate, when

Loading required package: rngtools
Loading required package: pkgmaker
Loading required package: registry
── Conflicts ────────────────────────────────────────── tidyverse_conflicts() ──
✖ dplyr::filter() masks stats::filter()
✖ dplyr::lag()    masks stats::lag()
✖ purrr::lift()   masks caret::lift()
Loading required package: foreach

Attaching package: ‘foreach’

The following objects are masked from ‘package:purrr’:

    accumulate, when

Loading required package: rngtools
Loading required package: pkgmaker
Loading required package: registry

Attaching package: ‘pkgmaker’

The following object is masked from ‘package:base’:

    isFALSE


Attaching package: ‘pkgmaker’

The following object is masked from ‘package:base’:

    isFALSE

Registered S3 method overwritten by 'rvest':
  method            from
  read_xml.response xml2
Registered S3 method overwritten by 'rvest':
  method            from
  read_xml.response xml2
Registered S3 method overwritten by 'rvest':
  method            from
  read_xml.response xml2
── Attaching packages ─────────────────────────────────────── tidyverse 1.2.1 ──
✔ tibble  3.1.4     ✔ purrr   0.3.4
✔ tidyr   1.1.3     ✔ dplyr   1.0.7
✔ readr   1.3.1     ✔ stringr 1.4.0
✔ tibble  3.1.4     ✔ forcats 0.4.0
── Attaching packages ─────────────────────────────────────── tidyverse 1.2.1 ──
✔ tibble  3.1.4     ✔ purrr   0.3.4
✔ tidyr   1.1.3     ✔ dplyr   1.0.7
✔ readr   1.3.1     ✔ stringr 1.4.0
✔ tibble  3.1.4     ✔ forcats 0.4.0
── Attaching packages ─────────────────────────────────────── tidyverse 1.2.1 ──
✔ tibble  3.1.4     ✔ purrr   0.3.4
✔ tidyr   1.1.3     ✔ dplyr   1.0.7
✔ readr   1.3.1     ✔ stringr 1.4.0
✔ tibble  3.1.4     ✔ forcats 0.4.0
── Conflicts ────────────────────────────────────────── tidyverse_conflicts() ──
✖ dplyr::filter() masks stats::filter()
✖ dplyr::lag()    masks stats::lag()
✖ purrr::lift()   masks caret::lift()
Loading required package: foreach

Attaching package: ‘foreach’

The following objects are masked from ‘package:purrr’:

    accumulate, when

Loading required package: rngtools
Loading required package: pkgmaker
Loading required package: registry
── Conflicts ────────────────────────────────────────── tidyverse_conflicts() ──
✖ dplyr::filter() masks stats::filter()
✖ dplyr::lag()    masks stats::lag()
✖ purrr::lift()   masks caret::lift()
Loading required package: foreach

Attaching package: ‘foreach’

The following objects are masked from ‘package:purrr’:

    accumulate, when

Loading required package: rngtools
── Conflicts ────────────────────────────────────────── tidyverse_conflicts() ──
✖ dplyr::filter() masks stats::filter()
✖ dplyr::lag()    masks stats::lag()
✖ purrr::lift()   masks caret::lift()
Loading required package: pkgmaker
Loading required package: foreach
Loading required package: registry

Attaching package: ‘foreach’

The following objects are masked from ‘package:purrr’:

    accumulate, when


Attaching package: ‘pkgmaker’

Loading required package: rngtools
The following object is masked from ‘package:base’:

    isFALSE

Loading required package: pkgmaker
Loading required package: registry

Attaching package: ‘pkgmaker’

The following object is masked from ‘package:base’:

    isFALSE


Attaching package: ‘pkgmaker’

The following object is masked from ‘package:base’:

    isFALSE

CV repetition number: 1
CV repetition number: 3
CV repetition number: 10
CV repetition number: 5
CV repetition number: 7
CV repetition number: 9
CV inner loop (CV fold) number: 1
CV repetition number: 6
CV repetition number: 4
CV repetition number: 8
CV repetition number: 2
CV inner loop (CV fold) number: 1
CV inner loop (CV fold) number: 1
CV inner loop (CV fold) number: 1
CV inner loop (CV fold) number: 1
CV inner loop (CV fold) number: 1
CV inner loop (CV fold) number: 1
CV inner loop (CV fold) number: 1
CV inner loop (CV fold) number: 1
CV inner loop (CV fold) number: 1
Registered S3 methods overwritten by 'proxy':
  method               from    
  print.registry_field registry
  print.registry_entry registry
Registered S3 methods overwritten by 'proxy':
  method               from    
  print.registry_field registry
  print.registry_entry registry
Registered S3 methods overwritten by 'proxy':
  method               from    
  print.registry_field registry
  print.registry_entry registry
Registered S3 methods overwritten by 'proxy':
  method               from    
  print.registry_field registry
  print.registry_entry registry
Registered S3 methods overwritten by 'proxy':
  method               from    
  print.registry_field registry
  print.registry_entry registry
Registered S3 methods overwritten by 'proxy':
  method               from    
  print.registry_field registry
  print.registry_entry registry
Registered S3 methods overwritten by 'proxy':
  method               from    
  print.registry_field registry
  print.registry_entry registry
Registered S3 methods overwritten by 'proxy':
  method               from    
  print.registry_field registry
  print.registry_entry registry
Registered S3 methods overwritten by 'proxy':
  method               from    
  print.registry_field registry
  print.registry_entry registry
Registered S3 methods overwritten by 'proxy':
  method               from    
  print.registry_field registry
  print.registry_entry registry
besttune n.trees
50
besttune interaction.depth
3
besttune shrinkage
0.1
besttune n.minobsinnode
10
besttune n.trees
150
besttune interaction.depth
3
besttune shrinkage
0.1
besttune n.minobsinnode
10
besttune n.trees
200
besttune interaction.depth
2
besttune shrinkage
0.1
besttune n.minobsinnode
10
besttune n.trees
100
besttune interaction.depth
4
besttune shrinkage
0.1
besttune n.minobsinnode
10
besttune n.trees
200
besttune interaction.depth
5
besttune shrinkage
0.1
besttune n.minobsinnode
10
besttune n.trees
250
besttune interaction.depth
5
besttune shrinkage
0.1
besttune n.minobsinnode
10
besttune n.trees
250
besttune interaction.depth
5
besttune shrinkage
0.1
besttune n.minobsinnode
10
CV inner loop (CV fold) number: 2
besttune n.trees
150
besttune interaction.depth
4
besttune shrinkage
0.1
besttune n.minobsinnode
10
besttune n.trees
200
besttune interaction.depth
2
besttune shrinkage
0.1
besttune n.minobsinnode
10
besttune n.trees
50
besttune interaction.depth
3
besttune shrinkage
0.1
besttune n.minobsinnode
10
CV inner loop (CV fold) number: 2
CV inner loop (CV fold) number: 2
CV inner loop (CV fold) number: 2
CV inner loop (CV fold) number: 2
CV inner loop (CV fold) number: 2
CV inner loop (CV fold) number: 2
CV inner loop (CV fold) number: 2
CV inner loop (CV fold) number: 2
CV inner loop (CV fold) number: 2
besttune n.trees
150
besttune interaction.depth
3
besttune shrinkage
0.1
besttune n.minobsinnode
10
besttune n.trees
200
besttune interaction.depth
2
besttune shrinkage
0.1
besttune n.minobsinnode
10
besttune n.trees
250
besttune interaction.depth
2
besttune shrinkage
0.1
besttune n.minobsinnode
10
besttune n.trees
250
besttune interaction.depth
2
besttune shrinkage
0.1
besttune n.minobsinnode
10
besttune n.trees
100
besttune interaction.depth
5
besttune shrinkage
0.1
besttune n.minobsinnode
10
CV inner loop (CV fold) number: 3
besttune n.trees
150
besttune interaction.depth
5
besttune shrinkage
0.1
besttune n.minobsinnode
10
besttune n.trees
250
besttune interaction.depth
4
besttune shrinkage
0.1
besttune n.minobsinnode
10
CV inner loop (CV fold) number: 3
CV inner loop (CV fold) number: 3
CV inner loop (CV fold) number: 3
CV inner loop (CV fold) number: 3
besttune n.trees
250
besttune interaction.depth
4
besttune shrinkage
0.1
besttune n.minobsinnode
10
besttune n.trees
200
besttune interaction.depth
2
besttune shrinkage
0.1
besttune n.minobsinnode
10
besttune n.trees
150
besttune interaction.depth
2
besttune shrinkage
0.1
besttune n.minobsinnode
10
CV inner loop (CV fold) number: 3
CV inner loop (CV fold) number: 3
CV inner loop (CV fold) number: 3
CV inner loop (CV fold) number: 3
besttune n.trees
200
besttune interaction.depth
3
besttune shrinkage
0.1
besttune n.minobsinnode
10
CV inner loop (CV fold) number: 3
besttune n.trees
250
besttune interaction.depth
2
besttune shrinkage
0.1
besttune n.minobsinnode
10
besttune n.trees
200
besttune interaction.depth
2
besttune shrinkage
0.1
besttune n.minobsinnode
10
besttune n.trees
200
besttune interaction.depth
5
besttune shrinkage
0.1
besttune n.minobsinnode
10
besttune n.trees
50
besttune interaction.depth
4
besttune shrinkage
0.1
besttune n.minobsinnode
10
CV inner loop (CV fold) number: 4
besttune n.trees
200
besttune interaction.depth
3
besttune shrinkage
0.1
besttune n.minobsinnode
10
CV inner loop (CV fold) number: 4
CV inner loop (CV fold) number: 4
CV inner loop (CV fold) number: 4
besttune n.trees
250
besttune interaction.depth
4
besttune shrinkage
0.1
besttune n.minobsinnode
10
besttune n.trees
250
besttune interaction.depth
3
besttune shrinkage
0.1
besttune n.minobsinnode
10
besttune n.trees
200
besttune interaction.depth
3
besttune shrinkage
0.1
besttune n.minobsinnode
10
CV inner loop (CV fold) number: 4
CV inner loop (CV fold) number: 4
besttune n.trees
100
besttune interaction.depth
3
besttune shrinkage
0.1
besttune n.minobsinnode
10
CV inner loop (CV fold) number: 4
CV inner loop (CV fold) number: 4
CV inner loop (CV fold) number: 4
CV inner loop (CV fold) number: 4
besttune n.trees
150
besttune interaction.depth
3
besttune shrinkage
0.1
besttune n.minobsinnode
10
besttune n.trees
250
besttune interaction.depth
4
besttune shrinkage
0.1
besttune n.minobsinnode
10
besttune n.trees
200
besttune interaction.depth
1
besttune shrinkage
0.1
besttune n.minobsinnode
10
besttune n.trees
250
besttune interaction.depth
5
besttune shrinkage
0.1
besttune n.minobsinnode
10
CV inner loop (CV fold) number: 5
CV inner loop (CV fold) number: 5
besttune n.trees
100
besttune interaction.depth
5
besttune shrinkage
0.1
besttune n.minobsinnode
10
besttune n.trees
250
besttune interaction.depth
5
besttune shrinkage
0.1
besttune n.minobsinnode
10
CV inner loop (CV fold) number: 5
CV inner loop (CV fold) number: 5
besttune n.trees
200
besttune interaction.depth
2
besttune shrinkage
0.1
besttune n.minobsinnode
10
besttune n.trees
250
besttune interaction.depth
3
besttune shrinkage
0.1
besttune n.minobsinnode
10
besttune n.trees
150
besttune interaction.depth
2
besttune shrinkage
0.1
besttune n.minobsinnode
10
besttune n.trees
100
besttune interaction.depth
4
besttune shrinkage
0.1
besttune n.minobsinnode
10
CV inner loop (CV fold) number: 5
CV inner loop (CV fold) number: 5
CV inner loop (CV fold) number: 5
CV inner loop (CV fold) number: 5
besttune n.trees
150
besttune interaction.depth
4
besttune shrinkage
0.1
besttune n.minobsinnode
10
besttune n.trees
250
besttune interaction.depth
4
besttune shrinkage
0.1
besttune n.minobsinnode
10
CV inner loop (CV fold) number: 5
CV inner loop (CV fold) number: 5
besttune n.trees
200
besttune interaction.depth
1
besttune shrinkage
0.1
besttune n.minobsinnode
10
CV inner loop (CV fold) number: 6
besttune n.trees
250
besttune interaction.depth
4
besttune shrinkage
0.1
besttune n.minobsinnode
10
CV inner loop (CV fold) number: 6
besttune n.trees
250
besttune interaction.depth
3
besttune shrinkage
0.1
besttune n.minobsinnode
10
besttune n.trees
200
besttune interaction.depth
4
besttune shrinkage
0.1
besttune n.minobsinnode
10
CV inner loop (CV fold) number: 6
besttune n.trees
250
besttune interaction.depth
3
besttune shrinkage
0.1
besttune n.minobsinnode
10
besttune n.trees
150
besttune interaction.depth
1
besttune shrinkage
0.1
besttune n.minobsinnode
10
CV inner loop (CV fold) number: 6
besttune n.trees
250
besttune interaction.depth
4
besttune shrinkage
0.1
besttune n.minobsinnode
10
besttune n.trees
250
besttune interaction.depth
3
besttune shrinkage
0.1
besttune n.minobsinnode
10
CV inner loop (CV fold) number: 6
CV inner loop (CV fold) number: 6
CV inner loop (CV fold) number: 6
CV inner loop (CV fold) number: 6
besttune n.trees
200
besttune interaction.depth
2
besttune shrinkage
0.1
besttune n.minobsinnode
10
besttune n.trees
200
besttune interaction.depth
3
besttune shrinkage
0.1
besttune n.minobsinnode
10
CV inner loop (CV fold) number: 7
CV inner loop (CV fold) number: 6
besttune n.trees
100
besttune interaction.depth
5
besttune shrinkage
0.1
besttune n.minobsinnode
10
CV inner loop (CV fold) number: 6
CV inner loop (CV fold) number: 7
besttune n.trees
250
besttune interaction.depth
3
besttune shrinkage
0.1
besttune n.minobsinnode
10
besttune n.trees
150
besttune interaction.depth
3
besttune shrinkage
0.1
besttune n.minobsinnode
10
CV inner loop (CV fold) number: 7
besttune n.trees
200
besttune interaction.depth
3
besttune shrinkage
0.1
besttune n.minobsinnode
10
besttune n.trees
100
besttune interaction.depth
2
besttune shrinkage
0.1
besttune n.minobsinnode
10
besttune n.trees
150
besttune interaction.depth
3
besttune shrinkage
0.1
besttune n.minobsinnode
10
CV inner loop (CV fold) number: 7
CV inner loop (CV fold) number: 7
CV inner loop (CV fold) number: 7
besttune n.trees
250
besttune interaction.depth
5
besttune shrinkage
0.1
besttune n.minobsinnode
10
CV inner loop (CV fold) number: 7
CV inner loop (CV fold) number: 7
besttune n.trees
200
besttune interaction.depth
3
besttune shrinkage
0.1
besttune n.minobsinnode
10
besttune n.trees
250
besttune interaction.depth
5
besttune shrinkage
0.1
besttune n.minobsinnode
10
besttune n.trees
150
besttune interaction.depth
1
besttune shrinkage
0.1
besttune n.minobsinnode
10
CV inner loop (CV fold) number: 8
besttune n.trees
150
besttune interaction.depth
2
besttune shrinkage
0.1
besttune n.minobsinnode
10
CV inner loop (CV fold) number: 7
CV inner loop (CV fold) number: 8
besttune n.trees
250
besttune interaction.depth
3
besttune shrinkage
0.1
besttune n.minobsinnode
10
CV inner loop (CV fold) number: 8
besttune n.trees
150
besttune interaction.depth
1
besttune shrinkage
0.1
besttune n.minobsinnode
10
besttune n.trees
100
besttune interaction.depth
5
besttune shrinkage
0.1
besttune n.minobsinnode
10
CV inner loop (CV fold) number: 8
besttune n.trees
200
besttune interaction.depth
3
besttune shrinkage
0.1
besttune n.minobsinnode
10
besttune n.trees
250
besttune interaction.depth
3
besttune shrinkage
0.1
besttune n.minobsinnode
10
CV inner loop (CV fold) number: 7
CV inner loop (CV fold) number: 8
CV inner loop (CV fold) number: 8
besttune n.trees
200
besttune interaction.depth
5
besttune shrinkage
0.1
besttune n.minobsinnode
10
CV inner loop (CV fold) number: 8
besttune n.trees
250
besttune interaction.depth
3
besttune shrinkage
0.1
besttune n.minobsinnode
10
CV inner loop (CV fold) number: 8
besttune n.trees
250
besttune interaction.depth
1
besttune shrinkage
0.1
besttune n.minobsinnode
10
besttune n.trees
150
besttune interaction.depth
2
besttune shrinkage
0.1
besttune n.minobsinnode
10
CV inner loop (CV fold) number: 9
CV inner loop (CV fold) number: 9
besttune n.trees
250
besttune interaction.depth
5
besttune shrinkage
0.1
besttune n.minobsinnode
10
besttune n.trees
100
besttune interaction.depth
1
besttune shrinkage
0.1
besttune n.minobsinnode
10
CV inner loop (CV fold) number: 9
CV inner loop (CV fold) number: 8
CV inner loop (CV fold) number: 8
besttune n.trees
250
besttune interaction.depth
3
besttune shrinkage
0.1
besttune n.minobsinnode
10
besttune n.trees
200
besttune interaction.depth
5
besttune shrinkage
0.1
besttune n.minobsinnode
10
besttune n.trees
200
besttune interaction.depth
4
besttune shrinkage
0.1
besttune n.minobsinnode
10
besttune n.trees
100
besttune interaction.depth
3
besttune shrinkage
0.1
besttune n.minobsinnode
10
CV inner loop (CV fold) number: 9
CV inner loop (CV fold) number: 9
besttune n.trees
100
besttune interaction.depth
2
besttune shrinkage
0.1
besttune n.minobsinnode
10
besttune n.trees
250
besttune interaction.depth
1
besttune shrinkage
0.1
besttune n.minobsinnode
10
CV inner loop (CV fold) number: 9
CV inner loop (CV fold) number: 9
CV inner loop (CV fold) number: 10
CV inner loop (CV fold) number: 9
besttune n.trees
50
besttune interaction.depth
4
besttune shrinkage
0.1
besttune n.minobsinnode
10
besttune n.trees
250
besttune interaction.depth
2
besttune shrinkage
0.1
besttune n.minobsinnode
10
CV inner loop (CV fold) number: 10
besttune n.trees
200
besttune interaction.depth
2
besttune shrinkage
0.1
besttune n.minobsinnode
10
CV inner loop (CV fold) number: 10
CV inner loop (CV fold) number: 9
CV inner loop (CV fold) number: 9
besttune n.trees
250
besttune interaction.depth
2
besttune shrinkage
0.1
besttune n.minobsinnode
10
besttune n.trees
250
besttune interaction.depth
1
besttune shrinkage
0.1
besttune n.minobsinnode
10
besttune n.trees
200
besttune interaction.depth
3
besttune shrinkage
0.1
besttune n.minobsinnode
10
besttune n.trees
150
besttune interaction.depth
3
besttune shrinkage
0.1
besttune n.minobsinnode
10
besttune n.trees
100
besttune interaction.depth
4
besttune shrinkage
0.1
besttune n.minobsinnode
10
CV inner loop (CV fold) number: 10
besttune n.trees
50
besttune interaction.depth
4
besttune shrinkage
0.1
besttune n.minobsinnode
10
CV inner loop (CV fold) number: 10
besttune n.trees
150
besttune interaction.depth
4
besttune shrinkage
0.1
besttune n.minobsinnode
10
CV inner loop (CV fold) number: 10
besttune n.trees
200
besttune interaction.depth
5
besttune shrinkage
0.1
besttune n.minobsinnode
10
CV inner loop (CV fold) number: 10
CV inner loop (CV fold) number: 10
besttune n.trees
250
besttune interaction.depth
2
besttune shrinkage
0.1
besttune n.minobsinnode
10
besttune n.trees
100
besttune interaction.depth
3
besttune shrinkage
0.1
besttune n.minobsinnode
10
CV inner loop (CV fold) number: 10
CV inner loop (CV fold) number: 10
besttune n.trees
250
besttune interaction.depth
1
besttune shrinkage
0.1
besttune n.minobsinnode
10
besttune n.trees
250
besttune interaction.depth
4
besttune shrinkage
0.1
besttune n.minobsinnode
10
besttune n.trees
150
besttune interaction.depth
4
besttune shrinkage
0.1
besttune n.minobsinnode
10
besttune n.trees
150
besttune interaction.depth
3
besttune shrinkage
0.1
besttune n.minobsinnode
10
besttune n.trees
250
besttune interaction.depth
1
besttune shrinkage
0.1
besttune n.minobsinnode
10
besttune n.trees
250
besttune interaction.depth
5
besttune shrinkage
0.1
besttune n.minobsinnode
10
besttune n.trees
250
besttune interaction.depth
4
besttune shrinkage
0.1
besttune n.minobsinnode
10
Warning message:
Warning message:
Warning message:
Warning message:
package ‘gbm’ was built under R version 3.6.3 
Warning message:
package ‘gbm’ was built under R version 3.6.3 
Warning message:
package ‘gbm’ was built under R version 3.6.3 
Warning message:
Warning message:
package ‘gbm’ was built under R version 3.6.3 
package ‘gbm’ was built under R version 3.6.3 
Warning message:
package ‘gbm’ was built under R version 3.6.3 
Warning message:
package ‘gbm’ was built under R version 3.6.3 
        observed CV_rep Bile_Duct_Cancer Breast_Cancer Colorectal_Cancer
1 Gastric_cancer      1     0.0114029534   0.188018314      1.598813e-03
2 Gastric_cancer      1     0.0062256967   0.003972307      4.891580e-05
3 Gastric_cancer      1     0.2260010916   0.062109447      9.000200e-03
4 Gastric_cancer      1     0.0002749589   0.003153521      2.059112e-05
5 Ovarian_Cancer      1     0.0045536587   0.325640165      5.215450e-03
6 Ovarian_Cancer      1     0.0104161326   0.226331856      4.438943e-03
  Gastric_cancer   Healthy Lung_Cancer Ovarian_Cancer Pancreatic_Cancer
1    0.005717930 0.7548421 0.012088207   0.0009075516      0.0254241763
2    0.005071699 0.9751427 0.001131703   0.0001416939      0.0082652650
3    0.007669789 0.3030346 0.009630021   0.0120760134      0.3704788156
4    0.046277643 0.9485834package ‘gbm’ was built under R version 3.6.3 
 0.001345350   0.0001100283      0.0002345149
5package ‘gbm’ was built under R version 3.6.3 
    0.059103960package ‘gbm’ was built under R version 3.6.3 
 0.2923506 0.276430640   0.0214096267      0.0152958687
6    0.017704769 0.6080424 0.045017550   0.0729303631      0.0151180260
[1] "AUC calculation with pROC package == One vs. one"
[1] "The AUC of the first CV repetition: 0.741966851639388"
[1] "The mean AUC of all the CV repetitions: 0.753274678414976"
[1] "Run the multiROC and plotting for all the CV repetitions"
There were 50 or more warnings (use warnings() to see the first 50)
New names:
* Specificity -> Specificity...1
* Specificity -> Specificity...2
* Specificity -> Specificity...3
* Specificity -> Specificity...4
* Specificity -> Specificity...5
* ...
New names:
* Sensitivity -> Sensitivity...1
* Sensitivity -> Sensitivity...2
* Sensitivity -> Sensitivity...3
* Sensitivity -> Sensitivity...4
* Sensitivity -> Sensitivity...5
* ...
# A tibble: 10 × 10
   lasso.Bile_Duct_Cancer lasso.Breast_Cancer lasso.Colorectal… lasso.Gastric_c…
                    <dbl>               <dbl>             <dbl>            <dbl>
 1                  0.791               0.841             0.665            0.736
 2                  0.841               0.800             0.740            0.783
 3                  0.687               0.820             0.753            0.665
 4                  0.743               0.775             0.791            0.807
 5                  0.846               0.802             0.668            0.761
 6                  0.756               0.778             0.736            0.699
 7                  0.752               0.816             0.732            0.731
 8                  0.794               0.830             0.690            0.685
 9                  0.788               0.829             0.686            0.718
10                  0.787               0.836             0.709            0.768
# … with 6 more variables: lasso.Healthy <dbl>, lasso.Lung_Cancer <dbl>,
#   lasso.Ovarian_Cancer <dbl>, lasso.Pancreatic_Cancer <dbl>,
#   lasso.macro <dbl>, lasso.micro <dbl>
# A tibble: 6 × 3
  Specificity Sensitivity Group           
        <dbl>       <dbl> <fct>           
1       1           0     Bile_Duct_Cancer
2       1           0.04  Bile_Duct_Cancer
3       0.999       0.068 Bile_Duct_Cancer
4       0.998       0.092 Bile_Duct_Cancer
5       0.997       0.112 Bile_Duct_Cancer
6       0.996       0.132 Bile_Duct_Cancer
null device 
          1 
[1] "Mean AUC over 10 repetitions of 10-fold CV: "
 lasso.Bile_Duct_Cancer     lasso.Breast_Cancer lasso.Colorectal_Cancer 
              0.7784523               0.8127271               0.7169347 
   lasso.Gastric_cancer           lasso.Healthy       lasso.Lung_Cancer 
              0.7351665               0.8661707               0.7777320 
   lasso.Ovarian_Cancer lasso.Pancreatic_Cancer             lasso.macro 
              0.8502803               0.7360351               0.7841650 
            lasso.micro 
              0.8603403 
 [1] 0.4184397 0.4113475 0.4184397 0.4089835 0.3995272 0.4066194 0.3924350
 [8] 0.4089835 0.4066194 0.3947991
 [1] 0.5815603 0.5886525 0.5815603 0.5910165 0.6004728 0.5933806 0.6075650
 [8] 0.5910165 0.5933806 0.6052009
[1] "Mean error rate over 10 repetitions of 10-fold CV: 0.40661938534279"
[1] "Mean accuracy over 10 repetitions of 10-fold CV: 0.59338061465721"
[Tue Nov 23 06:45:08 2021]
Finished job 0.
1 of 1 steps (100%) done
