Building DAG of jobs...
Using shell: /usr/bin/bash
Provided cores: 5
Rules claiming more threads will be scaled down.
Select jobs to execute...

[Thu Nov 11 21:36:06 2021]
rule SVM_Poly:
    input: data/ATAC_predictions_train_20_predict_80/ATAC_pred_lasso_normalized_trimmed_formatted_standardized.rds, data/sample_types.txt
    output: Classification_output/SVM_poly_normalized_trimmed.rds
    log: logs/processed_notebooks/Classification/SVM_poly_normalized_trimmed.r.ipynb
    jobid: 0
    threads: 5
    resources: mem_mb=200000, disk_mb=1000, tmpdir=/scratch/56917333, time=48:00:00

jupyter-nbconvert --log-level ERROR --execute --output /faststorage/project/DELFI1/Workspaces/CarmenAndAnika/logs/processed_notebooks/Classification/SVM_poly_normalized_trimmed.r.ipynb --to notebook --ExecutePreprocessor.timeout=-1 /faststorage/project/DELFI1/Workspaces/CarmenAndAnika/.snakemake/scripts/tmpq25kxbh7.SVM_poly.r.ipynb
trying URL 'https://cran.r-project.org/src/contrib/caret_6.0-90.tar.gz'
Content type 'application/x-gzip' length 2335088 bytes (2.2 MB)
==================================================
downloaded 2.2 MB

* installing *source* package ‘caret’ ...
** package ‘caret’ successfully unpacked and MD5 sums checked
** using staged installation
** libs
x86_64-conda_cos6-linux-gnu-cc -I"/home/coroperv/miniconda3/envs/ctDNA/lib/R/include" -DNDEBUG   -DNDEBUG -D_FORTIFY_SOURCE=2 -O2 -isystem /home/coroperv/miniconda3/envs/ctDNA/include -I/home/coroperv/miniconda3/envs/ctDNA/include -Wl,-rpath-link,/home/coroperv/miniconda3/envs/ctDNA/lib  -fpic  -march=nocona -mtune=haswell -ftree-vectorize -fPIC -fstack-protector-strong -fno-plt -O2 -ffunction-sections -pipe -isystem /home/coroperv/miniconda3/envs/ctDNA/include -fdebug-prefix-map=/tmp/build/80754af9/r-base_1589917437985/work=/usr/local/src/conda/r-base-3.6.1 -fdebug-prefix-map=/home/coroperv/miniconda3/envs/ctDNA=/usr/local/src/conda-prefix  -c caret.c -o caret.o
x86_64-conda_cos6-linux-gnu-cc -shared -L/home/coroperv/miniconda3/envs/ctDNA/lib/R/lib -Wl,-O2 -Wl,--sort-common -Wl,--as-needed -Wl,-z,relro -Wl,-z,now -Wl,--disable-new-dtags -Wl,--gc-sections -Wl,-rpath,/home/coroperv/miniconda3/envs/ctDNA/lib -Wl,-rpath-link,/home/coroperv/miniconda3/envs/ctDNA/lib -L/home/coroperv/miniconda3/envs/ctDNA/lib -L/home/coroperv/miniconda3/envs/ctDNA/lib -Wl,-rpath-link,/home/coroperv/miniconda3/envs/ctDNA/lib -o caret.so caret.o -L/home/coroperv/miniconda3/envs/ctDNA/lib/R/lib -lR
installing to /home/coroperv/miniconda3/envs/ctDNA/lib/R/library/00LOCK-caret/00new/caret/libs
** R
** data
** inst
** byte-compile and prepare package for lazy loading
** help
*** installing help indices
** building package indices
** installing vignettes
** testing if installed package can be loaded from temporary location
** checking absolute paths in shared objects and dynamic libraries
** testing if installed package can be loaded from final location
** testing if installed package keeps a record of temporary installation path
* DONE (caret)

The downloaded source packages are in
	‘/scratch/56917333/RtmpoWAGLn/downloaded_packages’
trying URL 'https://cran.r-project.org/src/contrib/kernlab_0.9-29.tar.gz'
Content type 'application/x-gzip' length 1168376 bytes (1.1 MB)
==================================================
downloaded 1.1 MB

* installing *source* package ‘kernlab’ ...
** package ‘kernlab’ successfully unpacked and MD5 sums checked
** using staged installation
** libs
x86_64-conda_cos6-linux-gnu-c++ -std=gnu++11 -I"/home/coroperv/miniconda3/envs/ctDNA/lib/R/include" -DNDEBUG   -DNDEBUG -D_FORTIFY_SOURCE=2 -O2 -isystem /home/coroperv/miniconda3/envs/ctDNA/include -I/home/coroperv/miniconda3/envs/ctDNA/include -Wl,-rpath-link,/home/coroperv/miniconda3/envs/ctDNA/lib  -fpic  -fvisibility-inlines-hidden  -fmessage-length=0 -march=nocona -mtune=haswell -ftree-vectorize -fPIC -fstack-protector-strong -fno-plt -O2 -ffunction-sections -pipe -isystem /home/coroperv/miniconda3/envs/ctDNA/include -fdebug-prefix-map=/tmp/build/80754af9/r-base_1589917437985/work=/usr/local/src/conda/r-base-3.6.1 -fdebug-prefix-map=/home/coroperv/miniconda3/envs/ctDNA=/usr/local/src/conda-prefix  -c brweight.cpp -o brweight.o
x86_64-conda_cos6-linux-gnu-c++ -std=gnu++11 -I"/home/coroperv/miniconda3/envs/ctDNA/lib/R/include" -DNDEBUG   -DNDEBUG -D_FORTIFY_SOURCE=2 -O2 -isystem /home/coroperv/miniconda3/envs/ctDNA/include -I/home/coroperv/miniconda3/envs/ctDNA/include -Wl,-rpath-link,/home/coroperv/miniconda3/envs/ctDNA/lib  -fpic  -fvisibility-inlines-hidden  -fmessage-length=0 -march=nocona -mtune=haswell -ftree-vectorize -fPIC -fstack-protector-strong -fno-plt -O2 -ffunction-sections -pipe -isystem /home/coroperv/miniconda3/envs/ctDNA/include -fdebug-prefix-map=/tmp/build/80754af9/r-base_1589917437985/work=/usr/local/src/conda/r-base-3.6.1 -fdebug-prefix-map=/home/coroperv/miniconda3/envs/ctDNA=/usr/local/src/conda-prefix  -c ctable.cpp -o ctable.o
x86_64-conda_cos6-linux-gnu-c++ -std=gnu++11 -I"/home/coroperv/miniconda3/envs/ctDNA/lib/R/include" -DNDEBUG   -DNDEBUG -D_FORTIFY_SOURCE=2 -O2 -isystem /home/coroperv/miniconda3/envs/ctDNA/include -I/home/coroperv/miniconda3/envs/ctDNA/include -Wl,-rpath-link,/home/coroperv/miniconda3/envs/ctDNA/lib  -fpic  -fvisibility-inlines-hidden  -fmessage-length=0 -march=nocona -mtune=haswell -ftree-vectorize -fPIC -fstack-protector-strong -fno-plt -O2 -ffunction-sections -pipe -isystem /home/coroperv/miniconda3/envs/ctDNA/include -fdebug-prefix-map=/tmp/build/80754af9/r-base_1589917437985/work=/usr/local/src/conda/r-base-3.6.1 -fdebug-prefix-map=/home/coroperv/miniconda3/envs/ctDNA=/usr/local/src/conda-prefix  -c cweight.cpp -o cweight.o
x86_64-conda_cos6-linux-gnu-cc -I"/home/coroperv/miniconda3/envs/ctDNA/lib/R/include" -DNDEBUG   -DNDEBUG -D_FORTIFY_SOURCE=2 -O2 -isystem /home/coroperv/miniconda3/envs/ctDNA/include -I/home/coroperv/miniconda3/envs/ctDNA/include -Wl,-rpath-link,/home/coroperv/miniconda3/envs/ctDNA/lib  -fpic  -march=nocona -mtune=haswell -ftree-vectorize -fPIC -fstack-protector-strong -fno-plt -O2 -ffunction-sections -pipe -isystem /home/coroperv/miniconda3/envs/ctDNA/include -fdebug-prefix-map=/tmp/build/80754af9/r-base_1589917437985/work=/usr/local/src/conda/r-base-3.6.1 -fdebug-prefix-map=/home/coroperv/miniconda3/envs/ctDNA=/usr/local/src/conda-prefix  -c dbreakpt.c -o dbreakpt.o
x86_64-conda_cos6-linux-gnu-cc -I"/home/coroperv/miniconda3/envs/ctDNA/lib/R/include" -DNDEBUG   -DNDEBUG -D_FORTIFY_SOURCE=2 -O2 -isystem /home/coroperv/miniconda3/envs/ctDNA/include -I/home/coroperv/miniconda3/envs/ctDNA/include -Wl,-rpath-link,/home/coroperv/miniconda3/envs/ctDNA/lib  -fpic  -march=nocona -mtune=haswell -ftree-vectorize -fPIC -fstack-protector-strong -fno-plt -O2 -ffunction-sections -pipe -isystem /home/coroperv/miniconda3/envs/ctDNA/include -fdebug-prefix-map=/tmp/build/80754af9/r-base_1589917437985/work=/usr/local/src/conda/r-base-3.6.1 -fdebug-prefix-map=/home/coroperv/miniconda3/envs/ctDNA=/usr/local/src/conda-prefix  -c dcauchy.c -o dcauchy.o
x86_64-conda_cos6-linux-gnu-cc -I"/home/coroperv/miniconda3/envs/ctDNA/lib/R/include" -DNDEBUG   -DNDEBUG -D_FORTIFY_SOURCE=2 -O2 -isystem /home/coroperv/miniconda3/envs/ctDNA/include -I/home/coroperv/miniconda3/envs/ctDNA/include -Wl,-rpath-link,/home/coroperv/miniconda3/envs/ctDNA/lib  -fpic  -march=nocona -mtune=haswell -ftree-vectorize -fPIC -fstack-protector-strong -fno-plt -O2 -ffunction-sections -pipe -isystem /home/coroperv/miniconda3/envs/ctDNA/include -fdebug-prefix-map=/tmp/build/80754af9/r-base_1589917437985/work=/usr/local/src/conda/r-base-3.6.1 -fdebug-prefix-map=/home/coroperv/miniconda3/envs/ctDNA=/usr/local/src/conda-prefix  -c dgpnrm.c -o dgpnrm.o
x86_64-conda_cos6-linux-gnu-cc -I"/home/coroperv/miniconda3/envs/ctDNA/lib/R/include" -DNDEBUG   -DNDEBUG -D_FORTIFY_SOURCE=2 -O2 -isystem /home/coroperv/miniconda3/envs/ctDNA/include -I/home/coroperv/miniconda3/envs/ctDNA/include -Wl,-rpath-link,/home/coroperv/miniconda3/envs/ctDNA/lib  -fpic  -march=nocona -mtune=haswell -ftree-vectorize -fPIC -fstack-protector-strong -fno-plt -O2 -ffunction-sections -pipe -isystem /home/coroperv/miniconda3/envs/ctDNA/include -fdebug-prefix-map=/tmp/build/80754af9/r-base_1589917437985/work=/usr/local/src/conda/r-base-3.6.1 -fdebug-prefix-map=/home/coroperv/miniconda3/envs/ctDNA=/usr/local/src/conda-prefix  -c dgpstep.c -o dgpstep.o
x86_64-conda_cos6-linux-gnu-cc -I"/home/coroperv/miniconda3/envs/ctDNA/lib/R/include" -DNDEBUG   -DNDEBUG -D_FORTIFY_SOURCE=2 -O2 -isystem /home/coroperv/miniconda3/envs/ctDNA/include -I/home/coroperv/miniconda3/envs/ctDNA/include -Wl,-rpath-link,/home/coroperv/miniconda3/envs/ctDNA/lib  -fpic  -march=nocona -mtune=haswell -ftree-vectorize -fPIC -fstack-protector-strong -fno-plt -O2 -ffunction-sections -pipe -isystem /home/coroperv/miniconda3/envs/ctDNA/include -fdebug-prefix-map=/tmp/build/80754af9/r-base_1589917437985/work=/usr/local/src/conda/r-base-3.6.1 -fdebug-prefix-map=/home/coroperv/miniconda3/envs/ctDNA=/usr/local/src/conda-prefix  -c dprecond.c -o dprecond.o
x86_64-conda_cos6-linux-gnu-cc -I"/home/coroperv/miniconda3/envs/ctDNA/lib/R/include" -DNDEBUG   -DNDEBUG -D_FORTIFY_SOURCE=2 -O2 -isystem /home/coroperv/miniconda3/envs/ctDNA/include -I/home/coroperv/miniconda3/envs/ctDNA/include -Wl,-rpath-link,/home/coroperv/miniconda3/envs/ctDNA/lib  -fpic  -march=nocona -mtune=haswell -ftree-vectorize -fPIC -fstack-protector-strong -fno-plt -O2 -ffunction-sections -pipe -isystem /home/coroperv/miniconda3/envs/ctDNA/include -fdebug-prefix-map=/tmp/build/80754af9/r-base_1589917437985/work=/usr/local/src/conda/r-base-3.6.1 -fdebug-prefix-map=/home/coroperv/miniconda3/envs/ctDNA=/usr/local/src/conda-prefix  -c dprsrch.c -o dprsrch.o
x86_64-conda_cos6-linux-gnu-cc -I"/home/coroperv/miniconda3/envs/ctDNA/lib/R/include" -DNDEBUG   -DNDEBUG -D_FORTIFY_SOURCE=2 -O2 -isystem /home/coroperv/miniconda3/envs/ctDNA/include -I/home/coroperv/miniconda3/envs/ctDNA/include -Wl,-rpath-link,/home/coroperv/miniconda3/envs/ctDNA/lib  -fpic  -march=nocona -mtune=haswell -ftree-vectorize -fPIC -fstack-protector-strong -fno-plt -O2 -ffunction-sections -pipe -isystem /home/coroperv/miniconda3/envs/ctDNA/include -fdebug-prefix-map=/tmp/build/80754af9/r-base_1589917437985/work=/usr/local/src/conda/r-base-3.6.1 -fdebug-prefix-map=/home/coroperv/miniconda3/envs/ctDNA=/usr/local/src/conda-prefix  -c dspcg.c -o dspcg.o
x86_64-conda_cos6-linux-gnu-cc -I"/home/coroperv/miniconda3/envs/ctDNA/lib/R/include" -DNDEBUG   -DNDEBUG -D_FORTIFY_SOURCE=2 -O2 -isystem /home/coroperv/miniconda3/envs/ctDNA/include -I/home/coroperv/miniconda3/envs/ctDNA/include -Wl,-rpath-link,/home/coroperv/miniconda3/envs/ctDNA/lib  -fpic  -march=nocona -mtune=haswell -ftree-vectorize -fPIC -fstack-protector-strong -fno-plt -O2 -ffunction-sections -pipe -isystem /home/coroperv/miniconda3/envs/ctDNA/include -fdebug-prefix-map=/tmp/build/80754af9/r-base_1589917437985/work=/usr/local/src/conda/r-base-3.6.1 -fdebug-prefix-map=/home/coroperv/miniconda3/envs/ctDNA=/usr/local/src/conda-prefix  -c dtron.c -o dtron.o
x86_64-conda_cos6-linux-gnu-cc -I"/home/coroperv/miniconda3/envs/ctDNA/lib/R/include" -DNDEBUG   -DNDEBUG -D_FORTIFY_SOURCE=2 -O2 -isystem /home/coroperv/miniconda3/envs/ctDNA/include -I/home/coroperv/miniconda3/envs/ctDNA/include -Wl,-rpath-link,/home/coroperv/miniconda3/envs/ctDNA/lib  -fpic  -march=nocona -mtune=haswell -ftree-vectorize -fPIC -fstack-protector-strong -fno-plt -O2 -ffunction-sections -pipe -isystem /home/coroperv/miniconda3/envs/ctDNA/include -fdebug-prefix-map=/tmp/build/80754af9/r-base_1589917437985/work=/usr/local/src/conda/r-base-3.6.1 -fdebug-prefix-map=/home/coroperv/miniconda3/envs/ctDNA=/usr/local/src/conda-prefix  -c dtrpcg.c -o dtrpcg.o
x86_64-conda_cos6-linux-gnu-cc -I"/home/coroperv/miniconda3/envs/ctDNA/lib/R/include" -DNDEBUG   -DNDEBUG -D_FORTIFY_SOURCE=2 -O2 -isystem /home/coroperv/miniconda3/envs/ctDNA/include -I/home/coroperv/miniconda3/envs/ctDNA/include -Wl,-rpath-link,/home/coroperv/miniconda3/envs/ctDNA/lib  -fpic  -march=nocona -mtune=haswell -ftree-vectorize -fPIC -fstack-protector-strong -fno-plt -O2 -ffunction-sections -pipe -isystem /home/coroperv/miniconda3/envs/ctDNA/include -fdebug-prefix-map=/tmp/build/80754af9/r-base_1589917437985/work=/usr/local/src/conda/r-base-3.6.1 -fdebug-prefix-map=/home/coroperv/miniconda3/envs/ctDNA=/usr/local/src/conda-prefix  -c dtrqsol.c -o dtrqsol.o
x86_64-conda_cos6-linux-gnu-c++ -std=gnu++11 -I"/home/coroperv/miniconda3/envs/ctDNA/lib/R/include" -DNDEBUG   -DNDEBUG -D_FORTIFY_SOURCE=2 -O2 -isystem /home/coroperv/miniconda3/envs/ctDNA/include -I/home/coroperv/miniconda3/envs/ctDNA/include -Wl,-rpath-link,/home/coroperv/miniconda3/envs/ctDNA/lib  -fpic  -fvisibility-inlines-hidden  -fmessage-length=0 -march=nocona -mtune=haswell -ftree-vectorize -fPIC -fstack-protector-strong -fno-plt -O2 -ffunction-sections -pipe -isystem /home/coroperv/miniconda3/envs/ctDNA/include -fdebug-prefix-map=/tmp/build/80754af9/r-base_1589917437985/work=/usr/local/src/conda/r-base-3.6.1 -fdebug-prefix-map=/home/coroperv/miniconda3/envs/ctDNA=/usr/local/src/conda-prefix  -c esa.cpp -o esa.o
x86_64-conda_cos6-linux-gnu-c++ -std=gnu++11 -I"/home/coroperv/miniconda3/envs/ctDNA/lib/R/include" -DNDEBUG   -DNDEBUG -D_FORTIFY_SOURCE=2 -O2 -isystem /home/coroperv/miniconda3/envs/ctDNA/include -I/home/coroperv/miniconda3/envs/ctDNA/include -Wl,-rpath-link,/home/coroperv/miniconda3/envs/ctDNA/lib  -fpic  -fvisibility-inlines-hidden  -fmessage-length=0 -march=nocona -mtune=haswell -ftree-vectorize -fPIC -fstack-protector-strong -fno-plt -O2 -ffunction-sections -pipe -isystem /home/coroperv/miniconda3/envs/ctDNA/include -fdebug-prefix-map=/tmp/build/80754af9/r-base_1589917437985/work=/usr/local/src/conda/r-base-3.6.1 -fdebug-prefix-map=/home/coroperv/miniconda3/envs/ctDNA=/usr/local/src/conda-prefix  -c expdecayweight.cpp -o expdecayweight.o
x86_64-conda_cos6-linux-gnu-c++ -std=gnu++11 -I"/home/coroperv/miniconda3/envs/ctDNA/lib/R/include" -DNDEBUG   -DNDEBUG -D_FORTIFY_SOURCE=2 -O2 -isystem /home/coroperv/miniconda3/envs/ctDNA/include -I/home/coroperv/miniconda3/envs/ctDNA/include -Wl,-rpath-link,/home/coroperv/miniconda3/envs/ctDNA/lib  -fpic  -fvisibility-inlines-hidden  -fmessage-length=0 -march=nocona -mtune=haswell -ftree-vectorize -fPIC -fstack-protector-strong -fno-plt -O2 -ffunction-sections -pipe -isystem /home/coroperv/miniconda3/envs/ctDNA/include -fdebug-prefix-map=/tmp/build/80754af9/r-base_1589917437985/work=/usr/local/src/conda/r-base-3.6.1 -fdebug-prefix-map=/home/coroperv/miniconda3/envs/ctDNA=/usr/local/src/conda-prefix  -c inductionsort.cpp -o inductionsort.o
x86_64-conda_cos6-linux-gnu-cc -I"/home/coroperv/miniconda3/envs/ctDNA/lib/R/include" -DNDEBUG   -DNDEBUG -D_FORTIFY_SOURCE=2 -O2 -isystem /home/coroperv/miniconda3/envs/ctDNA/include -I/home/coroperv/miniconda3/envs/ctDNA/include -Wl,-rpath-link,/home/coroperv/miniconda3/envs/ctDNA/lib  -fpic  -march=nocona -mtune=haswell -ftree-vectorize -fPIC -fstack-protector-strong -fno-plt -O2 -ffunction-sections -pipe -isystem /home/coroperv/miniconda3/envs/ctDNA/include -fdebug-prefix-map=/tmp/build/80754af9/r-base_1589917437985/work=/usr/local/src/conda/r-base-3.6.1 -fdebug-prefix-map=/home/coroperv/miniconda3/envs/ctDNA=/usr/local/src/conda-prefix  -c init.c -o init.o
x86_64-conda_cos6-linux-gnu-c++ -std=gnu++11 -I"/home/coroperv/miniconda3/envs/ctDNA/lib/R/include" -DNDEBUG   -DNDEBUG -D_FORTIFY_SOURCE=2 -O2 -isystem /home/coroperv/miniconda3/envs/ctDNA/include -I/home/coroperv/miniconda3/envs/ctDNA/include -Wl,-rpath-link,/home/coroperv/miniconda3/envs/ctDNA/lib  -fpic  -fvisibility-inlines-hidden  -fmessage-length=0 -march=nocona -mtune=haswell -ftree-vectorize -fPIC -fstack-protector-strong -fno-plt -O2 -ffunction-sections -pipe -isystem /home/coroperv/miniconda3/envs/ctDNA/include -fdebug-prefix-map=/tmp/build/80754af9/r-base_1589917437985/work=/usr/local/src/conda/r-base-3.6.1 -fdebug-prefix-map=/home/coroperv/miniconda3/envs/ctDNA=/usr/local/src/conda-prefix  -c kspectrumweight.cpp -o kspectrumweight.o
x86_64-conda_cos6-linux-gnu-c++ -std=gnu++11 -I"/home/coroperv/miniconda3/envs/ctDNA/lib/R/include" -DNDEBUG   -DNDEBUG -D_FORTIFY_SOURCE=2 -O2 -isystem /home/coroperv/miniconda3/envs/ctDNA/include -I/home/coroperv/miniconda3/envs/ctDNA/include -Wl,-rpath-link,/home/coroperv/miniconda3/envs/ctDNA/lib  -fpic  -fvisibility-inlines-hidden  -fmessage-length=0 -march=nocona -mtune=haswell -ftree-vectorize -fPIC -fstack-protector-strong -fno-plt -O2 -ffunction-sections -pipe -isystem /home/coroperv/miniconda3/envs/ctDNA/include -fdebug-prefix-map=/tmp/build/80754af9/r-base_1589917437985/work=/usr/local/src/conda/r-base-3.6.1 -fdebug-prefix-map=/home/coroperv/miniconda3/envs/ctDNA=/usr/local/src/conda-prefix  -c lcp.cpp -o lcp.o
x86_64-conda_cos6-linux-gnu-cc -I"/home/coroperv/miniconda3/envs/ctDNA/lib/R/include" -DNDEBUG   -DNDEBUG -D_FORTIFY_SOURCE=2 -O2 -isystem /home/coroperv/miniconda3/envs/ctDNA/include -I/home/coroperv/miniconda3/envs/ctDNA/include -Wl,-rpath-link,/home/coroperv/miniconda3/envs/ctDNA/lib  -fpic  -march=nocona -mtune=haswell -ftree-vectorize -fPIC -fstack-protector-strong -fno-plt -O2 -ffunction-sections -pipe -isystem /home/coroperv/miniconda3/envs/ctDNA/include -fdebug-prefix-map=/tmp/build/80754af9/r-base_1589917437985/work=/usr/local/src/conda/r-base-3.6.1 -fdebug-prefix-map=/home/coroperv/miniconda3/envs/ctDNA=/usr/local/src/conda-prefix  -c misc.c -o misc.o
x86_64-conda_cos6-linux-gnu-c++ -std=gnu++11 -I"/home/coroperv/miniconda3/envs/ctDNA/lib/R/include" -DNDEBUG   -DNDEBUG -D_FORTIFY_SOURCE=2 -O2 -isystem /home/coroperv/miniconda3/envs/ctDNA/include -I/home/coroperv/miniconda3/envs/ctDNA/include -Wl,-rpath-link,/home/coroperv/miniconda3/envs/ctDNA/lib  -fpic  -fvisibility-inlines-hidden  -fmessage-length=0 -march=nocona -mtune=haswell -ftree-vectorize -fPIC -fstack-protector-strong -fno-plt -O2 -ffunction-sections -pipe -isystem /home/coroperv/miniconda3/envs/ctDNA/include -fdebug-prefix-map=/tmp/build/80754af9/r-base_1589917437985/work=/usr/local/src/conda/r-base-3.6.1 -fdebug-prefix-map=/home/coroperv/miniconda3/envs/ctDNA=/usr/local/src/conda-prefix  -c msufsort.cpp -o msufsort.o
x86_64-conda_cos6-linux-gnu-cc -I"/home/coroperv/miniconda3/envs/ctDNA/lib/R/include" -DNDEBUG   -DNDEBUG -D_FORTIFY_SOURCE=2 -O2 -isystem /home/coroperv/miniconda3/envs/ctDNA/include -I/home/coroperv/miniconda3/envs/ctDNA/include -Wl,-rpath-link,/home/coroperv/miniconda3/envs/ctDNA/lib  -fpic  -march=nocona -mtune=haswell -ftree-vectorize -fPIC -fstack-protector-strong -fno-plt -O2 -ffunction-sections -pipe -isystem /home/coroperv/miniconda3/envs/ctDNA/include -fdebug-prefix-map=/tmp/build/80754af9/r-base_1589917437985/work=/usr/local/src/conda/r-base-3.6.1 -fdebug-prefix-map=/home/coroperv/miniconda3/envs/ctDNA=/usr/local/src/conda-prefix  -c solvebqp.c -o solvebqp.o
x86_64-conda_cos6-linux-gnu-cc -I"/home/coroperv/miniconda3/envs/ctDNA/lib/R/include" -DNDEBUG   -DNDEBUG -D_FORTIFY_SOURCE=2 -O2 -isystem /home/coroperv/miniconda3/envs/ctDNA/include -I/home/coroperv/miniconda3/envs/ctDNA/include -Wl,-rpath-link,/home/coroperv/miniconda3/envs/ctDNA/lib  -fpic  -march=nocona -mtune=haswell -ftree-vectorize -fPIC -fstack-protector-strong -fno-plt -O2 -ffunction-sections -pipe -isystem /home/coroperv/miniconda3/envs/ctDNA/include -fdebug-prefix-map=/tmp/build/80754af9/r-base_1589917437985/work=/usr/local/src/conda/r-base-3.6.1 -fdebug-prefix-map=/home/coroperv/miniconda3/envs/ctDNA=/usr/local/src/conda-prefix  -c stringk.c -o stringk.o
x86_64-conda_cos6-linux-gnu-c++ -std=gnu++11 -I"/home/coroperv/miniconda3/envs/ctDNA/lib/R/include" -DNDEBUG   -DNDEBUG -D_FORTIFY_SOURCE=2 -O2 -isystem /home/coroperv/miniconda3/envs/ctDNA/include -I/home/coroperv/miniconda3/envs/ctDNA/include -Wl,-rpath-link,/home/coroperv/miniconda3/envs/ctDNA/lib  -fpic  -fvisibility-inlines-hidden  -fmessage-length=0 -march=nocona -mtune=haswell -ftree-vectorize -fPIC -fstack-protector-strong -fno-plt -O2 -ffunction-sections -pipe -isystem /home/coroperv/miniconda3/envs/ctDNA/include -fdebug-prefix-map=/tmp/build/80754af9/r-base_1589917437985/work=/usr/local/src/conda/r-base-3.6.1 -fdebug-prefix-map=/home/coroperv/miniconda3/envs/ctDNA=/usr/local/src/conda-prefix  -c stringkernel.cpp -o stringkernel.o
x86_64-conda_cos6-linux-gnu-c++ -std=gnu++11 -I"/home/coroperv/miniconda3/envs/ctDNA/lib/R/include" -DNDEBUG   -DNDEBUG -D_FORTIFY_SOURCE=2 -O2 -isystem /home/coroperv/miniconda3/envs/ctDNA/include -I/home/coroperv/miniconda3/envs/ctDNA/include -Wl,-rpath-link,/home/coroperv/miniconda3/envs/ctDNA/lib  -fpic  -fvisibility-inlines-hidden  -fmessage-length=0 -march=nocona -mtune=haswell -ftree-vectorize -fPIC -fstack-protector-strong -fno-plt -O2 -ffunction-sections -pipe -isystem /home/coroperv/miniconda3/envs/ctDNA/include -fdebug-prefix-map=/tmp/build/80754af9/r-base_1589917437985/work=/usr/local/src/conda/r-base-3.6.1 -fdebug-prefix-map=/home/coroperv/miniconda3/envs/ctDNA=/usr/local/src/conda-prefix  -c svm.cpp -o svm.o
x86_64-conda_cos6-linux-gnu-c++ -std=gnu++11 -I"/home/coroperv/miniconda3/envs/ctDNA/lib/R/include" -DNDEBUG   -DNDEBUG -D_FORTIFY_SOURCE=2 -O2 -isystem /home/coroperv/miniconda3/envs/ctDNA/include -I/home/coroperv/miniconda3/envs/ctDNA/include -Wl,-rpath-link,/home/coroperv/miniconda3/envs/ctDNA/lib  -fpic  -fvisibility-inlines-hidden  -fmessage-length=0 -march=nocona -mtune=haswell -ftree-vectorize -fPIC -fstack-protector-strong -fno-plt -O2 -ffunction-sections -pipe -isystem /home/coroperv/miniconda3/envs/ctDNA/include -fdebug-prefix-map=/tmp/build/80754af9/r-base_1589917437985/work=/usr/local/src/conda/r-base-3.6.1 -fdebug-prefix-map=/home/coroperv/miniconda3/envs/ctDNA=/usr/local/src/conda-prefix  -c wkasailcp.cpp -o wkasailcp.o
x86_64-conda_cos6-linux-gnu-c++ -std=gnu++11 -I"/home/coroperv/miniconda3/envs/ctDNA/lib/R/include" -DNDEBUG   -DNDEBUG -D_FORTIFY_SOURCE=2 -O2 -isystem /home/coroperv/miniconda3/envs/ctDNA/include -I/home/coroperv/miniconda3/envs/ctDNA/include -Wl,-rpath-link,/home/coroperv/miniconda3/envs/ctDNA/lib  -fpic  -fvisibility-inlines-hidden  -fmessage-length=0 -march=nocona -mtune=haswell -ftree-vectorize -fPIC -fstack-protector-strong -fno-plt -O2 -ffunction-sections -pipe -isystem /home/coroperv/miniconda3/envs/ctDNA/include -fdebug-prefix-map=/tmp/build/80754af9/r-base_1589917437985/work=/usr/local/src/conda/r-base-3.6.1 -fdebug-prefix-map=/home/coroperv/miniconda3/envs/ctDNA=/usr/local/src/conda-prefix  -c wmsufsort.cpp -o wmsufsort.o
x86_64-conda_cos6-linux-gnu-c++ -std=gnu++11 -shared -L/home/coroperv/miniconda3/envs/ctDNA/lib/R/lib -Wl,-O2 -Wl,--sort-common -Wl,--as-needed -Wl,-z,relro -Wl,-z,now -Wl,--disable-new-dtags -Wl,--gc-sections -Wl,-rpath,/home/coroperv/miniconda3/envs/ctDNA/lib -Wl,-rpath-link,/home/coroperv/miniconda3/envs/ctDNA/lib -L/home/coroperv/miniconda3/envs/ctDNA/lib -L/home/coroperv/miniconda3/envs/ctDNA/lib -Wl,-rpath-link,/home/coroperv/miniconda3/envs/ctDNA/lib -o kernlab.so brweight.o ctable.o cweight.o dbreakpt.o dcauchy.o dgpnrm.o dgpstep.o dprecond.o dprsrch.o dspcg.o dtron.o dtrpcg.o dtrqsol.o esa.o expdecayweight.o inductionsort.o init.o kspectrumweight.o lcp.o misc.o msufsort.o solvebqp.o stringk.o stringkernel.o svm.o wkasailcp.o wmsufsort.o -L/home/coroperv/miniconda3/envs/ctDNA/lib/R/lib -lRlapack -L/home/coroperv/miniconda3/envs/ctDNA/lib/R/lib -lRblas -lgfortran -lm -lgomp -lquadmath -lpthread -L/home/coroperv/miniconda3/envs/ctDNA/lib/R/lib -lR
installing to /home/coroperv/miniconda3/envs/ctDNA/lib/R/library/00LOCK-kernlab/00new/kernlab/libs
** R
** data
** inst
** byte-compile and prepare package for lazy loading
** help
*** installing help indices
** building package indices
** installing vignettes
** testing if installed package can be loaded from temporary location
** checking absolute paths in shared objects and dynamic libraries
** testing if installed package can be loaded from final location
** testing if installed package keeps a record of temporary installation path
* DONE (kernlab)

The downloaded source packages are in
	‘/scratch/56917333/RtmpoWAGLn/downloaded_packages’
slurmstepd: error: *** JOB 56917333 ON s04n21 CANCELLED AT 2021-11-13T21:36:09 DUE TO TIME LIMIT ***
