Building DAG of jobs...
Using shell: /usr/bin/bash
Provided cores: 10
Rules claiming more threads will be scaled down.
Select jobs to execute...

[Sun Nov 21 20:37:08 2021]
rule boosting_classification_cancer_type_multinomial:
    input: data/ATAC_predictions_train_20_predict_80/ATAC_pred_lasso_normalized_trimmed_formatted_standardized.rds, data/sample_types.txt
    output: Classification_output/Cancer_type_classification/Boosting_multinomial.rds, Classification_output/ROC_plots/Cancer_type/ROC_boosting_multinomial.png
    jobid: 0
    threads: 10
    resources: mem_mb=300000, disk_mb=1000, tmpdir=/scratch/57139199, time=11:30:00

Rscript --vanilla /faststorage/project/DELFI1/Workspaces/CarmenAndAnika/.snakemake/scripts/tmpjj6jjssd.Boosting_multinomial.R
Registered S3 methods overwritten by 'ggplot2':
  method         from 
  [.quosures     rlang
  c.quosures     rlang
  print.quosures rlang
Registered S3 method overwritten by 'rvest':
  method            from
  read_xml.response xml2
── Attaching packages ─────────────────────────────────────── tidyverse 1.2.1 ──
✔ ggplot2 3.1.1     ✔ purrr   0.3.4
✔ tibble  3.1.4     ✔ dplyr   1.0.7
✔ tidyr   1.1.3     ✔ stringr 1.4.0
✔ readr   1.3.1     ✔ forcats 0.4.0
── Conflicts ────────────────────────────────────────── tidyverse_conflicts() ──
✖ dplyr::filter() masks stats::filter()
✖ dplyr::lag()    masks stats::lag()
Loading required package: lattice

Attaching package: ‘caret’

The following object is masked from ‘package:purrr’:

    lift

Type 'citation("pROC")' for a citation.

Attaching package: ‘pROC’

The following objects are masked from ‘package:stats’:

    cov, smooth, var


Attaching package: ‘xgboost’

The following object is masked from ‘package:dplyr’:

    slice

Loading required package: foreach

Attaching package: ‘foreach’

The following objects are masked from ‘package:purrr’:

    accumulate, when

Loading required package: iterators
Loading required package: parallel
Loading required package: rngtools
Loading required package: pkgmaker
Loading required package: registry

Attaching package: ‘pkgmaker’

The following object is masked from ‘package:base’:

    isFALSE

Warning message:
package ‘multiROC’ was built under R version 3.6.3 
dummies-1.5.6 provided by Decision Patterns

Warning message:
package ‘dummies’ was built under R version 3.6.3 
# A tibble: 9 × 2
  sample_type           n
  <fct>             <int>
1 Bile_Duct_Cancer     25
2 Breast_Cancer        54
3 Colorectal_Cancer    26
4 Duodenal_Cancer       1
5 Gastric_cancer       27
6 Healthy             194
7 Lung_Cancer          35
8 Ovarian_Cancer       28
9 Pancreatic_Cancer    34
[1] "Bile_Duct_Cancer"  "Breast_Cancer"     "Colorectal_Cancer"
[4] "Gastric_cancer"    "Healthy"           "Lung_Cancer"      
[7] "Ovarian_Cancer"    "Pancreatic_Cancer"
Fatal error: creating temporary file for '-e' failed
slurmstepd: error: *** JOB 57139199 ON s05n22 CANCELLED AT 2021-11-21T20:48:51 ***
