Building DAG of jobs...
Using shell: /usr/bin/bash
Provided cores: 5
Rules claiming more threads will be scaled down.
Select jobs to execute...

[Sat Nov 20 16:20:21 2021]
rule LDA_classification_cancer_type_multinomial:
    input: data/ATAC_predictions_train_20_predict_80/ATAC_pred_lasso_normalized_trimmed_formatted_standardized.rds, data/sample_types.txt
    output: Classification_output/Cancer_type_classification/LDA_multinomial.rds, Classification_output/ROC_plots/Cancer_type/ROC_LDA_multinomial.png
    jobid: 0
    threads: 5
    resources: mem_mb=300000, disk_mb=1000, tmpdir=/scratch/57127570, time=11:30:00

Rscript --vanilla /faststorage/project/DELFI1/Workspaces/CarmenAndAnika/.snakemake/scripts/tmpxwj54qs7.LDA_multinomial.R
Registered S3 methods overwritten by 'ggplot2':
  method         from 
  [.quosures     rlang
  c.quosures     rlang
  print.quosures rlang
Registered S3 method overwritten by 'rvest':
  method            from
  read_xml.response xml2
── Attaching packages ─────────────────────────────────────── tidyverse 1.2.1 ──
✔ ggplot2 3.1.1     ✔ purrr   0.3.4
✔ tibble  3.1.4     ✔ dplyr   1.0.7
✔ tidyr   1.1.3     ✔ stringr 1.4.0
✔ readr   1.3.1     ✔ forcats 0.4.0
── Conflicts ────────────────────────────────────────── tidyverse_conflicts() ──
✖ dplyr::filter() masks stats::filter()
✖ dplyr::lag()    masks stats::lag()

Attaching package: ‘MASS’

The following object is masked from ‘package:dplyr’:

    select

Type 'citation("pROC")' for a citation.

Attaching package: ‘pROC’

The following objects are masked from ‘package:stats’:

    cov, smooth, var

trying URL 'http://cran.us.r-project.org/src/contrib/pracma_2.3.3.tar.gz'
Content type 'application/x-gzip' length 400994 bytes (391 KB)
==================================================
downloaded 391 KB

* installing *source* package ‘pracma’ ...
** package ‘pracma’ successfully unpacked and MD5 sums checked
** using staged installation
** R
** data
*** moving datasets to lazyload DB
** demo
** byte-compile and prepare package for lazy loading
** help
*** installing help indices
** building package indices
** testing if installed package can be loaded from temporary location
** testing if installed package can be loaded from final location
** testing if installed package keeps a record of temporary installation path
* DONE (pracma)

The downloaded source packages are in
	‘/scratch/57127570/RtmpB0LTES/downloaded_packages’
Updating HTML index of packages in '.Library'
Making 'packages.html' ... done

Attaching package: ‘pracma’

The following object is masked from ‘package:purrr’:

    cross

trying URL 'http://cran.us.r-project.org/src/contrib/multiROC_1.1.1.tar.gz'
Content type 'application/x-gzip' length 12316 bytes (12 KB)
==================================================
downloaded 12 KB

* installing *source* package ‘multiROC’ ...
** package ‘multiROC’ successfully unpacked and MD5 sums checked
** using staged installation
** R
** data
*** moving datasets to lazyload DB
** byte-compile and prepare package for lazy loading
** help
*** installing help indices
** building package indices
** testing if installed package can be loaded from temporary location
** testing if installed package can be loaded from final location
** testing if installed package keeps a record of temporary installation path
* DONE (multiROC)

The downloaded source packages are in
	‘/scratch/57127570/RtmpB0LTES/downloaded_packages’
Updating HTML index of packages in '.Library'
Making 'packages.html' ... done
trying URL 'http://cran.us.r-project.org/src/contrib/dummies_1.5.6.tar.gz'
Content type 'application/x-gzip' length 8042 bytes
==================================================
downloaded 8042 bytes

* installing *source* package ‘dummies’ ...
** package ‘dummies’ successfully unpacked and MD5 sums checked
** using staged installation
** R
** byte-compile and prepare package for lazy loading
** help
*** installing help indices
** building package indices
** testing if installed package can be loaded from temporary location
** testing if installed package can be loaded from final location
** testing if installed package keeps a record of temporary installation path
* DONE (dummies)

The downloaded source packages are in
	‘/scratch/57127570/RtmpB0LTES/downloaded_packages’
Updating HTML index of packages in '.Library'
Making 'packages.html' ... done
dummies-1.5.6 provided by Decision Patterns

# A tibble: 9 × 2
  sample_type           n
  <fct>             <int>
1 Bile_Duct_Cancer     25
2 Breast_Cancer        54
3 Colorectal_Cancer    26
4 Duodenal_Cancer       1
5 Gastric_cancer       27
6 Healthy             194
7 Lung_Cancer          35
8 Ovarian_Cancer       28
9 Pancreatic_Cancer    34
