Building DAG of jobs...
Using shell: /usr/bin/bash
Provided cores: 5
Rules claiming more threads will be scaled down.
Select jobs to execute...

[Sun Nov 21 02:01:00 2021]
rule LDA_classification_cancer_type_binomial:
    input: data/ATAC_predictions_train_20_predict_80/ATAC_pred_lasso_normalized_trimmed_formatted_standardized.rds, data/sample_types.txt
    output: Classification_output/Cancer_type_classification/LDA_binomial.rds, Classification_output/ROC_plots/Cancer_type/ROC_LDA_binomial.png
    jobid: 0
    threads: 5
    resources: mem_mb=300000, disk_mb=1000, tmpdir=/scratch/57135140, time=11:30:00

Rscript --vanilla /faststorage/project/DELFI1/Workspaces/CarmenAndAnika/.snakemake/scripts/tmpgyjswz34.LDA_binomial.R
Registered S3 methods overwritten by 'ggplot2':
  method         from 
  [.quosures     rlang
  c.quosures     rlang
  print.quosures rlang
Registered S3 method overwritten by 'rvest':
  method            from
  read_xml.response xml2
── Attaching packages ─────────────────────────────────────── tidyverse 1.2.1 ──
✔ ggplot2 3.1.1     ✔ purrr   0.3.4
✔ tibble  3.1.4     ✔ dplyr   1.0.7
✔ tidyr   1.1.3     ✔ stringr 1.4.0
✔ readr   1.3.1     ✔ forcats 0.4.0
── Conflicts ────────────────────────────────────────── tidyverse_conflicts() ──
✖ dplyr::filter() masks stats::filter()
✖ dplyr::lag()    masks stats::lag()

Attaching package: ‘MASS’

The following object is masked from ‘package:dplyr’:

    select

Type 'citation("pROC")' for a citation.

Attaching package: ‘pROC’

The following objects are masked from ‘package:stats’:

    cov, smooth, var

dummies-1.5.6 provided by Decision Patterns

Warning message:
package ‘dummies’ was built under R version 3.6.3 
Warning message:
package ‘multiROC’ was built under R version 3.6.3 
Loading required package: foreach

Attaching package: ‘foreach’

The following objects are masked from ‘package:purrr’:

    accumulate, when

Loading required package: iterators
Loading required package: parallel
Loading required package: rngtools
Loading required package: pkgmaker
Loading required package: registry

Attaching package: ‘pkgmaker’

The following object is masked from ‘package:base’:

    isFALSE

[1] Gastric_cancer    Ovarian_Cancer    Lung_Cancer       Healthy          
[5] Bile_Duct_Cancer  Pancreatic_Cancer Duodenal_Cancer   Breast_Cancer    
[9] Colorectal_Cancer
9 Levels: Bile_Duct_Cancer Breast_Cancer Colorectal_Cancer ... Pancreatic_Cancer
# A tibble: 9 × 2
  sample_type           n
  <fct>             <int>
1 Bile_Duct_Cancer     25
2 Breast_Cancer        54
3 Colorectal_Cancer    26
4 Duodenal_Cancer       1
5 Gastric_cancer       27
6 Healthy             194
7 Lung_Cancer          35
8 Ovarian_Cancer       28
9 Pancreatic_Cancer    34
[1] Gastric_cancer    Ovarian_Cancer    Lung_Cancer       Healthy          
[5] Bile_Duct_Cancer  Pancreatic_Cancer Breast_Cancer     Colorectal_Cancer
9 Levels: Bile_Duct_Cancer Breast_Cancer Colorectal_Cancer ... Pancreatic_Cancer
starting worker pid=62059 on localhost:11219 at 02:01:02.702
starting worker pid=62078 on localhost:11219 at 02:01:02.902
starting worker pid=62097 on localhost:11219 at 02:01:03.059
starting worker pid=62116 on localhost:11219 at 02:01:03.260
starting worker pid=62135 on localhost:11219 at 02:01:03.417
starting worker pid=62154 on localhost:11219 at 02:01:03.572
starting worker pid=62173 on localhost:11219 at 02:01:03.727
starting worker pid=62192 on localhost:11219 at 02:01:03.882
Registered S3 methods overwritten by 'ggplot2':
  method         from 
  [.quosures     rlang
  c.quosures     rlang
  print.quosures rlang
Registered S3 methods overwritten by 'ggplot2':
  method         from 
  [.quosures     rlang
  c.quosures     rlang
  print.quosures rlang
Registered S3 methods overwritten by 'ggplot2':
  method         from 
  [.quosures     rlang
  c.quosures     rlang
  print.quosures rlang
Registered S3 methods overwritten by 'ggplot2':
  method         from 
  [.quosures     rlang
  c.quosures     rlang
  print.quosures rlang
Registered S3 method overwritten by 'rvest':
  method            from
  read_xml.response xml2
── Attaching packages ─────────────────────────────────────── tidyverse 1.2.1 ──
✔ ggplot2 3.1.1     ✔ purrr   0.3.4
✔ tibble  3.1.4     ✔ dplyr   1.0.7
✔ tidyr   1.1.3     ✔ stringr 1.4.0
✔ readr   1.3.1     ✔ forcats 0.4.0
Registered S3 methods overwritten by 'ggplot2':
  method         from 
  [.quosures     rlang
  c.quosures     rlang
  print.quosures rlang
Registered S3 method overwritten by 'rvest':
  method            from
  read_xml.response xml2
Registered S3 methods overwritten by 'ggplot2':
  method         from 
  [.quosures     rlang
  c.quosures     rlang
  print.quosures rlang
── Attaching packages ─────────────────────────────────────── tidyverse 1.2.1 ──
✔ ggplot2 3.1.1     ✔ purrr   0.3.4
✔ tibble  3.1.4     ✔ dplyr   1.0.7
✔ tidyr   1.1.3     ✔ stringr 1.4.0
✔ readr   1.3.1     ✔ forcats 0.4.0
── Conflicts ────────────────────────────────────────── tidyverse_conflicts() ──
✖ dplyr::filter() masks stats::filter()
✖ dplyr::lag()    masks stats::lag()
✖ dplyr::select() masks MASS::select()
Loading required package: foreach
Registered S3 method overwritten by 'rvest':
  method            from
  read_xml.response xml2
Registered S3 methods overwritten by 'ggplot2':
  method         from 
  [.quosures     rlang
  c.quosures     rlang
  print.quosures rlang

Attaching package: ‘foreach’

The following objects are masked from ‘package:purrr’:

    accumulate, when

Loading required package: rngtools
Registered S3 method overwritten by 'rvest':
  method            from
  read_xml.response xml2
Loading required package: pkgmaker
Loading required package: registry
── Conflicts ────────────────────────────────────────── tidyverse_conflicts() ──
✖ dplyr::filter() masks stats::filter()
✖ dplyr::lag()    masks stats::lag()
✖ dplyr::select() masks MASS::select()
Registered S3 methods overwritten by 'ggplot2':
  method         from 
  [.quosures     rlang
  c.quosures     rlang
  print.quosures rlang
Loading required package: foreach

Attaching package: ‘foreach’

The following objects are masked from ‘package:purrr’:

    accumulate, when

Loading required package: rngtools
── Attaching packages ─────────────────────────────────────── tidyverse 1.2.1 ──
✔ ggplot2 3.1.1     ✔ purrr   0.3.4
✔ tibble  3.1.4     ✔ dplyr   1.0.7
✔ tidyr   1.1.3     ✔ stringr 1.4.0
✔ readr   1.3.1     ✔ forcats 0.4.0
Loading required package: pkgmaker
Loading required package: registry

Attaching package: ‘pkgmaker’

The following object is masked from ‘package:base’:

    isFALSE

── Attaching packages ─────────────────────────────────────── tidyverse 1.2.1 ──
Registered S3 method overwritten by 'rvest':
  method            from
  read_xml.response xml2
✔ ggplot2 3.1.1     ✔ purrr   0.3.4
✔ tibble  3.1.4     ✔ dplyr   1.0.7
✔ tidyr   1.1.3     ✔ stringr 1.4.0
✔ readr   1.3.1     ✔ forcats 0.4.0
── Attaching packages ─────────────────────────────────────── tidyverse 1.2.1 ──

Attaching package: ‘pkgmaker’

The following object is masked from ‘package:base’:

    isFALSE

✔ ggplot2 3.1.1     ✔ purrr   0.3.4
✔ tibble  3.1.4     ✔ dplyr   1.0.7
✔ tidyr   1.1.3     ✔ stringr 1.4.0
✔ readr   1.3.1     ✔ forcats 0.4.0
Registered S3 method overwritten by 'rvest':
  method            from
  read_xml.response xml2
── Conflicts ────────────────────────────────────────── tidyverse_conflicts() ──
✖ dplyr::filter() masks stats::filter()
✖ dplyr::lag()    masks stats::lag()
✖ dplyr::select() masks MASS::select()
Registered S3 method overwritten by 'rvest':
  method            from
  read_xml.response xml2
── Conflicts ────────────────────────────────────────── tidyverse_conflicts() ──
✖ dplyr::filter() masks stats::filter()
✖ dplyr::lag()    masks stats::lag()
✖ dplyr::select() masks MASS::select()
Loading required package: foreach

Attaching package: ‘foreach’

The following objects are masked from ‘package:purrr’:

    accumulate, when

Loading required package: foreach
Loading required package: rngtools

Attaching package: ‘foreach’

The following objects are masked from ‘package:purrr’:

    accumulate, when

Loading required package: rngtools
Loading required package: pkgmaker
Loading required package: pkgmaker
── Attaching packages ─────────────────────────────────────── tidyverse 1.2.1 ──
Loading required package: registry
Loading required package: registry
✔ ggplot2 3.1.1     ✔ purrr   0.3.4
✔ tibble  3.1.4     ✔ dplyr   1.0.7
✔ tidyr   1.1.3     ✔ stringr 1.4.0
✔ readr   1.3.1     ✔ forcats 0.4.0
── Conflicts ────────────────────────────────────────── tidyverse_conflicts() ──
✖ dplyr::filter() masks stats::filter()
✖ dplyr::lag()    masks stats::lag()
✖ dplyr::select() masks MASS::select()
Loading required package: foreach

Attaching package: ‘foreach’

The following objects are masked from ‘package:purrr’:

    accumulate, when

Loading required package: rngtools
── Attaching packages ─────────────────────────────────────── tidyverse 1.2.1 ──
Loading required package: pkgmaker
Registered S3 method overwritten by 'rvest':
  method            from
  read_xml.response xml2
Loading required package: registry
✔ ggplot2 3.1.1     ✔ purrr   0.3.4
✔ tibble  3.1.4     ✔ dplyr   1.0.7
✔ tidyr   1.1.3     ✔ stringr 1.4.0
✔ readr   1.3.1     ✔ forcats 0.4.0

Attaching package: ‘pkgmaker’

The following object is masked from ‘package:base’:

    isFALSE


Attaching package: ‘pkgmaker’

The following object is masked from ‘package:base’:

    isFALSE


Attaching package: ‘pkgmaker’

The following object is masked from ‘package:base’:

    isFALSE

── Attaching packages ─────────────────────────────────────── tidyverse 1.2.1 ──
── Conflicts ────────────────────────────────────────── tidyverse_conflicts() ──
✖ dplyr::filter() masks stats::filter()
✖ dplyr::lag()    masks stats::lag()
✖ dplyr::select() masks MASS::select()
Loading required package: foreach
✔ ggplot2 3.1.1     ✔ purrr   0.3.4
✔ tibble  3.1.4     ✔ dplyr   1.0.7
✔ tidyr   1.1.3     ✔ stringr 1.4.0
✔ readr   1.3.1     ✔ forcats 0.4.0

Attaching package: ‘foreach’

The following objects are masked from ‘package:purrr’:

    accumulate, when

Loading required package: rngtools
Loading required package: pkgmaker
Loading required package: registry
── Conflicts ────────────────────────────────────────── tidyverse_conflicts() ──
✖ dplyr::filter() masks stats::filter()
✖ dplyr::lag()    masks stats::lag()
✖ dplyr::select() masks MASS::select()
Loading required package: foreach

Attaching package: ‘foreach’

The following objects are masked from ‘package:purrr’:

    accumulate, when

Loading required package: rngtools
Loading required package: pkgmaker
Loading required package: registry

Attaching package: ‘pkgmaker’

The following object is masked from ‘package:base’:

    isFALSE


Attaching package: ‘pkgmaker’

The following object is masked from ‘package:base’:

    isFALSE

── Conflicts ────────────────────────────────────────── tidyverse_conflicts() ──
✖ dplyr::filter() masks stats::filter()
✖ dplyr::lag()    masks stats::lag()
✖ dplyr::select() masks MASS::select()
Loading required package: foreach

Attaching package: ‘foreach’

The following objects are masked from ‘package:purrr’:

    accumulate, when

Loading required package: rngtools
Loading required package: pkgmaker
Loading required package: registry

Attaching package: ‘pkgmaker’

The following object is masked from ‘package:base’:

    isFALSE

Class: Gastric_cancer
Class: Pancreatic_Cancer
Class: Healthy
Class: Ovarian_Cancer
Class: Lung_Cancer
Class: Bile_Duct_Cancer
CV repetition number: 1
Class: Breast_Cancer
Class: Colorectal_Cancer
CV repetition number: 1
CV repetition number: 1
CV repetition number: 1
CV repetition number: 1
CV repetition number: 1
CV repetition number: 1
CV repetition number: 1
CV inner loop, CV rep number: 1
CV inner loop, CV rep number: 1
CV inner loop, CV rep number: 1
CV inner loop, CV rep number: 1
CV inner loop, CV rep number: 1
CV inner loop, CV rep number: 1
CV inner loop, CV rep number: 1
CV inner loop, CV rep number: 1
CV inner loop, CV rep number: 1
CV inner loop, CV rep number: 1
CV inner loop, CV rep number: 1
CV inner loop, CV rep number: 1
CV inner loop, CV rep number: 1
CV inner loop, CV rep number: 1
CV inner loop, CV rep number: 1
CV inner loop, CV rep number: 1
slurmstepd: error: *** JOB 57135140 ON s21n63 CANCELLED AT 2021-11-21T02:03:28 ***
